[ 2017-04-12T10:23:43+08:00 ] 127.0.0.1 /index.php/home/index/index
INFO: [ app_init ] --START--
INFO: Run Behavior\BuildLiteBehavior [ RunTime:0.000020s ]
INFO: [ app_init ] --END-- [ RunTime:0.000603s ]
INFO: [ app_begin ] --START--
INFO: Run Behavior\ReadHtmlCacheBehavior [ RunTime:0.000892s ]
INFO: [ app_begin ] --END-- [ RunTime:0.000971s ]
NOTIC: [2048] Declaration of Admin\Model\CategoryModel::_before_delete() should be compatible with that of Think\Model::_before_delete() E:\amp\www\www.0211.com\Application\Admin\Model\CategoryModel.class.php 第 5 行.
SQL: SHOW COLUMNS FROM `s11_category` [ RunTime:0.0032s ]
SQL: SELECT * FROM `s11_category`  [ RunTime:0.0020s ]
SQL: SHOW COLUMNS FROM `s11_goods` [ RunTime:0.0013s ]
SQL: SELECT `id`,`goods_name`,`mid_logo`,`promote_price` FROM `s11_goods` WHERE `promote_price` > 0 AND `promote_start_date` <= '2017-04-12 10:23:43' AND `promote_end_date` >= '2017-04-12 10:23:43' AND `is_on_sale` = '是' LIMIT 5   [ RunTime:0.0012s ]
SQL: SELECT `id`,`goods_name`,`mid_logo`,`shop_price` FROM `s11_goods` WHERE `is_new` = '是' AND `is_on_sale` = '是' ORDER BY sort_num LIMIT 5   [ RunTime:0.0009s ]
SQL: SELECT `id`,`goods_name`,`mid_logo`,`shop_price` FROM `s11_goods` WHERE `is_hot` = '是' AND `is_on_sale` = '是' ORDER BY sort_num LIMIT 5   [ RunTime:0.0007s ]
SQL: SELECT `id`,`goods_name`,`mid_logo`,`shop_price` FROM `s11_goods` WHERE `is_best` = '是' AND `is_on_sale` = '是' ORDER BY sort_num LIMIT 5   [ RunTime:0.0007s ]
SQL: SELECT * FROM `s11_category` WHERE `parent_id` = 0 AND `is_floor` = '是'  [ RunTime:0.0006s ]
SQL: SELECT * FROM `s11_category`  [ RunTime:0.0003s ]
SQL: SELECT `id` FROM `s11_goods` WHERE `cat_id` IN ('16','22','17','18','20','1')  [ RunTime:0.0007s ]
SQL: SHOW COLUMNS FROM `s11_goods_cat` [ RunTime:0.0310s ]
SQL: SELECT DISTINCT goods_id id FROM `s11_goods_cat` WHERE `cat_id` IN ('16','22','17','18','20','1')  [ RunTime:0.0007s ]
SQL: SELECT DISTINCT brand_name,b.logo,`brand_id` FROM s11_goods a LEFT JOIN s11_brand b ON a.brand_id=b.id  WHERE a.id IN ('14','6','9','12','13','17','18','27','2','8','19','24','26','29','16','30','3','10','15','20','21','7','11','23','25','28','5','37','38','52','53') AND `brand_id` <> 0 LIMIT 9   [ RunTime:0.0219s ]
SQL: SELECT * FROM `s11_category` WHERE `parent_id` = '1' AND `is_floor` = '否'  [ RunTime:0.0004s ]
SQL: SELECT * FROM `s11_category` WHERE `parent_id` = '1' AND `is_floor` = '是'  [ RunTime:0.0004s ]
SQL: SELECT * FROM `s11_category`  [ RunTime:0.0003s ]
SQL: SELECT `id` FROM `s11_goods` WHERE `cat_id` IN ('22','16')  [ RunTime:0.0004s ]
SQL: SELECT DISTINCT goods_id id FROM `s11_goods_cat` WHERE `cat_id` IN ('22','16')  [ RunTime:0.0004s ]
SQL: SELECT `id`,`mid_logo`,`goods_name`,`shop_price` FROM `s11_goods` WHERE `is_on_sale` = '是' AND `is_floor` = '是' AND `id` IN ('6','9','12','13','17','18','27','7','11','23','25','28','2','5','37','38','52','53') ORDER BY sort_num LIMIT 8   [ RunTime:0.0011s ]
SQL: SELECT * FROM `s11_category`  [ RunTime:0.0004s ]
SQL: SELECT `id` FROM `s11_goods` WHERE `cat_id` IN ('17')  [ RunTime:0.0005s ]
SQL: SELECT DISTINCT goods_id id FROM `s11_goods_cat` WHERE `cat_id` IN ('17')  [ RunTime:0.0005s ]
SQL: SELECT `id`,`mid_logo`,`goods_name`,`shop_price` FROM `s11_goods` WHERE `is_on_sale` = '是' AND `is_floor` = '是' AND `id` IN ('2','8','19','24','26','29') ORDER BY sort_num LIMIT 8   [ RunTime:0.0006s ]
SQL: SELECT * FROM `s11_category`  [ RunTime:0.0003s ]
SQL: SELECT `id` FROM `s11_goods` WHERE `cat_id` IN ('20')  [ RunTime:0.0003s ]
SQL: SELECT DISTINCT goods_id id FROM `s11_goods_cat` WHERE `cat_id` IN ('20')  [ RunTime:0.0003s ]
SQL: SELECT `id`,`mid_logo`,`goods_name`,`shop_price` FROM `s11_goods` WHERE `is_on_sale` = '是' AND `is_floor` = '是' AND `id` IN ('3','10','15','20','21','37') ORDER BY sort_num LIMIT 8   [ RunTime:0.0005s ]
SQL: SELECT * FROM `s11_category`  [ RunTime:0.0003s ]
SQL: SELECT `id` FROM `s11_goods` WHERE `cat_id` IN ('21','2')  [ RunTime:0.0004s ]
SQL: SELECT DISTINCT goods_id id FROM `s11_goods_cat` WHERE `cat_id` IN ('21','2')  [ RunTime:0.0004s ]
SQL: SELECT DISTINCT brand_name,b.logo,`brand_id` FROM s11_goods a LEFT JOIN s11_brand b ON a.brand_id=b.id  WHERE a.id IN ('1','4','5','22','54') AND `brand_id` <> 0 LIMIT 9   [ RunTime:0.0005s ]
SQL: SELECT * FROM `s11_category` WHERE `parent_id` = '2' AND `is_floor` = '否'  [ RunTime:0.0003s ]
SQL: SELECT * FROM `s11_category` WHERE `parent_id` = '2' AND `is_floor` = '是'  [ RunTime:0.0003s ]
SQL: SELECT * FROM `s11_category`  [ RunTime:0.0003s ]
SQL: SELECT `id` FROM `s11_goods` WHERE `cat_id` IN ('21')  [ RunTime:0.0004s ]
SQL: SELECT DISTINCT goods_id id FROM `s11_goods_cat` WHERE `cat_id` IN ('21')  [ RunTime:0.0004s ]
SQL: SELECT `id`,`mid_logo`,`goods_name`,`shop_price` FROM `s11_goods` WHERE `is_on_sale` = '是' AND `is_floor` = '是' AND `id` IN ('1','4') ORDER BY sort_num LIMIT 8   [ RunTime:0.0006s ]
INFO: [ view_parse ] --START--
INFO: [ template_filter ] --START--
INFO: Run Behavior\ContentReplaceBehavior [ RunTime:0.000147s ]
INFO: [ template_filter ] --END-- [ RunTime:0.000227s ]
NOTIC: [8] Undefined index: children E:\amp\www\www.0211.com\Application\Runtime\Cache\Home\2a94b8bda04ff446dcedd42276fc99ee.php 第 158 行.
NOTIC: [2] Invalid argument supplied for foreach() E:\amp\www\www.0211.com\Application\Runtime\Cache\Home\2a94b8bda04ff446dcedd42276fc99ee.php 第 158 行.
NOTIC: [8] Undefined index: children E:\amp\www\www.0211.com\Application\Runtime\Cache\Home\2a94b8bda04ff446dcedd42276fc99ee.php 第 158 行.
NOTIC: [2] Invalid argument supplied for foreach() E:\amp\www\www.0211.com\Application\Runtime\Cache\Home\2a94b8bda04ff446dcedd42276fc99ee.php 第 158 行.
NOTIC: [8] Undefined index: children E:\amp\www\www.0211.com\Application\Runtime\Cache\Home\2a94b8bda04ff446dcedd42276fc99ee.php 第 158 行.
NOTIC: [2] Invalid argument supplied for foreach() E:\amp\www\www.0211.com\Application\Runtime\Cache\Home\2a94b8bda04ff446dcedd42276fc99ee.php 第 158 行.
NOTIC: [8] Undefined index: children E:\amp\www\www.0211.com\Application\Runtime\Cache\Home\2a94b8bda04ff446dcedd42276fc99ee.php 第 158 行.
NOTIC: [2] Invalid argument supplied for foreach() E:\amp\www\www.0211.com\Application\Runtime\Cache\Home\2a94b8bda04ff446dcedd42276fc99ee.php 第 158 行.
NOTIC: [8] Undefined index: children E:\amp\www\www.0211.com\Application\Runtime\Cache\Home\2a94b8bda04ff446dcedd42276fc99ee.php 第 158 行.
NOTIC: [2] Invalid argument supplied for foreach() E:\amp\www\www.0211.com\Application\Runtime\Cache\Home\2a94b8bda04ff446dcedd42276fc99ee.php 第 158 行.
NOTIC: [8] Undefined index: children E:\amp\www\www.0211.com\Application\Runtime\Cache\Home\2a94b8bda04ff446dcedd42276fc99ee.php 第 154 行.
NOTIC: [2] Invalid argument supplied for foreach() E:\amp\www\www.0211.com\Application\Runtime\Cache\Home\2a94b8bda04ff446dcedd42276fc99ee.php 第 154 行.
NOTIC: [8] Undefined index: children E:\amp\www\www.0211.com\Application\Runtime\Cache\Home\2a94b8bda04ff446dcedd42276fc99ee.php 第 154 行.
NOTIC: [2] Invalid argument supplied for foreach() E:\amp\www\www.0211.com\Application\Runtime\Cache\Home\2a94b8bda04ff446dcedd42276fc99ee.php 第 154 行.
NOTIC: [8] Undefined index: children E:\amp\www\www.0211.com\Application\Runtime\Cache\Home\2a94b8bda04ff446dcedd42276fc99ee.php 第 158 行.
NOTIC: [2] Invalid argument supplied for foreach() E:\amp\www\www.0211.com\Application\Runtime\Cache\Home\2a94b8bda04ff446dcedd42276fc99ee.php 第 158 行.
NOTIC: [8] Undefined index: children E:\amp\www\www.0211.com\Application\Runtime\Cache\Home\2a94b8bda04ff446dcedd42276fc99ee.php 第 154 行.
NOTIC: [2] Invalid argument supplied for foreach() E:\amp\www\www.0211.com\Application\Runtime\Cache\Home\2a94b8bda04ff446dcedd42276fc99ee.php 第 154 行.
NOTIC: [8] Undefined index: children E:\amp\www\www.0211.com\Application\Runtime\Cache\Home\2a94b8bda04ff446dcedd42276fc99ee.php 第 154 行.
NOTIC: [2] Invalid argument supplied for foreach() E:\amp\www\www.0211.com\Application\Runtime\Cache\Home\2a94b8bda04ff446dcedd42276fc99ee.php 第 154 行.
NOTIC: [8] Undefined index: children E:\amp\www\www.0211.com\Application\Runtime\Cache\Home\2a94b8bda04ff446dcedd42276fc99ee.php 第 154 行.
NOTIC: [2] Invalid argument supplied for foreach() E:\amp\www\www.0211.com\Application\Runtime\Cache\Home\2a94b8bda04ff446dcedd42276fc99ee.php 第 154 行.
NOTIC: [8] Undefined index: children E:\amp\www\www.0211.com\Application\Runtime\Cache\Home\2a94b8bda04ff446dcedd42276fc99ee.php 第 158 行.
NOTIC: [2] Invalid argument supplied for foreach() E:\amp\www\www.0211.com\Application\Runtime\Cache\Home\2a94b8bda04ff446dcedd42276fc99ee.php 第 158 行.
NOTIC: [8] Undefined index: children E:\amp\www\www.0211.com\Application\Runtime\Cache\Home\2a94b8bda04ff446dcedd42276fc99ee.php 第 154 行.
NOTIC: [2] Invalid argument supplied for foreach() E:\amp\www\www.0211.com\Application\Runtime\Cache\Home\2a94b8bda04ff446dcedd42276fc99ee.php 第 154 行.
NOTIC: [8] Undefined index: children E:\amp\www\www.0211.com\Application\Runtime\Cache\Home\2a94b8bda04ff446dcedd42276fc99ee.php 第 154 行.
NOTIC: [2] Invalid argument supplied for foreach() E:\amp\www\www.0211.com\Application\Runtime\Cache\Home\2a94b8bda04ff446dcedd42276fc99ee.php 第 154 行.
INFO: Run Behavior\ParseTemplateBehavior [ RunTime:0.157597s ]
INFO: [ view_parse ] --END-- [ RunTime:0.157699s ]
INFO: [ view_filter ] --START--
INFO: Run Behavior\WriteHtmlCacheBehavior [ RunTime:0.014151s ]
INFO: [ view_filter ] --END-- [ RunTime:0.014233s ]
INFO: [ app_end ] --START--
INFO: Run Behavior\ShowPageTraceBehavior [ RunTime:0.001082s ]
INFO: [ app_end ] --END-- [ RunTime:0.001177s ]

[ 2017-04-12T10:23:44+08:00 ] 127.0.0.1 /index.php/Home/Member/ajaxChkLogin.html
INFO: [ app_init ] --START--
INFO: Run Behavior\BuildLiteBehavior [ RunTime:0.000019s ]
INFO: [ app_init ] --END-- [ RunTime:0.000548s ]
INFO: [ app_begin ] --START--
INFO: Run Behavior\ReadHtmlCacheBehavior [ RunTime:0.000765s ]
INFO: [ app_begin ] --END-- [ RunTime:0.000830s ]

[ 2017-04-12T10:23:46+08:00 ] 127.0.0.1 /index.php/Home/Index/goods/id/2.html
INFO: [ app_init ] --START--
INFO: Run Behavior\BuildLiteBehavior [ RunTime:0.000043s ]
INFO: [ app_init ] --END-- [ RunTime:0.000948s ]
INFO: [ app_begin ] --START--
INFO: Run Behavior\ReadHtmlCacheBehavior [ RunTime:0.000771s ]
INFO: [ app_begin ] --END-- [ RunTime:0.000860s ]
NOTIC: [2048] Declaration of Admin\Model\CategoryModel::_before_delete() should be compatible with that of Think\Model::_before_delete() E:\amp\www\www.0211.com\Application\Admin\Model\CategoryModel.class.php 第 5 行.
SQL: SHOW COLUMNS FROM `s11_category` [ RunTime:0.0012s ]
SQL: SHOW COLUMNS FROM `s11_goods` [ RunTime:0.0018s ]
SQL: SELECT * FROM `s11_goods` WHERE `id` = 2 LIMIT 1   [ RunTime:0.0009s ]
SQL: SELECT `id`,`parent_id`,`cat_name` FROM `s11_category` WHERE `id` = 17 LIMIT 1   [ RunTime:0.0005s ]
SQL: SELECT `id`,`parent_id`,`cat_name` FROM `s11_category` WHERE `id` = 1 LIMIT 1   [ RunTime:0.0004s ]
NOTIC: D方法实例化没找到模型类Admin\Model\GoodsPicModel
SQL: SHOW COLUMNS FROM `s11_goods_pic` [ RunTime:0.0010s ]
SQL: SELECT * FROM `s11_goods_pic` WHERE `goods_id` = '2'  [ RunTime:0.0007s ]
NOTIC: D方法实例化没找到模型类Admin\Model\GoodsAttrModel
SQL: SHOW COLUMNS FROM `s11_goods_attr` [ RunTime:0.0010s ]
SQL: SELECT a.*,b.attr_name,b.attr_type FROM s11_goods_attr a LEFT JOIN s11_attribute b ON a.attr_id=b.id  WHERE `goods_id` = '2'  [ RunTime:0.0028s ]
SQL: SHOW COLUMNS FROM `s11_member_price` [ RunTime:0.0020s ]
SQL: SELECT a.*,b.level_name FROM s11_member_price a LEFT JOIN s11_member_level b ON a.level_id=b.id  WHERE `goods_id` = '2'  [ RunTime:0.0023s ]
INFO: [ view_parse ] --START--
INFO: [ template_filter ] --START--
INFO: Run Behavior\ContentReplaceBehavior [ RunTime:0.000313s ]
INFO: [ template_filter ] --END-- [ RunTime:0.000422s ]
NOTIC: [8] Undefined index: children E:\amp\www\www.0211.com\Application\Runtime\Cache\Home\862a52d698112494831f0f0bc6d3727d.php 第 161 行.
NOTIC: [2] Invalid argument supplied for foreach() E:\amp\www\www.0211.com\Application\Runtime\Cache\Home\862a52d698112494831f0f0bc6d3727d.php 第 161 行.
NOTIC: [8] Undefined index: children E:\amp\www\www.0211.com\Application\Runtime\Cache\Home\862a52d698112494831f0f0bc6d3727d.php 第 161 行.
NOTIC: [2] Invalid argument supplied for foreach() E:\amp\www\www.0211.com\Application\Runtime\Cache\Home\862a52d698112494831f0f0bc6d3727d.php 第 161 行.
NOTIC: [8] Undefined index: children E:\amp\www\www.0211.com\Application\Runtime\Cache\Home\862a52d698112494831f0f0bc6d3727d.php 第 161 行.
NOTIC: [2] Invalid argument supplied for foreach() E:\amp\www\www.0211.com\Application\Runtime\Cache\Home\862a52d698112494831f0f0bc6d3727d.php 第 161 行.
NOTIC: [8] Undefined index: children E:\amp\www\www.0211.com\Application\Runtime\Cache\Home\862a52d698112494831f0f0bc6d3727d.php 第 161 行.
NOTIC: [2] Invalid argument supplied for foreach() E:\amp\www\www.0211.com\Application\Runtime\Cache\Home\862a52d698112494831f0f0bc6d3727d.php 第 161 行.
NOTIC: [8] Undefined index: children E:\amp\www\www.0211.com\Application\Runtime\Cache\Home\862a52d698112494831f0f0bc6d3727d.php 第 161 行.
NOTIC: [2] Invalid argument supplied for foreach() E:\amp\www\www.0211.com\Application\Runtime\Cache\Home\862a52d698112494831f0f0bc6d3727d.php 第 161 行.
NOTIC: [8] Undefined index: children E:\amp\www\www.0211.com\Application\Runtime\Cache\Home\862a52d698112494831f0f0bc6d3727d.php 第 157 行.
NOTIC: [2] Invalid argument supplied for foreach() E:\amp\www\www.0211.com\Application\Runtime\Cache\Home\862a52d698112494831f0f0bc6d3727d.php 第 157 行.
NOTIC: [8] Undefined index: children E:\amp\www\www.0211.com\Application\Runtime\Cache\Home\862a52d698112494831f0f0bc6d3727d.php 第 157 行.
NOTIC: [2] Invalid argument supplied for foreach() E:\amp\www\www.0211.com\Application\Runtime\Cache\Home\862a52d698112494831f0f0bc6d3727d.php 第 157 行.
NOTIC: [8] Undefined index: children E:\amp\www\www.0211.com\Application\Runtime\Cache\Home\862a52d698112494831f0f0bc6d3727d.php 第 161 行.
NOTIC: [2] Invalid argument supplied for foreach() E:\amp\www\www.0211.com\Application\Runtime\Cache\Home\862a52d698112494831f0f0bc6d3727d.php 第 161 行.
NOTIC: [8] Undefined index: children E:\amp\www\www.0211.com\Application\Runtime\Cache\Home\862a52d698112494831f0f0bc6d3727d.php 第 157 行.
NOTIC: [2] Invalid argument supplied for foreach() E:\amp\www\www.0211.com\Application\Runtime\Cache\Home\862a52d698112494831f0f0bc6d3727d.php 第 157 行.
NOTIC: [8] Undefined index: children E:\amp\www\www.0211.com\Application\Runtime\Cache\Home\862a52d698112494831f0f0bc6d3727d.php 第 157 行.
NOTIC: [2] Invalid argument supplied for foreach() E:\amp\www\www.0211.com\Application\Runtime\Cache\Home\862a52d698112494831f0f0bc6d3727d.php 第 157 行.
NOTIC: [8] Undefined index: children E:\amp\www\www.0211.com\Application\Runtime\Cache\Home\862a52d698112494831f0f0bc6d3727d.php 第 157 行.
NOTIC: [2] Invalid argument supplied for foreach() E:\amp\www\www.0211.com\Application\Runtime\Cache\Home\862a52d698112494831f0f0bc6d3727d.php 第 157 行.
NOTIC: [8] Undefined index: children E:\amp\www\www.0211.com\Application\Runtime\Cache\Home\862a52d698112494831f0f0bc6d3727d.php 第 161 行.
NOTIC: [2] Invalid argument supplied for foreach() E:\amp\www\www.0211.com\Application\Runtime\Cache\Home\862a52d698112494831f0f0bc6d3727d.php 第 161 行.
NOTIC: [8] Undefined index: children E:\amp\www\www.0211.com\Application\Runtime\Cache\Home\862a52d698112494831f0f0bc6d3727d.php 第 157 行.
NOTIC: [2] Invalid argument supplied for foreach() E:\amp\www\www.0211.com\Application\Runtime\Cache\Home\862a52d698112494831f0f0bc6d3727d.php 第 157 行.
NOTIC: [8] Undefined index: children E:\amp\www\www.0211.com\Application\Runtime\Cache\Home\862a52d698112494831f0f0bc6d3727d.php 第 157 行.
NOTIC: [2] Invalid argument supplied for foreach() E:\amp\www\www.0211.com\Application\Runtime\Cache\Home\862a52d698112494831f0f0bc6d3727d.php 第 157 行.
INFO: Run Behavior\ParseTemplateBehavior [ RunTime:0.148267s ]
INFO: [ view_parse ] --END-- [ RunTime:0.148343s ]
INFO: [ view_filter ] --START--
INFO: Run Behavior\WriteHtmlCacheBehavior [ RunTime:0.000491s ]
INFO: [ view_filter ] --END-- [ RunTime:0.000549s ]
INFO: [ app_end ] --START--
INFO: Run Behavior\ShowPageTraceBehavior [ RunTime:0.000725s ]
INFO: [ app_end ] --END-- [ RunTime:0.000802s ]

[ 2017-04-12T10:23:46+08:00 ] 127.0.0.1 /index.php/Home/Member/chkcode.html
INFO: [ app_init ] --START--
INFO: Run Behavior\BuildLiteBehavior [ RunTime:0.000018s ]
INFO: [ app_init ] --END-- [ RunTime:0.000691s ]
INFO: [ app_begin ] --START--
INFO: Run Behavior\ReadHtmlCacheBehavior [ RunTime:0.000857s ]
INFO: [ app_begin ] --END-- [ RunTime:0.000988s ]
INFO: [ app_end ] --START--
INFO: Run Behavior\ShowPageTraceBehavior [ RunTime:0.000741s ]
INFO: [ app_end ] --END-- [ RunTime:0.000825s ]

[ 2017-04-12T10:23:46+08:00 ] 127.0.0.1 /index.php/Home/Index/displayHistory/id/2.html
INFO: [ app_init ] --START--
INFO: Run Behavior\BuildLiteBehavior [ RunTime:0.000027s ]
INFO: [ app_init ] --END-- [ RunTime:0.000702s ]
INFO: [ app_begin ] --START--
INFO: Run Behavior\ReadHtmlCacheBehavior [ RunTime:0.001013s ]
INFO: [ app_begin ] --END-- [ RunTime:0.001118s ]
NOTIC: [2048] Declaration of Admin\Model\CategoryModel::_before_delete() should be compatible with that of Think\Model::_before_delete() E:\amp\www\www.0211.com\Application\Admin\Model\CategoryModel.class.php 第 5 行.
SQL: SHOW COLUMNS FROM `s11_category` [ RunTime:0.0011s ]
SQL: SHOW COLUMNS FROM `s11_goods` [ RunTime:0.0013s ]
SQL: SELECT `id`,`goods_name`,`mid_logo` FROM `s11_goods` WHERE `id` IN ('2','1','4','3') AND `is_on_sale` = '是' ORDER BY FIELD(id,2,1,4,3)  [ RunTime:0.0010s ]

[ 2017-04-12T10:23:46+08:00 ] 127.0.0.1 /index.php/Home/Comment/ajaxGetComment/goods_id/2/p/1
INFO: [ app_init ] --START--
INFO: Run Behavior\BuildLiteBehavior [ RunTime:0.000027s ]
INFO: [ app_init ] --END-- [ RunTime:0.000842s ]
INFO: [ app_begin ] --START--
INFO: Run Behavior\ReadHtmlCacheBehavior [ RunTime:0.001127s ]
INFO: [ app_begin ] --END-- [ RunTime:0.001244s ]
SQL: SHOW COLUMNS FROM `s11_comment` [ RunTime:0.0018s ]
SQL: SELECT COUNT(*) AS tp_count FROM s11_comment a WHERE a.goods_id = '2' LIMIT 1   [ RunTime:0.0006s ]
SQL: SELECT `star` FROM `s11_comment` WHERE `goods_id` = 2  [ RunTime:0.0006s ]
SQL: SHOW COLUMNS FROM `s11_yinxiang` [ RunTime:0.0021s ]
SQL: SELECT * FROM `s11_yinxiang` WHERE `goods_id` = 2  [ RunTime:0.0007s ]
SQL: SELECT a.id,a.content,a.addtime,a.star,a.click_count,b.face,b.username,COUNT(c.id) reply_count FROM s11_comment a LEFT JOIN s11_member b ON a.member_id=b.id
				LEFT JOIN s11_comment_reply c ON a.id=c.comment_id  WHERE a.goods_id = '2' GROUP BY a.id ORDER BY a.id DESC LIMIT 0,5   [ RunTime:0.0039s ]
SQL: SHOW COLUMNS FROM `s11_comment_reply` [ RunTime:0.0008s ]
SQL: SELECT a.content,a.addtime,b.username,b.face FROM s11_comment_reply a LEFT JOIN s11_member b ON a.member_id=b.id  WHERE a.comment_id = '14' ORDER BY a.id ASC  [ RunTime:0.0005s ]
SQL: SELECT a.content,a.addtime,b.username,b.face FROM s11_comment_reply a LEFT JOIN s11_member b ON a.member_id=b.id  WHERE a.comment_id = '13' ORDER BY a.id ASC  [ RunTime:0.0006s ]
SQL: SELECT a.content,a.addtime,b.username,b.face FROM s11_comment_reply a LEFT JOIN s11_member b ON a.member_id=b.id  WHERE a.comment_id = '12' ORDER BY a.id ASC  [ RunTime:0.0006s ]
SQL: SELECT a.content,a.addtime,b.username,b.face FROM s11_comment_reply a LEFT JOIN s11_member b ON a.member_id=b.id  WHERE a.comment_id = '11' ORDER BY a.id ASC  [ RunTime:0.0004s ]
SQL: SELECT a.content,a.addtime,b.username,b.face FROM s11_comment_reply a LEFT JOIN s11_member b ON a.member_id=b.id  WHERE a.comment_id = '10' ORDER BY a.id ASC  [ RunTime:0.0007s ]

[ 2017-04-12T10:23:46+08:00 ] 127.0.0.1 /index.php/Home/Index/ajaxGetMemberPrice/goods_id/2.html
INFO: [ app_init ] --START--
INFO: Run Behavior\BuildLiteBehavior [ RunTime:0.000026s ]
INFO: [ app_init ] --END-- [ RunTime:0.000832s ]
INFO: [ app_begin ] --START--
INFO: Run Behavior\ReadHtmlCacheBehavior [ RunTime:0.001673s ]
INFO: [ app_begin ] --END-- [ RunTime:0.001790s ]
NOTIC: [2048] Declaration of Admin\Model\CategoryModel::_before_delete() should be compatible with that of Think\Model::_before_delete() E:\amp\www\www.0211.com\Application\Admin\Model\CategoryModel.class.php 第 5 行.
SQL: SHOW COLUMNS FROM `s11_category` [ RunTime:0.0010s ]
SQL: SHOW COLUMNS FROM `s11_goods` [ RunTime:0.0012s ]
SQL: SELECT `promote_price` FROM `s11_goods` WHERE `id` = '2' AND `promote_price` > 0 AND `promote_start_date` <= '2017-04-12 10:23:46' AND `promote_end_date` >= '2017-04-12 10:23:46' AND `is_on_sale` = '是' LIMIT 1   [ RunTime:0.0005s ]
SQL: SELECT `shop_price` FROM `s11_goods` WHERE `id` = 2 LIMIT 1   [ RunTime:0.0003s ]
INFO: [ app_end ] --START--
INFO: Run Behavior\ShowPageTraceBehavior [ RunTime:0.001734s ]
INFO: [ app_end ] --END-- [ RunTime:0.001887s ]

[ 2017-04-12T10:23:46+08:00 ] 127.0.0.1 /index.php/Home/Member/ajaxChkLogin.html
INFO: [ app_init ] --START--
INFO: Run Behavior\BuildLiteBehavior [ RunTime:0.000027s ]
INFO: [ app_init ] --END-- [ RunTime:0.000794s ]
INFO: [ app_begin ] --START--
INFO: Run Behavior\ReadHtmlCacheBehavior [ RunTime:0.001578s ]
INFO: [ app_begin ] --END-- [ RunTime:0.001694s ]

[ 2017-04-12T10:23:58+08:00 ] 127.0.0.1 /index.php/Home/Index/goods/id/2.html
INFO: [ app_init ] --START--
INFO: Run Behavior\BuildLiteBehavior [ RunTime:0.000026s ]
INFO: [ app_init ] --END-- [ RunTime:0.000832s ]
INFO: [ app_begin ] --START--
INFO: Run Behavior\ReadHtmlCacheBehavior [ RunTime:0.001242s ]
INFO: [ app_begin ] --END-- [ RunTime:0.001366s ]
NOTIC: [2048] Declaration of Admin\Model\CategoryModel::_before_delete() should be compatible with that of Think\Model::_before_delete() E:\amp\www\www.0211.com\Application\Admin\Model\CategoryModel.class.php 第 5 行.
ERR: 无法加载数据库驱动: Think\Db\Driver\Mysqi

[ 2017-04-12T10:24:06+08:00 ] 127.0.0.1 /index.php/Home/Index/goods/id/2.html
INFO: [ app_init ] --START--
INFO: Run Behavior\BuildLiteBehavior [ RunTime:0.000018s ]
INFO: [ app_init ] --END-- [ RunTime:0.000525s ]
INFO: [ app_begin ] --START--
INFO: Run Behavior\ReadHtmlCacheBehavior [ RunTime:0.000759s ]
INFO: [ app_begin ] --END-- [ RunTime:0.000860s ]
NOTIC: [2048] Declaration of Admin\Model\CategoryModel::_before_delete() should be compatible with that of Think\Model::_before_delete() E:\amp\www\www.0211.com\Application\Admin\Model\CategoryModel.class.php 第 5 行.
SQL: SHOW COLUMNS FROM `s11_category` [ RunTime:0.0008s ]
SQL: SHOW COLUMNS FROM `s11_goods` [ RunTime:0.0013s ]
SQL: SELECT * FROM `s11_goods` WHERE `id` = 2 LIMIT 1   [ RunTime:0.0003s ]
SQL: SELECT `id`,`parent_id`,`cat_name` FROM `s11_category` WHERE `id` = 17 LIMIT 1   [ RunTime:0.0002s ]
SQL: SELECT `id`,`parent_id`,`cat_name` FROM `s11_category` WHERE `id` = 1 LIMIT 1   [ RunTime:0.0002s ]
NOTIC: D方法实例化没找到模型类Admin\Model\GoodsPicModel
SQL: SHOW COLUMNS FROM `s11_goods_pic` [ RunTime:0.0006s ]
SQL: SELECT * FROM `s11_goods_pic` WHERE `goods_id` = '2'  [ RunTime:0.0002s ]
NOTIC: D方法实例化没找到模型类Admin\Model\GoodsAttrModel
SQL: SHOW COLUMNS FROM `s11_goods_attr` [ RunTime:0.0005s ]
SQL: SELECT a.*,b.attr_name,b.attr_type FROM s11_goods_attr a LEFT JOIN s11_attribute b ON a.attr_id=b.id  WHERE `goods_id` = '2'  [ RunTime:0.0002s ]
SQL: SHOW COLUMNS FROM `s11_member_price` [ RunTime:0.0007s ]
SQL: SELECT a.*,b.level_name FROM s11_member_price a LEFT JOIN s11_member_level b ON a.level_id=b.id  WHERE `goods_id` = '2'  [ RunTime:0.0002s ]
INFO: [ view_parse ] --START--
INFO: [ template_filter ] --START--
INFO: Run Behavior\ContentReplaceBehavior [ RunTime:0.000263s ]
INFO: [ template_filter ] --END-- [ RunTime:0.000371s ]
NOTIC: [8] Undefined index: children E:\amp\www\www.0211.com\Application\Runtime\Cache\Home\862a52d698112494831f0f0bc6d3727d.php 第 161 行.
NOTIC: [2] Invalid argument supplied for foreach() E:\amp\www\www.0211.com\Application\Runtime\Cache\Home\862a52d698112494831f0f0bc6d3727d.php 第 161 行.
NOTIC: [8] Undefined index: children E:\amp\www\www.0211.com\Application\Runtime\Cache\Home\862a52d698112494831f0f0bc6d3727d.php 第 161 行.
NOTIC: [2] Invalid argument supplied for foreach() E:\amp\www\www.0211.com\Application\Runtime\Cache\Home\862a52d698112494831f0f0bc6d3727d.php 第 161 行.
NOTIC: [8] Undefined index: children E:\amp\www\www.0211.com\Application\Runtime\Cache\Home\862a52d698112494831f0f0bc6d3727d.php 第 161 行.
NOTIC: [2] Invalid argument supplied for foreach() E:\amp\www\www.0211.com\Application\Runtime\Cache\Home\862a52d698112494831f0f0bc6d3727d.php 第 161 行.
NOTIC: [8] Undefined index: children E:\amp\www\www.0211.com\Application\Runtime\Cache\Home\862a52d698112494831f0f0bc6d3727d.php 第 161 行.
NOTIC: [2] Invalid argument supplied for foreach() E:\amp\www\www.0211.com\Application\Runtime\Cache\Home\862a52d698112494831f0f0bc6d3727d.php 第 161 行.
NOTIC: [8] Undefined index: children E:\amp\www\www.0211.com\Application\Runtime\Cache\Home\862a52d698112494831f0f0bc6d3727d.php 第 161 行.
NOTIC: [2] Invalid argument supplied for foreach() E:\amp\www\www.0211.com\Application\Runtime\Cache\Home\862a52d698112494831f0f0bc6d3727d.php 第 161 行.
NOTIC: [8] Undefined index: children E:\amp\www\www.0211.com\Application\Runtime\Cache\Home\862a52d698112494831f0f0bc6d3727d.php 第 157 行.
NOTIC: [2] Invalid argument supplied for foreach() E:\amp\www\www.0211.com\Application\Runtime\Cache\Home\862a52d698112494831f0f0bc6d3727d.php 第 157 行.
NOTIC: [8] Undefined index: children E:\amp\www\www.0211.com\Application\Runtime\Cache\Home\862a52d698112494831f0f0bc6d3727d.php 第 157 行.
NOTIC: [2] Invalid argument supplied for foreach() E:\amp\www\www.0211.com\Application\Runtime\Cache\Home\862a52d698112494831f0f0bc6d3727d.php 第 157 行.
NOTIC: [8] Undefined index: children E:\amp\www\www.0211.com\Application\Runtime\Cache\Home\862a52d698112494831f0f0bc6d3727d.php 第 161 行.
NOTIC: [2] Invalid argument supplied for foreach() E:\amp\www\www.0211.com\Application\Runtime\Cache\Home\862a52d698112494831f0f0bc6d3727d.php 第 161 行.
NOTIC: [8] Undefined index: children E:\amp\www\www.0211.com\Application\Runtime\Cache\Home\862a52d698112494831f0f0bc6d3727d.php 第 157 行.
NOTIC: [2] Invalid argument supplied for foreach() E:\amp\www\www.0211.com\Application\Runtime\Cache\Home\862a52d698112494831f0f0bc6d3727d.php 第 157 行.
NOTIC: [8] Undefined index: children E:\amp\www\www.0211.com\Application\Runtime\Cache\Home\862a52d698112494831f0f0bc6d3727d.php 第 157 行.
NOTIC: [2] Invalid argument supplied for foreach() E:\amp\www\www.0211.com\Application\Runtime\Cache\Home\862a52d698112494831f0f0bc6d3727d.php 第 157 行.
NOTIC: [8] Undefined index: children E:\amp\www\www.0211.com\Application\Runtime\Cache\Home\862a52d698112494831f0f0bc6d3727d.php 第 157 行.
NOTIC: [2] Invalid argument supplied for foreach() E:\amp\www\www.0211.com\Application\Runtime\Cache\Home\862a52d698112494831f0f0bc6d3727d.php 第 157 行.
NOTIC: [8] Undefined index: children E:\amp\www\www.0211.com\Application\Runtime\Cache\Home\862a52d698112494831f0f0bc6d3727d.php 第 161 行.
NOTIC: [2] Invalid argument supplied for foreach() E:\amp\www\www.0211.com\Application\Runtime\Cache\Home\862a52d698112494831f0f0bc6d3727d.php 第 161 行.
NOTIC: [8] Undefined index: children E:\amp\www\www.0211.com\Application\Runtime\Cache\Home\862a52d698112494831f0f0bc6d3727d.php 第 157 行.
NOTIC: [2] Invalid argument supplied for foreach() E:\amp\www\www.0211.com\Application\Runtime\Cache\Home\862a52d698112494831f0f0bc6d3727d.php 第 157 行.
NOTIC: [8] Undefined index: children E:\amp\www\www.0211.com\Application\Runtime\Cache\Home\862a52d698112494831f0f0bc6d3727d.php 第 157 行.
NOTIC: [2] Invalid argument supplied for foreach() E:\amp\www\www.0211.com\Application\Runtime\Cache\Home\862a52d698112494831f0f0bc6d3727d.php 第 157 行.
INFO: Run Behavior\ParseTemplateBehavior [ RunTime:0.026347s ]
INFO: [ view_parse ] --END-- [ RunTime:0.026424s ]
INFO: [ view_filter ] --START--
INFO: Run Behavior\WriteHtmlCacheBehavior [ RunTime:0.000738s ]
INFO: [ view_filter ] --END-- [ RunTime:0.000811s ]
INFO: [ app_end ] --START--
INFO: Run Behavior\ShowPageTraceBehavior [ RunTime:0.001146s ]
INFO: [ app_end ] --END-- [ RunTime:0.001256s ]

[ 2017-04-12T10:24:07+08:00 ] 127.0.0.1 /index.php/Home/Index/displayHistory/id/2.html
INFO: [ app_init ] --START--
INFO: Run Behavior\BuildLiteBehavior [ RunTime:0.000022s ]
INFO: [ app_init ] --END-- [ RunTime:0.000799s ]
INFO: [ app_begin ] --START--
INFO: Run Behavior\ReadHtmlCacheBehavior [ RunTime:0.001918s ]
INFO: [ app_begin ] --END-- [ RunTime:0.002033s ]
NOTIC: [2048] Declaration of Admin\Model\CategoryModel::_before_delete() should be compatible with that of Think\Model::_before_delete() E:\amp\www\www.0211.com\Application\Admin\Model\CategoryModel.class.php 第 5 行.
SQL: SHOW COLUMNS FROM `s11_category` [ RunTime:0.0012s ]
SQL: SHOW COLUMNS FROM `s11_goods` [ RunTime:0.0015s ]
SQL: SELECT `id`,`goods_name`,`mid_logo` FROM `s11_goods` WHERE `id` IN ('2','1','4','3') AND `is_on_sale` = '是' ORDER BY FIELD(id,2,1,4,3)  [ RunTime:0.0003s ]

[ 2017-04-12T10:24:07+08:00 ] 127.0.0.1 /index.php/Home/Comment/ajaxGetComment/goods_id/2/p/1
INFO: [ app_init ] --START--
INFO: Run Behavior\BuildLiteBehavior [ RunTime:0.000028s ]
INFO: [ app_init ] --END-- [ RunTime:0.001023s ]
INFO: [ app_begin ] --START--
INFO: Run Behavior\ReadHtmlCacheBehavior [ RunTime:0.001059s ]
INFO: [ app_begin ] --END-- [ RunTime:0.001172s ]
SQL: SHOW COLUMNS FROM `s11_comment` [ RunTime:0.0021s ]
SQL: SELECT COUNT(*) AS tp_count FROM s11_comment a WHERE a.goods_id = '2' LIMIT 1   [ RunTime:0.0002s ]
SQL: SELECT `star` FROM `s11_comment` WHERE `goods_id` = 2  [ RunTime:0.0002s ]
SQL: SHOW COLUMNS FROM `s11_yinxiang` [ RunTime:0.0025s ]
SQL: SELECT * FROM `s11_yinxiang` WHERE `goods_id` = 2  [ RunTime:0.0002s ]
SQL: SELECT a.id,a.content,a.addtime,a.star,a.click_count,b.face,b.username,COUNT(c.id) reply_count FROM s11_comment a LEFT JOIN s11_member b ON a.member_id=b.id
				LEFT JOIN s11_comment_reply c ON a.id=c.comment_id  WHERE a.goods_id = '2' GROUP BY a.id ORDER BY a.id DESC LIMIT 0,5   [ RunTime:0.0002s ]
SQL: SHOW COLUMNS FROM `s11_comment_reply` [ RunTime:0.0015s ]
SQL: SELECT a.content,a.addtime,b.username,b.face FROM s11_comment_reply a LEFT JOIN s11_member b ON a.member_id=b.id  WHERE a.comment_id = '14' ORDER BY a.id ASC  [ RunTime:0.0002s ]
SQL: SELECT a.content,a.addtime,b.username,b.face FROM s11_comment_reply a LEFT JOIN s11_member b ON a.member_id=b.id  WHERE a.comment_id = '13' ORDER BY a.id ASC  [ RunTime:0.0002s ]
SQL: SELECT a.content,a.addtime,b.username,b.face FROM s11_comment_reply a LEFT JOIN s11_member b ON a.member_id=b.id  WHERE a.comment_id = '12' ORDER BY a.id ASC  [ RunTime:0.0002s ]
SQL: SELECT a.content,a.addtime,b.username,b.face FROM s11_comment_reply a LEFT JOIN s11_member b ON a.member_id=b.id  WHERE a.comment_id = '11' ORDER BY a.id ASC  [ RunTime:0.0002s ]
SQL: SELECT a.content,a.addtime,b.username,b.face FROM s11_comment_reply a LEFT JOIN s11_member b ON a.member_id=b.id  WHERE a.comment_id = '10' ORDER BY a.id ASC  [ RunTime:0.0002s ]

[ 2017-04-12T10:24:07+08:00 ] 127.0.0.1 /index.php/Home/Index/ajaxGetMemberPrice/goods_id/2.html
INFO: [ app_init ] --START--
INFO: Run Behavior\BuildLiteBehavior [ RunTime:0.000025s ]
INFO: [ app_init ] --END-- [ RunTime:0.000881s ]
INFO: [ app_begin ] --START--
INFO: Run Behavior\ReadHtmlCacheBehavior [ RunTime:0.001403s ]
INFO: [ app_begin ] --END-- [ RunTime:0.001540s ]
NOTIC: [2048] Declaration of Admin\Model\CategoryModel::_before_delete() should be compatible with that of Think\Model::_before_delete() E:\amp\www\www.0211.com\Application\Admin\Model\CategoryModel.class.php 第 5 行.
SQL: SHOW COLUMNS FROM `s11_category` [ RunTime:0.0019s ]
SQL: SHOW COLUMNS FROM `s11_goods` [ RunTime:0.0016s ]
SQL: SELECT `promote_price` FROM `s11_goods` WHERE `id` = '2' AND `promote_price` > 0 AND `promote_start_date` <= '2017-04-12 10:24:07' AND `promote_end_date` >= '2017-04-12 10:24:07' AND `is_on_sale` = '是' LIMIT 1   [ RunTime:0.0008s ]
SQL: SELECT `shop_price` FROM `s11_goods` WHERE `id` = 2 LIMIT 1   [ RunTime:0.0003s ]
INFO: [ app_end ] --START--
INFO: Run Behavior\ShowPageTraceBehavior [ RunTime:0.001155s ]
INFO: [ app_end ] --END-- [ RunTime:0.001269s ]

[ 2017-04-12T10:24:07+08:00 ] 127.0.0.1 /index.php/Home/Member/chkcode.html
INFO: [ app_init ] --START--
INFO: Run Behavior\BuildLiteBehavior [ RunTime:0.000027s ]
INFO: [ app_init ] --END-- [ RunTime:0.000786s ]
INFO: [ app_begin ] --START--
INFO: Run Behavior\ReadHtmlCacheBehavior [ RunTime:0.005694s ]
INFO: [ app_begin ] --END-- [ RunTime:0.005830s ]
INFO: [ app_end ] --START--
INFO: Run Behavior\ShowPageTraceBehavior [ RunTime:0.002307s ]
INFO: [ app_end ] --END-- [ RunTime:0.002567s ]

[ 2017-04-12T10:24:07+08:00 ] 127.0.0.1 /index.php/Home/Member/ajaxChkLogin.html
INFO: [ app_init ] --START--
INFO: Run Behavior\BuildLiteBehavior [ RunTime:0.000028s ]
INFO: [ app_init ] --END-- [ RunTime:0.000843s ]
INFO: [ app_begin ] --START--
INFO: Run Behavior\ReadHtmlCacheBehavior [ RunTime:0.001375s ]
INFO: [ app_begin ] --END-- [ RunTime:0.001502s ]

[ 2017-04-12T10:24:15+08:00 ] 127.0.0.1 /index.php/Home/Index/goods/id/2.html
INFO: [ app_init ] --START--
INFO: Run Behavior\BuildLiteBehavior [ RunTime:0.000018s ]
INFO: [ app_init ] --END-- [ RunTime:0.000523s ]
INFO: [ app_begin ] --START--
INFO: Run Behavior\ReadHtmlCacheBehavior [ RunTime:0.001190s ]
INFO: [ app_begin ] --END-- [ RunTime:0.001624s ]
NOTIC: [2048] Declaration of Admin\Model\CategoryModel::_before_delete() should be compatible with that of Think\Model::_before_delete() E:\amp\www\www.0211.com\Application\Admin\Model\CategoryModel.class.php 第 5 行.
ERR: 无法加载数据库驱动: Think\Db\Driver\Pdo

[ 2017-04-12T10:24:22+08:00 ] 127.0.0.1 /index.php/Home/Index/goods/id/2.html
INFO: [ app_init ] --START--
INFO: Run Behavior\BuildLiteBehavior [ RunTime:0.000024s ]
INFO: [ app_init ] --END-- [ RunTime:0.000590s ]
INFO: [ app_begin ] --START--
INFO: Run Behavior\ReadHtmlCacheBehavior [ RunTime:0.000751s ]
INFO: [ app_begin ] --END-- [ RunTime:0.000833s ]
NOTIC: [2048] Declaration of Admin\Model\CategoryModel::_before_delete() should be compatible with that of Think\Model::_before_delete() E:\amp\www\www.0211.com\Application\Admin\Model\CategoryModel.class.php 第 5 行.
SQL: SHOW COLUMNS FROM `s11_category` [ RunTime:0.0008s ]
SQL: SHOW COLUMNS FROM `s11_goods` [ RunTime:0.0011s ]
SQL: SELECT * FROM `s11_goods` WHERE `id` = 2 LIMIT 1   [ RunTime:0.0003s ]
SQL: SELECT `id`,`parent_id`,`cat_name` FROM `s11_category` WHERE `id` = 17 LIMIT 1   [ RunTime:0.0002s ]
SQL: SELECT `id`,`parent_id`,`cat_name` FROM `s11_category` WHERE `id` = 1 LIMIT 1   [ RunTime:0.0002s ]
NOTIC: D方法实例化没找到模型类Admin\Model\GoodsPicModel
SQL: SHOW COLUMNS FROM `s11_goods_pic` [ RunTime:0.0016s ]
SQL: SELECT * FROM `s11_goods_pic` WHERE `goods_id` = '2'  [ RunTime:0.0002s ]
NOTIC: D方法实例化没找到模型类Admin\Model\GoodsAttrModel
SQL: SHOW COLUMNS FROM `s11_goods_attr` [ RunTime:0.0009s ]
SQL: SELECT a.*,b.attr_name,b.attr_type FROM s11_goods_attr a LEFT JOIN s11_attribute b ON a.attr_id=b.id  WHERE `goods_id` = '2'  [ RunTime:0.0002s ]
SQL: SHOW COLUMNS FROM `s11_member_price` [ RunTime:0.0006s ]
SQL: SELECT a.*,b.level_name FROM s11_member_price a LEFT JOIN s11_member_level b ON a.level_id=b.id  WHERE `goods_id` = '2'  [ RunTime:0.0002s ]
INFO: [ view_parse ] --START--
INFO: [ template_filter ] --START--
INFO: Run Behavior\ContentReplaceBehavior [ RunTime:0.000260s ]
INFO: [ template_filter ] --END-- [ RunTime:0.000350s ]
NOTIC: [8] Undefined index: children E:\amp\www\www.0211.com\Application\Runtime\Cache\Home\862a52d698112494831f0f0bc6d3727d.php 第 161 行.
NOTIC: [2] Invalid argument supplied for foreach() E:\amp\www\www.0211.com\Application\Runtime\Cache\Home\862a52d698112494831f0f0bc6d3727d.php 第 161 行.
NOTIC: [8] Undefined index: children E:\amp\www\www.0211.com\Application\Runtime\Cache\Home\862a52d698112494831f0f0bc6d3727d.php 第 161 行.
NOTIC: [2] Invalid argument supplied for foreach() E:\amp\www\www.0211.com\Application\Runtime\Cache\Home\862a52d698112494831f0f0bc6d3727d.php 第 161 行.
NOTIC: [8] Undefined index: children E:\amp\www\www.0211.com\Application\Runtime\Cache\Home\862a52d698112494831f0f0bc6d3727d.php 第 161 行.
NOTIC: [2] Invalid argument supplied for foreach() E:\amp\www\www.0211.com\Application\Runtime\Cache\Home\862a52d698112494831f0f0bc6d3727d.php 第 161 行.
NOTIC: [8] Undefined index: children E:\amp\www\www.0211.com\Application\Runtime\Cache\Home\862a52d698112494831f0f0bc6d3727d.php 第 161 行.
NOTIC: [2] Invalid argument supplied for foreach() E:\amp\www\www.0211.com\Application\Runtime\Cache\Home\862a52d698112494831f0f0bc6d3727d.php 第 161 行.
NOTIC: [8] Undefined index: children E:\amp\www\www.0211.com\Application\Runtime\Cache\Home\862a52d698112494831f0f0bc6d3727d.php 第 161 行.
NOTIC: [2] Invalid argument supplied for foreach() E:\amp\www\www.0211.com\Application\Runtime\Cache\Home\862a52d698112494831f0f0bc6d3727d.php 第 161 行.
NOTIC: [8] Undefined index: children E:\amp\www\www.0211.com\Application\Runtime\Cache\Home\862a52d698112494831f0f0bc6d3727d.php 第 157 行.
NOTIC: [2] Invalid argument supplied for foreach() E:\amp\www\www.0211.com\Application\Runtime\Cache\Home\862a52d698112494831f0f0bc6d3727d.php 第 157 行.
NOTIC: [8] Undefined index: children E:\amp\www\www.0211.com\Application\Runtime\Cache\Home\862a52d698112494831f0f0bc6d3727d.php 第 157 行.
NOTIC: [2] Invalid argument supplied for foreach() E:\amp\www\www.0211.com\Application\Runtime\Cache\Home\862a52d698112494831f0f0bc6d3727d.php 第 157 行.
NOTIC: [8] Undefined index: children E:\amp\www\www.0211.com\Application\Runtime\Cache\Home\862a52d698112494831f0f0bc6d3727d.php 第 161 行.
NOTIC: [2] Invalid argument supplied for foreach() E:\amp\www\www.0211.com\Application\Runtime\Cache\Home\862a52d698112494831f0f0bc6d3727d.php 第 161 行.
NOTIC: [8] Undefined index: children E:\amp\www\www.0211.com\Application\Runtime\Cache\Home\862a52d698112494831f0f0bc6d3727d.php 第 157 行.
NOTIC: [2] Invalid argument supplied for foreach() E:\amp\www\www.0211.com\Application\Runtime\Cache\Home\862a52d698112494831f0f0bc6d3727d.php 第 157 行.
NOTIC: [8] Undefined index: children E:\amp\www\www.0211.com\Application\Runtime\Cache\Home\862a52d698112494831f0f0bc6d3727d.php 第 157 行.
NOTIC: [2] Invalid argument supplied for foreach() E:\amp\www\www.0211.com\Application\Runtime\Cache\Home\862a52d698112494831f0f0bc6d3727d.php 第 157 行.
NOTIC: [8] Undefined index: children E:\amp\www\www.0211.com\Application\Runtime\Cache\Home\862a52d698112494831f0f0bc6d3727d.php 第 157 行.
NOTIC: [2] Invalid argument supplied for foreach() E:\amp\www\www.0211.com\Application\Runtime\Cache\Home\862a52d698112494831f0f0bc6d3727d.php 第 157 行.
NOTIC: [8] Undefined index: children E:\amp\www\www.0211.com\Application\Runtime\Cache\Home\862a52d698112494831f0f0bc6d3727d.php 第 161 行.
NOTIC: [2] Invalid argument supplied for foreach() E:\amp\www\www.0211.com\Application\Runtime\Cache\Home\862a52d698112494831f0f0bc6d3727d.php 第 161 行.
NOTIC: [8] Undefined index: children E:\amp\www\www.0211.com\Application\Runtime\Cache\Home\862a52d698112494831f0f0bc6d3727d.php 第 157 行.
NOTIC: [2] Invalid argument supplied for foreach() E:\amp\www\www.0211.com\Application\Runtime\Cache\Home\862a52d698112494831f0f0bc6d3727d.php 第 157 行.
NOTIC: [8] Undefined index: children E:\amp\www\www.0211.com\Application\Runtime\Cache\Home\862a52d698112494831f0f0bc6d3727d.php 第 157 行.
NOTIC: [2] Invalid argument supplied for foreach() E:\amp\www\www.0211.com\Application\Runtime\Cache\Home\862a52d698112494831f0f0bc6d3727d.php 第 157 行.
INFO: Run Behavior\ParseTemplateBehavior [ RunTime:0.024095s ]
INFO: [ view_parse ] --END-- [ RunTime:0.024159s ]
INFO: [ view_filter ] --START--
INFO: Run Behavior\WriteHtmlCacheBehavior [ RunTime:0.000654s ]
INFO: [ view_filter ] --END-- [ RunTime:0.000706s ]
INFO: [ app_end ] --START--
INFO: Run Behavior\ShowPageTraceBehavior [ RunTime:0.003506s ]
INFO: [ app_end ] --END-- [ RunTime:0.003626s ]

[ 2017-04-12T10:24:22+08:00 ] 127.0.0.1 /index.php/Home/Index/ajaxGetMemberPrice/goods_id/2.html
INFO: [ app_init ] --START--
INFO: Run Behavior\BuildLiteBehavior [ RunTime:0.000026s ]
INFO: [ app_init ] --END-- [ RunTime:0.000704s ]
INFO: [ app_begin ] --START--
INFO: Run Behavior\ReadHtmlCacheBehavior [ RunTime:0.001351s ]
INFO: [ app_begin ] --END-- [ RunTime:0.001650s ]
NOTIC: [2048] Declaration of Admin\Model\CategoryModel::_before_delete() should be compatible with that of Think\Model::_before_delete() E:\amp\www\www.0211.com\Application\Admin\Model\CategoryModel.class.php 第 5 行.
SQL: SHOW COLUMNS FROM `s11_category` [ RunTime:0.0009s ]
SQL: SHOW COLUMNS FROM `s11_goods` [ RunTime:0.0015s ]
SQL: SELECT `promote_price` FROM `s11_goods` WHERE `id` = '2' AND `promote_price` > 0 AND `promote_start_date` <= '2017-04-12 10:24:22' AND `promote_end_date` >= '2017-04-12 10:24:22' AND `is_on_sale` = '是' LIMIT 1   [ RunTime:0.0007s ]
SQL: SELECT `shop_price` FROM `s11_goods` WHERE `id` = 2 LIMIT 1   [ RunTime:0.0002s ]
INFO: [ app_end ] --START--
INFO: Run Behavior\ShowPageTraceBehavior [ RunTime:0.001255s ]
INFO: [ app_end ] --END-- [ RunTime:0.001360s ]

[ 2017-04-12T10:24:22+08:00 ] 127.0.0.1 /index.php/Home/Index/displayHistory/id/2.html
INFO: [ app_init ] --START--
INFO: Run Behavior\BuildLiteBehavior [ RunTime:0.000024s ]
INFO: [ app_init ] --END-- [ RunTime:0.000818s ]
INFO: [ app_begin ] --START--
INFO: Run Behavior\ReadHtmlCacheBehavior [ RunTime:0.001214s ]
INFO: [ app_begin ] --END-- [ RunTime:0.001323s ]
NOTIC: [2048] Declaration of Admin\Model\CategoryModel::_before_delete() should be compatible with that of Think\Model::_before_delete() E:\amp\www\www.0211.com\Application\Admin\Model\CategoryModel.class.php 第 5 行.
SQL: SHOW COLUMNS FROM `s11_category` [ RunTime:0.0010s ]
SQL: SHOW COLUMNS FROM `s11_goods` [ RunTime:0.0015s ]
SQL: SELECT `id`,`goods_name`,`mid_logo` FROM `s11_goods` WHERE `id` IN ('2','1','4','3') AND `is_on_sale` = '是' ORDER BY FIELD(id,2,1,4,3)  [ RunTime:0.0003s ]

[ 2017-04-12T10:24:22+08:00 ] 127.0.0.1 /index.php/Home/Comment/ajaxGetComment/goods_id/2/p/1
INFO: [ app_init ] --START--
INFO: Run Behavior\BuildLiteBehavior [ RunTime:0.000027s ]
INFO: [ app_init ] --END-- [ RunTime:0.000796s ]
INFO: [ app_begin ] --START--
INFO: Run Behavior\ReadHtmlCacheBehavior [ RunTime:0.001076s ]
INFO: [ app_begin ] --END-- [ RunTime:0.001189s ]
SQL: SHOW COLUMNS FROM `s11_comment` [ RunTime:0.0011s ]
SQL: SELECT COUNT(*) AS tp_count FROM s11_comment a WHERE a.goods_id = '2' LIMIT 1   [ RunTime:0.0003s ]
SQL: SELECT `star` FROM `s11_comment` WHERE `goods_id` = 2  [ RunTime:0.0002s ]
SQL: SHOW COLUMNS FROM `s11_yinxiang` [ RunTime:0.0010s ]
SQL: SELECT * FROM `s11_yinxiang` WHERE `goods_id` = 2  [ RunTime:0.0003s ]
SQL: SELECT a.id,a.content,a.addtime,a.star,a.click_count,b.face,b.username,COUNT(c.id) reply_count FROM s11_comment a LEFT JOIN s11_member b ON a.member_id=b.id
				LEFT JOIN s11_comment_reply c ON a.id=c.comment_id  WHERE a.goods_id = '2' GROUP BY a.id ORDER BY a.id DESC LIMIT 0,5   [ RunTime:0.0009s ]
SQL: SHOW COLUMNS FROM `s11_comment_reply` [ RunTime:0.0010s ]
SQL: SELECT a.content,a.addtime,b.username,b.face FROM s11_comment_reply a LEFT JOIN s11_member b ON a.member_id=b.id  WHERE a.comment_id = '14' ORDER BY a.id ASC  [ RunTime:0.0002s ]
SQL: SELECT a.content,a.addtime,b.username,b.face FROM s11_comment_reply a LEFT JOIN s11_member b ON a.member_id=b.id  WHERE a.comment_id = '13' ORDER BY a.id ASC  [ RunTime:0.0002s ]
SQL: SELECT a.content,a.addtime,b.username,b.face FROM s11_comment_reply a LEFT JOIN s11_member b ON a.member_id=b.id  WHERE a.comment_id = '12' ORDER BY a.id ASC  [ RunTime:0.0010s ]
SQL: SELECT a.content,a.addtime,b.username,b.face FROM s11_comment_reply a LEFT JOIN s11_member b ON a.member_id=b.id  WHERE a.comment_id = '11' ORDER BY a.id ASC  [ RunTime:0.0002s ]
SQL: SELECT a.content,a.addtime,b.username,b.face FROM s11_comment_reply a LEFT JOIN s11_member b ON a.member_id=b.id  WHERE a.comment_id = '10' ORDER BY a.id ASC  [ RunTime:0.0002s ]

[ 2017-04-12T10:24:22+08:00 ] 127.0.0.1 /index.php/Home/Member/chkcode.html
INFO: [ app_init ] --START--
INFO: Run Behavior\BuildLiteBehavior [ RunTime:0.000023s ]
INFO: [ app_init ] --END-- [ RunTime:0.000707s ]
INFO: [ app_begin ] --START--
INFO: Run Behavior\ReadHtmlCacheBehavior [ RunTime:0.000852s ]
INFO: [ app_begin ] --END-- [ RunTime:0.001130s ]
INFO: [ app_end ] --START--
INFO: Run Behavior\ShowPageTraceBehavior [ RunTime:0.001159s ]
INFO: [ app_end ] --END-- [ RunTime:0.001291s ]

[ 2017-04-12T10:24:23+08:00 ] 127.0.0.1 /index.php/Home/Member/ajaxChkLogin.html
INFO: [ app_init ] --START--
INFO: Run Behavior\BuildLiteBehavior [ RunTime:0.000024s ]
INFO: [ app_init ] --END-- [ RunTime:0.000655s ]
INFO: [ app_begin ] --START--
INFO: Run Behavior\ReadHtmlCacheBehavior [ RunTime:0.000852s ]
INFO: [ app_begin ] --END-- [ RunTime:0.000938s ]

[ 2017-04-12T10:24:26+08:00 ] 127.0.0.1 /index.php/Home/Index/goods/id/2.html
INFO: [ app_init ] --START--
INFO: Run Behavior\BuildLiteBehavior [ RunTime:0.000060s ]
INFO: [ app_init ] --END-- [ RunTime:0.001670s ]
INFO: [ app_begin ] --START--
INFO: Run Behavior\ReadHtmlCacheBehavior [ RunTime:0.001212s ]
INFO: [ app_begin ] --END-- [ RunTime:0.001406s ]
NOTIC: [2048] Declaration of Admin\Model\CategoryModel::_before_delete() should be compatible with that of Think\Model::_before_delete() E:\amp\www\www.0211.com\Application\Admin\Model\CategoryModel.class.php 第 5 行.
SQL: SHOW COLUMNS FROM `s11_category` [ RunTime:0.0008s ]
SQL: SHOW COLUMNS FROM `s11_goods` [ RunTime:0.0014s ]
SQL: SELECT * FROM `s11_goods` WHERE `id` = 2 LIMIT 1   [ RunTime:0.0004s ]
SQL: SELECT `id`,`parent_id`,`cat_name` FROM `s11_category` WHERE `id` = 17 LIMIT 1   [ RunTime:0.0002s ]
SQL: SELECT `id`,`parent_id`,`cat_name` FROM `s11_category` WHERE `id` = 1 LIMIT 1   [ RunTime:0.0003s ]
NOTIC: D方法实例化没找到模型类Admin\Model\GoodsPicModel
SQL: SHOW COLUMNS FROM `s11_goods_pic` [ RunTime:0.0010s ]
SQL: SELECT * FROM `s11_goods_pic` WHERE `goods_id` = '2'  [ RunTime:0.0003s ]
NOTIC: D方法实例化没找到模型类Admin\Model\GoodsAttrModel
SQL: SHOW COLUMNS FROM `s11_goods_attr` [ RunTime:0.0029s ]
SQL: SELECT a.*,b.attr_name,b.attr_type FROM s11_goods_attr a LEFT JOIN s11_attribute b ON a.attr_id=b.id  WHERE `goods_id` = '2'  [ RunTime:0.0003s ]
SQL: SHOW COLUMNS FROM `s11_member_price` [ RunTime:0.0013s ]
SQL: SELECT a.*,b.level_name FROM s11_member_price a LEFT JOIN s11_member_level b ON a.level_id=b.id  WHERE `goods_id` = '2'  [ RunTime:0.0003s ]
INFO: [ view_parse ] --START--
INFO: [ template_filter ] --START--
INFO: Run Behavior\ContentReplaceBehavior [ RunTime:0.000205s ]
INFO: [ template_filter ] --END-- [ RunTime:0.000285s ]
NOTIC: [8] Undefined index: children E:\amp\www\www.0211.com\Application\Runtime\Cache\Home\862a52d698112494831f0f0bc6d3727d.php 第 161 行.
NOTIC: [2] Invalid argument supplied for foreach() E:\amp\www\www.0211.com\Application\Runtime\Cache\Home\862a52d698112494831f0f0bc6d3727d.php 第 161 行.
NOTIC: [8] Undefined index: children E:\amp\www\www.0211.com\Application\Runtime\Cache\Home\862a52d698112494831f0f0bc6d3727d.php 第 161 行.
NOTIC: [2] Invalid argument supplied for foreach() E:\amp\www\www.0211.com\Application\Runtime\Cache\Home\862a52d698112494831f0f0bc6d3727d.php 第 161 行.
NOTIC: [8] Undefined index: children E:\amp\www\www.0211.com\Application\Runtime\Cache\Home\862a52d698112494831f0f0bc6d3727d.php 第 161 行.
NOTIC: [2] Invalid argument supplied for foreach() E:\amp\www\www.0211.com\Application\Runtime\Cache\Home\862a52d698112494831f0f0bc6d3727d.php 第 161 行.
NOTIC: [8] Undefined index: children E:\amp\www\www.0211.com\Application\Runtime\Cache\Home\862a52d698112494831f0f0bc6d3727d.php 第 161 行.
NOTIC: [2] Invalid argument supplied for foreach() E:\amp\www\www.0211.com\Application\Runtime\Cache\Home\862a52d698112494831f0f0bc6d3727d.php 第 161 行.
NOTIC: [8] Undefined index: children E:\amp\www\www.0211.com\Application\Runtime\Cache\Home\862a52d698112494831f0f0bc6d3727d.php 第 161 行.
NOTIC: [2] Invalid argument supplied for foreach() E:\amp\www\www.0211.com\Application\Runtime\Cache\Home\862a52d698112494831f0f0bc6d3727d.php 第 161 行.
NOTIC: [8] Undefined index: children E:\amp\www\www.0211.com\Application\Runtime\Cache\Home\862a52d698112494831f0f0bc6d3727d.php 第 157 行.
NOTIC: [2] Invalid argument supplied for foreach() E:\amp\www\www.0211.com\Application\Runtime\Cache\Home\862a52d698112494831f0f0bc6d3727d.php 第 157 行.
NOTIC: [8] Undefined index: children E:\amp\www\www.0211.com\Application\Runtime\Cache\Home\862a52d698112494831f0f0bc6d3727d.php 第 157 行.
NOTIC: [2] Invalid argument supplied for foreach() E:\amp\www\www.0211.com\Application\Runtime\Cache\Home\862a52d698112494831f0f0bc6d3727d.php 第 157 行.
NOTIC: [8] Undefined index: children E:\amp\www\www.0211.com\Application\Runtime\Cache\Home\862a52d698112494831f0f0bc6d3727d.php 第 161 行.
NOTIC: [2] Invalid argument supplied for foreach() E:\amp\www\www.0211.com\Application\Runtime\Cache\Home\862a52d698112494831f0f0bc6d3727d.php 第 161 行.
NOTIC: [8] Undefined index: children E:\amp\www\www.0211.com\Application\Runtime\Cache\Home\862a52d698112494831f0f0bc6d3727d.php 第 157 行.
NOTIC: [2] Invalid argument supplied for foreach() E:\amp\www\www.0211.com\Application\Runtime\Cache\Home\862a52d698112494831f0f0bc6d3727d.php 第 157 行.
NOTIC: [8] Undefined index: children E:\amp\www\www.0211.com\Application\Runtime\Cache\Home\862a52d698112494831f0f0bc6d3727d.php 第 157 行.
NOTIC: [2] Invalid argument supplied for foreach() E:\amp\www\www.0211.com\Application\Runtime\Cache\Home\862a52d698112494831f0f0bc6d3727d.php 第 157 行.
NOTIC: [8] Undefined index: children E:\amp\www\www.0211.com\Application\Runtime\Cache\Home\862a52d698112494831f0f0bc6d3727d.php 第 157 行.
NOTIC: [2] Invalid argument supplied for foreach() E:\amp\www\www.0211.com\Application\Runtime\Cache\Home\862a52d698112494831f0f0bc6d3727d.php 第 157 行.
NOTIC: [8] Undefined index: children E:\amp\www\www.0211.com\Application\Runtime\Cache\Home\862a52d698112494831f0f0bc6d3727d.php 第 161 行.
NOTIC: [2] Invalid argument supplied for foreach() E:\amp\www\www.0211.com\Application\Runtime\Cache\Home\862a52d698112494831f0f0bc6d3727d.php 第 161 行.
NOTIC: [8] Undefined index: children E:\amp\www\www.0211.com\Application\Runtime\Cache\Home\862a52d698112494831f0f0bc6d3727d.php 第 157 行.
NOTIC: [2] Invalid argument supplied for foreach() E:\amp\www\www.0211.com\Application\Runtime\Cache\Home\862a52d698112494831f0f0bc6d3727d.php 第 157 行.
NOTIC: [8] Undefined index: children E:\amp\www\www.0211.com\Application\Runtime\Cache\Home\862a52d698112494831f0f0bc6d3727d.php 第 157 行.
NOTIC: [2] Invalid argument supplied for foreach() E:\amp\www\www.0211.com\Application\Runtime\Cache\Home\862a52d698112494831f0f0bc6d3727d.php 第 157 行.
INFO: Run Behavior\ParseTemplateBehavior [ RunTime:0.032829s ]
INFO: [ view_parse ] --END-- [ RunTime:0.032957s ]
INFO: [ view_filter ] --START--
INFO: Run Behavior\WriteHtmlCacheBehavior [ RunTime:0.001186s ]
INFO: [ view_filter ] --END-- [ RunTime:0.001324s ]
INFO: [ app_end ] --START--
INFO: Run Behavior\ShowPageTraceBehavior [ RunTime:0.001639s ]
INFO: [ app_end ] --END-- [ RunTime:0.001790s ]

[ 2017-04-12T10:24:27+08:00 ] 127.0.0.1 /index.php/Home/Index/displayHistory/id/2.html
INFO: [ app_init ] --START--
INFO: Run Behavior\BuildLiteBehavior [ RunTime:0.000026s ]
INFO: [ app_init ] --END-- [ RunTime:0.000725s ]
INFO: [ app_begin ] --START--
INFO: Run Behavior\ReadHtmlCacheBehavior [ RunTime:0.001761s ]
INFO: [ app_begin ] --END-- [ RunTime:0.001881s ]
NOTIC: [2048] Declaration of Admin\Model\CategoryModel::_before_delete() should be compatible with that of Think\Model::_before_delete() E:\amp\www\www.0211.com\Application\Admin\Model\CategoryModel.class.php 第 5 行.
SQL: SHOW COLUMNS FROM `s11_category` [ RunTime:0.0016s ]
SQL: SHOW COLUMNS FROM `s11_goods` [ RunTime:0.0013s ]
SQL: SELECT `id`,`goods_name`,`mid_logo` FROM `s11_goods` WHERE `id` IN ('2','1','4','3') AND `is_on_sale` = '是' ORDER BY FIELD(id,2,1,4,3)  [ RunTime:0.0003s ]

[ 2017-04-12T10:24:27+08:00 ] 127.0.0.1 /index.php/Home/Index/ajaxGetMemberPrice/goods_id/2.html
INFO: [ app_init ] --START--
INFO: Run Behavior\BuildLiteBehavior [ RunTime:0.000027s ]
INFO: [ app_init ] --END-- [ RunTime:0.000783s ]
INFO: [ app_begin ] --START--
INFO: Run Behavior\ReadHtmlCacheBehavior [ RunTime:0.001034s ]
INFO: [ app_begin ] --END-- [ RunTime:0.001144s ]
NOTIC: [2048] Declaration of Admin\Model\CategoryModel::_before_delete() should be compatible with that of Think\Model::_before_delete() E:\amp\www\www.0211.com\Application\Admin\Model\CategoryModel.class.php 第 5 行.
SQL: SHOW COLUMNS FROM `s11_category` [ RunTime:0.0007s ]
SQL: SHOW COLUMNS FROM `s11_goods` [ RunTime:0.0013s ]
SQL: SELECT `promote_price` FROM `s11_goods` WHERE `id` = '2' AND `promote_price` > 0 AND `promote_start_date` <= '2017-04-12 10:24:27' AND `promote_end_date` >= '2017-04-12 10:24:27' AND `is_on_sale` = '是' LIMIT 1   [ RunTime:0.0005s ]
SQL: SELECT `shop_price` FROM `s11_goods` WHERE `id` = 2 LIMIT 1   [ RunTime:0.0002s ]
INFO: [ app_end ] --START--
INFO: Run Behavior\ShowPageTraceBehavior [ RunTime:0.000890s ]
INFO: [ app_end ] --END-- [ RunTime:0.000972s ]

[ 2017-04-12T10:24:27+08:00 ] 127.0.0.1 /index.php/Home/Comment/ajaxGetComment/goods_id/2/p/1
INFO: [ app_init ] --START--
INFO: Run Behavior\BuildLiteBehavior [ RunTime:0.000025s ]
INFO: [ app_init ] --END-- [ RunTime:0.000922s ]
INFO: [ app_begin ] --START--
INFO: Run Behavior\ReadHtmlCacheBehavior [ RunTime:0.001438s ]
INFO: [ app_begin ] --END-- [ RunTime:0.001578s ]
SQL: SHOW COLUMNS FROM `s11_comment` [ RunTime:0.0017s ]
SQL: SELECT COUNT(*) AS tp_count FROM s11_comment a WHERE a.goods_id = '2' LIMIT 1   [ RunTime:0.0002s ]
SQL: SELECT `star` FROM `s11_comment` WHERE `goods_id` = 2  [ RunTime:0.0003s ]
SQL: SHOW COLUMNS FROM `s11_yinxiang` [ RunTime:0.0023s ]
SQL: SELECT * FROM `s11_yinxiang` WHERE `goods_id` = 2  [ RunTime:0.0003s ]
SQL: SELECT a.id,a.content,a.addtime,a.star,a.click_count,b.face,b.username,COUNT(c.id) reply_count FROM s11_comment a LEFT JOIN s11_member b ON a.member_id=b.id
				LEFT JOIN s11_comment_reply c ON a.id=c.comment_id  WHERE a.goods_id = '2' GROUP BY a.id ORDER BY a.id DESC LIMIT 0,5   [ RunTime:0.0015s ]
SQL: SHOW COLUMNS FROM `s11_comment_reply` [ RunTime:0.0024s ]
SQL: SELECT a.content,a.addtime,b.username,b.face FROM s11_comment_reply a LEFT JOIN s11_member b ON a.member_id=b.id  WHERE a.comment_id = '14' ORDER BY a.id ASC  [ RunTime:0.0004s ]
SQL: SELECT a.content,a.addtime,b.username,b.face FROM s11_comment_reply a LEFT JOIN s11_member b ON a.member_id=b.id  WHERE a.comment_id = '13' ORDER BY a.id ASC  [ RunTime:0.0004s ]
SQL: SELECT a.content,a.addtime,b.username,b.face FROM s11_comment_reply a LEFT JOIN s11_member b ON a.member_id=b.id  WHERE a.comment_id = '12' ORDER BY a.id ASC  [ RunTime:0.0005s ]
SQL: SELECT a.content,a.addtime,b.username,b.face FROM s11_comment_reply a LEFT JOIN s11_member b ON a.member_id=b.id  WHERE a.comment_id = '11' ORDER BY a.id ASC  [ RunTime:0.0003s ]
SQL: SELECT a.content,a.addtime,b.username,b.face FROM s11_comment_reply a LEFT JOIN s11_member b ON a.member_id=b.id  WHERE a.comment_id = '10' ORDER BY a.id ASC  [ RunTime:0.0003s ]

[ 2017-04-12T10:24:27+08:00 ] 127.0.0.1 /index.php/Home/Member/chkcode.html
INFO: [ app_init ] --START--
INFO: Run Behavior\BuildLiteBehavior [ RunTime:0.000017s ]
INFO: [ app_init ] --END-- [ RunTime:0.000512s ]
INFO: [ app_begin ] --START--
INFO: Run Behavior\ReadHtmlCacheBehavior [ RunTime:0.000681s ]
INFO: [ app_begin ] --END-- [ RunTime:0.000766s ]
INFO: [ app_end ] --START--
INFO: Run Behavior\ShowPageTraceBehavior [ RunTime:0.003204s ]
INFO: [ app_end ] --END-- [ RunTime:0.003341s ]

[ 2017-04-12T10:24:27+08:00 ] 127.0.0.1 /index.php/Home/Member/ajaxChkLogin.html
INFO: [ app_init ] --START--
INFO: Run Behavior\BuildLiteBehavior [ RunTime:0.000018s ]
INFO: [ app_init ] --END-- [ RunTime:0.000519s ]
INFO: [ app_begin ] --START--
INFO: Run Behavior\ReadHtmlCacheBehavior [ RunTime:0.001654s ]
INFO: [ app_begin ] --END-- [ RunTime:0.001952s ]

