[ 2017-04-13T21:55:53+08:00 ] 127.0.0.1 /index.php/Home/Member/ajaxChkLogin.html
INFO: [ app_begin ] --START--
INFO: Run Behavior\ReadHtmlCacheBehavior [ RunTime:0.001153s ]
INFO: [ app_begin ] --END-- [ RunTime:0.002027s ]

[ 2017-04-13T21:56:35+08:00 ] 127.0.0.1 /index.php/Home/Index/goods/id/2.html
NOTIC: D方法实例化没找到模型类Admin\Model\GoodsPicModel
NOTIC: D方法实例化没找到模型类Admin\Model\GoodsAttrModel

[ 2017-04-13T21:56:36+08:00 ] 127.0.0.1 /index.php/Home/Index/displayHistory/id/2.html
INFO: [ app_begin ] --START--
INFO: Run Behavior\ReadHtmlCacheBehavior [ RunTime:0.002826s ]
INFO: [ app_begin ] --END-- [ RunTime:0.003783s ]
NOTIC: [2048] Declaration of Admin\Model\CategoryModel::_before_delete() should be compatible with that of Think\Model::_before_delete() E:\amp\www\www.0211.com\Application\Admin\Model\CategoryModel.class.php 第 5 行.
SQL: SHOW COLUMNS FROM `s11_category` [ RunTime:0.0012s ]
SQL: SHOW COLUMNS FROM `s11_goods` [ RunTime:0.0014s ]
SQL: SELECT `id`,`goods_name`,`mid_logo` FROM `s11_goods` WHERE `id` IN ('2','1','4','3') AND `is_on_sale` = '是' ORDER BY FIELD(id,2,1,4,3)  [ RunTime:0.0003s ]

[ 2017-04-13T21:56:36+08:00 ] 127.0.0.1 /index.php/Home/Index/ajaxGetMemberPrice/goods_id/2.html
INFO: [ app_begin ] --START--
INFO: Run Behavior\ReadHtmlCacheBehavior [ RunTime:0.001746s ]
INFO: [ app_begin ] --END-- [ RunTime:0.002699s ]
NOTIC: [2048] Declaration of Admin\Model\CategoryModel::_before_delete() should be compatible with that of Think\Model::_before_delete() E:\amp\www\www.0211.com\Application\Admin\Model\CategoryModel.class.php 第 5 行.
SQL: SHOW COLUMNS FROM `s11_category` [ RunTime:0.0010s ]
SQL: SHOW COLUMNS FROM `s11_goods` [ RunTime:0.0018s ]
SQL: SELECT `promote_price` FROM `s11_goods` WHERE `id` = '2' AND `promote_price` > 0 AND `promote_start_date` <= '2017-04-13 21:56:36' AND `promote_end_date` >= '2017-04-13 21:56:36' AND `is_on_sale` = '是' LIMIT 1   [ RunTime:0.0009s ]
SQL: SELECT `shop_price` FROM `s11_goods` WHERE `id` = 2 LIMIT 1   [ RunTime:0.0005s ]
INFO: [ app_end ] --START--
INFO: Run Behavior\ShowPageTraceBehavior [ RunTime:0.001469s ]
INFO: [ app_end ] --END-- [ RunTime:0.001594s ]

[ 2017-04-13T21:56:36+08:00 ] 127.0.0.1 /index.php/Home/Comment/ajaxGetComment/goods_id/2/p/1
INFO: [ app_begin ] --START--
INFO: Run Behavior\ReadHtmlCacheBehavior [ RunTime:0.001540s ]
INFO: [ app_begin ] --END-- [ RunTime:0.002560s ]
SQL: SHOW COLUMNS FROM `s11_comment` [ RunTime:0.0008s ]
SQL: SELECT COUNT(*) AS tp_count FROM s11_comment a WHERE a.goods_id = '2' LIMIT 1   [ RunTime:0.0002s ]
SQL: SELECT `star` FROM `s11_comment` WHERE `goods_id` = 2  [ RunTime:0.0003s ]
SQL: SHOW COLUMNS FROM `s11_yinxiang` [ RunTime:0.0009s ]
SQL: SELECT * FROM `s11_yinxiang` WHERE `goods_id` = 2  [ RunTime:0.0002s ]
SQL: SELECT a.id,a.content,a.addtime,a.star,a.click_count,b.face,b.username,COUNT(c.id) reply_count FROM s11_comment a LEFT JOIN s11_member b ON a.member_id=b.id
				LEFT JOIN s11_comment_reply c ON a.id=c.comment_id  WHERE a.goods_id = '2' GROUP BY a.id ORDER BY a.id DESC LIMIT 0,5   [ RunTime:0.0003s ]
SQL: SHOW COLUMNS FROM `s11_comment_reply` [ RunTime:0.0015s ]
SQL: SELECT a.content,a.addtime,b.username,b.face FROM s11_comment_reply a LEFT JOIN s11_member b ON a.member_id=b.id  WHERE a.comment_id = '14' ORDER BY a.id ASC  [ RunTime:0.0004s ]
SQL: SELECT a.content,a.addtime,b.username,b.face FROM s11_comment_reply a LEFT JOIN s11_member b ON a.member_id=b.id  WHERE a.comment_id = '13' ORDER BY a.id ASC  [ RunTime:0.0006s ]
SQL: SELECT a.content,a.addtime,b.username,b.face FROM s11_comment_reply a LEFT JOIN s11_member b ON a.member_id=b.id  WHERE a.comment_id = '12' ORDER BY a.id ASC  [ RunTime:0.0003s ]
SQL: SELECT a.content,a.addtime,b.username,b.face FROM s11_comment_reply a LEFT JOIN s11_member b ON a.member_id=b.id  WHERE a.comment_id = '11' ORDER BY a.id ASC  [ RunTime:0.0002s ]
SQL: SELECT a.content,a.addtime,b.username,b.face FROM s11_comment_reply a LEFT JOIN s11_member b ON a.member_id=b.id  WHERE a.comment_id = '10' ORDER BY a.id ASC  [ RunTime:0.0002s ]

[ 2017-04-13T21:56:36+08:00 ] 127.0.0.1 /index.php/Home/Member/ajaxChkLogin.html
INFO: [ app_begin ] --START--
INFO: Run Behavior\ReadHtmlCacheBehavior [ RunTime:0.001013s ]
INFO: [ app_begin ] --END-- [ RunTime:0.001775s ]

[ 2017-04-13T21:56:50+08:00 ] 127.0.0.1 /index.php/Home/Index/displayHistory.html
INFO: [ app_begin ] --START--
INFO: Run Behavior\ReadHtmlCacheBehavior [ RunTime:0.001152s ]
INFO: [ app_begin ] --END-- [ RunTime:0.002077s ]
NOTIC: [2048] Declaration of Admin\Model\CategoryModel::_before_delete() should be compatible with that of Think\Model::_before_delete() E:\amp\www\www.0211.com\Application\Admin\Model\CategoryModel.class.php 第 5 行.
SQL: SHOW COLUMNS FROM `s11_category` [ RunTime:0.0009s ]
SQL: SHOW COLUMNS FROM `s11_goods` [ RunTime:0.0022s ]
SQL: SELECT `id`,`goods_name`,`mid_logo` FROM `s11_goods` WHERE `id` IN ('2','1','4','3') AND `is_on_sale` = '是' ORDER BY FIELD(id,2,1,4,3)  [ RunTime:0.0002s ]

[ 2017-04-13T21:56:50+08:00 ] 127.0.0.1 /index.php/Home/Member/ajaxChkLogin.html
INFO: [ app_begin ] --START--
INFO: Run Behavior\ReadHtmlCacheBehavior [ RunTime:0.001229s ]
INFO: [ app_begin ] --END-- [ RunTime:0.002383s ]

[ 2017-04-13T21:56:57+08:00 ] 127.0.0.1 /index.php/Home/Index/displayHistory.html
INFO: [ app_begin ] --START--
INFO: Run Behavior\ReadHtmlCacheBehavior [ RunTime:0.001255s ]
INFO: [ app_begin ] --END-- [ RunTime:0.001966s ]
NOTIC: [2048] Declaration of Admin\Model\CategoryModel::_before_delete() should be compatible with that of Think\Model::_before_delete() E:\amp\www\www.0211.com\Application\Admin\Model\CategoryModel.class.php 第 5 行.
SQL: SHOW COLUMNS FROM `s11_category` [ RunTime:0.0008s ]
SQL: SHOW COLUMNS FROM `s11_goods` [ RunTime:0.0015s ]
SQL: SELECT `id`,`goods_name`,`mid_logo` FROM `s11_goods` WHERE `id` IN ('2','1','4','3') AND `is_on_sale` = '是' ORDER BY FIELD(id,2,1,4,3)  [ RunTime:0.0003s ]

[ 2017-04-13T21:56:57+08:00 ] 127.0.0.1 /index.php/Home/Member/ajaxChkLogin.html
INFO: [ app_begin ] --START--
INFO: Run Behavior\ReadHtmlCacheBehavior [ RunTime:0.001025s ]
INFO: [ app_begin ] --END-- [ RunTime:0.001723s ]

[ 2017-04-13T21:57:05+08:00 ] 127.0.0.1 /index.php/Home/Index/goods/id/22.html
NOTIC: D方法实例化没找到模型类Admin\Model\GoodsPicModel
NOTIC: D方法实例化没找到模型类Admin\Model\GoodsAttrModel

[ 2017-04-13T21:57:05+08:00 ] 127.0.0.1 /index.php/Home/Index/ajaxGetMemberPrice/goods_id/22.html
INFO: [ app_begin ] --START--
INFO: Run Behavior\ReadHtmlCacheBehavior [ RunTime:0.001162s ]
INFO: [ app_begin ] --END-- [ RunTime:0.001926s ]
NOTIC: [2048] Declaration of Admin\Model\CategoryModel::_before_delete() should be compatible with that of Think\Model::_before_delete() E:\amp\www\www.0211.com\Application\Admin\Model\CategoryModel.class.php 第 5 行.
SQL: SHOW COLUMNS FROM `s11_category` [ RunTime:0.0009s ]
SQL: SHOW COLUMNS FROM `s11_goods` [ RunTime:0.0010s ]
SQL: SELECT `promote_price` FROM `s11_goods` WHERE `id` = '22' AND `promote_price` > 0 AND `promote_start_date` <= '2017-04-13 21:57:05' AND `promote_end_date` >= '2017-04-13 21:57:05' AND `is_on_sale` = '是' LIMIT 1   [ RunTime:0.0006s ]
SQL: SELECT `shop_price` FROM `s11_goods` WHERE `id` = 22 LIMIT 1   [ RunTime:0.0003s ]
INFO: [ app_end ] --START--
INFO: Run Behavior\ShowPageTraceBehavior [ RunTime:0.000834s ]
INFO: [ app_end ] --END-- [ RunTime:0.000914s ]

[ 2017-04-13T21:57:05+08:00 ] 127.0.0.1 /index.php/Home/Index/displayHistory/id/22.html
INFO: [ app_begin ] --START--
INFO: Run Behavior\ReadHtmlCacheBehavior [ RunTime:0.001322s ]
INFO: [ app_begin ] --END-- [ RunTime:0.001999s ]
NOTIC: [2048] Declaration of Admin\Model\CategoryModel::_before_delete() should be compatible with that of Think\Model::_before_delete() E:\amp\www\www.0211.com\Application\Admin\Model\CategoryModel.class.php 第 5 行.
SQL: SHOW COLUMNS FROM `s11_category` [ RunTime:0.0008s ]
SQL: SHOW COLUMNS FROM `s11_goods` [ RunTime:0.0014s ]
SQL: SELECT `id`,`goods_name`,`mid_logo` FROM `s11_goods` WHERE `id` IN ('22','2','1','4','3') AND `is_on_sale` = '是' ORDER BY FIELD(id,22,2,1,4,3)  [ RunTime:0.0008s ]

[ 2017-04-13T21:57:05+08:00 ] 127.0.0.1 /index.php/Home/Comment/ajaxGetComment/goods_id/22/p/1
INFO: [ app_begin ] --START--
INFO: Run Behavior\ReadHtmlCacheBehavior [ RunTime:0.000924s ]
INFO: [ app_begin ] --END-- [ RunTime:0.001695s ]
SQL: SHOW COLUMNS FROM `s11_comment` [ RunTime:0.0009s ]
SQL: SELECT COUNT(*) AS tp_count FROM s11_comment a WHERE a.goods_id = '22' LIMIT 1   [ RunTime:0.0007s ]
SQL: SELECT `star` FROM `s11_comment` WHERE `goods_id` = 22  [ RunTime:0.0005s ]
NOTIC: [2] Division by zero E:\amp\www\www.0211.com\Application\Admin\Model\CommentModel.class.php 第 95 行.
NOTIC: [2] Division by zero E:\amp\www\www.0211.com\Application\Admin\Model\CommentModel.class.php 第 96 行.
NOTIC: [2] Division by zero E:\amp\www\www.0211.com\Application\Admin\Model\CommentModel.class.php 第 97 行.
SQL: SHOW COLUMNS FROM `s11_yinxiang` [ RunTime:0.0008s ]
SQL: SELECT * FROM `s11_yinxiang` WHERE `goods_id` = 22  [ RunTime:0.0005s ]
SQL: SELECT a.id,a.content,a.addtime,a.star,a.click_count,b.face,b.username,COUNT(c.id) reply_count FROM s11_comment a LEFT JOIN s11_member b ON a.member_id=b.id
				LEFT JOIN s11_comment_reply c ON a.id=c.comment_id  WHERE a.goods_id = '22' GROUP BY a.id ORDER BY a.id DESC LIMIT 0,5   [ RunTime:0.0016s ]
SQL: SHOW COLUMNS FROM `s11_comment_reply` [ RunTime:0.0009s ]

[ 2017-04-13T21:57:05+08:00 ] 127.0.0.1 /index.php/Home/Member/ajaxChkLogin.html
INFO: [ app_begin ] --START--
INFO: Run Behavior\ReadHtmlCacheBehavior [ RunTime:0.000841s ]
INFO: [ app_begin ] --END-- [ RunTime:0.001402s ]

[ 2017-04-13T21:57:14+08:00 ] 127.0.0.1 /index.php/Home/Cart/ajaxGetCartList.html
INFO: [ app_begin ] --START--
INFO: Run Behavior\ReadHtmlCacheBehavior [ RunTime:0.001236s ]
INFO: [ app_begin ] --END-- [ RunTime:0.002211s ]
NOTIC: [2048] Declaration of Home\Model\CartModel::add() should be compatible with that of Think\Model::add() E:\amp\www\www.0211.com\Application\Home\Model\CartModel.class.php 第 5 行.
SQL: SHOW COLUMNS FROM `s11_cart` [ RunTime:0.0028s ]
SQL: SHOW COLUMNS FROM `s11_goods` [ RunTime:0.0010s ]
NOTIC: D方法实例化没找到模型类Admin\Model\GoodsAttrModel
SQL: SHOW COLUMNS FROM `s11_goods_attr` [ RunTime:0.0007s ]
INFO: [ app_end ] --START--
INFO: Run Behavior\ShowPageTraceBehavior [ RunTime:0.000945s ]
INFO: [ app_end ] --END-- [ RunTime:0.001018s ]

[ 2017-04-13T21:57:32+08:00 ] 127.0.0.1 /index.php/home/index/index
INFO: [ app_init ] --START--
INFO: Run Behavior\BuildLiteBehavior [ RunTime:0.000019s ]
INFO: [ app_init ] --END-- [ RunTime:0.000611s ]
INFO: [ app_begin ] --START--
INFO: Run Behavior\ReadHtmlCacheBehavior [ RunTime:0.000842s ]
INFO: [ app_begin ] --END-- [ RunTime:0.000927s ]
NOTIC: [2048] Declaration of Admin\Model\CategoryModel::_before_delete() should be compatible with that of Think\Model::_before_delete() E:\amp\www\www.0211.com\Application\Admin\Model\CategoryModel.class.php 第 5 行.
SQL: SHOW COLUMNS FROM `s11_category` [ RunTime:0.0009s ]
SQL: SHOW COLUMNS FROM `s11_goods` [ RunTime:0.0011s ]
SQL: SELECT `id`,`goods_name`,`mid_logo`,`promote_price` FROM `s11_goods` WHERE `promote_price` > 0 AND `promote_start_date` <= '2017-04-13 21:57:32' AND `promote_end_date` >= '2017-04-13 21:57:32' AND `is_on_sale` = '是' LIMIT 5   [ RunTime:0.0007s ]
SQL: SELECT `id`,`goods_name`,`mid_logo`,`shop_price` FROM `s11_goods` WHERE `is_new` = '是' AND `is_on_sale` = '是' ORDER BY sort_num LIMIT 5   [ RunTime:0.0003s ]
SQL: SELECT `id`,`goods_name`,`mid_logo`,`shop_price` FROM `s11_goods` WHERE `is_hot` = '是' AND `is_on_sale` = '是' ORDER BY sort_num LIMIT 5   [ RunTime:0.0002s ]
SQL: SELECT `id`,`goods_name`,`mid_logo`,`shop_price` FROM `s11_goods` WHERE `is_best` = '是' AND `is_on_sale` = '是' ORDER BY sort_num LIMIT 5   [ RunTime:0.0002s ]
INFO: [ view_parse ] --START--
INFO: [ template_filter ] --START--
INFO: Run Behavior\ContentReplaceBehavior [ RunTime:0.000194s ]
INFO: [ template_filter ] --END-- [ RunTime:0.000308s ]
NOTIC: [8] Undefined index: children E:\amp\www\www.0211.com\Application\Runtime\Cache\Home\2a94b8bda04ff446dcedd42276fc99ee.php 第 158 行.
NOTIC: [2] Invalid argument supplied for foreach() E:\amp\www\www.0211.com\Application\Runtime\Cache\Home\2a94b8bda04ff446dcedd42276fc99ee.php 第 158 行.
NOTIC: [8] Undefined index: children E:\amp\www\www.0211.com\Application\Runtime\Cache\Home\2a94b8bda04ff446dcedd42276fc99ee.php 第 158 行.
NOTIC: [2] Invalid argument supplied for foreach() E:\amp\www\www.0211.com\Application\Runtime\Cache\Home\2a94b8bda04ff446dcedd42276fc99ee.php 第 158 行.
NOTIC: [8] Undefined index: children E:\amp\www\www.0211.com\Application\Runtime\Cache\Home\2a94b8bda04ff446dcedd42276fc99ee.php 第 158 行.
NOTIC: [2] Invalid argument supplied for foreach() E:\amp\www\www.0211.com\Application\Runtime\Cache\Home\2a94b8bda04ff446dcedd42276fc99ee.php 第 158 行.
NOTIC: [8] Undefined index: children E:\amp\www\www.0211.com\Application\Runtime\Cache\Home\2a94b8bda04ff446dcedd42276fc99ee.php 第 158 行.
NOTIC: [2] Invalid argument supplied for foreach() E:\amp\www\www.0211.com\Application\Runtime\Cache\Home\2a94b8bda04ff446dcedd42276fc99ee.php 第 158 行.
NOTIC: [8] Undefined index: children E:\amp\www\www.0211.com\Application\Runtime\Cache\Home\2a94b8bda04ff446dcedd42276fc99ee.php 第 158 行.
NOTIC: [2] Invalid argument supplied for foreach() E:\amp\www\www.0211.com\Application\Runtime\Cache\Home\2a94b8bda04ff446dcedd42276fc99ee.php 第 158 行.
NOTIC: [8] Undefined index: children E:\amp\www\www.0211.com\Application\Runtime\Cache\Home\2a94b8bda04ff446dcedd42276fc99ee.php 第 154 行.
NOTIC: [2] Invalid argument supplied for foreach() E:\amp\www\www.0211.com\Application\Runtime\Cache\Home\2a94b8bda04ff446dcedd42276fc99ee.php 第 154 行.
NOTIC: [8] Undefined index: children E:\amp\www\www.0211.com\Application\Runtime\Cache\Home\2a94b8bda04ff446dcedd42276fc99ee.php 第 154 行.
NOTIC: [2] Invalid argument supplied for foreach() E:\amp\www\www.0211.com\Application\Runtime\Cache\Home\2a94b8bda04ff446dcedd42276fc99ee.php 第 154 行.
NOTIC: [8] Undefined index: children E:\amp\www\www.0211.com\Application\Runtime\Cache\Home\2a94b8bda04ff446dcedd42276fc99ee.php 第 158 行.
NOTIC: [2] Invalid argument supplied for foreach() E:\amp\www\www.0211.com\Application\Runtime\Cache\Home\2a94b8bda04ff446dcedd42276fc99ee.php 第 158 行.
NOTIC: [8] Undefined index: children E:\amp\www\www.0211.com\Application\Runtime\Cache\Home\2a94b8bda04ff446dcedd42276fc99ee.php 第 154 行.
NOTIC: [2] Invalid argument supplied for foreach() E:\amp\www\www.0211.com\Application\Runtime\Cache\Home\2a94b8bda04ff446dcedd42276fc99ee.php 第 154 行.
NOTIC: [8] Undefined index: children E:\amp\www\www.0211.com\Application\Runtime\Cache\Home\2a94b8bda04ff446dcedd42276fc99ee.php 第 154 行.
NOTIC: [2] Invalid argument supplied for foreach() E:\amp\www\www.0211.com\Application\Runtime\Cache\Home\2a94b8bda04ff446dcedd42276fc99ee.php 第 154 行.
NOTIC: [8] Undefined index: children E:\amp\www\www.0211.com\Application\Runtime\Cache\Home\2a94b8bda04ff446dcedd42276fc99ee.php 第 154 行.
NOTIC: [2] Invalid argument supplied for foreach() E:\amp\www\www.0211.com\Application\Runtime\Cache\Home\2a94b8bda04ff446dcedd42276fc99ee.php 第 154 行.
NOTIC: [8] Undefined index: children E:\amp\www\www.0211.com\Application\Runtime\Cache\Home\2a94b8bda04ff446dcedd42276fc99ee.php 第 158 行.
NOTIC: [2] Invalid argument supplied for foreach() E:\amp\www\www.0211.com\Application\Runtime\Cache\Home\2a94b8bda04ff446dcedd42276fc99ee.php 第 158 行.
NOTIC: [8] Undefined index: children E:\amp\www\www.0211.com\Application\Runtime\Cache\Home\2a94b8bda04ff446dcedd42276fc99ee.php 第 154 行.
NOTIC: [2] Invalid argument supplied for foreach() E:\amp\www\www.0211.com\Application\Runtime\Cache\Home\2a94b8bda04ff446dcedd42276fc99ee.php 第 154 行.
NOTIC: [8] Undefined index: children E:\amp\www\www.0211.com\Application\Runtime\Cache\Home\2a94b8bda04ff446dcedd42276fc99ee.php 第 154 行.
NOTIC: [2] Invalid argument supplied for foreach() E:\amp\www\www.0211.com\Application\Runtime\Cache\Home\2a94b8bda04ff446dcedd42276fc99ee.php 第 154 行.
INFO: Run Behavior\ParseTemplateBehavior [ RunTime:0.025817s ]
INFO: [ view_parse ] --END-- [ RunTime:0.025902s ]
INFO: [ view_filter ] --START--
INFO: Run Behavior\WriteHtmlCacheBehavior [ RunTime:0.000742s ]
INFO: [ view_filter ] --END-- [ RunTime:0.000810s ]
INFO: [ app_end ] --START--
INFO: Run Behavior\ShowPageTraceBehavior [ RunTime:0.001101s ]
INFO: [ app_end ] --END-- [ RunTime:0.001185s ]

[ 2017-04-13T21:57:32+08:00 ] 127.0.0.1 /index.php/Home/Member/ajaxChkLogin.html
INFO: [ app_init ] --START--
INFO: Run Behavior\BuildLiteBehavior [ RunTime:0.000017s ]
INFO: [ app_init ] --END-- [ RunTime:0.000562s ]
INFO: [ app_begin ] --START--
INFO: Run Behavior\ReadHtmlCacheBehavior [ RunTime:0.000845s ]
INFO: [ app_begin ] --END-- [ RunTime:0.000925s ]

