[ 2017-03-24T10:15:16+08:00 ] 127.0.0.1 /index.php/home/index/index
INFO: [ app_init ] --START--
INFO: Run Behavior\BuildLiteBehavior [ RunTime:0.000026s ]
INFO: [ app_init ] --END-- [ RunTime:0.000875s ]
INFO: [ app_begin ] --START--
INFO: Run Behavior\ReadHtmlCacheBehavior [ RunTime:0.000923s ]
INFO: [ app_begin ] --END-- [ RunTime:0.001018s ]
NOTIC: [2048] Declaration of Admin\Model\CategoryModel::_before_delete() should be compatible with that of Think\Model::_before_delete() E:\amp\www\www.0211.com\Application\Admin\Model\CategoryModel.class.php 第 5 行.
SQL: SHOW COLUMNS FROM `s11_category` [ RunTime:0.0013s ]
SQL: SHOW COLUMNS FROM `s11_goods` [ RunTime:0.0012s ]
SQL: SELECT `id`,`goods_name`,`mid_logo`,`promote_price` FROM `s11_goods` WHERE `promote_price` > 0 AND `promote_start_date` <= '2017-03-24 10:15:16' AND `promote_end_date` >= '2017-03-24 10:15:16' AND `is_on_sale` = '是' LIMIT 5   [ RunTime:0.0006s ]
SQL: SELECT `id`,`goods_name`,`mid_logo`,`shop_price` FROM `s11_goods` WHERE `is_new` = '是' AND `is_on_sale` = '是' ORDER BY sort_num LIMIT 5   [ RunTime:0.0002s ]
SQL: SELECT `id`,`goods_name`,`mid_logo`,`shop_price` FROM `s11_goods` WHERE `is_hot` = '是' AND `is_on_sale` = '是' ORDER BY sort_num LIMIT 5   [ RunTime:0.0001s ]
SQL: SELECT `id`,`goods_name`,`mid_logo`,`shop_price` FROM `s11_goods` WHERE `is_best` = '是' AND `is_on_sale` = '是' ORDER BY sort_num LIMIT 5   [ RunTime:0.0001s ]
INFO: [ view_parse ] --START--
INFO: [ template_filter ] --START--
INFO: Run Behavior\ContentReplaceBehavior [ RunTime:0.000219s ]
INFO: [ template_filter ] --END-- [ RunTime:0.000353s ]
NOTIC: [8] Undefined index: children E:\amp\www\www.0211.com\Application\Runtime\Cache\Home\2a94b8bda04ff446dcedd42276fc99ee.php 第 157 行.
NOTIC: [2] Invalid argument supplied for foreach() E:\amp\www\www.0211.com\Application\Runtime\Cache\Home\2a94b8bda04ff446dcedd42276fc99ee.php 第 157 行.
NOTIC: [8] Undefined index: children E:\amp\www\www.0211.com\Application\Runtime\Cache\Home\2a94b8bda04ff446dcedd42276fc99ee.php 第 157 行.
NOTIC: [2] Invalid argument supplied for foreach() E:\amp\www\www.0211.com\Application\Runtime\Cache\Home\2a94b8bda04ff446dcedd42276fc99ee.php 第 157 行.
NOTIC: [8] Undefined index: children E:\amp\www\www.0211.com\Application\Runtime\Cache\Home\2a94b8bda04ff446dcedd42276fc99ee.php 第 157 行.
NOTIC: [2] Invalid argument supplied for foreach() E:\amp\www\www.0211.com\Application\Runtime\Cache\Home\2a94b8bda04ff446dcedd42276fc99ee.php 第 157 行.
NOTIC: [8] Undefined index: children E:\amp\www\www.0211.com\Application\Runtime\Cache\Home\2a94b8bda04ff446dcedd42276fc99ee.php 第 157 行.
NOTIC: [2] Invalid argument supplied for foreach() E:\amp\www\www.0211.com\Application\Runtime\Cache\Home\2a94b8bda04ff446dcedd42276fc99ee.php 第 157 行.
NOTIC: [8] Undefined index: children E:\amp\www\www.0211.com\Application\Runtime\Cache\Home\2a94b8bda04ff446dcedd42276fc99ee.php 第 157 行.
NOTIC: [2] Invalid argument supplied for foreach() E:\amp\www\www.0211.com\Application\Runtime\Cache\Home\2a94b8bda04ff446dcedd42276fc99ee.php 第 157 行.
NOTIC: [8] Undefined index: children E:\amp\www\www.0211.com\Application\Runtime\Cache\Home\2a94b8bda04ff446dcedd42276fc99ee.php 第 153 行.
NOTIC: [2] Invalid argument supplied for foreach() E:\amp\www\www.0211.com\Application\Runtime\Cache\Home\2a94b8bda04ff446dcedd42276fc99ee.php 第 153 行.
NOTIC: [8] Undefined index: children E:\amp\www\www.0211.com\Application\Runtime\Cache\Home\2a94b8bda04ff446dcedd42276fc99ee.php 第 153 行.
NOTIC: [2] Invalid argument supplied for foreach() E:\amp\www\www.0211.com\Application\Runtime\Cache\Home\2a94b8bda04ff446dcedd42276fc99ee.php 第 153 行.
NOTIC: [8] Undefined index: children E:\amp\www\www.0211.com\Application\Runtime\Cache\Home\2a94b8bda04ff446dcedd42276fc99ee.php 第 157 行.
NOTIC: [2] Invalid argument supplied for foreach() E:\amp\www\www.0211.com\Application\Runtime\Cache\Home\2a94b8bda04ff446dcedd42276fc99ee.php 第 157 行.
NOTIC: [8] Undefined index: children E:\amp\www\www.0211.com\Application\Runtime\Cache\Home\2a94b8bda04ff446dcedd42276fc99ee.php 第 153 行.
NOTIC: [2] Invalid argument supplied for foreach() E:\amp\www\www.0211.com\Application\Runtime\Cache\Home\2a94b8bda04ff446dcedd42276fc99ee.php 第 153 行.
NOTIC: [8] Undefined index: children E:\amp\www\www.0211.com\Application\Runtime\Cache\Home\2a94b8bda04ff446dcedd42276fc99ee.php 第 153 行.
NOTIC: [2] Invalid argument supplied for foreach() E:\amp\www\www.0211.com\Application\Runtime\Cache\Home\2a94b8bda04ff446dcedd42276fc99ee.php 第 153 行.
NOTIC: [8] Undefined index: children E:\amp\www\www.0211.com\Application\Runtime\Cache\Home\2a94b8bda04ff446dcedd42276fc99ee.php 第 153 行.
NOTIC: [2] Invalid argument supplied for foreach() E:\amp\www\www.0211.com\Application\Runtime\Cache\Home\2a94b8bda04ff446dcedd42276fc99ee.php 第 153 行.
NOTIC: [8] Undefined index: children E:\amp\www\www.0211.com\Application\Runtime\Cache\Home\2a94b8bda04ff446dcedd42276fc99ee.php 第 157 行.
NOTIC: [2] Invalid argument supplied for foreach() E:\amp\www\www.0211.com\Application\Runtime\Cache\Home\2a94b8bda04ff446dcedd42276fc99ee.php 第 157 行.
NOTIC: [8] Undefined index: children E:\amp\www\www.0211.com\Application\Runtime\Cache\Home\2a94b8bda04ff446dcedd42276fc99ee.php 第 153 行.
NOTIC: [2] Invalid argument supplied for foreach() E:\amp\www\www.0211.com\Application\Runtime\Cache\Home\2a94b8bda04ff446dcedd42276fc99ee.php 第 153 行.
NOTIC: [8] Undefined index: children E:\amp\www\www.0211.com\Application\Runtime\Cache\Home\2a94b8bda04ff446dcedd42276fc99ee.php 第 153 行.
NOTIC: [2] Invalid argument supplied for foreach() E:\amp\www\www.0211.com\Application\Runtime\Cache\Home\2a94b8bda04ff446dcedd42276fc99ee.php 第 153 行.
INFO: Run Behavior\ParseTemplateBehavior [ RunTime:0.024826s ]
INFO: [ view_parse ] --END-- [ RunTime:0.025056s ]
INFO: [ view_filter ] --START--
INFO: Run Behavior\WriteHtmlCacheBehavior [ RunTime:0.000650s ]
INFO: [ view_filter ] --END-- [ RunTime:0.000708s ]
INFO: [ app_end ] --START--
INFO: Run Behavior\ShowPageTraceBehavior [ RunTime:0.001181s ]
INFO: [ app_end ] --END-- [ RunTime:0.001303s ]

[ 2017-03-24T10:15:17+08:00 ] 127.0.0.1 /index.php/Home/Member/ajaxChkLogin.html
INFO: [ app_init ] --START--
INFO: Run Behavior\BuildLiteBehavior [ RunTime:0.000018s ]
INFO: [ app_init ] --END-- [ RunTime:0.000570s ]
INFO: [ app_begin ] --START--
INFO: Run Behavior\ReadHtmlCacheBehavior [ RunTime:0.000704s ]
INFO: [ app_begin ] --END-- [ RunTime:0.000779s ]

[ 2017-03-24T10:15:18+08:00 ] 127.0.0.1 /index.php/Home/Cart/ajaxGetCartList.html
INFO: [ app_init ] --START--
INFO: Run Behavior\BuildLiteBehavior [ RunTime:0.000019s ]
INFO: [ app_init ] --END-- [ RunTime:0.000573s ]
INFO: [ app_begin ] --START--
INFO: Run Behavior\ReadHtmlCacheBehavior [ RunTime:0.003476s ]
INFO: [ app_begin ] --END-- [ RunTime:0.003641s ]
NOTIC: [2048] Declaration of Home\Model\CartModel::add() should be compatible with that of Think\Model::add() E:\amp\www\www.0211.com\Application\Home\Model\CartModel.class.php 第 5 行.
SQL: SHOW COLUMNS FROM `s11_cart` [ RunTime:0.0008s ]
SQL: SHOW COLUMNS FROM `s11_goods` [ RunTime:0.0009s ]
NOTIC: D方法实例化没找到模型类Admin\Model\GoodsAttrModel
SQL: SHOW COLUMNS FROM `s11_goods_attr` [ RunTime:0.0007s ]
INFO: [ app_end ] --START--
INFO: Run Behavior\ShowPageTraceBehavior [ RunTime:0.000784s ]
INFO: [ app_end ] --END-- [ RunTime:0.000854s ]

[ 2017-03-24T10:15:18+08:00 ] 127.0.0.1 /index.php/Home/Cart/ajaxGetCartList.html
INFO: [ app_init ] --START--
INFO: Run Behavior\BuildLiteBehavior [ RunTime:0.000016s ]
INFO: [ app_init ] --END-- [ RunTime:0.000587s ]
INFO: [ app_begin ] --START--
INFO: Run Behavior\ReadHtmlCacheBehavior [ RunTime:0.000653s ]
INFO: [ app_begin ] --END-- [ RunTime:0.000715s ]
NOTIC: [2048] Declaration of Home\Model\CartModel::add() should be compatible with that of Think\Model::add() E:\amp\www\www.0211.com\Application\Home\Model\CartModel.class.php 第 5 行.
SQL: SHOW COLUMNS FROM `s11_cart` [ RunTime:0.0012s ]
SQL: SHOW COLUMNS FROM `s11_goods` [ RunTime:0.0010s ]
NOTIC: D方法实例化没找到模型类Admin\Model\GoodsAttrModel
SQL: SHOW COLUMNS FROM `s11_goods_attr` [ RunTime:0.0007s ]
INFO: [ app_end ] --START--
INFO: Run Behavior\ShowPageTraceBehavior [ RunTime:0.000782s ]
INFO: [ app_end ] --END-- [ RunTime:0.000849s ]

[ 2017-03-24T10:15:19+08:00 ] 127.0.0.1 /index.php/Home/Cart/ajaxGetCartList.html
INFO: [ app_init ] --START--
INFO: Run Behavior\BuildLiteBehavior [ RunTime:0.000018s ]
INFO: [ app_init ] --END-- [ RunTime:0.000677s ]
INFO: [ app_begin ] --START--
INFO: Run Behavior\ReadHtmlCacheBehavior [ RunTime:0.000916s ]
INFO: [ app_begin ] --END-- [ RunTime:0.000992s ]
NOTIC: [2048] Declaration of Home\Model\CartModel::add() should be compatible with that of Think\Model::add() E:\amp\www\www.0211.com\Application\Home\Model\CartModel.class.php 第 5 行.
SQL: SHOW COLUMNS FROM `s11_cart` [ RunTime:0.0008s ]
SQL: SHOW COLUMNS FROM `s11_goods` [ RunTime:0.0012s ]
NOTIC: D方法实例化没找到模型类Admin\Model\GoodsAttrModel
SQL: SHOW COLUMNS FROM `s11_goods_attr` [ RunTime:0.0006s ]
INFO: [ app_end ] --START--
INFO: Run Behavior\ShowPageTraceBehavior [ RunTime:0.000903s ]
INFO: [ app_end ] --END-- [ RunTime:0.000982s ]

[ 2017-03-24T10:15:22+08:00 ] 127.0.0.1 /index.php/Home/Cart/ajaxGetCartList.html
INFO: [ app_init ] --START--
INFO: Run Behavior\BuildLiteBehavior [ RunTime:0.000023s ]
INFO: [ app_init ] --END-- [ RunTime:0.000754s ]
INFO: [ app_begin ] --START--
INFO: Run Behavior\ReadHtmlCacheBehavior [ RunTime:0.001199s ]
INFO: [ app_begin ] --END-- [ RunTime:0.001316s ]
NOTIC: [2048] Declaration of Home\Model\CartModel::add() should be compatible with that of Think\Model::add() E:\amp\www\www.0211.com\Application\Home\Model\CartModel.class.php 第 5 行.
SQL: SHOW COLUMNS FROM `s11_cart` [ RunTime:0.0009s ]
SQL: SHOW COLUMNS FROM `s11_goods` [ RunTime:0.0009s ]
NOTIC: D方法实例化没找到模型类Admin\Model\GoodsAttrModel
SQL: SHOW COLUMNS FROM `s11_goods_attr` [ RunTime:0.0007s ]
INFO: [ app_end ] --START--
INFO: Run Behavior\ShowPageTraceBehavior [ RunTime:0.000933s ]
INFO: [ app_end ] --END-- [ RunTime:0.001020s ]

[ 2017-03-24T10:15:23+08:00 ] 127.0.0.1 /index.php/Home/Cart/ajaxGetCartList.html
INFO: [ app_init ] --START--
INFO: Run Behavior\BuildLiteBehavior [ RunTime:0.000017s ]
INFO: [ app_init ] --END-- [ RunTime:0.000631s ]
INFO: [ app_begin ] --START--
INFO: Run Behavior\ReadHtmlCacheBehavior [ RunTime:0.002426s ]
INFO: [ app_begin ] --END-- [ RunTime:0.002597s ]
NOTIC: [2048] Declaration of Home\Model\CartModel::add() should be compatible with that of Think\Model::add() E:\amp\www\www.0211.com\Application\Home\Model\CartModel.class.php 第 5 行.
SQL: SHOW COLUMNS FROM `s11_cart` [ RunTime:0.0009s ]
SQL: SHOW COLUMNS FROM `s11_goods` [ RunTime:0.0009s ]
NOTIC: D方法实例化没找到模型类Admin\Model\GoodsAttrModel
SQL: SHOW COLUMNS FROM `s11_goods_attr` [ RunTime:0.0007s ]
INFO: [ app_end ] --START--
INFO: Run Behavior\ShowPageTraceBehavior [ RunTime:0.000763s ]
INFO: [ app_end ] --END-- [ RunTime:0.000823s ]

[ 2017-03-24T10:15:24+08:00 ] 127.0.0.1 /index.php/Home/Cart/ajaxGetCartList.html
INFO: [ app_init ] --START--
INFO: Run Behavior\BuildLiteBehavior [ RunTime:0.000017s ]
INFO: [ app_init ] --END-- [ RunTime:0.000597s ]
INFO: [ app_begin ] --START--
INFO: Run Behavior\ReadHtmlCacheBehavior [ RunTime:0.000750s ]
INFO: [ app_begin ] --END-- [ RunTime:0.000825s ]
NOTIC: [2048] Declaration of Home\Model\CartModel::add() should be compatible with that of Think\Model::add() E:\amp\www\www.0211.com\Application\Home\Model\CartModel.class.php 第 5 行.
SQL: SHOW COLUMNS FROM `s11_cart` [ RunTime:0.0008s ]
SQL: SHOW COLUMNS FROM `s11_goods` [ RunTime:0.0013s ]
NOTIC: D方法实例化没找到模型类Admin\Model\GoodsAttrModel
SQL: SHOW COLUMNS FROM `s11_goods_attr` [ RunTime:0.0007s ]
INFO: [ app_end ] --START--
INFO: Run Behavior\ShowPageTraceBehavior [ RunTime:0.000735s ]
INFO: [ app_end ] --END-- [ RunTime:0.000798s ]

[ 2017-03-24T10:15:25+08:00 ] 127.0.0.1 /index.php/Home/Cart/lst.html
INFO: [ app_init ] --START--
INFO: Run Behavior\BuildLiteBehavior [ RunTime:0.000031s ]
INFO: [ app_init ] --END-- [ RunTime:0.001079s ]
INFO: [ app_begin ] --START--
INFO: Run Behavior\ReadHtmlCacheBehavior [ RunTime:0.000856s ]
INFO: [ app_begin ] --END-- [ RunTime:0.000989s ]
NOTIC: [2048] Declaration of Home\Model\CartModel::add() should be compatible with that of Think\Model::add() E:\amp\www\www.0211.com\Application\Home\Model\CartModel.class.php 第 5 行.
SQL: SHOW COLUMNS FROM `s11_cart` [ RunTime:0.0008s ]
SQL: SHOW COLUMNS FROM `s11_goods` [ RunTime:0.0009s ]
NOTIC: D方法实例化没找到模型类Admin\Model\GoodsAttrModel
SQL: SHOW COLUMNS FROM `s11_goods_attr` [ RunTime:0.0007s ]
INFO: [ view_parse ] --START--
INFO: [ template_filter ] --START--
INFO: Run Behavior\ContentReplaceBehavior [ RunTime:0.000235s ]
INFO: [ template_filter ] --END-- [ RunTime:0.000543s ]
INFO: Run Behavior\ParseTemplateBehavior [ RunTime:0.011589s ]
INFO: [ view_parse ] --END-- [ RunTime:0.011722s ]
INFO: [ view_filter ] --START--
INFO: Run Behavior\WriteHtmlCacheBehavior [ RunTime:0.001008s ]
INFO: [ view_filter ] --END-- [ RunTime:0.001127s ]
INFO: [ app_end ] --START--
INFO: Run Behavior\ShowPageTraceBehavior [ RunTime:0.001205s ]
INFO: [ app_end ] --END-- [ RunTime:0.001321s ]

[ 2017-03-24T10:15:25+08:00 ] 127.0.0.1 /index.php/Home/Member/ajaxChkLogin.html
INFO: [ app_init ] --START--
INFO: Run Behavior\BuildLiteBehavior [ RunTime:0.000021s ]
INFO: [ app_init ] --END-- [ RunTime:0.000920s ]
INFO: [ app_begin ] --START--
INFO: Run Behavior\ReadHtmlCacheBehavior [ RunTime:0.000826s ]
INFO: [ app_begin ] --END-- [ RunTime:0.000906s ]

[ 2017-03-24T10:15:27+08:00 ] 127.0.0.1 /index.php/Home/Cart/lst.html
INFO: [ app_init ] --START--
INFO: Run Behavior\BuildLiteBehavior [ RunTime:0.000017s ]
INFO: [ app_init ] --END-- [ RunTime:0.000528s ]
INFO: [ app_begin ] --START--
INFO: Run Behavior\ReadHtmlCacheBehavior [ RunTime:0.000758s ]
INFO: [ app_begin ] --END-- [ RunTime:0.000835s ]
NOTIC: [2048] Declaration of Home\Model\CartModel::add() should be compatible with that of Think\Model::add() E:\amp\www\www.0211.com\Application\Home\Model\CartModel.class.php 第 5 行.
SQL: SHOW COLUMNS FROM `s11_cart` [ RunTime:0.0006s ]
SQL: SHOW COLUMNS FROM `s11_goods` [ RunTime:0.0008s ]
NOTIC: D方法实例化没找到模型类Admin\Model\GoodsAttrModel
SQL: SHOW COLUMNS FROM `s11_goods_attr` [ RunTime:0.0007s ]
INFO: [ view_parse ] --START--
INFO: [ template_filter ] --START--
INFO: Run Behavior\ContentReplaceBehavior [ RunTime:0.000062s ]
INFO: [ template_filter ] --END-- [ RunTime:0.000135s ]
INFO: Run Behavior\ParseTemplateBehavior [ RunTime:0.011218s ]
INFO: [ view_parse ] --END-- [ RunTime:0.011303s ]
INFO: [ view_filter ] --START--
INFO: Run Behavior\WriteHtmlCacheBehavior [ RunTime:0.000387s ]
INFO: [ view_filter ] --END-- [ RunTime:0.000452s ]
INFO: [ app_end ] --START--
INFO: Run Behavior\ShowPageTraceBehavior [ RunTime:0.000586s ]
INFO: [ app_end ] --END-- [ RunTime:0.000650s ]

[ 2017-03-24T10:15:28+08:00 ] 127.0.0.1 /index.php/Home/Member/ajaxChkLogin.html
INFO: [ app_init ] --START--
INFO: Run Behavior\BuildLiteBehavior [ RunTime:0.000023s ]
INFO: [ app_init ] --END-- [ RunTime:0.000769s ]
INFO: [ app_begin ] --START--
INFO: Run Behavior\ReadHtmlCacheBehavior [ RunTime:0.000872s ]
INFO: [ app_begin ] --END-- [ RunTime:0.000951s ]

[ 2017-03-24T12:05:32+08:00 ] 127.0.0.1 /index.php/home/index/index
INFO: [ app_init ] --START--
INFO: Run Behavior\BuildLiteBehavior [ RunTime:0.000055s ]
INFO: [ app_init ] --END-- [ RunTime:0.000832s ]
INFO: [ app_begin ] --START--
INFO: Run Behavior\ReadHtmlCacheBehavior [ RunTime:0.000800s ]
INFO: [ app_begin ] --END-- [ RunTime:0.000882s ]
NOTIC: [2048] Declaration of Admin\Model\CategoryModel::_before_delete() should be compatible with that of Think\Model::_before_delete() E:\amp\www\www.0211.com\Application\Admin\Model\CategoryModel.class.php 第 5 行.
SQL: SHOW COLUMNS FROM `s11_category` [ RunTime:0.0008s ]
SQL: SHOW COLUMNS FROM `s11_goods` [ RunTime:0.0011s ]
SQL: SELECT `id`,`goods_name`,`mid_logo`,`promote_price` FROM `s11_goods` WHERE `promote_price` > 0 AND `promote_start_date` <= '2017-03-24 12:05:32' AND `promote_end_date` >= '2017-03-24 12:05:32' AND `is_on_sale` = '是' LIMIT 5   [ RunTime:0.0007s ]
SQL: SELECT `id`,`goods_name`,`mid_logo`,`shop_price` FROM `s11_goods` WHERE `is_new` = '是' AND `is_on_sale` = '是' ORDER BY sort_num LIMIT 5   [ RunTime:0.0003s ]
SQL: SELECT `id`,`goods_name`,`mid_logo`,`shop_price` FROM `s11_goods` WHERE `is_hot` = '是' AND `is_on_sale` = '是' ORDER BY sort_num LIMIT 5   [ RunTime:0.0003s ]
SQL: SELECT `id`,`goods_name`,`mid_logo`,`shop_price` FROM `s11_goods` WHERE `is_best` = '是' AND `is_on_sale` = '是' ORDER BY sort_num LIMIT 5   [ RunTime:0.0003s ]
INFO: [ view_parse ] --START--
INFO: [ template_filter ] --START--
INFO: Run Behavior\ContentReplaceBehavior [ RunTime:0.000138s ]
INFO: [ template_filter ] --END-- [ RunTime:0.000214s ]
NOTIC: [8] Undefined index: children E:\amp\www\www.0211.com\Application\Runtime\Cache\Home\2a94b8bda04ff446dcedd42276fc99ee.php 第 157 行.
NOTIC: [2] Invalid argument supplied for foreach() E:\amp\www\www.0211.com\Application\Runtime\Cache\Home\2a94b8bda04ff446dcedd42276fc99ee.php 第 157 行.
NOTIC: [8] Undefined index: children E:\amp\www\www.0211.com\Application\Runtime\Cache\Home\2a94b8bda04ff446dcedd42276fc99ee.php 第 157 行.
NOTIC: [2] Invalid argument supplied for foreach() E:\amp\www\www.0211.com\Application\Runtime\Cache\Home\2a94b8bda04ff446dcedd42276fc99ee.php 第 157 行.
NOTIC: [8] Undefined index: children E:\amp\www\www.0211.com\Application\Runtime\Cache\Home\2a94b8bda04ff446dcedd42276fc99ee.php 第 157 行.
NOTIC: [2] Invalid argument supplied for foreach() E:\amp\www\www.0211.com\Application\Runtime\Cache\Home\2a94b8bda04ff446dcedd42276fc99ee.php 第 157 行.
NOTIC: [8] Undefined index: children E:\amp\www\www.0211.com\Application\Runtime\Cache\Home\2a94b8bda04ff446dcedd42276fc99ee.php 第 157 行.
NOTIC: [2] Invalid argument supplied for foreach() E:\amp\www\www.0211.com\Application\Runtime\Cache\Home\2a94b8bda04ff446dcedd42276fc99ee.php 第 157 行.
NOTIC: [8] Undefined index: children E:\amp\www\www.0211.com\Application\Runtime\Cache\Home\2a94b8bda04ff446dcedd42276fc99ee.php 第 157 行.
NOTIC: [2] Invalid argument supplied for foreach() E:\amp\www\www.0211.com\Application\Runtime\Cache\Home\2a94b8bda04ff446dcedd42276fc99ee.php 第 157 行.
NOTIC: [8] Undefined index: children E:\amp\www\www.0211.com\Application\Runtime\Cache\Home\2a94b8bda04ff446dcedd42276fc99ee.php 第 153 行.
NOTIC: [2] Invalid argument supplied for foreach() E:\amp\www\www.0211.com\Application\Runtime\Cache\Home\2a94b8bda04ff446dcedd42276fc99ee.php 第 153 行.
NOTIC: [8] Undefined index: children E:\amp\www\www.0211.com\Application\Runtime\Cache\Home\2a94b8bda04ff446dcedd42276fc99ee.php 第 153 行.
NOTIC: [2] Invalid argument supplied for foreach() E:\amp\www\www.0211.com\Application\Runtime\Cache\Home\2a94b8bda04ff446dcedd42276fc99ee.php 第 153 行.
NOTIC: [8] Undefined index: children E:\amp\www\www.0211.com\Application\Runtime\Cache\Home\2a94b8bda04ff446dcedd42276fc99ee.php 第 157 行.
NOTIC: [2] Invalid argument supplied for foreach() E:\amp\www\www.0211.com\Application\Runtime\Cache\Home\2a94b8bda04ff446dcedd42276fc99ee.php 第 157 行.
NOTIC: [8] Undefined index: children E:\amp\www\www.0211.com\Application\Runtime\Cache\Home\2a94b8bda04ff446dcedd42276fc99ee.php 第 153 行.
NOTIC: [2] Invalid argument supplied for foreach() E:\amp\www\www.0211.com\Application\Runtime\Cache\Home\2a94b8bda04ff446dcedd42276fc99ee.php 第 153 行.
NOTIC: [8] Undefined index: children E:\amp\www\www.0211.com\Application\Runtime\Cache\Home\2a94b8bda04ff446dcedd42276fc99ee.php 第 153 行.
NOTIC: [2] Invalid argument supplied for foreach() E:\amp\www\www.0211.com\Application\Runtime\Cache\Home\2a94b8bda04ff446dcedd42276fc99ee.php 第 153 行.
NOTIC: [8] Undefined index: children E:\amp\www\www.0211.com\Application\Runtime\Cache\Home\2a94b8bda04ff446dcedd42276fc99ee.php 第 153 行.
NOTIC: [2] Invalid argument supplied for foreach() E:\amp\www\www.0211.com\Application\Runtime\Cache\Home\2a94b8bda04ff446dcedd42276fc99ee.php 第 153 行.
NOTIC: [8] Undefined index: children E:\amp\www\www.0211.com\Application\Runtime\Cache\Home\2a94b8bda04ff446dcedd42276fc99ee.php 第 157 行.
NOTIC: [2] Invalid argument supplied for foreach() E:\amp\www\www.0211.com\Application\Runtime\Cache\Home\2a94b8bda04ff446dcedd42276fc99ee.php 第 157 行.
NOTIC: [8] Undefined index: children E:\amp\www\www.0211.com\Application\Runtime\Cache\Home\2a94b8bda04ff446dcedd42276fc99ee.php 第 153 行.
NOTIC: [2] Invalid argument supplied for foreach() E:\amp\www\www.0211.com\Application\Runtime\Cache\Home\2a94b8bda04ff446dcedd42276fc99ee.php 第 153 行.
NOTIC: [8] Undefined index: children E:\amp\www\www.0211.com\Application\Runtime\Cache\Home\2a94b8bda04ff446dcedd42276fc99ee.php 第 153 行.
NOTIC: [2] Invalid argument supplied for foreach() E:\amp\www\www.0211.com\Application\Runtime\Cache\Home\2a94b8bda04ff446dcedd42276fc99ee.php 第 153 行.
INFO: Run Behavior\ParseTemplateBehavior [ RunTime:0.020495s ]
INFO: [ view_parse ] --END-- [ RunTime:0.020687s ]
INFO: [ view_filter ] --START--
INFO: Run Behavior\WriteHtmlCacheBehavior [ RunTime:0.000694s ]
INFO: [ view_filter ] --END-- [ RunTime:0.000768s ]
INFO: [ app_end ] --START--
INFO: Run Behavior\ShowPageTraceBehavior [ RunTime:0.001031s ]
INFO: [ app_end ] --END-- [ RunTime:0.001122s ]

[ 2017-03-24T12:05:33+08:00 ] 127.0.0.1 /index.php/Home/Member/ajaxChkLogin.html
INFO: [ app_init ] --START--
INFO: Run Behavior\BuildLiteBehavior [ RunTime:0.000025s ]
INFO: [ app_init ] --END-- [ RunTime:0.000708s ]
INFO: [ app_begin ] --START--
INFO: Run Behavior\ReadHtmlCacheBehavior [ RunTime:0.001178s ]
INFO: [ app_begin ] --END-- [ RunTime:0.001329s ]

[ 2017-03-24T15:51:22+08:00 ] 127.0.0.1 /index.php/home/index/index
INFO: [ app_init ] --START--
INFO: Run Behavior\BuildLiteBehavior [ RunTime:0.000024s ]
INFO: [ app_init ] --END-- [ RunTime:0.000864s ]
INFO: [ app_begin ] --START--
INFO: Run Behavior\ReadHtmlCacheBehavior [ RunTime:0.000946s ]
INFO: [ app_begin ] --END-- [ RunTime:0.001063s ]
NOTIC: [2048] Declaration of Admin\Model\CategoryModel::_before_delete() should be compatible with that of Think\Model::_before_delete() E:\amp\www\www.0211.com\Application\Admin\Model\CategoryModel.class.php 第 5 行.
SQL: SHOW COLUMNS FROM `s11_category` [ RunTime:0.0010s ]
SQL: SHOW COLUMNS FROM `s11_goods` [ RunTime:0.0012s ]
SQL: SELECT `id`,`goods_name`,`mid_logo`,`promote_price` FROM `s11_goods` WHERE `promote_price` > 0 AND `promote_start_date` <= '2017-03-24 15:51:22' AND `promote_end_date` >= '2017-03-24 15:51:22' AND `is_on_sale` = '是' LIMIT 5   [ RunTime:0.0006s ]
SQL: SELECT `id`,`goods_name`,`mid_logo`,`shop_price` FROM `s11_goods` WHERE `is_new` = '是' AND `is_on_sale` = '是' ORDER BY sort_num LIMIT 5   [ RunTime:0.0002s ]
SQL: SELECT `id`,`goods_name`,`mid_logo`,`shop_price` FROM `s11_goods` WHERE `is_hot` = '是' AND `is_on_sale` = '是' ORDER BY sort_num LIMIT 5   [ RunTime:0.0003s ]
SQL: SELECT `id`,`goods_name`,`mid_logo`,`shop_price` FROM `s11_goods` WHERE `is_best` = '是' AND `is_on_sale` = '是' ORDER BY sort_num LIMIT 5   [ RunTime:0.0002s ]
INFO: [ view_parse ] --START--
INFO: [ template_filter ] --START--
INFO: Run Behavior\ContentReplaceBehavior [ RunTime:0.000161s ]
INFO: [ template_filter ] --END-- [ RunTime:0.000241s ]
NOTIC: [8] Undefined index: children E:\amp\www\www.0211.com\Application\Runtime\Cache\Home\2a94b8bda04ff446dcedd42276fc99ee.php 第 157 行.
NOTIC: [2] Invalid argument supplied for foreach() E:\amp\www\www.0211.com\Application\Runtime\Cache\Home\2a94b8bda04ff446dcedd42276fc99ee.php 第 157 行.
NOTIC: [8] Undefined index: children E:\amp\www\www.0211.com\Application\Runtime\Cache\Home\2a94b8bda04ff446dcedd42276fc99ee.php 第 157 行.
NOTIC: [2] Invalid argument supplied for foreach() E:\amp\www\www.0211.com\Application\Runtime\Cache\Home\2a94b8bda04ff446dcedd42276fc99ee.php 第 157 行.
NOTIC: [8] Undefined index: children E:\amp\www\www.0211.com\Application\Runtime\Cache\Home\2a94b8bda04ff446dcedd42276fc99ee.php 第 157 行.
NOTIC: [2] Invalid argument supplied for foreach() E:\amp\www\www.0211.com\Application\Runtime\Cache\Home\2a94b8bda04ff446dcedd42276fc99ee.php 第 157 行.
NOTIC: [8] Undefined index: children E:\amp\www\www.0211.com\Application\Runtime\Cache\Home\2a94b8bda04ff446dcedd42276fc99ee.php 第 157 行.
NOTIC: [2] Invalid argument supplied for foreach() E:\amp\www\www.0211.com\Application\Runtime\Cache\Home\2a94b8bda04ff446dcedd42276fc99ee.php 第 157 行.
NOTIC: [8] Undefined index: children E:\amp\www\www.0211.com\Application\Runtime\Cache\Home\2a94b8bda04ff446dcedd42276fc99ee.php 第 157 行.
NOTIC: [2] Invalid argument supplied for foreach() E:\amp\www\www.0211.com\Application\Runtime\Cache\Home\2a94b8bda04ff446dcedd42276fc99ee.php 第 157 行.
NOTIC: [8] Undefined index: children E:\amp\www\www.0211.com\Application\Runtime\Cache\Home\2a94b8bda04ff446dcedd42276fc99ee.php 第 153 行.
NOTIC: [2] Invalid argument supplied for foreach() E:\amp\www\www.0211.com\Application\Runtime\Cache\Home\2a94b8bda04ff446dcedd42276fc99ee.php 第 153 行.
NOTIC: [8] Undefined index: children E:\amp\www\www.0211.com\Application\Runtime\Cache\Home\2a94b8bda04ff446dcedd42276fc99ee.php 第 153 行.
NOTIC: [2] Invalid argument supplied for foreach() E:\amp\www\www.0211.com\Application\Runtime\Cache\Home\2a94b8bda04ff446dcedd42276fc99ee.php 第 153 行.
NOTIC: [8] Undefined index: children E:\amp\www\www.0211.com\Application\Runtime\Cache\Home\2a94b8bda04ff446dcedd42276fc99ee.php 第 157 行.
NOTIC: [2] Invalid argument supplied for foreach() E:\amp\www\www.0211.com\Application\Runtime\Cache\Home\2a94b8bda04ff446dcedd42276fc99ee.php 第 157 行.
NOTIC: [8] Undefined index: children E:\amp\www\www.0211.com\Application\Runtime\Cache\Home\2a94b8bda04ff446dcedd42276fc99ee.php 第 153 行.
NOTIC: [2] Invalid argument supplied for foreach() E:\amp\www\www.0211.com\Application\Runtime\Cache\Home\2a94b8bda04ff446dcedd42276fc99ee.php 第 153 行.
NOTIC: [8] Undefined index: children E:\amp\www\www.0211.com\Application\Runtime\Cache\Home\2a94b8bda04ff446dcedd42276fc99ee.php 第 153 行.
NOTIC: [2] Invalid argument supplied for foreach() E:\amp\www\www.0211.com\Application\Runtime\Cache\Home\2a94b8bda04ff446dcedd42276fc99ee.php 第 153 行.
NOTIC: [8] Undefined index: children E:\amp\www\www.0211.com\Application\Runtime\Cache\Home\2a94b8bda04ff446dcedd42276fc99ee.php 第 153 行.
NOTIC: [2] Invalid argument supplied for foreach() E:\amp\www\www.0211.com\Application\Runtime\Cache\Home\2a94b8bda04ff446dcedd42276fc99ee.php 第 153 行.
NOTIC: [8] Undefined index: children E:\amp\www\www.0211.com\Application\Runtime\Cache\Home\2a94b8bda04ff446dcedd42276fc99ee.php 第 157 行.
NOTIC: [2] Invalid argument supplied for foreach() E:\amp\www\www.0211.com\Application\Runtime\Cache\Home\2a94b8bda04ff446dcedd42276fc99ee.php 第 157 行.
NOTIC: [8] Undefined index: children E:\amp\www\www.0211.com\Application\Runtime\Cache\Home\2a94b8bda04ff446dcedd42276fc99ee.php 第 153 行.
NOTIC: [2] Invalid argument supplied for foreach() E:\amp\www\www.0211.com\Application\Runtime\Cache\Home\2a94b8bda04ff446dcedd42276fc99ee.php 第 153 行.
NOTIC: [8] Undefined index: children E:\amp\www\www.0211.com\Application\Runtime\Cache\Home\2a94b8bda04ff446dcedd42276fc99ee.php 第 153 行.
NOTIC: [2] Invalid argument supplied for foreach() E:\amp\www\www.0211.com\Application\Runtime\Cache\Home\2a94b8bda04ff446dcedd42276fc99ee.php 第 153 行.
INFO: Run Behavior\ParseTemplateBehavior [ RunTime:0.021435s ]
INFO: [ view_parse ] --END-- [ RunTime:0.021565s ]
INFO: [ view_filter ] --START--
INFO: Run Behavior\WriteHtmlCacheBehavior [ RunTime:0.000794s ]
INFO: [ view_filter ] --END-- [ RunTime:0.000851s ]
INFO: [ app_end ] --START--
INFO: Run Behavior\ShowPageTraceBehavior [ RunTime:0.001147s ]
INFO: [ app_end ] --END-- [ RunTime:0.001261s ]

[ 2017-03-24T15:51:22+08:00 ] 127.0.0.1 /index.php/Home/Member/ajaxChkLogin.html
INFO: [ app_init ] --START--
INFO: Run Behavior\BuildLiteBehavior [ RunTime:0.000017s ]
INFO: [ app_init ] --END-- [ RunTime:0.000511s ]
INFO: [ app_begin ] --START--
INFO: Run Behavior\ReadHtmlCacheBehavior [ RunTime:0.000698s ]
INFO: [ app_begin ] --END-- [ RunTime:0.000770s ]

[ 2017-03-24T15:51:23+08:00 ] 127.0.0.1 /index.php/Home/Cart/ajaxGetCartList.html
INFO: [ app_init ] --START--
INFO: Run Behavior\BuildLiteBehavior [ RunTime:0.000027s ]
INFO: [ app_init ] --END-- [ RunTime:0.000790s ]
INFO: [ app_begin ] --START--
INFO: Run Behavior\ReadHtmlCacheBehavior [ RunTime:0.001253s ]
INFO: [ app_begin ] --END-- [ RunTime:0.001394s ]
NOTIC: [2048] Declaration of Home\Model\CartModel::add() should be compatible with that of Think\Model::add() E:\amp\www\www.0211.com\Application\Home\Model\CartModel.class.php 第 5 行.
SQL: SHOW COLUMNS FROM `s11_cart` [ RunTime:0.0009s ]
SQL: SHOW COLUMNS FROM `s11_goods` [ RunTime:0.0013s ]
NOTIC: D方法实例化没找到模型类Admin\Model\GoodsAttrModel
SQL: SHOW COLUMNS FROM `s11_goods_attr` [ RunTime:0.0009s ]
INFO: [ app_end ] --START--
INFO: Run Behavior\ShowPageTraceBehavior [ RunTime:0.001125s ]
INFO: [ app_end ] --END-- [ RunTime:0.001248s ]

[ 2017-03-24T15:51:23+08:00 ] 127.0.0.1 /index.php/Home/Cart/ajaxGetCartList.html
INFO: [ app_init ] --START--
INFO: Run Behavior\BuildLiteBehavior [ RunTime:0.000018s ]
INFO: [ app_init ] --END-- [ RunTime:0.000534s ]
INFO: [ app_begin ] --START--
INFO: Run Behavior\ReadHtmlCacheBehavior [ RunTime:0.000710s ]
INFO: [ app_begin ] --END-- [ RunTime:0.000783s ]
NOTIC: [2048] Declaration of Home\Model\CartModel::add() should be compatible with that of Think\Model::add() E:\amp\www\www.0211.com\Application\Home\Model\CartModel.class.php 第 5 行.
SQL: SHOW COLUMNS FROM `s11_cart` [ RunTime:0.0015s ]
SQL: SHOW COLUMNS FROM `s11_goods` [ RunTime:0.0011s ]
NOTIC: D方法实例化没找到模型类Admin\Model\GoodsAttrModel
SQL: SHOW COLUMNS FROM `s11_goods_attr` [ RunTime:0.0008s ]
INFO: [ app_end ] --START--
INFO: Run Behavior\ShowPageTraceBehavior [ RunTime:0.001046s ]
INFO: [ app_end ] --END-- [ RunTime:0.001132s ]

[ 2017-03-24T15:51:24+08:00 ] 127.0.0.1 /index.php/Home/Cart/ajaxGetCartList.html
INFO: [ app_init ] --START--
INFO: Run Behavior\BuildLiteBehavior [ RunTime:0.000018s ]
INFO: [ app_init ] --END-- [ RunTime:0.000556s ]
INFO: [ app_begin ] --START--
INFO: Run Behavior\ReadHtmlCacheBehavior [ RunTime:0.000670s ]
INFO: [ app_begin ] --END-- [ RunTime:0.000729s ]
NOTIC: [2048] Declaration of Home\Model\CartModel::add() should be compatible with that of Think\Model::add() E:\amp\www\www.0211.com\Application\Home\Model\CartModel.class.php 第 5 行.
SQL: SHOW COLUMNS FROM `s11_cart` [ RunTime:0.0007s ]
SQL: SHOW COLUMNS FROM `s11_goods` [ RunTime:0.0008s ]
NOTIC: D方法实例化没找到模型类Admin\Model\GoodsAttrModel
SQL: SHOW COLUMNS FROM `s11_goods_attr` [ RunTime:0.0007s ]
INFO: [ app_end ] --START--
INFO: Run Behavior\ShowPageTraceBehavior [ RunTime:0.000783s ]
INFO: [ app_end ] --END-- [ RunTime:0.000842s ]

[ 2017-03-24T15:51:27+08:00 ] 127.0.0.1 /index.php/Home/Index/goods/id/2.html
INFO: [ app_init ] --START--
INFO: Run Behavior\BuildLiteBehavior [ RunTime:0.000018s ]
INFO: [ app_init ] --END-- [ RunTime:0.000692s ]
INFO: [ app_begin ] --START--
INFO: Run Behavior\ReadHtmlCacheBehavior [ RunTime:0.000706s ]
INFO: [ app_begin ] --END-- [ RunTime:0.000784s ]
NOTIC: [2048] Declaration of Admin\Model\CategoryModel::_before_delete() should be compatible with that of Think\Model::_before_delete() E:\amp\www\www.0211.com\Application\Admin\Model\CategoryModel.class.php 第 5 行.
SQL: SHOW COLUMNS FROM `s11_category` [ RunTime:0.0007s ]
SQL: SHOW COLUMNS FROM `s11_goods` [ RunTime:0.0010s ]
SQL: SELECT * FROM `s11_goods` WHERE `id` = 2 LIMIT 1   [ RunTime:0.0003s ]
SQL: SELECT `id`,`parent_id`,`cat_name` FROM `s11_category` WHERE `id` = 17 LIMIT 1   [ RunTime:0.0002s ]
SQL: SELECT `id`,`parent_id`,`cat_name` FROM `s11_category` WHERE `id` = 1 LIMIT 1   [ RunTime:0.0002s ]
NOTIC: D方法实例化没找到模型类Admin\Model\GoodsPicModel
SQL: SHOW COLUMNS FROM `s11_goods_pic` [ RunTime:0.0006s ]
SQL: SELECT * FROM `s11_goods_pic` WHERE `goods_id` = '2'  [ RunTime:0.0005s ]
NOTIC: D方法实例化没找到模型类Admin\Model\GoodsAttrModel
SQL: SHOW COLUMNS FROM `s11_goods_attr` [ RunTime:0.0015s ]
SQL: SELECT a.*,b.attr_name,b.attr_type FROM s11_goods_attr a LEFT JOIN s11_attribute b ON a.attr_id=b.id  WHERE `goods_id` = '2'  [ RunTime:0.0005s ]
SQL: SHOW COLUMNS FROM `s11_member_price` [ RunTime:0.0008s ]
SQL: SELECT a.*,b.level_name FROM s11_member_price a LEFT JOIN s11_member_level b ON a.level_id=b.id  WHERE `goods_id` = '2'  [ RunTime:0.0002s ]
INFO: [ view_parse ] --START--
INFO: [ template_filter ] --START--
INFO: Run Behavior\ContentReplaceBehavior [ RunTime:0.000190s ]
INFO: [ template_filter ] --END-- [ RunTime:0.000299s ]
NOTIC: [8] Undefined index: children E:\amp\www\www.0211.com\Application\Runtime\Cache\Home\862a52d698112494831f0f0bc6d3727d.php 第 158 行.
NOTIC: [2] Invalid argument supplied for foreach() E:\amp\www\www.0211.com\Application\Runtime\Cache\Home\862a52d698112494831f0f0bc6d3727d.php 第 158 行.
NOTIC: [8] Undefined index: children E:\amp\www\www.0211.com\Application\Runtime\Cache\Home\862a52d698112494831f0f0bc6d3727d.php 第 158 行.
NOTIC: [2] Invalid argument supplied for foreach() E:\amp\www\www.0211.com\Application\Runtime\Cache\Home\862a52d698112494831f0f0bc6d3727d.php 第 158 行.
NOTIC: [8] Undefined index: children E:\amp\www\www.0211.com\Application\Runtime\Cache\Home\862a52d698112494831f0f0bc6d3727d.php 第 158 行.
NOTIC: [2] Invalid argument supplied for foreach() E:\amp\www\www.0211.com\Application\Runtime\Cache\Home\862a52d698112494831f0f0bc6d3727d.php 第 158 行.
NOTIC: [8] Undefined index: children E:\amp\www\www.0211.com\Application\Runtime\Cache\Home\862a52d698112494831f0f0bc6d3727d.php 第 158 行.
NOTIC: [2] Invalid argument supplied for foreach() E:\amp\www\www.0211.com\Application\Runtime\Cache\Home\862a52d698112494831f0f0bc6d3727d.php 第 158 行.
NOTIC: [8] Undefined index: children E:\amp\www\www.0211.com\Application\Runtime\Cache\Home\862a52d698112494831f0f0bc6d3727d.php 第 158 行.
NOTIC: [2] Invalid argument supplied for foreach() E:\amp\www\www.0211.com\Application\Runtime\Cache\Home\862a52d698112494831f0f0bc6d3727d.php 第 158 行.
NOTIC: [8] Undefined index: children E:\amp\www\www.0211.com\Application\Runtime\Cache\Home\862a52d698112494831f0f0bc6d3727d.php 第 154 行.
NOTIC: [2] Invalid argument supplied for foreach() E:\amp\www\www.0211.com\Application\Runtime\Cache\Home\862a52d698112494831f0f0bc6d3727d.php 第 154 行.
NOTIC: [8] Undefined index: children E:\amp\www\www.0211.com\Application\Runtime\Cache\Home\862a52d698112494831f0f0bc6d3727d.php 第 154 行.
NOTIC: [2] Invalid argument supplied for foreach() E:\amp\www\www.0211.com\Application\Runtime\Cache\Home\862a52d698112494831f0f0bc6d3727d.php 第 154 行.
NOTIC: [8] Undefined index: children E:\amp\www\www.0211.com\Application\Runtime\Cache\Home\862a52d698112494831f0f0bc6d3727d.php 第 158 行.
NOTIC: [2] Invalid argument supplied for foreach() E:\amp\www\www.0211.com\Application\Runtime\Cache\Home\862a52d698112494831f0f0bc6d3727d.php 第 158 行.
NOTIC: [8] Undefined index: children E:\amp\www\www.0211.com\Application\Runtime\Cache\Home\862a52d698112494831f0f0bc6d3727d.php 第 154 行.
NOTIC: [2] Invalid argument supplied for foreach() E:\amp\www\www.0211.com\Application\Runtime\Cache\Home\862a52d698112494831f0f0bc6d3727d.php 第 154 行.
NOTIC: [8] Undefined index: children E:\amp\www\www.0211.com\Application\Runtime\Cache\Home\862a52d698112494831f0f0bc6d3727d.php 第 154 行.
NOTIC: [2] Invalid argument supplied for foreach() E:\amp\www\www.0211.com\Application\Runtime\Cache\Home\862a52d698112494831f0f0bc6d3727d.php 第 154 行.
NOTIC: [8] Undefined index: children E:\amp\www\www.0211.com\Application\Runtime\Cache\Home\862a52d698112494831f0f0bc6d3727d.php 第 154 行.
NOTIC: [2] Invalid argument supplied for foreach() E:\amp\www\www.0211.com\Application\Runtime\Cache\Home\862a52d698112494831f0f0bc6d3727d.php 第 154 行.
NOTIC: [8] Undefined index: children E:\amp\www\www.0211.com\Application\Runtime\Cache\Home\862a52d698112494831f0f0bc6d3727d.php 第 158 行.
NOTIC: [2] Invalid argument supplied for foreach() E:\amp\www\www.0211.com\Application\Runtime\Cache\Home\862a52d698112494831f0f0bc6d3727d.php 第 158 行.
NOTIC: [8] Undefined index: children E:\amp\www\www.0211.com\Application\Runtime\Cache\Home\862a52d698112494831f0f0bc6d3727d.php 第 154 行.
NOTIC: [2] Invalid argument supplied for foreach() E:\amp\www\www.0211.com\Application\Runtime\Cache\Home\862a52d698112494831f0f0bc6d3727d.php 第 154 行.
NOTIC: [8] Undefined index: children E:\amp\www\www.0211.com\Application\Runtime\Cache\Home\862a52d698112494831f0f0bc6d3727d.php 第 154 行.
NOTIC: [2] Invalid argument supplied for foreach() E:\amp\www\www.0211.com\Application\Runtime\Cache\Home\862a52d698112494831f0f0bc6d3727d.php 第 154 行.
INFO: Run Behavior\ParseTemplateBehavior [ RunTime:0.025136s ]
INFO: [ view_parse ] --END-- [ RunTime:0.025255s ]
INFO: [ view_filter ] --START--
INFO: Run Behavior\WriteHtmlCacheBehavior [ RunTime:0.000590s ]
INFO: [ view_filter ] --END-- [ RunTime:0.000673s ]
INFO: [ app_end ] --START--
INFO: Run Behavior\ShowPageTraceBehavior [ RunTime:0.001186s ]
INFO: [ app_end ] --END-- [ RunTime:0.001323s ]

[ 2017-03-24T15:51:27+08:00 ] 127.0.0.1 /index.php/Home/Index/ajaxGetMemberPrice/goods_id/2.html
INFO: [ app_init ] --START--
INFO: Run Behavior\BuildLiteBehavior [ RunTime:0.000028s ]
INFO: [ app_init ] --END-- [ RunTime:0.000851s ]
INFO: [ app_begin ] --START--
INFO: Run Behavior\ReadHtmlCacheBehavior [ RunTime:0.003525s ]
INFO: [ app_begin ] --END-- [ RunTime:0.003636s ]
NOTIC: [2048] Declaration of Admin\Model\CategoryModel::_before_delete() should be compatible with that of Think\Model::_before_delete() E:\amp\www\www.0211.com\Application\Admin\Model\CategoryModel.class.php 第 5 行.
SQL: SHOW COLUMNS FROM `s11_category` [ RunTime:0.0009s ]
SQL: SHOW COLUMNS FROM `s11_goods` [ RunTime:0.0013s ]
SQL: SELECT `promote_price` FROM `s11_goods` WHERE `id` = '2' AND `promote_price` > 0 AND `promote_start_date` <= '2017-03-24 15:51:27' AND `promote_end_date` >= '2017-03-24 15:51:27' AND `is_on_sale` = '是' LIMIT 1   [ RunTime:0.0005s ]
SQL: SELECT `shop_price` FROM `s11_goods` WHERE `id` = 2 LIMIT 1   [ RunTime:0.0002s ]
INFO: [ app_end ] --START--
INFO: Run Behavior\ShowPageTraceBehavior [ RunTime:0.001118s ]
INFO: [ app_end ] --END-- [ RunTime:0.001209s ]

[ 2017-03-24T15:51:27+08:00 ] 127.0.0.1 /index.php/Home/Index/displayHistory/id/2.html
INFO: [ app_init ] --START--
INFO: Run Behavior\BuildLiteBehavior [ RunTime:0.000032s ]
INFO: [ app_init ] --END-- [ RunTime:0.001512s ]
INFO: [ app_begin ] --START--
INFO: Run Behavior\ReadHtmlCacheBehavior [ RunTime:0.001172s ]
INFO: [ app_begin ] --END-- [ RunTime:0.001285s ]
NOTIC: [2048] Declaration of Admin\Model\CategoryModel::_before_delete() should be compatible with that of Think\Model::_before_delete() E:\amp\www\www.0211.com\Application\Admin\Model\CategoryModel.class.php 第 5 行.
SQL: SHOW COLUMNS FROM `s11_category` [ RunTime:0.0009s ]
SQL: SHOW COLUMNS FROM `s11_goods` [ RunTime:0.0013s ]
ERR: SQLSTATE[42000]: Syntax error or access violation: 1064 You have an error in your SQL syntax; check the manual that corresponds to your MySQL server version for the right syntax to use near ')' at line 1

[ 2017-03-24T15:51:27+08:00 ] 127.0.0.1 /index.php/Home/Member/ajaxChkLogin.html
INFO: [ app_init ] --START--
INFO: Run Behavior\BuildLiteBehavior [ RunTime:0.000031s ]
INFO: [ app_init ] --END-- [ RunTime:0.000975s ]
INFO: [ app_begin ] --START--
INFO: Run Behavior\ReadHtmlCacheBehavior [ RunTime:0.001508s ]
INFO: [ app_begin ] --END-- [ RunTime:0.001631s ]

[ 2017-03-24T15:51:34+08:00 ] 127.0.0.1 /index.php/Home/Member/login.html
INFO: [ app_init ] --START--
INFO: Run Behavior\BuildLiteBehavior [ RunTime:0.000018s ]
INFO: [ app_init ] --END-- [ RunTime:0.000600s ]
INFO: [ app_begin ] --START--
INFO: Run Behavior\ReadHtmlCacheBehavior [ RunTime:0.000656s ]
INFO: [ app_begin ] --END-- [ RunTime:0.000717s ]
INFO: [ view_parse ] --START--
INFO: [ template_filter ] --START--
INFO: Run Behavior\ContentReplaceBehavior [ RunTime:0.000061s ]
INFO: [ template_filter ] --END-- [ RunTime:0.000129s ]
INFO: Run Behavior\ParseTemplateBehavior [ RunTime:0.042431s ]
INFO: [ view_parse ] --END-- [ RunTime:0.042494s ]
INFO: [ view_filter ] --START--
INFO: Run Behavior\WriteHtmlCacheBehavior [ RunTime:0.000616s ]
INFO: [ view_filter ] --END-- [ RunTime:0.000668s ]
INFO: [ app_end ] --START--
INFO: Run Behavior\ShowPageTraceBehavior [ RunTime:0.000780s ]
INFO: [ app_end ] --END-- [ RunTime:0.000834s ]

[ 2017-03-24T15:51:34+08:00 ] 127.0.0.1 /index.php/Home/Member/chkcode.html
INFO: [ app_init ] --START--
INFO: Run Behavior\BuildLiteBehavior [ RunTime:0.000025s ]
INFO: [ app_init ] --END-- [ RunTime:0.001015s ]
INFO: [ app_begin ] --START--
INFO: Run Behavior\ReadHtmlCacheBehavior [ RunTime:0.001151s ]
INFO: [ app_begin ] --END-- [ RunTime:0.001279s ]
INFO: [ app_end ] --START--
INFO: Run Behavior\ShowPageTraceBehavior [ RunTime:0.000939s ]
INFO: [ app_end ] --END-- [ RunTime:0.001060s ]

[ 2017-03-24T15:51:35+08:00 ] 127.0.0.1 /index.php/Home/Member/ajaxChkLogin.html
INFO: [ app_init ] --START--
INFO: Run Behavior\BuildLiteBehavior [ RunTime:0.000025s ]
INFO: [ app_init ] --END-- [ RunTime:0.000837s ]
INFO: [ app_begin ] --START--
INFO: Run Behavior\ReadHtmlCacheBehavior [ RunTime:0.001172s ]
INFO: [ app_begin ] --END-- [ RunTime:0.001278s ]

[ 2017-03-24T15:51:39+08:00 ] 127.0.0.1 /index.php/Home/Member/chkcode.html
INFO: [ app_init ] --START--
INFO: Run Behavior\BuildLiteBehavior [ RunTime:0.000026s ]
INFO: [ app_init ] --END-- [ RunTime:0.000600s ]
INFO: [ app_begin ] --START--
INFO: Run Behavior\ReadHtmlCacheBehavior [ RunTime:0.000646s ]
INFO: [ app_begin ] --END-- [ RunTime:0.000704s ]
INFO: [ app_end ] --START--
INFO: Run Behavior\ShowPageTraceBehavior [ RunTime:0.000823s ]
INFO: [ app_end ] --END-- [ RunTime:0.000907s ]

[ 2017-03-24T15:51:42+08:00 ] 127.0.0.1 /index.php/Home/Member/chkcode.html
INFO: [ app_init ] --START--
INFO: Run Behavior\BuildLiteBehavior [ RunTime:0.000021s ]
INFO: [ app_init ] --END-- [ RunTime:0.000676s ]
INFO: [ app_begin ] --START--
INFO: Run Behavior\ReadHtmlCacheBehavior [ RunTime:0.000679s ]
INFO: [ app_begin ] --END-- [ RunTime:0.000753s ]
INFO: [ app_end ] --START--
INFO: Run Behavior\ShowPageTraceBehavior [ RunTime:0.000890s ]
INFO: [ app_end ] --END-- [ RunTime:0.000982s ]

[ 2017-03-24T15:51:44+08:00 ] 127.0.0.1 /index.php/Home/Member/chkcode.html
INFO: [ app_init ] --START--
INFO: Run Behavior\BuildLiteBehavior [ RunTime:0.000015s ]
INFO: [ app_init ] --END-- [ RunTime:0.000532s ]
INFO: [ app_begin ] --START--
INFO: Run Behavior\ReadHtmlCacheBehavior [ RunTime:0.000653s ]
INFO: [ app_begin ] --END-- [ RunTime:0.000710s ]
INFO: [ app_end ] --START--
INFO: Run Behavior\ShowPageTraceBehavior [ RunTime:0.001151s ]
INFO: [ app_end ] --END-- [ RunTime:0.001259s ]

[ 2017-03-24T15:51:45+08:00 ] 127.0.0.1 /index.php/Home/Member/chkcode.html
INFO: [ app_init ] --START--
INFO: Run Behavior\BuildLiteBehavior [ RunTime:0.000015s ]
INFO: [ app_init ] --END-- [ RunTime:0.000532s ]
INFO: [ app_begin ] --START--
INFO: Run Behavior\ReadHtmlCacheBehavior [ RunTime:0.000648s ]
INFO: [ app_begin ] --END-- [ RunTime:0.000707s ]
INFO: [ app_end ] --START--
INFO: Run Behavior\ShowPageTraceBehavior [ RunTime:0.001016s ]
INFO: [ app_end ] --END-- [ RunTime:0.001123s ]

[ 2017-03-24T15:51:46+08:00 ] 127.0.0.1 /index.php/Home/Member/chkcode.html
INFO: [ app_init ] --START--
INFO: Run Behavior\BuildLiteBehavior [ RunTime:0.000014s ]
INFO: [ app_init ] --END-- [ RunTime:0.000559s ]
INFO: [ app_begin ] --START--
INFO: Run Behavior\ReadHtmlCacheBehavior [ RunTime:0.000646s ]
INFO: [ app_begin ] --END-- [ RunTime:0.000702s ]
INFO: [ app_end ] --START--
INFO: Run Behavior\ShowPageTraceBehavior [ RunTime:0.002272s ]
INFO: [ app_end ] --END-- [ RunTime:0.002528s ]

[ 2017-03-24T15:51:49+08:00 ] 127.0.0.1 /index.php/Home/Member/login.html
INFO: [ app_init ] --START--
INFO: Run Behavior\BuildLiteBehavior [ RunTime:0.000018s ]
INFO: [ app_init ] --END-- [ RunTime:0.000516s ]
INFO: [ app_begin ] --START--
INFO: Run Behavior\ReadHtmlCacheBehavior [ RunTime:0.000626s ]
INFO: [ app_begin ] --END-- [ RunTime:0.000698s ]
SQL: SHOW COLUMNS FROM `s11_member` [ RunTime:0.0009s ]
SQL: SELECT * FROM `s11_member` WHERE `username` = 'jack' LIMIT 1   [ RunTime:0.0002s ]
SQL: SHOW COLUMNS FROM `s11_member_level` [ RunTime:0.0009s ]
SQL: SELECT `id` FROM `s11_member_level` WHERE `jifen_bottom` <= '10000' AND `jifen_top` >= '10000' LIMIT 1   [ RunTime:0.0002s ]
NOTIC: [2048] Declaration of Home\Model\CartModel::add() should be compatible with that of Think\Model::add() E:\amp\www\www.0211.com\Application\Home\Model\CartModel.class.php 第 152 行.
SQL: SHOW COLUMNS FROM `s11_cart` [ RunTime:0.0007s ]
INFO: [ view_parse ] --START--
INFO: [ template_filter ] --START--
INFO: Run Behavior\ContentReplaceBehavior [ RunTime:0.000062s ]
INFO: [ template_filter ] --END-- [ RunTime:0.000166s ]
INFO: Run Behavior\ParseTemplateBehavior [ RunTime:0.009764s ]
INFO: [ view_parse ] --END-- [ RunTime:0.009868s ]
INFO: [ view_filter ] --START--
INFO: Run Behavior\WriteHtmlCacheBehavior [ RunTime:0.000849s ]
INFO: [ view_filter ] --END-- [ RunTime:0.000948s ]

[ 2017-03-24T15:51:51+08:00 ] 127.0.0.1 /index.php/
INFO: [ app_init ] --START--
INFO: Run Behavior\BuildLiteBehavior [ RunTime:0.000024s ]
INFO: [ app_init ] --END-- [ RunTime:0.000741s ]
INFO: [ app_begin ] --START--
INFO: Run Behavior\ReadHtmlCacheBehavior [ RunTime:0.000807s ]
INFO: [ app_begin ] --END-- [ RunTime:0.000909s ]
NOTIC: [2048] Declaration of Admin\Model\CategoryModel::_before_delete() should be compatible with that of Think\Model::_before_delete() E:\amp\www\www.0211.com\Application\Admin\Model\CategoryModel.class.php 第 5 行.
SQL: SHOW COLUMNS FROM `s11_category` [ RunTime:0.0010s ]
SQL: SHOW COLUMNS FROM `s11_goods` [ RunTime:0.0010s ]
SQL: SELECT `id`,`goods_name`,`mid_logo`,`promote_price` FROM `s11_goods` WHERE `promote_price` > 0 AND `promote_start_date` <= '2017-03-24 15:51:51' AND `promote_end_date` >= '2017-03-24 15:51:51' AND `is_on_sale` = '是' LIMIT 5   [ RunTime:0.0006s ]
SQL: SELECT `id`,`goods_name`,`mid_logo`,`shop_price` FROM `s11_goods` WHERE `is_new` = '是' AND `is_on_sale` = '是' ORDER BY sort_num LIMIT 5   [ RunTime:0.0003s ]
SQL: SELECT `id`,`goods_name`,`mid_logo`,`shop_price` FROM `s11_goods` WHERE `is_hot` = '是' AND `is_on_sale` = '是' ORDER BY sort_num LIMIT 5   [ RunTime:0.0002s ]
SQL: SELECT `id`,`goods_name`,`mid_logo`,`shop_price` FROM `s11_goods` WHERE `is_best` = '是' AND `is_on_sale` = '是' ORDER BY sort_num LIMIT 5   [ RunTime:0.0002s ]
INFO: [ view_parse ] --START--
INFO: [ template_filter ] --START--
INFO: Run Behavior\ContentReplaceBehavior [ RunTime:0.000159s ]
INFO: [ template_filter ] --END-- [ RunTime:0.000240s ]
NOTIC: [8] Undefined index: children E:\amp\www\www.0211.com\Application\Runtime\Cache\Home\2a94b8bda04ff446dcedd42276fc99ee.php 第 157 行.
NOTIC: [2] Invalid argument supplied for foreach() E:\amp\www\www.0211.com\Application\Runtime\Cache\Home\2a94b8bda04ff446dcedd42276fc99ee.php 第 157 行.
NOTIC: [8] Undefined index: children E:\amp\www\www.0211.com\Application\Runtime\Cache\Home\2a94b8bda04ff446dcedd42276fc99ee.php 第 157 行.
NOTIC: [2] Invalid argument supplied for foreach() E:\amp\www\www.0211.com\Application\Runtime\Cache\Home\2a94b8bda04ff446dcedd42276fc99ee.php 第 157 行.
NOTIC: [8] Undefined index: children E:\amp\www\www.0211.com\Application\Runtime\Cache\Home\2a94b8bda04ff446dcedd42276fc99ee.php 第 157 行.
NOTIC: [2] Invalid argument supplied for foreach() E:\amp\www\www.0211.com\Application\Runtime\Cache\Home\2a94b8bda04ff446dcedd42276fc99ee.php 第 157 行.
NOTIC: [8] Undefined index: children E:\amp\www\www.0211.com\Application\Runtime\Cache\Home\2a94b8bda04ff446dcedd42276fc99ee.php 第 157 行.
NOTIC: [2] Invalid argument supplied for foreach() E:\amp\www\www.0211.com\Application\Runtime\Cache\Home\2a94b8bda04ff446dcedd42276fc99ee.php 第 157 行.
NOTIC: [8] Undefined index: children E:\amp\www\www.0211.com\Application\Runtime\Cache\Home\2a94b8bda04ff446dcedd42276fc99ee.php 第 157 行.
NOTIC: [2] Invalid argument supplied for foreach() E:\amp\www\www.0211.com\Application\Runtime\Cache\Home\2a94b8bda04ff446dcedd42276fc99ee.php 第 157 行.
NOTIC: [8] Undefined index: children E:\amp\www\www.0211.com\Application\Runtime\Cache\Home\2a94b8bda04ff446dcedd42276fc99ee.php 第 153 行.
NOTIC: [2] Invalid argument supplied for foreach() E:\amp\www\www.0211.com\Application\Runtime\Cache\Home\2a94b8bda04ff446dcedd42276fc99ee.php 第 153 行.
NOTIC: [8] Undefined index: children E:\amp\www\www.0211.com\Application\Runtime\Cache\Home\2a94b8bda04ff446dcedd42276fc99ee.php 第 153 行.
NOTIC: [2] Invalid argument supplied for foreach() E:\amp\www\www.0211.com\Application\Runtime\Cache\Home\2a94b8bda04ff446dcedd42276fc99ee.php 第 153 行.
NOTIC: [8] Undefined index: children E:\amp\www\www.0211.com\Application\Runtime\Cache\Home\2a94b8bda04ff446dcedd42276fc99ee.php 第 157 行.
NOTIC: [2] Invalid argument supplied for foreach() E:\amp\www\www.0211.com\Application\Runtime\Cache\Home\2a94b8bda04ff446dcedd42276fc99ee.php 第 157 行.
NOTIC: [8] Undefined index: children E:\amp\www\www.0211.com\Application\Runtime\Cache\Home\2a94b8bda04ff446dcedd42276fc99ee.php 第 153 行.
NOTIC: [2] Invalid argument supplied for foreach() E:\amp\www\www.0211.com\Application\Runtime\Cache\Home\2a94b8bda04ff446dcedd42276fc99ee.php 第 153 行.
NOTIC: [8] Undefined index: children E:\amp\www\www.0211.com\Application\Runtime\Cache\Home\2a94b8bda04ff446dcedd42276fc99ee.php 第 153 行.
NOTIC: [2] Invalid argument supplied for foreach() E:\amp\www\www.0211.com\Application\Runtime\Cache\Home\2a94b8bda04ff446dcedd42276fc99ee.php 第 153 行.
NOTIC: [8] Undefined index: children E:\amp\www\www.0211.com\Application\Runtime\Cache\Home\2a94b8bda04ff446dcedd42276fc99ee.php 第 153 行.
NOTIC: [2] Invalid argument supplied for foreach() E:\amp\www\www.0211.com\Application\Runtime\Cache\Home\2a94b8bda04ff446dcedd42276fc99ee.php 第 153 行.
NOTIC: [8] Undefined index: children E:\amp\www\www.0211.com\Application\Runtime\Cache\Home\2a94b8bda04ff446dcedd42276fc99ee.php 第 157 行.
NOTIC: [2] Invalid argument supplied for foreach() E:\amp\www\www.0211.com\Application\Runtime\Cache\Home\2a94b8bda04ff446dcedd42276fc99ee.php 第 157 行.
NOTIC: [8] Undefined index: children E:\amp\www\www.0211.com\Application\Runtime\Cache\Home\2a94b8bda04ff446dcedd42276fc99ee.php 第 153 行.
NOTIC: [2] Invalid argument supplied for foreach() E:\amp\www\www.0211.com\Application\Runtime\Cache\Home\2a94b8bda04ff446dcedd42276fc99ee.php 第 153 行.
NOTIC: [8] Undefined index: children E:\amp\www\www.0211.com\Application\Runtime\Cache\Home\2a94b8bda04ff446dcedd42276fc99ee.php 第 153 行.
NOTIC: [2] Invalid argument supplied for foreach() E:\amp\www\www.0211.com\Application\Runtime\Cache\Home\2a94b8bda04ff446dcedd42276fc99ee.php 第 153 行.
INFO: Run Behavior\ParseTemplateBehavior [ RunTime:0.024710s ]
INFO: [ view_parse ] --END-- [ RunTime:0.024861s ]
INFO: [ view_filter ] --START--
INFO: Run Behavior\WriteHtmlCacheBehavior [ RunTime:0.000982s ]
INFO: [ view_filter ] --END-- [ RunTime:0.001058s ]
INFO: [ app_end ] --START--
INFO: Run Behavior\ShowPageTraceBehavior [ RunTime:0.000899s ]
INFO: [ app_end ] --END-- [ RunTime:0.000980s ]

[ 2017-03-24T15:51:51+08:00 ] 127.0.0.1 /index.php/Home/Member/ajaxChkLogin.html
INFO: [ app_init ] --START--
INFO: Run Behavior\BuildLiteBehavior [ RunTime:0.000017s ]
INFO: [ app_init ] --END-- [ RunTime:0.000504s ]
INFO: [ app_begin ] --START--
INFO: Run Behavior\ReadHtmlCacheBehavior [ RunTime:0.000714s ]
INFO: [ app_begin ] --END-- [ RunTime:0.000805s ]

[ 2017-03-24T15:51:53+08:00 ] 127.0.0.1 /index.php/Home/Cart/ajaxGetCartList.html
INFO: [ app_init ] --START--
INFO: Run Behavior\BuildLiteBehavior [ RunTime:0.000016s ]
INFO: [ app_init ] --END-- [ RunTime:0.000544s ]
INFO: [ app_begin ] --START--
INFO: Run Behavior\ReadHtmlCacheBehavior [ RunTime:0.000777s ]
INFO: [ app_begin ] --END-- [ RunTime:0.000850s ]
NOTIC: [2048] Declaration of Home\Model\CartModel::add() should be compatible with that of Think\Model::add() E:\amp\www\www.0211.com\Application\Home\Model\CartModel.class.php 第 5 行.
SQL: SHOW COLUMNS FROM `s11_cart` [ RunTime:0.0006s ]
SQL: SELECT * FROM `s11_cart` WHERE `member_id` = '1'  [ RunTime:0.0002s ]
SQL: SHOW COLUMNS FROM `s11_goods` [ RunTime:0.0008s ]
NOTIC: D方法实例化没找到模型类Admin\Model\GoodsAttrModel
SQL: SHOW COLUMNS FROM `s11_goods_attr` [ RunTime:0.0006s ]
SQL: SELECT `goods_name`,`mid_logo` FROM `s11_goods` WHERE `id` = 1 LIMIT 1   [ RunTime:0.0002s ]
SQL: SELECT `promote_price` FROM `s11_goods` WHERE `id` = '1' AND `promote_price` > 0 AND `promote_start_date` <= '2017-03-24 15:51:53' AND `promote_end_date` >= '2017-03-24 15:51:53' AND `is_on_sale` = '是' LIMIT 1   [ RunTime:0.0004s ]
SQL: SHOW COLUMNS FROM `s11_member_price` [ RunTime:0.0008s ]
SQL: SELECT `price` FROM `s11_member_price` WHERE `level_id` = '2' AND `goods_id` = '1' LIMIT 1   [ RunTime:0.0031s ]
SQL: SELECT b.attr_name,a.attr_value FROM s11_goods_attr a INNER JOIN s11_attribute b ON a.attr_id=b.id  WHERE a.id IN ('81','86')  [ RunTime:0.0002s ]
SQL: SELECT `goods_name`,`mid_logo` FROM `s11_goods` WHERE `id` = 1 LIMIT 1   [ RunTime:0.0002s ]
SQL: SELECT `promote_price` FROM `s11_goods` WHERE `id` = '1' AND `promote_price` > 0 AND `promote_start_date` <= '2017-03-24 15:51:53' AND `promote_end_date` >= '2017-03-24 15:51:53' AND `is_on_sale` = '是' LIMIT 1   [ RunTime:0.0002s ]
SQL: SELECT `price` FROM `s11_member_price` WHERE `level_id` = '2' AND `goods_id` = '1' LIMIT 1   [ RunTime:0.0002s ]
SQL: SELECT b.attr_name,a.attr_value FROM s11_goods_attr a INNER JOIN s11_attribute b ON a.attr_id=b.id  WHERE a.id IN ('82','86')  [ RunTime:0.0002s ]
SQL: SELECT `goods_name`,`mid_logo` FROM `s11_goods` WHERE `id` = 1 LIMIT 1   [ RunTime:0.0002s ]
SQL: SELECT `promote_price` FROM `s11_goods` WHERE `id` = '1' AND `promote_price` > 0 AND `promote_start_date` <= '2017-03-24 15:51:53' AND `promote_end_date` >= '2017-03-24 15:51:53' AND `is_on_sale` = '是' LIMIT 1   [ RunTime:0.0002s ]
SQL: SELECT `price` FROM `s11_member_price` WHERE `level_id` = '2' AND `goods_id` = '1' LIMIT 1   [ RunTime:0.0002s ]
SQL: SELECT b.attr_name,a.attr_value FROM s11_goods_attr a INNER JOIN s11_attribute b ON a.attr_id=b.id  WHERE a.id IN ('82','87')  [ RunTime:0.0002s ]
SQL: SELECT `goods_name`,`mid_logo` FROM `s11_goods` WHERE `id` = 1 LIMIT 1   [ RunTime:0.0002s ]
SQL: SELECT `promote_price` FROM `s11_goods` WHERE `id` = '1' AND `promote_price` > 0 AND `promote_start_date` <= '2017-03-24 15:51:53' AND `promote_end_date` >= '2017-03-24 15:51:53' AND `is_on_sale` = '是' LIMIT 1   [ RunTime:0.0002s ]
SQL: SELECT `price` FROM `s11_member_price` WHERE `level_id` = '2' AND `goods_id` = '1' LIMIT 1   [ RunTime:0.0002s ]
SQL: SELECT b.attr_name,a.attr_value FROM s11_goods_attr a INNER JOIN s11_attribute b ON a.attr_id=b.id  WHERE a.id IN ('83','87')  [ RunTime:0.0002s ]
SQL: SELECT `goods_name`,`mid_logo` FROM `s11_goods` WHERE `id` = 2 LIMIT 1   [ RunTime:0.0002s ]
SQL: SELECT `promote_price` FROM `s11_goods` WHERE `id` = '2' AND `promote_price` > 0 AND `promote_start_date` <= '2017-03-24 15:51:53' AND `promote_end_date` >= '2017-03-24 15:51:53' AND `is_on_sale` = '是' LIMIT 1   [ RunTime:0.0004s ]
SQL: SELECT `price` FROM `s11_member_price` WHERE `level_id` = '2' AND `goods_id` = '2' LIMIT 1   [ RunTime:0.0018s ]

[ 2017-03-24T15:51:56+08:00 ] 127.0.0.1 /index.php/Home/Cart/ajaxGetCartList.html
INFO: [ app_init ] --START--
INFO: Run Behavior\BuildLiteBehavior [ RunTime:0.000035s ]
INFO: [ app_init ] --END-- [ RunTime:0.001187s ]
INFO: [ app_begin ] --START--
INFO: Run Behavior\ReadHtmlCacheBehavior [ RunTime:0.000793s ]
INFO: [ app_begin ] --END-- [ RunTime:0.000870s ]
NOTIC: [2048] Declaration of Home\Model\CartModel::add() should be compatible with that of Think\Model::add() E:\amp\www\www.0211.com\Application\Home\Model\CartModel.class.php 第 5 行.
SQL: SHOW COLUMNS FROM `s11_cart` [ RunTime:0.0007s ]
SQL: SELECT * FROM `s11_cart` WHERE `member_id` = '1'  [ RunTime:0.0003s ]
SQL: SHOW COLUMNS FROM `s11_goods` [ RunTime:0.0011s ]
NOTIC: D方法实例化没找到模型类Admin\Model\GoodsAttrModel
SQL: SHOW COLUMNS FROM `s11_goods_attr` [ RunTime:0.0007s ]
SQL: SELECT `goods_name`,`mid_logo` FROM `s11_goods` WHERE `id` = 1 LIMIT 1   [ RunTime:0.0002s ]
SQL: SELECT `promote_price` FROM `s11_goods` WHERE `id` = '1' AND `promote_price` > 0 AND `promote_start_date` <= '2017-03-24 15:51:56' AND `promote_end_date` >= '2017-03-24 15:51:56' AND `is_on_sale` = '是' LIMIT 1   [ RunTime:0.0004s ]
SQL: SHOW COLUMNS FROM `s11_member_price` [ RunTime:0.0006s ]
SQL: SELECT `price` FROM `s11_member_price` WHERE `level_id` = '2' AND `goods_id` = '1' LIMIT 1   [ RunTime:0.0002s ]
SQL: SELECT b.attr_name,a.attr_value FROM s11_goods_attr a INNER JOIN s11_attribute b ON a.attr_id=b.id  WHERE a.id IN ('81','86')  [ RunTime:0.0002s ]
SQL: SELECT `goods_name`,`mid_logo` FROM `s11_goods` WHERE `id` = 1 LIMIT 1   [ RunTime:0.0002s ]
SQL: SELECT `promote_price` FROM `s11_goods` WHERE `id` = '1' AND `promote_price` > 0 AND `promote_start_date` <= '2017-03-24 15:51:56' AND `promote_end_date` >= '2017-03-24 15:51:56' AND `is_on_sale` = '是' LIMIT 1   [ RunTime:0.0002s ]
SQL: SELECT `price` FROM `s11_member_price` WHERE `level_id` = '2' AND `goods_id` = '1' LIMIT 1   [ RunTime:0.0002s ]
SQL: SELECT b.attr_name,a.attr_value FROM s11_goods_attr a INNER JOIN s11_attribute b ON a.attr_id=b.id  WHERE a.id IN ('82','86')  [ RunTime:0.0002s ]
SQL: SELECT `goods_name`,`mid_logo` FROM `s11_goods` WHERE `id` = 1 LIMIT 1   [ RunTime:0.0002s ]
SQL: SELECT `promote_price` FROM `s11_goods` WHERE `id` = '1' AND `promote_price` > 0 AND `promote_start_date` <= '2017-03-24 15:51:56' AND `promote_end_date` >= '2017-03-24 15:51:56' AND `is_on_sale` = '是' LIMIT 1   [ RunTime:0.0002s ]
SQL: SELECT `price` FROM `s11_member_price` WHERE `level_id` = '2' AND `goods_id` = '1' LIMIT 1   [ RunTime:0.0002s ]
SQL: SELECT b.attr_name,a.attr_value FROM s11_goods_attr a INNER JOIN s11_attribute b ON a.attr_id=b.id  WHERE a.id IN ('82','87')  [ RunTime:0.0002s ]
SQL: SELECT `goods_name`,`mid_logo` FROM `s11_goods` WHERE `id` = 1 LIMIT 1   [ RunTime:0.0002s ]
SQL: SELECT `promote_price` FROM `s11_goods` WHERE `id` = '1' AND `promote_price` > 0 AND `promote_start_date` <= '2017-03-24 15:51:56' AND `promote_end_date` >= '2017-03-24 15:51:56' AND `is_on_sale` = '是' LIMIT 1   [ RunTime:0.0002s ]
SQL: SELECT `price` FROM `s11_member_price` WHERE `level_id` = '2' AND `goods_id` = '1' LIMIT 1   [ RunTime:0.0002s ]
SQL: SELECT b.attr_name,a.attr_value FROM s11_goods_attr a INNER JOIN s11_attribute b ON a.attr_id=b.id  WHERE a.id IN ('83','87')  [ RunTime:0.0002s ]
SQL: SELECT `goods_name`,`mid_logo` FROM `s11_goods` WHERE `id` = 2 LIMIT 1   [ RunTime:0.0002s ]
SQL: SELECT `promote_price` FROM `s11_goods` WHERE `id` = '2' AND `promote_price` > 0 AND `promote_start_date` <= '2017-03-24 15:51:56' AND `promote_end_date` >= '2017-03-24 15:51:56' AND `is_on_sale` = '是' LIMIT 1   [ RunTime:0.0004s ]
SQL: SELECT `price` FROM `s11_member_price` WHERE `level_id` = '2' AND `goods_id` = '2' LIMIT 1   [ RunTime:0.0002s ]

[ 2017-03-24T15:51:57+08:00 ] 127.0.0.1 /index.php/Home/Cart/lst.html
INFO: [ app_init ] --START--
INFO: Run Behavior\BuildLiteBehavior [ RunTime:0.000048s ]
INFO: [ app_init ] --END-- [ RunTime:0.000566s ]
INFO: [ app_begin ] --START--
INFO: Run Behavior\ReadHtmlCacheBehavior [ RunTime:0.000661s ]
INFO: [ app_begin ] --END-- [ RunTime:0.000732s ]
NOTIC: [2048] Declaration of Home\Model\CartModel::add() should be compatible with that of Think\Model::add() E:\amp\www\www.0211.com\Application\Home\Model\CartModel.class.php 第 5 行.
SQL: SHOW COLUMNS FROM `s11_cart` [ RunTime:0.0006s ]
SQL: SELECT * FROM `s11_cart` WHERE `member_id` = '1'  [ RunTime:0.0002s ]
SQL: SHOW COLUMNS FROM `s11_goods` [ RunTime:0.0022s ]
NOTIC: D方法实例化没找到模型类Admin\Model\GoodsAttrModel
SQL: SHOW COLUMNS FROM `s11_goods_attr` [ RunTime:0.0007s ]
SQL: SELECT `goods_name`,`mid_logo` FROM `s11_goods` WHERE `id` = 1 LIMIT 1   [ RunTime:0.0002s ]
SQL: SELECT `promote_price` FROM `s11_goods` WHERE `id` = '1' AND `promote_price` > 0 AND `promote_start_date` <= '2017-03-24 15:51:57' AND `promote_end_date` >= '2017-03-24 15:51:57' AND `is_on_sale` = '是' LIMIT 1   [ RunTime:0.0004s ]
SQL: SHOW COLUMNS FROM `s11_member_price` [ RunTime:0.0006s ]
SQL: SELECT `price` FROM `s11_member_price` WHERE `level_id` = '2' AND `goods_id` = '1' LIMIT 1   [ RunTime:0.0002s ]
SQL: SELECT b.attr_name,a.attr_value FROM s11_goods_attr a INNER JOIN s11_attribute b ON a.attr_id=b.id  WHERE a.id IN ('81','86')  [ RunTime:0.0002s ]
SQL: SELECT `goods_name`,`mid_logo` FROM `s11_goods` WHERE `id` = 1 LIMIT 1   [ RunTime:0.0002s ]
SQL: SELECT `promote_price` FROM `s11_goods` WHERE `id` = '1' AND `promote_price` > 0 AND `promote_start_date` <= '2017-03-24 15:51:57' AND `promote_end_date` >= '2017-03-24 15:51:57' AND `is_on_sale` = '是' LIMIT 1   [ RunTime:0.0001s ]
SQL: SELECT `price` FROM `s11_member_price` WHERE `level_id` = '2' AND `goods_id` = '1' LIMIT 1   [ RunTime:0.0002s ]
SQL: SELECT b.attr_name,a.attr_value FROM s11_goods_attr a INNER JOIN s11_attribute b ON a.attr_id=b.id  WHERE a.id IN ('82','86')  [ RunTime:0.0002s ]
SQL: SELECT `goods_name`,`mid_logo` FROM `s11_goods` WHERE `id` = 1 LIMIT 1   [ RunTime:0.0001s ]
SQL: SELECT `promote_price` FROM `s11_goods` WHERE `id` = '1' AND `promote_price` > 0 AND `promote_start_date` <= '2017-03-24 15:51:57' AND `promote_end_date` >= '2017-03-24 15:51:57' AND `is_on_sale` = '是' LIMIT 1   [ RunTime:0.0001s ]
SQL: SELECT `price` FROM `s11_member_price` WHERE `level_id` = '2' AND `goods_id` = '1' LIMIT 1   [ RunTime:0.0002s ]
SQL: SELECT b.attr_name,a.attr_value FROM s11_goods_attr a INNER JOIN s11_attribute b ON a.attr_id=b.id  WHERE a.id IN ('82','87')  [ RunTime:0.0002s ]
SQL: SELECT `goods_name`,`mid_logo` FROM `s11_goods` WHERE `id` = 1 LIMIT 1   [ RunTime:0.0001s ]
SQL: SELECT `promote_price` FROM `s11_goods` WHERE `id` = '1' AND `promote_price` > 0 AND `promote_start_date` <= '2017-03-24 15:51:57' AND `promote_end_date` >= '2017-03-24 15:51:57' AND `is_on_sale` = '是' LIMIT 1   [ RunTime:0.0001s ]
SQL: SELECT `price` FROM `s11_member_price` WHERE `level_id` = '2' AND `goods_id` = '1' LIMIT 1   [ RunTime:0.0002s ]
SQL: SELECT b.attr_name,a.attr_value FROM s11_goods_attr a INNER JOIN s11_attribute b ON a.attr_id=b.id  WHERE a.id IN ('83','87')  [ RunTime:0.0002s ]
SQL: SELECT `goods_name`,`mid_logo` FROM `s11_goods` WHERE `id` = 2 LIMIT 1   [ RunTime:0.0002s ]
SQL: SELECT `promote_price` FROM `s11_goods` WHERE `id` = '2' AND `promote_price` > 0 AND `promote_start_date` <= '2017-03-24 15:51:57' AND `promote_end_date` >= '2017-03-24 15:51:57' AND `is_on_sale` = '是' LIMIT 1   [ RunTime:0.0006s ]
SQL: SELECT `price` FROM `s11_member_price` WHERE `level_id` = '2' AND `goods_id` = '2' LIMIT 1   [ RunTime:0.0002s ]
INFO: [ view_parse ] --START--
INFO: [ template_filter ] --START--
INFO: Run Behavior\ContentReplaceBehavior [ RunTime:0.000073s ]
INFO: [ template_filter ] --END-- [ RunTime:0.000152s ]
NOTIC: [8] Undefined index: gaData E:\amp\www\www.0211.com\Application\Runtime\Cache\Home\ad731cb508cb3d23cea25bb6848941ce.php 第 66 行.
NOTIC: [2] Invalid argument supplied for foreach() E:\amp\www\www.0211.com\Application\Runtime\Cache\Home\ad731cb508cb3d23cea25bb6848941ce.php 第 66 行.
INFO: Run Behavior\ParseTemplateBehavior [ RunTime:0.011128s ]
INFO: [ view_parse ] --END-- [ RunTime:0.011212s ]
INFO: [ view_filter ] --START--
INFO: Run Behavior\WriteHtmlCacheBehavior [ RunTime:0.000582s ]
INFO: [ view_filter ] --END-- [ RunTime:0.000638s ]
INFO: [ app_end ] --START--
INFO: Run Behavior\ShowPageTraceBehavior [ RunTime:0.000825s ]
INFO: [ app_end ] --END-- [ RunTime:0.000887s ]

[ 2017-03-24T15:51:57+08:00 ] 127.0.0.1 /index.php/Home/Member/ajaxChkLogin.html
INFO: [ app_init ] --START--
INFO: Run Behavior\BuildLiteBehavior [ RunTime:0.000028s ]
INFO: [ app_init ] --END-- [ RunTime:0.000811s ]
INFO: [ app_begin ] --START--
INFO: Run Behavior\ReadHtmlCacheBehavior [ RunTime:0.001157s ]
INFO: [ app_begin ] --END-- [ RunTime:0.001267s ]

[ 2017-03-24T15:52:30+08:00 ] 127.0.0.1 /index.php/Home/Member/ajaxChkLogin.html
INFO: [ app_init ] --START--
INFO: Run Behavior\BuildLiteBehavior [ RunTime:0.000027s ]
INFO: [ app_init ] --END-- [ RunTime:0.001132s ]
INFO: [ app_begin ] --START--
INFO: Run Behavior\ReadHtmlCacheBehavior [ RunTime:0.010798s ]
INFO: [ app_begin ] --END-- [ RunTime:0.010914s ]

[ 2017-03-24T15:52:31+08:00 ] 127.0.0.1 /index.php/Home/Cart/ajaxGetCartList.html
INFO: [ app_init ] --START--
INFO: Run Behavior\BuildLiteBehavior [ RunTime:0.000016s ]
INFO: [ app_init ] --END-- [ RunTime:0.000553s ]
INFO: [ app_begin ] --START--
INFO: Run Behavior\ReadHtmlCacheBehavior [ RunTime:0.000821s ]
INFO: [ app_begin ] --END-- [ RunTime:0.000890s ]
NOTIC: [2048] Declaration of Home\Model\CartModel::add() should be compatible with that of Think\Model::add() E:\amp\www\www.0211.com\Application\Home\Model\CartModel.class.php 第 5 行.
SQL: SHOW COLUMNS FROM `s11_cart` [ RunTime:0.0009s ]
SQL: SELECT * FROM `s11_cart` WHERE `member_id` = '1'  [ RunTime:0.0003s ]
SQL: SHOW COLUMNS FROM `s11_goods` [ RunTime:0.0009s ]
NOTIC: D方法实例化没找到模型类Admin\Model\GoodsAttrModel
SQL: SHOW COLUMNS FROM `s11_goods_attr` [ RunTime:0.0006s ]
SQL: SELECT `goods_name`,`mid_logo` FROM `s11_goods` WHERE `id` = 1 LIMIT 1   [ RunTime:0.0002s ]
SQL: SELECT `promote_price` FROM `s11_goods` WHERE `id` = '1' AND `promote_price` > 0 AND `promote_start_date` <= '2017-03-24 15:52:31' AND `promote_end_date` >= '2017-03-24 15:52:31' AND `is_on_sale` = '是' LIMIT 1   [ RunTime:0.0005s ]
SQL: SHOW COLUMNS FROM `s11_member_price` [ RunTime:0.0007s ]
SQL: SELECT `price` FROM `s11_member_price` WHERE `level_id` = '2' AND `goods_id` = '1' LIMIT 1   [ RunTime:0.0003s ]
SQL: SELECT b.attr_name,a.attr_value FROM s11_goods_attr a INNER JOIN s11_attribute b ON a.attr_id=b.id  WHERE a.id IN ('81','86')  [ RunTime:0.0003s ]
SQL: SELECT `goods_name`,`mid_logo` FROM `s11_goods` WHERE `id` = 1 LIMIT 1   [ RunTime:0.0002s ]
SQL: SELECT `promote_price` FROM `s11_goods` WHERE `id` = '1' AND `promote_price` > 0 AND `promote_start_date` <= '2017-03-24 15:52:31' AND `promote_end_date` >= '2017-03-24 15:52:31' AND `is_on_sale` = '是' LIMIT 1   [ RunTime:0.0002s ]
SQL: SELECT `price` FROM `s11_member_price` WHERE `level_id` = '2' AND `goods_id` = '1' LIMIT 1   [ RunTime:0.0002s ]
SQL: SELECT b.attr_name,a.attr_value FROM s11_goods_attr a INNER JOIN s11_attribute b ON a.attr_id=b.id  WHERE a.id IN ('82','86')  [ RunTime:0.0002s ]
SQL: SELECT `goods_name`,`mid_logo` FROM `s11_goods` WHERE `id` = 1 LIMIT 1   [ RunTime:0.0002s ]
SQL: SELECT `promote_price` FROM `s11_goods` WHERE `id` = '1' AND `promote_price` > 0 AND `promote_start_date` <= '2017-03-24 15:52:31' AND `promote_end_date` >= '2017-03-24 15:52:31' AND `is_on_sale` = '是' LIMIT 1   [ RunTime:0.0002s ]
SQL: SELECT `price` FROM `s11_member_price` WHERE `level_id` = '2' AND `goods_id` = '1' LIMIT 1   [ RunTime:0.0002s ]
SQL: SELECT b.attr_name,a.attr_value FROM s11_goods_attr a INNER JOIN s11_attribute b ON a.attr_id=b.id  WHERE a.id IN ('82','87')  [ RunTime:0.0002s ]
SQL: SELECT `goods_name`,`mid_logo` FROM `s11_goods` WHERE `id` = 1 LIMIT 1   [ RunTime:0.0002s ]
SQL: SELECT `promote_price` FROM `s11_goods` WHERE `id` = '1' AND `promote_price` > 0 AND `promote_start_date` <= '2017-03-24 15:52:31' AND `promote_end_date` >= '2017-03-24 15:52:31' AND `is_on_sale` = '是' LIMIT 1   [ RunTime:0.0002s ]
SQL: SELECT `price` FROM `s11_member_price` WHERE `level_id` = '2' AND `goods_id` = '1' LIMIT 1   [ RunTime:0.0002s ]
SQL: SELECT b.attr_name,a.attr_value FROM s11_goods_attr a INNER JOIN s11_attribute b ON a.attr_id=b.id  WHERE a.id IN ('83','87')  [ RunTime:0.0002s ]
SQL: SELECT `goods_name`,`mid_logo` FROM `s11_goods` WHERE `id` = 2 LIMIT 1   [ RunTime:0.0002s ]
SQL: SELECT `promote_price` FROM `s11_goods` WHERE `id` = '2' AND `promote_price` > 0 AND `promote_start_date` <= '2017-03-24 15:52:31' AND `promote_end_date` >= '2017-03-24 15:52:31' AND `is_on_sale` = '是' LIMIT 1   [ RunTime:0.0004s ]
SQL: SELECT `price` FROM `s11_member_price` WHERE `level_id` = '2' AND `goods_id` = '2' LIMIT 1   [ RunTime:0.0002s ]

[ 2017-03-24T15:52:32+08:00 ] 127.0.0.1 /index.php/Home/Cart/lst.html
INFO: [ app_init ] --START--
INFO: Run Behavior\BuildLiteBehavior [ RunTime:0.000018s ]
INFO: [ app_init ] --END-- [ RunTime:0.000523s ]
INFO: [ app_begin ] --START--
INFO: Run Behavior\ReadHtmlCacheBehavior [ RunTime:0.000672s ]
INFO: [ app_begin ] --END-- [ RunTime:0.000733s ]
NOTIC: [2048] Declaration of Home\Model\CartModel::add() should be compatible with that of Think\Model::add() E:\amp\www\www.0211.com\Application\Home\Model\CartModel.class.php 第 5 行.
SQL: SHOW COLUMNS FROM `s11_cart` [ RunTime:0.0006s ]
SQL: SELECT * FROM `s11_cart` WHERE `member_id` = '1'  [ RunTime:0.0003s ]
SQL: SHOW COLUMNS FROM `s11_goods` [ RunTime:0.0009s ]
NOTIC: D方法实例化没找到模型类Admin\Model\GoodsAttrModel
SQL: SHOW COLUMNS FROM `s11_goods_attr` [ RunTime:0.0006s ]
SQL: SELECT `goods_name`,`mid_logo` FROM `s11_goods` WHERE `id` = 1 LIMIT 1   [ RunTime:0.0002s ]
SQL: SELECT `promote_price` FROM `s11_goods` WHERE `id` = '1' AND `promote_price` > 0 AND `promote_start_date` <= '2017-03-24 15:52:32' AND `promote_end_date` >= '2017-03-24 15:52:32' AND `is_on_sale` = '是' LIMIT 1   [ RunTime:0.0005s ]
SQL: SHOW COLUMNS FROM `s11_member_price` [ RunTime:0.0014s ]
SQL: SELECT `price` FROM `s11_member_price` WHERE `level_id` = '2' AND `goods_id` = '1' LIMIT 1   [ RunTime:0.0003s ]
SQL: SELECT b.attr_name,a.attr_value FROM s11_goods_attr a INNER JOIN s11_attribute b ON a.attr_id=b.id  WHERE a.id IN ('81','86')  [ RunTime:0.0003s ]
SQL: SELECT `goods_name`,`mid_logo` FROM `s11_goods` WHERE `id` = 1 LIMIT 1   [ RunTime:0.0002s ]
SQL: SELECT `promote_price` FROM `s11_goods` WHERE `id` = '1' AND `promote_price` > 0 AND `promote_start_date` <= '2017-03-24 15:52:32' AND `promote_end_date` >= '2017-03-24 15:52:32' AND `is_on_sale` = '是' LIMIT 1   [ RunTime:0.0002s ]
SQL: SELECT `price` FROM `s11_member_price` WHERE `level_id` = '2' AND `goods_id` = '1' LIMIT 1   [ RunTime:0.0002s ]
SQL: SELECT b.attr_name,a.attr_value FROM s11_goods_attr a INNER JOIN s11_attribute b ON a.attr_id=b.id  WHERE a.id IN ('82','86')  [ RunTime:0.0002s ]
SQL: SELECT `goods_name`,`mid_logo` FROM `s11_goods` WHERE `id` = 1 LIMIT 1   [ RunTime:0.0002s ]
SQL: SELECT `promote_price` FROM `s11_goods` WHERE `id` = '1' AND `promote_price` > 0 AND `promote_start_date` <= '2017-03-24 15:52:32' AND `promote_end_date` >= '2017-03-24 15:52:32' AND `is_on_sale` = '是' LIMIT 1   [ RunTime:0.0002s ]
SQL: SELECT `price` FROM `s11_member_price` WHERE `level_id` = '2' AND `goods_id` = '1' LIMIT 1   [ RunTime:0.0002s ]
SQL: SELECT b.attr_name,a.attr_value FROM s11_goods_attr a INNER JOIN s11_attribute b ON a.attr_id=b.id  WHERE a.id IN ('82','87')  [ RunTime:0.0002s ]
SQL: SELECT `goods_name`,`mid_logo` FROM `s11_goods` WHERE `id` = 1 LIMIT 1   [ RunTime:0.0002s ]
SQL: SELECT `promote_price` FROM `s11_goods` WHERE `id` = '1' AND `promote_price` > 0 AND `promote_start_date` <= '2017-03-24 15:52:32' AND `promote_end_date` >= '2017-03-24 15:52:32' AND `is_on_sale` = '是' LIMIT 1   [ RunTime:0.0002s ]
SQL: SELECT `price` FROM `s11_member_price` WHERE `level_id` = '2' AND `goods_id` = '1' LIMIT 1   [ RunTime:0.0002s ]
SQL: SELECT b.attr_name,a.attr_value FROM s11_goods_attr a INNER JOIN s11_attribute b ON a.attr_id=b.id  WHERE a.id IN ('83','87')  [ RunTime:0.0002s ]
SQL: SELECT `goods_name`,`mid_logo` FROM `s11_goods` WHERE `id` = 2 LIMIT 1   [ RunTime:0.0002s ]
SQL: SELECT `promote_price` FROM `s11_goods` WHERE `id` = '2' AND `promote_price` > 0 AND `promote_start_date` <= '2017-03-24 15:52:32' AND `promote_end_date` >= '2017-03-24 15:52:32' AND `is_on_sale` = '是' LIMIT 1   [ RunTime:0.0004s ]
SQL: SELECT `price` FROM `s11_member_price` WHERE `level_id` = '2' AND `goods_id` = '2' LIMIT 1   [ RunTime:0.0002s ]
INFO: [ view_parse ] --START--
INFO: [ template_filter ] --START--
INFO: Run Behavior\ContentReplaceBehavior [ RunTime:0.000065s ]
INFO: [ template_filter ] --END-- [ RunTime:0.000139s ]
NOTIC: [8] Undefined index: gaData E:\amp\www\www.0211.com\Application\Runtime\Cache\Home\ad731cb508cb3d23cea25bb6848941ce.php 第 66 行.
NOTIC: [2] Invalid argument supplied for foreach() E:\amp\www\www.0211.com\Application\Runtime\Cache\Home\ad731cb508cb3d23cea25bb6848941ce.php 第 66 行.
INFO: Run Behavior\ParseTemplateBehavior [ RunTime:0.010388s ]
INFO: [ view_parse ] --END-- [ RunTime:0.010458s ]
INFO: [ view_filter ] --START--
INFO: Run Behavior\WriteHtmlCacheBehavior [ RunTime:0.000582s ]
INFO: [ view_filter ] --END-- [ RunTime:0.000632s ]
INFO: [ app_end ] --START--
INFO: Run Behavior\ShowPageTraceBehavior [ RunTime:0.000798s ]
INFO: [ app_end ] --END-- [ RunTime:0.000853s ]

[ 2017-03-24T15:52:33+08:00 ] 127.0.0.1 /index.php/Home/Member/ajaxChkLogin.html
INFO: [ app_init ] --START--
INFO: Run Behavior\BuildLiteBehavior [ RunTime:0.000018s ]
INFO: [ app_init ] --END-- [ RunTime:0.000526s ]
INFO: [ app_begin ] --START--
INFO: Run Behavior\ReadHtmlCacheBehavior [ RunTime:0.000732s ]
INFO: [ app_begin ] --END-- [ RunTime:0.000813s ]

[ 2017-03-24T15:52:38+08:00 ] 127.0.0.1 /index.php/Home/Member/ajaxChkLogin.html
INFO: [ app_init ] --START--
INFO: Run Behavior\BuildLiteBehavior [ RunTime:0.000019s ]
INFO: [ app_init ] --END-- [ RunTime:0.000549s ]
INFO: [ app_begin ] --START--
INFO: Run Behavior\ReadHtmlCacheBehavior [ RunTime:0.000718s ]
INFO: [ app_begin ] --END-- [ RunTime:0.000794s ]

[ 2017-03-24T15:52:38+08:00 ] 127.0.0.1 /index.php/Home/Cart/ajaxGetCartList.html
INFO: [ app_init ] --START--
INFO: Run Behavior\BuildLiteBehavior [ RunTime:0.000018s ]
INFO: [ app_init ] --END-- [ RunTime:0.000512s ]
INFO: [ app_begin ] --START--
INFO: Run Behavior\ReadHtmlCacheBehavior [ RunTime:0.001051s ]
INFO: [ app_begin ] --END-- [ RunTime:0.001131s ]
NOTIC: [2048] Declaration of Home\Model\CartModel::add() should be compatible with that of Think\Model::add() E:\amp\www\www.0211.com\Application\Home\Model\CartModel.class.php 第 5 行.
SQL: SHOW COLUMNS FROM `s11_cart` [ RunTime:0.0007s ]
SQL: SELECT * FROM `s11_cart` WHERE `member_id` = '1'  [ RunTime:0.0002s ]
SQL: SHOW COLUMNS FROM `s11_goods` [ RunTime:0.0009s ]
NOTIC: D方法实例化没找到模型类Admin\Model\GoodsAttrModel
SQL: SHOW COLUMNS FROM `s11_goods_attr` [ RunTime:0.0007s ]
SQL: SELECT `goods_name`,`mid_logo` FROM `s11_goods` WHERE `id` = 1 LIMIT 1   [ RunTime:0.0002s ]
SQL: SELECT `promote_price` FROM `s11_goods` WHERE `id` = '1' AND `promote_price` > 0 AND `promote_start_date` <= '2017-03-24 15:52:38' AND `promote_end_date` >= '2017-03-24 15:52:38' AND `is_on_sale` = '是' LIMIT 1   [ RunTime:0.0004s ]
SQL: SHOW COLUMNS FROM `s11_member_price` [ RunTime:0.0006s ]
SQL: SELECT `price` FROM `s11_member_price` WHERE `level_id` = '2' AND `goods_id` = '1' LIMIT 1   [ RunTime:0.0002s ]
SQL: SELECT b.attr_name,a.attr_value FROM s11_goods_attr a INNER JOIN s11_attribute b ON a.attr_id=b.id  WHERE a.id IN ('81','86')  [ RunTime:0.0002s ]
SQL: SELECT `goods_name`,`mid_logo` FROM `s11_goods` WHERE `id` = 1 LIMIT 1   [ RunTime:0.0002s ]
SQL: SELECT `promote_price` FROM `s11_goods` WHERE `id` = '1' AND `promote_price` > 0 AND `promote_start_date` <= '2017-03-24 15:52:38' AND `promote_end_date` >= '2017-03-24 15:52:38' AND `is_on_sale` = '是' LIMIT 1   [ RunTime:0.0002s ]
SQL: SELECT `price` FROM `s11_member_price` WHERE `level_id` = '2' AND `goods_id` = '1' LIMIT 1   [ RunTime:0.0002s ]
SQL: SELECT b.attr_name,a.attr_value FROM s11_goods_attr a INNER JOIN s11_attribute b ON a.attr_id=b.id  WHERE a.id IN ('82','86')  [ RunTime:0.0002s ]
SQL: SELECT `goods_name`,`mid_logo` FROM `s11_goods` WHERE `id` = 1 LIMIT 1   [ RunTime:0.0003s ]
SQL: SELECT `promote_price` FROM `s11_goods` WHERE `id` = '1' AND `promote_price` > 0 AND `promote_start_date` <= '2017-03-24 15:52:38' AND `promote_end_date` >= '2017-03-24 15:52:38' AND `is_on_sale` = '是' LIMIT 1   [ RunTime:0.0002s ]
SQL: SELECT `price` FROM `s11_member_price` WHERE `level_id` = '2' AND `goods_id` = '1' LIMIT 1   [ RunTime:0.0003s ]
SQL: SELECT b.attr_name,a.attr_value FROM s11_goods_attr a INNER JOIN s11_attribute b ON a.attr_id=b.id  WHERE a.id IN ('82','87')  [ RunTime:0.0003s ]
SQL: SELECT `goods_name`,`mid_logo` FROM `s11_goods` WHERE `id` = 1 LIMIT 1   [ RunTime:0.0002s ]
SQL: SELECT `promote_price` FROM `s11_goods` WHERE `id` = '1' AND `promote_price` > 0 AND `promote_start_date` <= '2017-03-24 15:52:38' AND `promote_end_date` >= '2017-03-24 15:52:38' AND `is_on_sale` = '是' LIMIT 1   [ RunTime:0.0002s ]
SQL: SELECT `price` FROM `s11_member_price` WHERE `level_id` = '2' AND `goods_id` = '1' LIMIT 1   [ RunTime:0.0002s ]
SQL: SELECT b.attr_name,a.attr_value FROM s11_goods_attr a INNER JOIN s11_attribute b ON a.attr_id=b.id  WHERE a.id IN ('83','87')  [ RunTime:0.0002s ]
SQL: SELECT `goods_name`,`mid_logo` FROM `s11_goods` WHERE `id` = 2 LIMIT 1   [ RunTime:0.0002s ]
SQL: SELECT `promote_price` FROM `s11_goods` WHERE `id` = '2' AND `promote_price` > 0 AND `promote_start_date` <= '2017-03-24 15:52:38' AND `promote_end_date` >= '2017-03-24 15:52:38' AND `is_on_sale` = '是' LIMIT 1   [ RunTime:0.0005s ]
SQL: SELECT `price` FROM `s11_member_price` WHERE `level_id` = '2' AND `goods_id` = '2' LIMIT 1   [ RunTime:0.0003s ]

[ 2017-03-24T15:52:39+08:00 ] 127.0.0.1 /index.php/Home/Cart/ajaxGetCartList.html
INFO: [ app_init ] --START--
INFO: Run Behavior\BuildLiteBehavior [ RunTime:0.000018s ]
INFO: [ app_init ] --END-- [ RunTime:0.000644s ]
INFO: [ app_begin ] --START--
INFO: Run Behavior\ReadHtmlCacheBehavior [ RunTime:0.000696s ]
INFO: [ app_begin ] --END-- [ RunTime:0.000753s ]
NOTIC: [2048] Declaration of Home\Model\CartModel::add() should be compatible with that of Think\Model::add() E:\amp\www\www.0211.com\Application\Home\Model\CartModel.class.php 第 5 行.
SQL: SHOW COLUMNS FROM `s11_cart` [ RunTime:0.0006s ]
SQL: SELECT * FROM `s11_cart` WHERE `member_id` = '1'  [ RunTime:0.0002s ]
SQL: SHOW COLUMNS FROM `s11_goods` [ RunTime:0.0008s ]
NOTIC: D方法实例化没找到模型类Admin\Model\GoodsAttrModel
SQL: SHOW COLUMNS FROM `s11_goods_attr` [ RunTime:0.0007s ]
SQL: SELECT `goods_name`,`mid_logo` FROM `s11_goods` WHERE `id` = 1 LIMIT 1   [ RunTime:0.0002s ]
SQL: SELECT `promote_price` FROM `s11_goods` WHERE `id` = '1' AND `promote_price` > 0 AND `promote_start_date` <= '2017-03-24 15:52:39' AND `promote_end_date` >= '2017-03-24 15:52:39' AND `is_on_sale` = '是' LIMIT 1   [ RunTime:0.0004s ]
SQL: SHOW COLUMNS FROM `s11_member_price` [ RunTime:0.0017s ]
SQL: SELECT `price` FROM `s11_member_price` WHERE `level_id` = '2' AND `goods_id` = '1' LIMIT 1   [ RunTime:0.0004s ]
SQL: SELECT b.attr_name,a.attr_value FROM s11_goods_attr a INNER JOIN s11_attribute b ON a.attr_id=b.id  WHERE a.id IN ('81','86')  [ RunTime:0.0004s ]
SQL: SELECT `goods_name`,`mid_logo` FROM `s11_goods` WHERE `id` = 1 LIMIT 1   [ RunTime:0.0002s ]
SQL: SELECT `promote_price` FROM `s11_goods` WHERE `id` = '1' AND `promote_price` > 0 AND `promote_start_date` <= '2017-03-24 15:52:39' AND `promote_end_date` >= '2017-03-24 15:52:39' AND `is_on_sale` = '是' LIMIT 1   [ RunTime:0.0002s ]
SQL: SELECT `price` FROM `s11_member_price` WHERE `level_id` = '2' AND `goods_id` = '1' LIMIT 1   [ RunTime:0.0002s ]
SQL: SELECT b.attr_name,a.attr_value FROM s11_goods_attr a INNER JOIN s11_attribute b ON a.attr_id=b.id  WHERE a.id IN ('82','86')  [ RunTime:0.0002s ]
SQL: SELECT `goods_name`,`mid_logo` FROM `s11_goods` WHERE `id` = 1 LIMIT 1   [ RunTime:0.0002s ]
SQL: SELECT `promote_price` FROM `s11_goods` WHERE `id` = '1' AND `promote_price` > 0 AND `promote_start_date` <= '2017-03-24 15:52:39' AND `promote_end_date` >= '2017-03-24 15:52:39' AND `is_on_sale` = '是' LIMIT 1   [ RunTime:0.0002s ]
SQL: SELECT `price` FROM `s11_member_price` WHERE `level_id` = '2' AND `goods_id` = '1' LIMIT 1   [ RunTime:0.0002s ]
SQL: SELECT b.attr_name,a.attr_value FROM s11_goods_attr a INNER JOIN s11_attribute b ON a.attr_id=b.id  WHERE a.id IN ('82','87')  [ RunTime:0.0002s ]
SQL: SELECT `goods_name`,`mid_logo` FROM `s11_goods` WHERE `id` = 1 LIMIT 1   [ RunTime:0.0002s ]
SQL: SELECT `promote_price` FROM `s11_goods` WHERE `id` = '1' AND `promote_price` > 0 AND `promote_start_date` <= '2017-03-24 15:52:39' AND `promote_end_date` >= '2017-03-24 15:52:39' AND `is_on_sale` = '是' LIMIT 1   [ RunTime:0.0002s ]
SQL: SELECT `price` FROM `s11_member_price` WHERE `level_id` = '2' AND `goods_id` = '1' LIMIT 1   [ RunTime:0.0002s ]
SQL: SELECT b.attr_name,a.attr_value FROM s11_goods_attr a INNER JOIN s11_attribute b ON a.attr_id=b.id  WHERE a.id IN ('83','87')  [ RunTime:0.0002s ]
SQL: SELECT `goods_name`,`mid_logo` FROM `s11_goods` WHERE `id` = 2 LIMIT 1   [ RunTime:0.0002s ]
SQL: SELECT `promote_price` FROM `s11_goods` WHERE `id` = '2' AND `promote_price` > 0 AND `promote_start_date` <= '2017-03-24 15:52:39' AND `promote_end_date` >= '2017-03-24 15:52:39' AND `is_on_sale` = '是' LIMIT 1   [ RunTime:0.0004s ]
SQL: SELECT `price` FROM `s11_member_price` WHERE `level_id` = '2' AND `goods_id` = '2' LIMIT 1   [ RunTime:0.0001s ]

[ 2017-03-24T15:52:39+08:00 ] 127.0.0.1 /index.php/Home/Cart/lst.html
INFO: [ app_init ] --START--
INFO: Run Behavior\BuildLiteBehavior [ RunTime:0.000025s ]
INFO: [ app_init ] --END-- [ RunTime:0.000573s ]
INFO: [ app_begin ] --START--
INFO: Run Behavior\ReadHtmlCacheBehavior [ RunTime:0.000712s ]
INFO: [ app_begin ] --END-- [ RunTime:0.000794s ]
NOTIC: [2048] Declaration of Home\Model\CartModel::add() should be compatible with that of Think\Model::add() E:\amp\www\www.0211.com\Application\Home\Model\CartModel.class.php 第 5 行.
SQL: SHOW COLUMNS FROM `s11_cart` [ RunTime:0.0006s ]
SQL: SELECT * FROM `s11_cart` WHERE `member_id` = '1'  [ RunTime:0.0002s ]
SQL: SHOW COLUMNS FROM `s11_goods` [ RunTime:0.0009s ]
NOTIC: D方法实例化没找到模型类Admin\Model\GoodsAttrModel
SQL: SHOW COLUMNS FROM `s11_goods_attr` [ RunTime:0.0012s ]
SQL: SELECT `goods_name`,`mid_logo` FROM `s11_goods` WHERE `id` = 1 LIMIT 1   [ RunTime:0.0004s ]
SQL: SELECT `promote_price` FROM `s11_goods` WHERE `id` = '1' AND `promote_price` > 0 AND `promote_start_date` <= '2017-03-24 15:52:39' AND `promote_end_date` >= '2017-03-24 15:52:39' AND `is_on_sale` = '是' LIMIT 1   [ RunTime:0.0002s ]
SQL: SHOW COLUMNS FROM `s11_member_price` [ RunTime:0.0006s ]
SQL: SELECT `price` FROM `s11_member_price` WHERE `level_id` = '2' AND `goods_id` = '1' LIMIT 1   [ RunTime:0.0002s ]
SQL: SELECT b.attr_name,a.attr_value FROM s11_goods_attr a INNER JOIN s11_attribute b ON a.attr_id=b.id  WHERE a.id IN ('81','86')  [ RunTime:0.0002s ]
SQL: SELECT `goods_name`,`mid_logo` FROM `s11_goods` WHERE `id` = 1 LIMIT 1   [ RunTime:0.0002s ]
SQL: SELECT `promote_price` FROM `s11_goods` WHERE `id` = '1' AND `promote_price` > 0 AND `promote_start_date` <= '2017-03-24 15:52:39' AND `promote_end_date` >= '2017-03-24 15:52:39' AND `is_on_sale` = '是' LIMIT 1   [ RunTime:0.0002s ]
SQL: SELECT `price` FROM `s11_member_price` WHERE `level_id` = '2' AND `goods_id` = '1' LIMIT 1   [ RunTime:0.0002s ]
SQL: SELECT b.attr_name,a.attr_value FROM s11_goods_attr a INNER JOIN s11_attribute b ON a.attr_id=b.id  WHERE a.id IN ('82','86')  [ RunTime:0.0002s ]
SQL: SELECT `goods_name`,`mid_logo` FROM `s11_goods` WHERE `id` = 1 LIMIT 1   [ RunTime:0.0002s ]
SQL: SELECT `promote_price` FROM `s11_goods` WHERE `id` = '1' AND `promote_price` > 0 AND `promote_start_date` <= '2017-03-24 15:52:39' AND `promote_end_date` >= '2017-03-24 15:52:39' AND `is_on_sale` = '是' LIMIT 1   [ RunTime:0.0002s ]
SQL: SELECT `price` FROM `s11_member_price` WHERE `level_id` = '2' AND `goods_id` = '1' LIMIT 1   [ RunTime:0.0002s ]
SQL: SELECT b.attr_name,a.attr_value FROM s11_goods_attr a INNER JOIN s11_attribute b ON a.attr_id=b.id  WHERE a.id IN ('82','87')  [ RunTime:0.0002s ]
SQL: SELECT `goods_name`,`mid_logo` FROM `s11_goods` WHERE `id` = 1 LIMIT 1   [ RunTime:0.0002s ]
SQL: SELECT `promote_price` FROM `s11_goods` WHERE `id` = '1' AND `promote_price` > 0 AND `promote_start_date` <= '2017-03-24 15:52:39' AND `promote_end_date` >= '2017-03-24 15:52:39' AND `is_on_sale` = '是' LIMIT 1   [ RunTime:0.0002s ]
SQL: SELECT `price` FROM `s11_member_price` WHERE `level_id` = '2' AND `goods_id` = '1' LIMIT 1   [ RunTime:0.0002s ]
SQL: SELECT b.attr_name,a.attr_value FROM s11_goods_attr a INNER JOIN s11_attribute b ON a.attr_id=b.id  WHERE a.id IN ('83','87')  [ RunTime:0.0002s ]
SQL: SELECT `goods_name`,`mid_logo` FROM `s11_goods` WHERE `id` = 2 LIMIT 1   [ RunTime:0.0002s ]
SQL: SELECT `promote_price` FROM `s11_goods` WHERE `id` = '2' AND `promote_price` > 0 AND `promote_start_date` <= '2017-03-24 15:52:39' AND `promote_end_date` >= '2017-03-24 15:52:39' AND `is_on_sale` = '是' LIMIT 1   [ RunTime:0.0002s ]
SQL: SELECT `price` FROM `s11_member_price` WHERE `level_id` = '2' AND `goods_id` = '2' LIMIT 1   [ RunTime:0.0002s ]
INFO: [ view_parse ] --START--
INFO: [ template_filter ] --START--
INFO: Run Behavior\ContentReplaceBehavior [ RunTime:0.000087s ]
INFO: [ template_filter ] --END-- [ RunTime:0.000202s ]
NOTIC: [8] Undefined index: gaData E:\amp\www\www.0211.com\Application\Runtime\Cache\Home\ad731cb508cb3d23cea25bb6848941ce.php 第 66 行.
NOTIC: [2] Invalid argument supplied for foreach() E:\amp\www\www.0211.com\Application\Runtime\Cache\Home\ad731cb508cb3d23cea25bb6848941ce.php 第 66 行.
INFO: Run Behavior\ParseTemplateBehavior [ RunTime:0.010775s ]
INFO: [ view_parse ] --END-- [ RunTime:0.010838s ]
INFO: [ view_filter ] --START--
INFO: Run Behavior\WriteHtmlCacheBehavior [ RunTime:0.000603s ]
INFO: [ view_filter ] --END-- [ RunTime:0.000655s ]
INFO: [ app_end ] --START--
INFO: Run Behavior\ShowPageTraceBehavior [ RunTime:0.000790s ]
INFO: [ app_end ] --END-- [ RunTime:0.000867s ]

[ 2017-03-24T15:52:40+08:00 ] 127.0.0.1 /index.php/Home/Member/ajaxChkLogin.html
INFO: [ app_init ] --START--
INFO: Run Behavior\BuildLiteBehavior [ RunTime:0.000029s ]
INFO: [ app_init ] --END-- [ RunTime:0.000822s ]
INFO: [ app_begin ] --START--
INFO: Run Behavior\ReadHtmlCacheBehavior [ RunTime:0.001618s ]
INFO: [ app_begin ] --END-- [ RunTime:0.001745s ]

[ 2017-03-24T15:52:43+08:00 ] 127.0.0.1 /index.php/Home/Member/logout.html
INFO: [ app_init ] --START--
INFO: Run Behavior\BuildLiteBehavior [ RunTime:0.000017s ]
INFO: [ app_init ] --END-- [ RunTime:0.000489s ]
INFO: [ app_begin ] --START--
INFO: Run Behavior\ReadHtmlCacheBehavior [ RunTime:0.000633s ]
INFO: [ app_begin ] --END-- [ RunTime:0.000699s ]
SQL: SHOW COLUMNS FROM `s11_member` [ RunTime:0.0009s ]

[ 2017-03-24T15:52:43+08:00 ] 127.0.0.1 /
INFO: [ app_init ] --START--
INFO: Run Behavior\BuildLiteBehavior [ RunTime:0.000030s ]
INFO: [ app_init ] --END-- [ RunTime:0.001014s ]
INFO: [ app_begin ] --START--
INFO: Run Behavior\ReadHtmlCacheBehavior [ RunTime:0.000622s ]
INFO: [ app_begin ] --END-- [ RunTime:0.000691s ]
NOTIC: [2048] Declaration of Admin\Model\CategoryModel::_before_delete() should be compatible with that of Think\Model::_before_delete() E:\amp\www\www.0211.com\Application\Admin\Model\CategoryModel.class.php 第 5 行.
SQL: SHOW COLUMNS FROM `s11_category` [ RunTime:0.0006s ]
SQL: SHOW COLUMNS FROM `s11_goods` [ RunTime:0.0011s ]
SQL: SELECT `id`,`goods_name`,`mid_logo`,`promote_price` FROM `s11_goods` WHERE `promote_price` > 0 AND `promote_start_date` <= '2017-03-24 15:52:43' AND `promote_end_date` >= '2017-03-24 15:52:43' AND `is_on_sale` = '是' LIMIT 5   [ RunTime:0.0006s ]
SQL: SELECT `id`,`goods_name`,`mid_logo`,`shop_price` FROM `s11_goods` WHERE `is_new` = '是' AND `is_on_sale` = '是' ORDER BY sort_num LIMIT 5   [ RunTime:0.0003s ]
SQL: SELECT `id`,`goods_name`,`mid_logo`,`shop_price` FROM `s11_goods` WHERE `is_hot` = '是' AND `is_on_sale` = '是' ORDER BY sort_num LIMIT 5   [ RunTime:0.0002s ]
SQL: SELECT `id`,`goods_name`,`mid_logo`,`shop_price` FROM `s11_goods` WHERE `is_best` = '是' AND `is_on_sale` = '是' ORDER BY sort_num LIMIT 5   [ RunTime:0.0002s ]
INFO: [ view_parse ] --START--
INFO: [ template_filter ] --START--
INFO: Run Behavior\ContentReplaceBehavior [ RunTime:0.000263s ]
INFO: [ template_filter ] --END-- [ RunTime:0.000417s ]
NOTIC: [8] Undefined index: children E:\amp\www\www.0211.com\Application\Runtime\Cache\Home\2a94b8bda04ff446dcedd42276fc99ee.php 第 157 行.
NOTIC: [2] Invalid argument supplied for foreach() E:\amp\www\www.0211.com\Application\Runtime\Cache\Home\2a94b8bda04ff446dcedd42276fc99ee.php 第 157 行.
NOTIC: [8] Undefined index: children E:\amp\www\www.0211.com\Application\Runtime\Cache\Home\2a94b8bda04ff446dcedd42276fc99ee.php 第 157 行.
NOTIC: [2] Invalid argument supplied for foreach() E:\amp\www\www.0211.com\Application\Runtime\Cache\Home\2a94b8bda04ff446dcedd42276fc99ee.php 第 157 行.
NOTIC: [8] Undefined index: children E:\amp\www\www.0211.com\Application\Runtime\Cache\Home\2a94b8bda04ff446dcedd42276fc99ee.php 第 157 行.
NOTIC: [2] Invalid argument supplied for foreach() E:\amp\www\www.0211.com\Application\Runtime\Cache\Home\2a94b8bda04ff446dcedd42276fc99ee.php 第 157 行.
NOTIC: [8] Undefined index: children E:\amp\www\www.0211.com\Application\Runtime\Cache\Home\2a94b8bda04ff446dcedd42276fc99ee.php 第 157 行.
NOTIC: [2] Invalid argument supplied for foreach() E:\amp\www\www.0211.com\Application\Runtime\Cache\Home\2a94b8bda04ff446dcedd42276fc99ee.php 第 157 行.
NOTIC: [8] Undefined index: children E:\amp\www\www.0211.com\Application\Runtime\Cache\Home\2a94b8bda04ff446dcedd42276fc99ee.php 第 157 行.
NOTIC: [2] Invalid argument supplied for foreach() E:\amp\www\www.0211.com\Application\Runtime\Cache\Home\2a94b8bda04ff446dcedd42276fc99ee.php 第 157 行.
NOTIC: [8] Undefined index: children E:\amp\www\www.0211.com\Application\Runtime\Cache\Home\2a94b8bda04ff446dcedd42276fc99ee.php 第 153 行.
NOTIC: [2] Invalid argument supplied for foreach() E:\amp\www\www.0211.com\Application\Runtime\Cache\Home\2a94b8bda04ff446dcedd42276fc99ee.php 第 153 行.
NOTIC: [8] Undefined index: children E:\amp\www\www.0211.com\Application\Runtime\Cache\Home\2a94b8bda04ff446dcedd42276fc99ee.php 第 153 行.
NOTIC: [2] Invalid argument supplied for foreach() E:\amp\www\www.0211.com\Application\Runtime\Cache\Home\2a94b8bda04ff446dcedd42276fc99ee.php 第 153 行.
NOTIC: [8] Undefined index: children E:\amp\www\www.0211.com\Application\Runtime\Cache\Home\2a94b8bda04ff446dcedd42276fc99ee.php 第 157 行.
NOTIC: [2] Invalid argument supplied for foreach() E:\amp\www\www.0211.com\Application\Runtime\Cache\Home\2a94b8bda04ff446dcedd42276fc99ee.php 第 157 行.
NOTIC: [8] Undefined index: children E:\amp\www\www.0211.com\Application\Runtime\Cache\Home\2a94b8bda04ff446dcedd42276fc99ee.php 第 153 行.
NOTIC: [2] Invalid argument supplied for foreach() E:\amp\www\www.0211.com\Application\Runtime\Cache\Home\2a94b8bda04ff446dcedd42276fc99ee.php 第 153 行.
NOTIC: [8] Undefined index: children E:\amp\www\www.0211.com\Application\Runtime\Cache\Home\2a94b8bda04ff446dcedd42276fc99ee.php 第 153 行.
NOTIC: [2] Invalid argument supplied for foreach() E:\amp\www\www.0211.com\Application\Runtime\Cache\Home\2a94b8bda04ff446dcedd42276fc99ee.php 第 153 行.
NOTIC: [8] Undefined index: children E:\amp\www\www.0211.com\Application\Runtime\Cache\Home\2a94b8bda04ff446dcedd42276fc99ee.php 第 153 行.
NOTIC: [2] Invalid argument supplied for foreach() E:\amp\www\www.0211.com\Application\Runtime\Cache\Home\2a94b8bda04ff446dcedd42276fc99ee.php 第 153 行.
NOTIC: [8] Undefined index: children E:\amp\www\www.0211.com\Application\Runtime\Cache\Home\2a94b8bda04ff446dcedd42276fc99ee.php 第 157 行.
NOTIC: [2] Invalid argument supplied for foreach() E:\amp\www\www.0211.com\Application\Runtime\Cache\Home\2a94b8bda04ff446dcedd42276fc99ee.php 第 157 行.
NOTIC: [8] Undefined index: children E:\amp\www\www.0211.com\Application\Runtime\Cache\Home\2a94b8bda04ff446dcedd42276fc99ee.php 第 153 行.
NOTIC: [2] Invalid argument supplied for foreach() E:\amp\www\www.0211.com\Application\Runtime\Cache\Home\2a94b8bda04ff446dcedd42276fc99ee.php 第 153 行.
NOTIC: [8] Undefined index: children E:\amp\www\www.0211.com\Application\Runtime\Cache\Home\2a94b8bda04ff446dcedd42276fc99ee.php 第 153 行.
NOTIC: [2] Invalid argument supplied for foreach() E:\amp\www\www.0211.com\Application\Runtime\Cache\Home\2a94b8bda04ff446dcedd42276fc99ee.php 第 153 行.
INFO: Run Behavior\ParseTemplateBehavior [ RunTime:0.025639s ]
INFO: [ view_parse ] --END-- [ RunTime:0.025769s ]
INFO: [ view_filter ] --START--
INFO: Run Behavior\WriteHtmlCacheBehavior [ RunTime:0.001163s ]
INFO: [ view_filter ] --END-- [ RunTime:0.001244s ]
INFO: [ app_end ] --START--
INFO: Run Behavior\ShowPageTraceBehavior [ RunTime:0.001152s ]
INFO: [ app_end ] --END-- [ RunTime:0.001257s ]

[ 2017-03-24T15:52:44+08:00 ] 127.0.0.1 /index.php/Home/Member/ajaxChkLogin.html
INFO: [ app_init ] --START--
INFO: Run Behavior\BuildLiteBehavior [ RunTime:0.000024s ]
INFO: [ app_init ] --END-- [ RunTime:0.000934s ]
INFO: [ app_begin ] --START--
INFO: Run Behavior\ReadHtmlCacheBehavior [ RunTime:0.000896s ]
INFO: [ app_begin ] --END-- [ RunTime:0.000979s ]

[ 2017-03-24T15:52:45+08:00 ] 127.0.0.1 /index.php/Home/Cart/ajaxGetCartList.html
INFO: [ app_init ] --START--
INFO: Run Behavior\BuildLiteBehavior [ RunTime:0.000033s ]
INFO: [ app_init ] --END-- [ RunTime:0.001538s ]
INFO: [ app_begin ] --START--
INFO: Run Behavior\ReadHtmlCacheBehavior [ RunTime:0.000756s ]
INFO: [ app_begin ] --END-- [ RunTime:0.000838s ]
NOTIC: [2048] Declaration of Home\Model\CartModel::add() should be compatible with that of Think\Model::add() E:\amp\www\www.0211.com\Application\Home\Model\CartModel.class.php 第 5 行.
SQL: SHOW COLUMNS FROM `s11_cart` [ RunTime:0.0012s ]
SQL: SHOW COLUMNS FROM `s11_goods` [ RunTime:0.0015s ]
NOTIC: D方法实例化没找到模型类Admin\Model\GoodsAttrModel
SQL: SHOW COLUMNS FROM `s11_goods_attr` [ RunTime:0.0008s ]
INFO: [ app_end ] --START--
INFO: Run Behavior\ShowPageTraceBehavior [ RunTime:0.000982s ]
INFO: [ app_end ] --END-- [ RunTime:0.001054s ]

[ 2017-03-24T15:52:50+08:00 ] 127.0.0.1 /index.php/Home/Cart/ajaxGetCartList.html
INFO: [ app_init ] --START--
INFO: Run Behavior\BuildLiteBehavior [ RunTime:0.000021s ]
INFO: [ app_init ] --END-- [ RunTime:0.000760s ]
INFO: [ app_begin ] --START--
INFO: Run Behavior\ReadHtmlCacheBehavior [ RunTime:0.000921s ]
INFO: [ app_begin ] --END-- [ RunTime:0.001041s ]
NOTIC: [2048] Declaration of Home\Model\CartModel::add() should be compatible with that of Think\Model::add() E:\amp\www\www.0211.com\Application\Home\Model\CartModel.class.php 第 5 行.
SQL: SHOW COLUMNS FROM `s11_cart` [ RunTime:0.0007s ]
SQL: SHOW COLUMNS FROM `s11_goods` [ RunTime:0.0010s ]
NOTIC: D方法实例化没找到模型类Admin\Model\GoodsAttrModel
SQL: SHOW COLUMNS FROM `s11_goods_attr` [ RunTime:0.0006s ]
INFO: [ app_end ] --START--
INFO: Run Behavior\ShowPageTraceBehavior [ RunTime:0.001238s ]
INFO: [ app_end ] --END-- [ RunTime:0.001365s ]

[ 2017-03-24T16:26:20+08:00 ] 127.0.0.1 /index.php/Home/Cart/ajaxGetCartList.html
INFO: [ app_init ] --START--
INFO: Run Behavior\BuildLiteBehavior [ RunTime:0.000020s ]
INFO: [ app_init ] --END-- [ RunTime:0.000702s ]
INFO: [ app_begin ] --START--
INFO: Run Behavior\ReadHtmlCacheBehavior [ RunTime:0.000800s ]
INFO: [ app_begin ] --END-- [ RunTime:0.000876s ]
NOTIC: [2048] Declaration of Home\Model\CartModel::add() should be compatible with that of Think\Model::add() E:\amp\www\www.0211.com\Application\Home\Model\CartModel.class.php 第 5 行.
SQL: SHOW COLUMNS FROM `s11_cart` [ RunTime:0.0009s ]
SQL: SHOW COLUMNS FROM `s11_goods` [ RunTime:0.0016s ]
NOTIC: D方法实例化没找到模型类Admin\Model\GoodsAttrModel
SQL: SHOW COLUMNS FROM `s11_goods_attr` [ RunTime:0.0007s ]
INFO: [ app_end ] --START--
INFO: Run Behavior\ShowPageTraceBehavior [ RunTime:0.001016s ]
INFO: [ app_end ] --END-- [ RunTime:0.001093s ]

