[ 2017-04-28T22:27:21+08:00 ] 127.0.0.1 /index.php/home/index/index
INFO: [ app_init ] --START--
INFO: Run Behavior\BuildLiteBehavior [ RunTime:0.000019s ]
INFO: [ app_init ] --END-- [ RunTime:0.001301s ]
INFO: [ app_begin ] --START--
INFO: Run Behavior\ReadHtmlCacheBehavior [ RunTime:0.013040s ]
INFO: [ app_begin ] --END-- [ RunTime:0.013129s ]
NOTIC: [2048] Declaration of Admin\Model\CategoryModel::_before_delete() should be compatible with Think\Model::_before_delete($options) E:\amp\www\www.0211.com\Application\Admin\Model\CategoryModel.class.php 第 5 行.
SQL: SHOW COLUMNS FROM `s11_category` [ RunTime:0.0515s ]
SQL: SELECT * FROM `s11_category`  [ RunTime:0.0006s ]
SQL: SHOW COLUMNS FROM `s11_goods` [ RunTime:0.0626s ]
SQL: SELECT `id`,`goods_name`,`mid_logo`,`promote_price` FROM `s11_goods` WHERE `promote_price` > 0 AND `promote_start_date` <= '2017-04-28 22:27:21' AND `promote_end_date` >= '2017-04-28 22:27:21' AND `is_on_sale` = '是' LIMIT 5   [ RunTime:0.0161s ]
SQL: SELECT `id`,`goods_name`,`mid_logo`,`shop_price` FROM `s11_goods` WHERE `is_new` = '是' AND `is_on_sale` = '是' ORDER BY sort_num LIMIT 5   [ RunTime:0.0444s ]
SQL: SELECT `id`,`goods_name`,`mid_logo`,`shop_price` FROM `s11_goods` WHERE `is_hot` = '是' AND `is_on_sale` = '是' ORDER BY sort_num LIMIT 5   [ RunTime:0.0026s ]
SQL: SELECT `id`,`goods_name`,`mid_logo`,`shop_price` FROM `s11_goods` WHERE `is_best` = '是' AND `is_on_sale` = '是' ORDER BY sort_num LIMIT 5   [ RunTime:0.0016s ]
SQL: SELECT * FROM `s11_category` WHERE `parent_id` = 0 AND `is_floor` = '是'  [ RunTime:0.0014s ]
SQL: SELECT * FROM `s11_category`  [ RunTime:0.0009s ]
SQL: SELECT `id` FROM `s11_goods` WHERE `cat_id` IN ('16','22','17','18','20','1')  [ RunTime:0.0247s ]
SQL: SHOW COLUMNS FROM `s11_goods_cat` [ RunTime:0.0654s ]
SQL: SELECT DISTINCT goods_id id FROM `s11_goods_cat` WHERE `cat_id` IN ('16','22','17','18','20','1')  [ RunTime:0.0023s ]
SQL: SELECT DISTINCT brand_name,b.logo,`brand_id` FROM s11_goods a LEFT JOIN s11_brand b ON a.brand_id=b.id  WHERE a.id IN ('14','6','9','12','13','17','18','27','2','8','19','24','26','29','16','30','3','10','15','20','21','7','11','23','25','28','5','37','38','52','53') AND `brand_id` <> 0 LIMIT 9   [ RunTime:0.1092s ]
SQL: SELECT * FROM `s11_category` WHERE `parent_id` = '1' AND `is_floor` = '否'  [ RunTime:0.0008s ]
SQL: SELECT * FROM `s11_category` WHERE `parent_id` = '1' AND `is_floor` = '是'  [ RunTime:0.0008s ]
SQL: SELECT * FROM `s11_category`  [ RunTime:0.0004s ]
SQL: SELECT `id` FROM `s11_goods` WHERE `cat_id` IN ('22','16')  [ RunTime:0.0006s ]
SQL: SELECT DISTINCT goods_id id FROM `s11_goods_cat` WHERE `cat_id` IN ('22','16')  [ RunTime:0.0005s ]
SQL: SELECT `id`,`mid_logo`,`goods_name`,`shop_price` FROM `s11_goods` WHERE `is_on_sale` = '是' AND `is_floor` = '是' AND `id` IN ('6','9','12','13','17','18','27','7','11','23','25','28','2','5','37','38','52','53') ORDER BY sort_num LIMIT 8   [ RunTime:0.0015s ]
SQL: SELECT * FROM `s11_category`  [ RunTime:0.0004s ]
SQL: SELECT `id` FROM `s11_goods` WHERE `cat_id` IN ('17')  [ RunTime:0.0005s ]
SQL: SELECT DISTINCT goods_id id FROM `s11_goods_cat` WHERE `cat_id` IN ('17')  [ RunTime:0.0005s ]
SQL: SELECT `id`,`mid_logo`,`goods_name`,`shop_price` FROM `s11_goods` WHERE `is_on_sale` = '是' AND `is_floor` = '是' AND `id` IN ('2','8','19','24','26','29') ORDER BY sort_num LIMIT 8   [ RunTime:0.0007s ]
SQL: SELECT * FROM `s11_category`  [ RunTime:0.0004s ]
SQL: SELECT `id` FROM `s11_goods` WHERE `cat_id` IN ('20')  [ RunTime:0.0005s ]
SQL: SELECT DISTINCT goods_id id FROM `s11_goods_cat` WHERE `cat_id` IN ('20')  [ RunTime:0.0005s ]
SQL: SELECT `id`,`mid_logo`,`goods_name`,`shop_price` FROM `s11_goods` WHERE `is_on_sale` = '是' AND `is_floor` = '是' AND `id` IN ('3','10','15','20','21','37') ORDER BY sort_num LIMIT 8   [ RunTime:0.0011s ]
SQL: SELECT * FROM `s11_category`  [ RunTime:0.0005s ]
SQL: SELECT `id` FROM `s11_goods` WHERE `cat_id` IN ('21','2')  [ RunTime:0.0006s ]
SQL: SELECT DISTINCT goods_id id FROM `s11_goods_cat` WHERE `cat_id` IN ('21','2')  [ RunTime:0.0005s ]
SQL: SELECT DISTINCT brand_name,b.logo,`brand_id` FROM s11_goods a LEFT JOIN s11_brand b ON a.brand_id=b.id  WHERE a.id IN ('1','4','5','22','54') AND `brand_id` <> 0 LIMIT 9   [ RunTime:0.0007s ]
SQL: SELECT * FROM `s11_category` WHERE `parent_id` = '2' AND `is_floor` = '否'  [ RunTime:0.0005s ]
SQL: SELECT * FROM `s11_category` WHERE `parent_id` = '2' AND `is_floor` = '是'  [ RunTime:0.0005s ]
SQL: SELECT * FROM `s11_category`  [ RunTime:0.0004s ]
SQL: SELECT `id` FROM `s11_goods` WHERE `cat_id` IN ('21')  [ RunTime:0.0004s ]
SQL: SELECT DISTINCT goods_id id FROM `s11_goods_cat` WHERE `cat_id` IN ('21')  [ RunTime:0.0005s ]
SQL: SELECT `id`,`mid_logo`,`goods_name`,`shop_price` FROM `s11_goods` WHERE `is_on_sale` = '是' AND `is_floor` = '是' AND `id` IN ('1','4') ORDER BY sort_num LIMIT 8   [ RunTime:0.0006s ]
INFO: [ view_parse ] --START--
INFO: [ template_filter ] --START--
INFO: Run Behavior\ContentReplaceBehavior [ RunTime:0.000273s ]
INFO: [ template_filter ] --END-- [ RunTime:0.000376s ]
NOTIC: [8] Undefined index: children E:\amp\www\www.0211.com\Application\Runtime\Cache\Home\2a94b8bda04ff446dcedd42276fc99ee.php 第 158 行.
NOTIC: [2] Invalid argument supplied for foreach() E:\amp\www\www.0211.com\Application\Runtime\Cache\Home\2a94b8bda04ff446dcedd42276fc99ee.php 第 158 行.
NOTIC: [8] Undefined index: children E:\amp\www\www.0211.com\Application\Runtime\Cache\Home\2a94b8bda04ff446dcedd42276fc99ee.php 第 158 行.
NOTIC: [2] Invalid argument supplied for foreach() E:\amp\www\www.0211.com\Application\Runtime\Cache\Home\2a94b8bda04ff446dcedd42276fc99ee.php 第 158 行.
NOTIC: [8] Undefined index: children E:\amp\www\www.0211.com\Application\Runtime\Cache\Home\2a94b8bda04ff446dcedd42276fc99ee.php 第 158 行.
NOTIC: [2] Invalid argument supplied for foreach() E:\amp\www\www.0211.com\Application\Runtime\Cache\Home\2a94b8bda04ff446dcedd42276fc99ee.php 第 158 行.
NOTIC: [8] Undefined index: children E:\amp\www\www.0211.com\Application\Runtime\Cache\Home\2a94b8bda04ff446dcedd42276fc99ee.php 第 158 行.
NOTIC: [2] Invalid argument supplied for foreach() E:\amp\www\www.0211.com\Application\Runtime\Cache\Home\2a94b8bda04ff446dcedd42276fc99ee.php 第 158 行.
NOTIC: [8] Undefined index: children E:\amp\www\www.0211.com\Application\Runtime\Cache\Home\2a94b8bda04ff446dcedd42276fc99ee.php 第 158 行.
NOTIC: [2] Invalid argument supplied for foreach() E:\amp\www\www.0211.com\Application\Runtime\Cache\Home\2a94b8bda04ff446dcedd42276fc99ee.php 第 158 行.
NOTIC: [8] Undefined index: children E:\amp\www\www.0211.com\Application\Runtime\Cache\Home\2a94b8bda04ff446dcedd42276fc99ee.php 第 154 行.
NOTIC: [2] Invalid argument supplied for foreach() E:\amp\www\www.0211.com\Application\Runtime\Cache\Home\2a94b8bda04ff446dcedd42276fc99ee.php 第 154 行.
NOTIC: [8] Undefined index: children E:\amp\www\www.0211.com\Application\Runtime\Cache\Home\2a94b8bda04ff446dcedd42276fc99ee.php 第 154 行.
NOTIC: [2] Invalid argument supplied for foreach() E:\amp\www\www.0211.com\Application\Runtime\Cache\Home\2a94b8bda04ff446dcedd42276fc99ee.php 第 154 行.
NOTIC: [8] Undefined index: children E:\amp\www\www.0211.com\Application\Runtime\Cache\Home\2a94b8bda04ff446dcedd42276fc99ee.php 第 158 行.
NOTIC: [2] Invalid argument supplied for foreach() E:\amp\www\www.0211.com\Application\Runtime\Cache\Home\2a94b8bda04ff446dcedd42276fc99ee.php 第 158 行.
NOTIC: [8] Undefined index: children E:\amp\www\www.0211.com\Application\Runtime\Cache\Home\2a94b8bda04ff446dcedd42276fc99ee.php 第 154 行.
NOTIC: [2] Invalid argument supplied for foreach() E:\amp\www\www.0211.com\Application\Runtime\Cache\Home\2a94b8bda04ff446dcedd42276fc99ee.php 第 154 行.
NOTIC: [8] Undefined index: children E:\amp\www\www.0211.com\Application\Runtime\Cache\Home\2a94b8bda04ff446dcedd42276fc99ee.php 第 154 行.
NOTIC: [2] Invalid argument supplied for foreach() E:\amp\www\www.0211.com\Application\Runtime\Cache\Home\2a94b8bda04ff446dcedd42276fc99ee.php 第 154 行.
NOTIC: [8] Undefined index: children E:\amp\www\www.0211.com\Application\Runtime\Cache\Home\2a94b8bda04ff446dcedd42276fc99ee.php 第 154 行.
NOTIC: [2] Invalid argument supplied for foreach() E:\amp\www\www.0211.com\Application\Runtime\Cache\Home\2a94b8bda04ff446dcedd42276fc99ee.php 第 154 行.
NOTIC: [8] Undefined index: children E:\amp\www\www.0211.com\Application\Runtime\Cache\Home\2a94b8bda04ff446dcedd42276fc99ee.php 第 158 行.
NOTIC: [2] Invalid argument supplied for foreach() E:\amp\www\www.0211.com\Application\Runtime\Cache\Home\2a94b8bda04ff446dcedd42276fc99ee.php 第 158 行.
NOTIC: [8] Undefined index: children E:\amp\www\www.0211.com\Application\Runtime\Cache\Home\2a94b8bda04ff446dcedd42276fc99ee.php 第 154 行.
NOTIC: [2] Invalid argument supplied for foreach() E:\amp\www\www.0211.com\Application\Runtime\Cache\Home\2a94b8bda04ff446dcedd42276fc99ee.php 第 154 行.
NOTIC: [8] Undefined index: children E:\amp\www\www.0211.com\Application\Runtime\Cache\Home\2a94b8bda04ff446dcedd42276fc99ee.php 第 154 行.
NOTIC: [2] Invalid argument supplied for foreach() E:\amp\www\www.0211.com\Application\Runtime\Cache\Home\2a94b8bda04ff446dcedd42276fc99ee.php 第 154 行.
INFO: Run Behavior\ParseTemplateBehavior [ RunTime:0.135274s ]
INFO: [ view_parse ] --END-- [ RunTime:0.135346s ]
INFO: [ view_filter ] --START--
INFO: Run Behavior\WriteHtmlCacheBehavior [ RunTime:0.013098s ]
INFO: [ view_filter ] --END-- [ RunTime:0.013197s ]
INFO: [ app_end ] --START--
INFO: Run Behavior\ShowPageTraceBehavior [ RunTime:0.008612s ]
INFO: [ app_end ] --END-- [ RunTime:0.008745s ]

[ 2017-04-28T22:27:22+08:00 ] 127.0.0.1 /index.php/Home/Member/ajaxChkLogin.html
INFO: [ app_init ] --START--
INFO: Run Behavior\BuildLiteBehavior [ RunTime:0.000017s ]
INFO: [ app_init ] --END-- [ RunTime:0.000589s ]
INFO: [ app_begin ] --START--
INFO: Run Behavior\ReadHtmlCacheBehavior [ RunTime:0.000937s ]
INFO: [ app_begin ] --END-- [ RunTime:0.001000s ]

