[ 2017-03-13T09:31:24+08:00 ] 127.0.0.1 /favicon.ico
INFO: [ app_init ] --START--
INFO: Run Behavior\BuildLiteBehavior [ RunTime:0.000019s ]
INFO: [ app_init ] --END-- [ RunTime:0.000551s ]
ERR: 无法加载模块:Favicon

[ 2017-03-13T09:31:24+08:00 ] 127.0.0.1 /favicon.ico
INFO: [ app_init ] --START--
INFO: Run Behavior\BuildLiteBehavior [ RunTime:0.000031s ]
INFO: [ app_init ] --END-- [ RunTime:0.001222s ]
ERR: 无法加载模块:Favicon

[ 2017-03-13T10:02:28+08:00 ] 127.0.0.1 /Public/umeditor/third-party/template.min.js
INFO: [ app_init ] --START--
INFO: Run Behavior\BuildLiteBehavior [ RunTime:0.000021s ]
INFO: [ app_init ] --END-- [ RunTime:0.000963s ]
ERR: 无法加载模块:Public

[ 2017-03-13T17:13:02+08:00 ] 127.0.0.1 /favicon.ico
INFO: [ app_init ] --START--
INFO: Run Behavior\BuildLiteBehavior [ RunTime:0.000019s ]
INFO: [ app_init ] --END-- [ RunTime:0.000515s ]
ERR: 无法加载模块:Favicon

[ 2017-03-13T17:13:02+08:00 ] 127.0.0.1 /favicon.ico
INFO: [ app_init ] --START--
INFO: Run Behavior\BuildLiteBehavior [ RunTime:0.000018s ]
INFO: [ app_init ] --END-- [ RunTime:0.000546s ]
ERR: 无法加载模块:Favicon

[ 2017-03-13T17:13:16+08:00 ] 127.0.0.1 /Public/Styles/general.css
INFO: [ app_init ] --START--
INFO: Run Behavior\BuildLiteBehavior [ RunTime:0.000020s ]
INFO: [ app_init ] --END-- [ RunTime:0.000678s ]
ERR: 无法加载模块:Public

[ 2017-03-13T17:13:16+08:00 ] 127.0.0.1 /Public/Styles/main.css
INFO: [ app_init ] --START--
INFO: Run Behavior\BuildLiteBehavior [ RunTime:0.000018s ]
INFO: [ app_init ] --END-- [ RunTime:0.000519s ]
ERR: 无法加载模块:Public

[ 2017-03-13T17:13:16+08:00 ] 127.0.0.1 /Public/Images/login.png
INFO: [ app_init ] --START--
INFO: Run Behavior\BuildLiteBehavior [ RunTime:0.000019s ]
INFO: [ app_init ] --END-- [ RunTime:0.000548s ]
ERR: 无法加载模块:Public

[ 2017-03-13T22:29:15+08:00 ] 127.0.0.1 /favicon.ico
INFO: [ app_init ] --START--
INFO: Run Behavior\BuildLiteBehavior [ RunTime:0.000027s ]
INFO: [ app_init ] --END-- [ RunTime:0.000781s ]
ERR: 无法加载模块:Favicon

[ 2017-03-13T22:29:15+08:00 ] 127.0.0.1 /favicon.ico
INFO: [ app_init ] --START--
INFO: Run Behavior\BuildLiteBehavior [ RunTime:0.000017s ]
INFO: [ app_init ] --END-- [ RunTime:0.000481s ]
ERR: 无法加载模块:Favicon

[ 2017-03-13T22:30:55+08:00 ] 127.0.0.1 /favicon.ico
INFO: [ app_init ] --START--
INFO: Run Behavior\BuildLiteBehavior [ RunTime:0.000019s ]
INFO: [ app_init ] --END-- [ RunTime:0.000714s ]
ERR: 无法加载模块:Favicon

[ 2017-03-13T22:30:55+08:00 ] 127.0.0.1 /favicon.ico
INFO: [ app_init ] --START--
INFO: Run Behavior\BuildLiteBehavior [ RunTime:0.000017s ]
INFO: [ app_init ] --END-- [ RunTime:0.000477s ]
ERR: 无法加载模块:Favicon

[ 2017-03-13T22:31:20+08:00 ] 127.0.0.1 /Public/umeditor/third-party/template.min.js
INFO: [ app_init ] --START--
INFO: Run Behavior\BuildLiteBehavior [ RunTime:0.000018s ]
INFO: [ app_init ] --END-- [ RunTime:0.000503s ]
ERR: 无法加载模块:Public

[ 2017-03-13T22:31:20+08:00 ] 127.0.0.1 /Public/umeditor/third-party/template.min.js
INFO: [ app_init ] --START--
INFO: Run Behavior\BuildLiteBehavior [ RunTime:0.000018s ]
INFO: [ app_init ] --END-- [ RunTime:0.000525s ]
ERR: 无法加载模块:Public

[ 2017-03-13T22:32:51+08:00 ] 127.0.0.1 /favicon.ico
INFO: [ app_init ] --START--
INFO: Run Behavior\BuildLiteBehavior [ RunTime:0.000024s ]
INFO: [ app_init ] --END-- [ RunTime:0.000650s ]
ERR: 无法加载模块:Favicon

[ 2017-03-13T22:32:51+08:00 ] 127.0.0.1 /favicon.ico
INFO: [ app_init ] --START--
INFO: Run Behavior\BuildLiteBehavior [ RunTime:0.000015s ]
INFO: [ app_init ] --END-- [ RunTime:0.000583s ]
ERR: 无法加载模块:Favicon

[ 2017-03-13T23:00:01+08:00 ] 127.0.0.1 /favicon.ico
INFO: [ app_init ] --START--
INFO: Run Behavior\BuildLiteBehavior [ RunTime:0.000030s ]
INFO: [ app_init ] --END-- [ RunTime:0.001384s ]
ERR: 无法加载模块:Favicon

[ 2017-03-13T23:00:01+08:00 ] 127.0.0.1 /favicon.ico
INFO: [ app_init ] --START--
INFO: Run Behavior\BuildLiteBehavior [ RunTime:0.000027s ]
INFO: [ app_init ] --END-- [ RunTime:0.000797s ]
ERR: 无法加载模块:Favicon

[ 2017-03-13T23:02:35+08:00 ] 127.0.0.1 /favicon.ico
INFO: [ app_init ] --START--
INFO: Run Behavior\BuildLiteBehavior [ RunTime:0.000020s ]
INFO: [ app_init ] --END-- [ RunTime:0.000614s ]
ERR: 无法加载模块:Favicon

[ 2017-03-13T23:02:35+08:00 ] 127.0.0.1 /favicon.ico
INFO: [ app_init ] --START--
INFO: Run Behavior\BuildLiteBehavior [ RunTime:0.000022s ]
INFO: [ app_init ] --END-- [ RunTime:0.000721s ]
ERR: 无法加载模块:Favicon

[ 2017-03-13T23:04:50+08:00 ] 127.0.0.1 /favicon.ico
INFO: [ app_init ] --START--
INFO: Run Behavior\BuildLiteBehavior [ RunTime:0.000029s ]
INFO: [ app_init ] --END-- [ RunTime:0.000778s ]
ERR: 无法加载模块:Favicon

[ 2017-03-13T23:04:50+08:00 ] 127.0.0.1 /favicon.ico
INFO: [ app_init ] --START--
INFO: Run Behavior\BuildLiteBehavior [ RunTime:0.000017s ]
INFO: [ app_init ] --END-- [ RunTime:0.000488s ]
ERR: 无法加载模块:Favicon

[ 2017-03-13T23:10:09+08:00 ] 127.0.0.1 /Public/umeditor/third-party/template.min.js
INFO: [ app_init ] --START--
INFO: Run Behavior\BuildLiteBehavior [ RunTime:0.000022s ]
INFO: [ app_init ] --END-- [ RunTime:0.000908s ]
ERR: 无法加载模块:Public

[ 2017-03-13T23:10:09+08:00 ] 127.0.0.1 /Public/umeditor/third-party/template.min.js
INFO: [ app_init ] --START--
INFO: Run Behavior\BuildLiteBehavior [ RunTime:0.000018s ]
INFO: [ app_init ] --END-- [ RunTime:0.000565s ]
ERR: 无法加载模块:Public

[ 2017-03-13T23:16:31+08:00 ] 127.0.0.1 /favicon.ico
INFO: [ app_init ] --START--
INFO: Run Behavior\BuildLiteBehavior [ RunTime:0.000029s ]
INFO: [ app_init ] --END-- [ RunTime:0.000955s ]
ERR: 无法加载模块:Favicon

[ 2017-03-13T23:16:31+08:00 ] 127.0.0.1 /favicon.ico
INFO: [ app_init ] --START--
INFO: Run Behavior\BuildLiteBehavior [ RunTime:0.000020s ]
INFO: [ app_init ] --END-- [ RunTime:0.000581s ]
ERR: 无法加载模块:Favicon

