[ 2017-03-10T09:16:54+08:00 ] 127.0.0.1 /favicon.ico
INFO: [ app_init ] --START--
INFO: Run Behavior\BuildLiteBehavior [ RunTime:0.000019s ]
INFO: [ app_init ] --END-- [ RunTime:0.000600s ]
ERR: 无法加载模块:Favicon

[ 2017-03-10T09:16:54+08:00 ] 127.0.0.1 /favicon.ico
INFO: [ app_init ] --START--
INFO: Run Behavior\BuildLiteBehavior [ RunTime:0.000017s ]
INFO: [ app_init ] --END-- [ RunTime:0.000473s ]
ERR: 无法加载模块:Favicon

[ 2017-03-10T09:16:57+08:00 ] 127.0.0.1 /Public/umeditor/third-party/template.min.js
INFO: [ app_init ] --START--
INFO: Run Behavior\BuildLiteBehavior [ RunTime:0.000018s ]
INFO: [ app_init ] --END-- [ RunTime:0.000594s ]
ERR: 无法加载模块:Public

[ 2017-03-10T09:16:57+08:00 ] 127.0.0.1 /Public/umeditor/third-party/template.min.js
INFO: [ app_init ] --START--
INFO: Run Behavior\BuildLiteBehavior [ RunTime:0.000015s ]
INFO: [ app_init ] --END-- [ RunTime:0.000524s ]
ERR: 无法加载模块:Public

[ 2017-03-10T09:17:14+08:00 ] 127.0.0.1 /Public/umeditor/third-party/template.min.js
INFO: [ app_init ] --START--
INFO: Run Behavior\BuildLiteBehavior [ RunTime:0.000024s ]
INFO: [ app_init ] --END-- [ RunTime:0.000672s ]
ERR: 无法加载模块:Public

[ 2017-03-10T09:17:14+08:00 ] 127.0.0.1 /Public/umeditor/third-party/template.min.js
INFO: [ app_init ] --START--
INFO: Run Behavior\BuildLiteBehavior [ RunTime:0.000018s ]
INFO: [ app_init ] --END-- [ RunTime:0.000526s ]
ERR: 无法加载模块:Public

[ 2017-03-10T09:19:43+08:00 ] 127.0.0.1 /Public/umeditor/third-party/template.min.js
INFO: [ app_init ] --START--
INFO: Run Behavior\BuildLiteBehavior [ RunTime:0.000026s ]
INFO: [ app_init ] --END-- [ RunTime:0.000858s ]
ERR: 无法加载模块:Public

[ 2017-03-10T09:19:43+08:00 ] 127.0.0.1 /Public/umeditor/third-party/template.min.js
INFO: [ app_init ] --START--
INFO: Run Behavior\BuildLiteBehavior [ RunTime:0.000027s ]
INFO: [ app_init ] --END-- [ RunTime:0.000884s ]
ERR: 无法加载模块:Public

[ 2017-03-10T09:19:56+08:00 ] 127.0.0.1 /Public/umeditor/third-party/template.min.js
INFO: [ app_init ] --START--
INFO: Run Behavior\BuildLiteBehavior [ RunTime:0.000026s ]
INFO: [ app_init ] --END-- [ RunTime:0.000705s ]
ERR: 无法加载模块:Public

[ 2017-03-10T09:19:56+08:00 ] 127.0.0.1 /Public/umeditor/third-party/template.min.js
INFO: [ app_init ] --START--
INFO: Run Behavior\BuildLiteBehavior [ RunTime:0.000024s ]
INFO: [ app_init ] --END-- [ RunTime:0.000640s ]
ERR: 无法加载模块:Public

[ 2017-03-10T10:44:03+08:00 ] 127.0.0.1 /favicon.ico
INFO: [ app_init ] --START--
INFO: Run Behavior\BuildLiteBehavior [ RunTime:0.000018s ]
INFO: [ app_init ] --END-- [ RunTime:0.000507s ]
ERR: 无法加载模块:Favicon

[ 2017-03-10T10:44:03+08:00 ] 127.0.0.1 /favicon.ico
INFO: [ app_init ] --START--
INFO: Run Behavior\BuildLiteBehavior [ RunTime:0.000022s ]
INFO: [ app_init ] --END-- [ RunTime:0.000659s ]
ERR: 无法加载模块:Favicon

[ 2017-03-10T10:59:38+08:00 ] 127.0.0.1 /Public/umeditor/third-party/template.min.js
INFO: [ app_init ] --START--
INFO: Run Behavior\BuildLiteBehavior [ RunTime:0.000018s ]
INFO: [ app_init ] --END-- [ RunTime:0.000516s ]
ERR: 无法加载模块:Public

[ 2017-03-10T10:59:38+08:00 ] 127.0.0.1 /Public/umeditor/third-party/template.min.js
INFO: [ app_init ] --START--
INFO: Run Behavior\BuildLiteBehavior [ RunTime:0.000018s ]
INFO: [ app_init ] --END-- [ RunTime:0.000624s ]
ERR: 无法加载模块:Public

[ 2017-03-10T11:00:48+08:00 ] 127.0.0.1 /Public/umeditor/third-party/template.min.js
INFO: [ app_init ] --START--
INFO: Run Behavior\BuildLiteBehavior [ RunTime:0.000018s ]
INFO: [ app_init ] --END-- [ RunTime:0.000628s ]
ERR: 无法加载模块:Public

[ 2017-03-10T11:00:49+08:00 ] 127.0.0.1 /Public/umeditor/third-party/template.min.js
INFO: [ app_init ] --START--
INFO: Run Behavior\BuildLiteBehavior [ RunTime:0.000016s ]
INFO: [ app_init ] --END-- [ RunTime:0.000563s ]
ERR: 无法加载模块:Public

[ 2017-03-10T11:01:04+08:00 ] 127.0.0.1 /Public/umeditor/third-party/template.min.js
INFO: [ app_init ] --START--
INFO: Run Behavior\BuildLiteBehavior [ RunTime:0.000026s ]
INFO: [ app_init ] --END-- [ RunTime:0.000749s ]
ERR: 无法加载模块:Public

[ 2017-03-10T11:01:04+08:00 ] 127.0.0.1 /Public/umeditor/third-party/template.min.js
INFO: [ app_init ] --START--
INFO: Run Behavior\BuildLiteBehavior [ RunTime:0.000015s ]
INFO: [ app_init ] --END-- [ RunTime:0.000554s ]
ERR: 无法加载模块:Public

[ 2017-03-10T21:50:37+08:00 ] 127.0.0.1 /favicon.ico
INFO: [ app_init ] --START--
INFO: Run Behavior\BuildLiteBehavior [ RunTime:0.000019s ]
INFO: [ app_init ] --END-- [ RunTime:0.000547s ]
ERR: 无法加载模块:Favicon

[ 2017-03-10T21:50:37+08:00 ] 127.0.0.1 /favicon.ico
INFO: [ app_init ] --START--
INFO: Run Behavior\BuildLiteBehavior [ RunTime:0.000026s ]
INFO: [ app_init ] --END-- [ RunTime:0.000684s ]
ERR: 无法加载模块:Favicon

