[ 2017-04-04T22:57:38+08:00 ] 127.0.0.1 /index.php/Admin/Index/Index
INFO: [ app_init ] --START--
INFO: Run Behavior\BuildLiteBehavior [ RunTime:0.000029s ]
INFO: [ app_init ] --END-- [ RunTime:0.001110s ]
INFO: [ app_begin ] --START--
INFO: Run Behavior\ReadHtmlCacheBehavior [ RunTime:0.001412s ]
INFO: [ app_begin ] --END-- [ RunTime:0.001552s ]
INFO: [ view_parse ] --START--
INFO: [ template_filter ] --START--
INFO: Run Behavior\ContentReplaceBehavior [ RunTime:0.000048s ]
INFO: [ template_filter ] --END-- [ RunTime:0.000131s ]
INFO: Run Behavior\ParseTemplateBehavior [ RunTime:0.024946s ]
INFO: [ view_parse ] --END-- [ RunTime:0.025037s ]
INFO: [ view_filter ] --START--
INFO: Run Behavior\WriteHtmlCacheBehavior [ RunTime:0.000633s ]
INFO: [ view_filter ] --END-- [ RunTime:0.000709s ]

[ 2017-04-04T22:57:42+08:00 ] 127.0.0.1 /index.php/Admin/Login/login.html
INFO: [ app_init ] --START--
INFO: Run Behavior\BuildLiteBehavior [ RunTime:0.000042s ]
INFO: [ app_init ] --END-- [ RunTime:0.001062s ]
INFO: [ app_begin ] --START--
INFO: Run Behavior\ReadHtmlCacheBehavior [ RunTime:0.001479s ]
INFO: [ app_begin ] --END-- [ RunTime:0.001619s ]
INFO: [ view_parse ] --START--
INFO: [ template_filter ] --START--
INFO: Run Behavior\ContentReplaceBehavior [ RunTime:0.000050s ]
INFO: [ template_filter ] --END-- [ RunTime:0.000119s ]
INFO: Run Behavior\ParseTemplateBehavior [ RunTime:0.020785s ]
INFO: [ view_parse ] --END-- [ RunTime:0.020882s ]
INFO: [ view_filter ] --START--
INFO: Run Behavior\WriteHtmlCacheBehavior [ RunTime:0.000881s ]
INFO: [ view_filter ] --END-- [ RunTime:0.001063s ]
INFO: [ app_end ] --START--
INFO: Run Behavior\ShowPageTraceBehavior [ RunTime:0.001165s ]
INFO: [ app_end ] --END-- [ RunTime:0.001249s ]

[ 2017-04-04T22:57:42+08:00 ] 127.0.0.1 /index.php/Admin/Login/chkcode.html
INFO: [ app_init ] --START--
INFO: Run Behavior\BuildLiteBehavior [ RunTime:0.000018s ]
INFO: [ app_init ] --END-- [ RunTime:0.000665s ]
INFO: [ app_begin ] --START--
INFO: Run Behavior\ReadHtmlCacheBehavior [ RunTime:0.001086s ]
INFO: [ app_begin ] --END-- [ RunTime:0.001196s ]
INFO: [ app_end ] --START--
INFO: Run Behavior\ShowPageTraceBehavior [ RunTime:0.001334s ]
INFO: [ app_end ] --END-- [ RunTime:0.001462s ]

[ 2017-04-04T22:57:49+08:00 ] 127.0.0.1 /index.php/Admin/Login/login.html
INFO: [ app_init ] --START--
INFO: Run Behavior\BuildLiteBehavior [ RunTime:0.000023s ]
INFO: [ app_init ] --END-- [ RunTime:0.000609s ]
INFO: [ app_begin ] --START--
INFO: Run Behavior\ReadHtmlCacheBehavior [ RunTime:0.000830s ]
INFO: [ app_begin ] --END-- [ RunTime:0.000904s ]
SQL: SHOW COLUMNS FROM `s11_admin` [ RunTime:0.0007s ]
SQL: SELECT * FROM `s11_admin` WHERE `username` = 'root' LIMIT 1   [ RunTime:0.0003s ]
INFO: [ view_parse ] --START--
INFO: [ template_filter ] --START--
INFO: Run Behavior\ContentReplaceBehavior [ RunTime:0.000042s ]
INFO: [ template_filter ] --END-- [ RunTime:0.000104s ]
INFO: Run Behavior\ParseTemplateBehavior [ RunTime:0.009862s ]
INFO: [ view_parse ] --END-- [ RunTime:0.009952s ]
INFO: [ view_filter ] --START--
INFO: Run Behavior\WriteHtmlCacheBehavior [ RunTime:0.000656s ]
INFO: [ view_filter ] --END-- [ RunTime:0.000712s ]

[ 2017-04-04T22:57:50+08:00 ] 127.0.0.1 /index.php/Admin/Index/index.html
INFO: [ app_init ] --START--
INFO: Run Behavior\BuildLiteBehavior [ RunTime:0.000031s ]
INFO: [ app_init ] --END-- [ RunTime:0.001373s ]
INFO: [ app_begin ] --START--
INFO: Run Behavior\ReadHtmlCacheBehavior [ RunTime:0.001343s ]
INFO: [ app_begin ] --END-- [ RunTime:0.001477s ]
INFO: [ view_parse ] --START--
INFO: [ template_filter ] --START--
INFO: Run Behavior\ContentReplaceBehavior [ RunTime:0.000074s ]
INFO: [ template_filter ] --END-- [ RunTime:0.000199s ]
INFO: Run Behavior\ParseTemplateBehavior [ RunTime:0.047797s ]
INFO: [ view_parse ] --END-- [ RunTime:0.047936s ]
INFO: [ view_filter ] --START--
INFO: Run Behavior\WriteHtmlCacheBehavior [ RunTime:0.000909s ]
INFO: [ view_filter ] --END-- [ RunTime:0.001013s ]
INFO: [ app_end ] --START--
INFO: Run Behavior\ShowPageTraceBehavior [ RunTime:0.001307s ]
INFO: [ app_end ] --END-- [ RunTime:0.001418s ]

[ 2017-04-04T22:57:51+08:00 ] 127.0.0.1 /index.php/Admin/Index/main.html
INFO: [ app_init ] --START--
INFO: Run Behavior\BuildLiteBehavior [ RunTime:0.000031s ]
INFO: [ app_init ] --END-- [ RunTime:0.000932s ]
INFO: [ app_begin ] --START--
INFO: Run Behavior\ReadHtmlCacheBehavior [ RunTime:0.001169s ]
INFO: [ app_begin ] --END-- [ RunTime:0.001270s ]
INFO: [ view_parse ] --START--
INFO: [ template_filter ] --START--
INFO: Run Behavior\ContentReplaceBehavior [ RunTime:0.000059s ]
INFO: [ template_filter ] --END-- [ RunTime:0.000138s ]
INFO: Run Behavior\ParseTemplateBehavior [ RunTime:0.049502s ]
INFO: [ view_parse ] --END-- [ RunTime:0.049586s ]
INFO: [ view_filter ] --START--
INFO: Run Behavior\WriteHtmlCacheBehavior [ RunTime:0.000528s ]
INFO: [ view_filter ] --END-- [ RunTime:0.000592s ]
INFO: [ app_end ] --START--
INFO: Run Behavior\ShowPageTraceBehavior [ RunTime:0.000743s ]
INFO: [ app_end ] --END-- [ RunTime:0.000812s ]

[ 2017-04-04T22:57:51+08:00 ] 127.0.0.1 /index.php/Admin/Index/menu.html
INFO: [ app_init ] --START--
INFO: Run Behavior\BuildLiteBehavior [ RunTime:0.000025s ]
INFO: [ app_init ] --END-- [ RunTime:0.002281s ]
INFO: [ app_begin ] --START--
INFO: Run Behavior\ReadHtmlCacheBehavior [ RunTime:0.001435s ]
INFO: [ app_begin ] --END-- [ RunTime:0.001541s ]
SQL: SHOW COLUMNS FROM `s11_privilege` [ RunTime:0.0008s ]
SQL: SELECT * FROM `s11_privilege`  [ RunTime:0.0004s ]
INFO: [ view_parse ] --START--
INFO: [ template_filter ] --START--
INFO: Run Behavior\ContentReplaceBehavior [ RunTime:0.000087s ]
INFO: [ template_filter ] --END-- [ RunTime:0.000163s ]
INFO: Run Behavior\ParseTemplateBehavior [ RunTime:0.028295s ]
INFO: [ view_parse ] --END-- [ RunTime:0.028378s ]
INFO: [ view_filter ] --START--
INFO: Run Behavior\WriteHtmlCacheBehavior [ RunTime:0.000613s ]
INFO: [ view_filter ] --END-- [ RunTime:0.000673s ]
INFO: [ app_end ] --START--
INFO: Run Behavior\ShowPageTraceBehavior [ RunTime:0.000904s ]
INFO: [ app_end ] --END-- [ RunTime:0.000987s ]

[ 2017-04-04T22:57:51+08:00 ] 127.0.0.1 /index.php/Admin/Index/top.html
INFO: [ app_init ] --START--
INFO: Run Behavior\BuildLiteBehavior [ RunTime:0.000023s ]
INFO: [ app_init ] --END-- [ RunTime:0.000824s ]
INFO: [ app_begin ] --START--
INFO: Run Behavior\ReadHtmlCacheBehavior [ RunTime:0.001158s ]
INFO: [ app_begin ] --END-- [ RunTime:0.001263s ]
INFO: [ view_parse ] --START--
INFO: [ template_filter ] --START--
INFO: Run Behavior\ContentReplaceBehavior [ RunTime:0.000100s ]
INFO: [ template_filter ] --END-- [ RunTime:0.000231s ]
INFO: Run Behavior\ParseTemplateBehavior [ RunTime:0.028776s ]
INFO: [ view_parse ] --END-- [ RunTime:0.029216s ]
INFO: [ view_filter ] --START--
INFO: Run Behavior\WriteHtmlCacheBehavior [ RunTime:0.004405s ]
INFO: [ view_filter ] --END-- [ RunTime:0.004788s ]
INFO: [ app_end ] --START--
INFO: Run Behavior\ShowPageTraceBehavior [ RunTime:0.001489s ]
INFO: [ app_end ] --END-- [ RunTime:0.001730s ]

[ 2017-04-04T22:57:52+08:00 ] 127.0.0.1 /index.php/Admin/Goods/lst.html
INFO: [ app_init ] --START--
INFO: Run Behavior\BuildLiteBehavior [ RunTime:0.000018s ]
INFO: [ app_init ] --END-- [ RunTime:0.000710s ]
INFO: [ app_begin ] --START--
INFO: Run Behavior\ReadHtmlCacheBehavior [ RunTime:0.001129s ]
INFO: [ app_begin ] --END-- [ RunTime:0.001234s ]
SQL: SHOW COLUMNS FROM `s11_privilege` [ RunTime:0.0013s ]
NOTIC: [2048] Declaration of Admin\Model\CategoryModel::_before_delete() should be compatible with that of Think\Model::_before_delete() E:\amp\www\www.0211.com\Application\Admin\Model\CategoryModel.class.php 第 275 行.
SQL: SHOW COLUMNS FROM `s11_category` [ RunTime:0.0009s ]
SQL: SELECT * FROM `s11_category`  [ RunTime:0.0003s ]
SQL: SHOW COLUMNS FROM `s11_goods` [ RunTime:0.0012s ]
SQL: SELECT COUNT(*) AS tp_count FROM s11_goods a LIMIT 1   [ RunTime:0.0002s ]
SQL: SELECT a.*,b.brand_name,c.cat_name,GROUP_CONCAT(e.cat_name SEPARATOR "<br>") ext_cat_name FROM s11_goods a LEFT JOIN s11_brand b ON a.brand_id=b.id
				LEFT JOIN s11_category c ON a.cat_id=c.id
				LEFT JOIN s11_goods_cat d ON a.id=d.goods_id
				LEFT JOIN s11_category e ON d.cat_id=e.id  GROUP BY a.id ORDER BY a.id desc LIMIT 0,15   [ RunTime:0.0006s ]
INFO: [ view_parse ] --START--
INFO: [ template_filter ] --START--
INFO: Run Behavior\ContentReplaceBehavior [ RunTime:0.000117s ]
INFO: [ template_filter ] --END-- [ RunTime:0.000246s ]
SQL: SHOW COLUMNS FROM `s11_brand` [ RunTime:0.0010s ]
SQL: SELECT `id`,`brand_name` FROM `s11_brand`  [ RunTime:0.0002s ]
INFO: Run Behavior\ParseTemplateBehavior [ RunTime:0.067722s ]
INFO: [ view_parse ] --END-- [ RunTime:0.067842s ]
INFO: [ view_filter ] --START--
INFO: Run Behavior\WriteHtmlCacheBehavior [ RunTime:0.000888s ]
INFO: [ view_filter ] --END-- [ RunTime:0.000980s ]
INFO: [ app_end ] --START--
INFO: Run Behavior\ShowPageTraceBehavior [ RunTime:0.001604s ]
INFO: [ app_end ] --END-- [ RunTime:0.001821s ]

[ 2017-04-04T22:57:55+08:00 ] 127.0.0.1 /index.php/Admin/Goods/add.html
INFO: [ app_init ] --START--
INFO: Run Behavior\BuildLiteBehavior [ RunTime:0.000027s ]
INFO: [ app_init ] --END-- [ RunTime:0.000790s ]
INFO: [ app_begin ] --START--
INFO: Run Behavior\ReadHtmlCacheBehavior [ RunTime:0.001523s ]
INFO: [ app_begin ] --END-- [ RunTime:0.001665s ]
SQL: SHOW COLUMNS FROM `s11_privilege` [ RunTime:0.0010s ]
NOTIC: [2048] Declaration of Admin\Model\CategoryModel::_before_delete() should be compatible with that of Think\Model::_before_delete() E:\amp\www\www.0211.com\Application\Admin\Model\CategoryModel.class.php 第 275 行.
SQL: SHOW COLUMNS FROM `s11_category` [ RunTime:0.0009s ]
SQL: SELECT * FROM `s11_category`  [ RunTime:0.0003s ]
SQL: SHOW COLUMNS FROM `s11_member_level` [ RunTime:0.0008s ]
SQL: SELECT * FROM `s11_member_level`  [ RunTime:0.0002s ]
INFO: [ view_parse ] --START--
INFO: [ template_filter ] --START--
INFO: Run Behavior\ContentReplaceBehavior [ RunTime:0.000135s ]
INFO: [ template_filter ] --END-- [ RunTime:0.000224s ]
SQL: SHOW COLUMNS FROM `s11_brand` [ RunTime:0.0015s ]
SQL: SELECT `id`,`brand_name` FROM `s11_brand`  [ RunTime:0.0003s ]
SQL: SHOW COLUMNS FROM `s11_type` [ RunTime:0.0022s ]
SQL: SELECT `id`,`type_name` FROM `s11_type`  [ RunTime:0.0002s ]
INFO: Run Behavior\ParseTemplateBehavior [ RunTime:0.043812s ]
INFO: [ view_parse ] --END-- [ RunTime:0.043916s ]
INFO: [ view_filter ] --START--
INFO: Run Behavior\WriteHtmlCacheBehavior [ RunTime:0.000895s ]
INFO: [ view_filter ] --END-- [ RunTime:0.000989s ]
INFO: [ app_end ] --START--
INFO: Run Behavior\ShowPageTraceBehavior [ RunTime:0.001005s ]
INFO: [ app_end ] --END-- [ RunTime:0.001123s ]

[ 2017-04-04T22:58:35+08:00 ] 127.0.0.1 /index.php/Admin/Goods/add.html
INFO: [ app_init ] --START--
INFO: Run Behavior\BuildLiteBehavior [ RunTime:0.000016s ]
INFO: [ app_init ] --END-- [ RunTime:0.000482s ]
INFO: [ app_begin ] --START--
INFO: Run Behavior\ReadHtmlCacheBehavior [ RunTime:0.000728s ]
INFO: [ app_begin ] --END-- [ RunTime:0.000792s ]
SQL: SHOW COLUMNS FROM `s11_privilege` [ RunTime:0.0008s ]
SQL: SHOW COLUMNS FROM `s11_goods` [ RunTime:0.0008s ]
SQL: INSERT INTO `s11_goods` (`cat_id`,`brand_id`,`goods_name`,`market_price`,`shop_price`,`promote_price`,`promote_start_date`,`promote_end_date`,`is_new`,`is_best`,`is_hot`,`is_floor`,`sort_num`,`goods_desc`,`type_id`,`addtime`) VALUES ('2','0','华为手机','0','0','0','2017-04-04 22:57:55','2017-04-04 22:57:55','否','否','否','否','100','','0','2017-04-04 22:58:34') [ RunTime:0.0541s ]
SQL: SHOW COLUMNS FROM `s11_goods_attr` [ RunTime:0.0009s ]
NOTIC: [2] Invalid argument supplied for foreach() E:\amp\www\www.0211.com\Application\Admin\Model\GoodsModel.class.php 第 185 行.
SQL: SHOW COLUMNS FROM `s11_goods_cat` [ RunTime:0.0008s ]
SQL: INSERT INTO `s11_goods_cat` (`cat_id`,`goods_id`) VALUES ('16','5') [ RunTime:0.0247s ]
SQL: SHOW COLUMNS FROM `s11_goods_pic` [ RunTime:0.0010s ]
SQL: SHOW COLUMNS FROM `s11_member_price` [ RunTime:0.0022s ]
INFO: [ view_parse ] --START--
INFO: [ template_filter ] --START--
INFO: Run Behavior\ContentReplaceBehavior [ RunTime:0.000043s ]
INFO: [ template_filter ] --END-- [ RunTime:0.000111s ]
INFO: Run Behavior\ParseTemplateBehavior [ RunTime:0.007277s ]
INFO: [ view_parse ] --END-- [ RunTime:0.007412s ]
INFO: [ view_filter ] --START--
INFO: Run Behavior\WriteHtmlCacheBehavior [ RunTime:0.000744s ]
INFO: [ view_filter ] --END-- [ RunTime:0.000808s ]

[ 2017-04-04T22:58:36+08:00 ] 127.0.0.1 /index.php/Admin/Goods/lst.html
INFO: [ app_init ] --START--
INFO: Run Behavior\BuildLiteBehavior [ RunTime:0.000046s ]
INFO: [ app_init ] --END-- [ RunTime:0.000717s ]
INFO: [ app_begin ] --START--
INFO: Run Behavior\ReadHtmlCacheBehavior [ RunTime:0.001690s ]
INFO: [ app_begin ] --END-- [ RunTime:0.002050s ]
SQL: SHOW COLUMNS FROM `s11_privilege` [ RunTime:0.0012s ]
NOTIC: [2048] Declaration of Admin\Model\CategoryModel::_before_delete() should be compatible with that of Think\Model::_before_delete() E:\amp\www\www.0211.com\Application\Admin\Model\CategoryModel.class.php 第 275 行.
SQL: SHOW COLUMNS FROM `s11_category` [ RunTime:0.0007s ]
SQL: SELECT * FROM `s11_category`  [ RunTime:0.0003s ]
SQL: SHOW COLUMNS FROM `s11_goods` [ RunTime:0.0009s ]
SQL: SELECT COUNT(*) AS tp_count FROM s11_goods a LIMIT 1   [ RunTime:0.0004s ]
SQL: SELECT a.*,b.brand_name,c.cat_name,GROUP_CONCAT(e.cat_name SEPARATOR "<br>") ext_cat_name FROM s11_goods a LEFT JOIN s11_brand b ON a.brand_id=b.id
				LEFT JOIN s11_category c ON a.cat_id=c.id
				LEFT JOIN s11_goods_cat d ON a.id=d.goods_id
				LEFT JOIN s11_category e ON d.cat_id=e.id  GROUP BY a.id ORDER BY a.id desc LIMIT 0,15   [ RunTime:0.0042s ]
INFO: [ view_parse ] --START--
INFO: [ template_filter ] --START--
INFO: Run Behavior\ContentReplaceBehavior [ RunTime:0.000152s ]
INFO: [ template_filter ] --END-- [ RunTime:0.000284s ]
SQL: SHOW COLUMNS FROM `s11_brand` [ RunTime:0.0014s ]
SQL: SELECT `id`,`brand_name` FROM `s11_brand`  [ RunTime:0.0003s ]
INFO: Run Behavior\ParseTemplateBehavior [ RunTime:0.016580s ]
INFO: [ view_parse ] --END-- [ RunTime:0.016754s ]
INFO: [ view_filter ] --START--
INFO: Run Behavior\WriteHtmlCacheBehavior [ RunTime:0.000749s ]
INFO: [ view_filter ] --END-- [ RunTime:0.000853s ]
INFO: [ app_end ] --START--
INFO: Run Behavior\ShowPageTraceBehavior [ RunTime:0.001092s ]
INFO: [ app_end ] --END-- [ RunTime:0.001218s ]

[ 2017-04-04T23:47:12+08:00 ] 127.0.0.1 /index.php/Admin/Index/Index
INFO: [ app_init ] --START--
INFO: Run Behavior\BuildLiteBehavior [ RunTime:0.000016s ]
INFO: [ app_init ] --END-- [ RunTime:0.000561s ]
INFO: [ app_begin ] --START--
INFO: Run Behavior\ReadHtmlCacheBehavior [ RunTime:0.000688s ]
INFO: [ app_begin ] --END-- [ RunTime:0.000744s ]
INFO: [ view_parse ] --START--
INFO: [ template_filter ] --START--
INFO: Run Behavior\ContentReplaceBehavior [ RunTime:0.000042s ]
INFO: [ template_filter ] --END-- [ RunTime:0.000111s ]
INFO: Run Behavior\ParseTemplateBehavior [ RunTime:0.020474s ]
INFO: [ view_parse ] --END-- [ RunTime:0.020566s ]
INFO: [ view_filter ] --START--
INFO: Run Behavior\WriteHtmlCacheBehavior [ RunTime:0.000525s ]
INFO: [ view_filter ] --END-- [ RunTime:0.000582s ]

[ 2017-04-04T23:47:15+08:00 ] 127.0.0.1 /index.php/Admin/Login/login.html
INFO: [ app_init ] --START--
INFO: Run Behavior\BuildLiteBehavior [ RunTime:0.000018s ]
INFO: [ app_init ] --END-- [ RunTime:0.000521s ]
INFO: [ app_begin ] --START--
INFO: Run Behavior\ReadHtmlCacheBehavior [ RunTime:0.000699s ]
INFO: [ app_begin ] --END-- [ RunTime:0.000773s ]
INFO: [ view_parse ] --START--
INFO: [ template_filter ] --START--
INFO: Run Behavior\ContentReplaceBehavior [ RunTime:0.000073s ]
INFO: [ template_filter ] --END-- [ RunTime:0.000177s ]
INFO: Run Behavior\ParseTemplateBehavior [ RunTime:0.029906s ]
INFO: [ view_parse ] --END-- [ RunTime:0.029984s ]
INFO: [ view_filter ] --START--
INFO: Run Behavior\WriteHtmlCacheBehavior [ RunTime:0.000455s ]
INFO: [ view_filter ] --END-- [ RunTime:0.000505s ]
INFO: [ app_end ] --START--
INFO: Run Behavior\ShowPageTraceBehavior [ RunTime:0.000637s ]
INFO: [ app_end ] --END-- [ RunTime:0.000690s ]

[ 2017-04-04T23:47:15+08:00 ] 127.0.0.1 /index.php/Admin/Login/chkcode.html
INFO: [ app_init ] --START--
INFO: Run Behavior\BuildLiteBehavior [ RunTime:0.000017s ]
INFO: [ app_init ] --END-- [ RunTime:0.000492s ]
INFO: [ app_begin ] --START--
INFO: Run Behavior\ReadHtmlCacheBehavior [ RunTime:0.000650s ]
INFO: [ app_begin ] --END-- [ RunTime:0.000723s ]
INFO: [ app_end ] --START--
INFO: Run Behavior\ShowPageTraceBehavior [ RunTime:0.000749s ]
INFO: [ app_end ] --END-- [ RunTime:0.000843s ]

[ 2017-04-04T23:47:19+08:00 ] 127.0.0.1 /index.php/Admin/Login/chkcode.html
INFO: [ app_init ] --START--
INFO: Run Behavior\BuildLiteBehavior [ RunTime:0.000014s ]
INFO: [ app_init ] --END-- [ RunTime:0.000526s ]
INFO: [ app_begin ] --START--
INFO: Run Behavior\ReadHtmlCacheBehavior [ RunTime:0.000646s ]
INFO: [ app_begin ] --END-- [ RunTime:0.000701s ]
INFO: [ app_end ] --START--
INFO: Run Behavior\ShowPageTraceBehavior [ RunTime:0.000821s ]
INFO: [ app_end ] --END-- [ RunTime:0.000920s ]

[ 2017-04-04T23:47:23+08:00 ] 127.0.0.1 /index.php/Admin/Login/login.html
INFO: [ app_init ] --START--
INFO: Run Behavior\BuildLiteBehavior [ RunTime:0.000019s ]
INFO: [ app_init ] --END-- [ RunTime:0.000516s ]
INFO: [ app_begin ] --START--
INFO: Run Behavior\ReadHtmlCacheBehavior [ RunTime:0.001120s ]
INFO: [ app_begin ] --END-- [ RunTime:0.001248s ]
SQL: SHOW COLUMNS FROM `s11_admin` [ RunTime:0.1385s ]
SQL: SELECT * FROM `s11_admin` WHERE `username` = 'jack' LIMIT 1   [ RunTime:0.0004s ]
INFO: [ view_parse ] --START--
INFO: [ template_filter ] --START--
INFO: Run Behavior\ContentReplaceBehavior [ RunTime:0.000042s ]
INFO: [ template_filter ] --END-- [ RunTime:0.000102s ]
INFO: Run Behavior\ParseTemplateBehavior [ RunTime:0.006511s ]
INFO: [ view_parse ] --END-- [ RunTime:0.006589s ]
INFO: [ view_filter ] --START--
INFO: Run Behavior\WriteHtmlCacheBehavior [ RunTime:0.000427s ]
INFO: [ view_filter ] --END-- [ RunTime:0.000488s ]

[ 2017-04-04T23:47:26+08:00 ] 127.0.0.1 /index.php/Admin/Login/login.html
INFO: [ app_init ] --START--
INFO: Run Behavior\BuildLiteBehavior [ RunTime:0.000016s ]
INFO: [ app_init ] --END-- [ RunTime:0.000517s ]
INFO: [ app_begin ] --START--
INFO: Run Behavior\ReadHtmlCacheBehavior [ RunTime:0.001189s ]
INFO: [ app_begin ] --END-- [ RunTime:0.001515s ]
INFO: [ view_parse ] --START--
INFO: [ template_filter ] --START--
INFO: Run Behavior\ContentReplaceBehavior [ RunTime:0.000059s ]
INFO: [ template_filter ] --END-- [ RunTime:0.000138s ]
INFO: Run Behavior\ParseTemplateBehavior [ RunTime:0.007247s ]
INFO: [ view_parse ] --END-- [ RunTime:0.007329s ]
INFO: [ view_filter ] --START--
INFO: Run Behavior\WriteHtmlCacheBehavior [ RunTime:0.000411s ]
INFO: [ view_filter ] --END-- [ RunTime:0.000471s ]
INFO: [ app_end ] --START--
INFO: Run Behavior\ShowPageTraceBehavior [ RunTime:0.000654s ]
INFO: [ app_end ] --END-- [ RunTime:0.000729s ]

[ 2017-04-04T23:47:26+08:00 ] 127.0.0.1 /index.php/Admin/Login/chkcode.html
INFO: [ app_init ] --START--
INFO: Run Behavior\BuildLiteBehavior [ RunTime:0.000026s ]
INFO: [ app_init ] --END-- [ RunTime:0.001090s ]
INFO: [ app_begin ] --START--
INFO: Run Behavior\ReadHtmlCacheBehavior [ RunTime:0.000795s ]
INFO: [ app_begin ] --END-- [ RunTime:0.000867s ]
INFO: [ app_end ] --START--
INFO: Run Behavior\ShowPageTraceBehavior [ RunTime:0.000698s ]
INFO: [ app_end ] --END-- [ RunTime:0.000783s ]

[ 2017-04-04T23:47:35+08:00 ] 127.0.0.1 /index.php/Admin/Login/login.html
INFO: [ app_init ] --START--
INFO: Run Behavior\BuildLiteBehavior [ RunTime:0.000017s ]
INFO: [ app_init ] --END-- [ RunTime:0.000510s ]
INFO: [ app_begin ] --START--
INFO: Run Behavior\ReadHtmlCacheBehavior [ RunTime:0.000691s ]
INFO: [ app_begin ] --END-- [ RunTime:0.000764s ]
SQL: SHOW COLUMNS FROM `s11_admin` [ RunTime:0.0013s ]
SQL: SELECT * FROM `s11_admin` WHERE `username` = 'root' LIMIT 1   [ RunTime:0.0004s ]
INFO: [ view_parse ] --START--
INFO: [ template_filter ] --START--
INFO: Run Behavior\ContentReplaceBehavior [ RunTime:0.000042s ]
INFO: [ template_filter ] --END-- [ RunTime:0.000106s ]
INFO: Run Behavior\ParseTemplateBehavior [ RunTime:0.007280s ]
INFO: [ view_parse ] --END-- [ RunTime:0.007375s ]
INFO: [ view_filter ] --START--
INFO: Run Behavior\WriteHtmlCacheBehavior [ RunTime:0.000507s ]
INFO: [ view_filter ] --END-- [ RunTime:0.000567s ]

[ 2017-04-04T23:47:37+08:00 ] 127.0.0.1 /index.php/Admin/Index/index.html
INFO: [ app_init ] --START--
INFO: Run Behavior\BuildLiteBehavior [ RunTime:0.000016s ]
INFO: [ app_init ] --END-- [ RunTime:0.000480s ]
INFO: [ app_begin ] --START--
INFO: Run Behavior\ReadHtmlCacheBehavior [ RunTime:0.000650s ]
INFO: [ app_begin ] --END-- [ RunTime:0.000713s ]
INFO: [ view_parse ] --START--
INFO: [ template_filter ] --START--
INFO: Run Behavior\ContentReplaceBehavior [ RunTime:0.000043s ]
INFO: [ template_filter ] --END-- [ RunTime:0.000116s ]
INFO: Run Behavior\ParseTemplateBehavior [ RunTime:0.033522s ]
INFO: [ view_parse ] --END-- [ RunTime:0.033606s ]
INFO: [ view_filter ] --START--
INFO: Run Behavior\WriteHtmlCacheBehavior [ RunTime:0.000448s ]
INFO: [ view_filter ] --END-- [ RunTime:0.000510s ]
INFO: [ app_end ] --START--
INFO: Run Behavior\ShowPageTraceBehavior [ RunTime:0.000637s ]
INFO: [ app_end ] --END-- [ RunTime:0.000690s ]

[ 2017-04-04T23:47:37+08:00 ] 127.0.0.1 /index.php/Admin/Index/top.html
INFO: [ app_init ] --START--
INFO: Run Behavior\BuildLiteBehavior [ RunTime:0.000025s ]
INFO: [ app_init ] --END-- [ RunTime:0.000712s ]
INFO: [ app_begin ] --START--
INFO: Run Behavior\ReadHtmlCacheBehavior [ RunTime:0.000997s ]
INFO: [ app_begin ] --END-- [ RunTime:0.001109s ]
INFO: [ view_parse ] --START--
INFO: [ template_filter ] --START--
INFO: Run Behavior\ContentReplaceBehavior [ RunTime:0.000060s ]
INFO: [ template_filter ] --END-- [ RunTime:0.000135s ]
INFO: Run Behavior\ParseTemplateBehavior [ RunTime:0.046389s ]
INFO: [ view_parse ] --END-- [ RunTime:0.046490s ]
INFO: [ view_filter ] --START--
INFO: Run Behavior\WriteHtmlCacheBehavior [ RunTime:0.000406s ]
INFO: [ view_filter ] --END-- [ RunTime:0.000461s ]
INFO: [ app_end ] --START--
INFO: Run Behavior\ShowPageTraceBehavior [ RunTime:0.001496s ]
INFO: [ app_end ] --END-- [ RunTime:0.001641s ]

[ 2017-04-04T23:47:37+08:00 ] 127.0.0.1 /index.php/Admin/Index/menu.html
INFO: [ app_init ] --START--
INFO: Run Behavior\BuildLiteBehavior [ RunTime:0.000020s ]
INFO: [ app_init ] --END-- [ RunTime:0.000659s ]
INFO: [ app_begin ] --START--
INFO: Run Behavior\ReadHtmlCacheBehavior [ RunTime:0.000959s ]
INFO: [ app_begin ] --END-- [ RunTime:0.001048s ]
SQL: SHOW COLUMNS FROM `s11_privilege` [ RunTime:0.0574s ]
SQL: SELECT * FROM `s11_privilege`  [ RunTime:0.0007s ]
INFO: [ view_parse ] --START--
INFO: [ template_filter ] --START--
INFO: Run Behavior\ContentReplaceBehavior [ RunTime:0.000086s ]
INFO: [ template_filter ] --END-- [ RunTime:0.000168s ]
INFO: Run Behavior\ParseTemplateBehavior [ RunTime:0.015871s ]
INFO: [ view_parse ] --END-- [ RunTime:0.015976s ]
INFO: [ view_filter ] --START--
INFO: Run Behavior\WriteHtmlCacheBehavior [ RunTime:0.000776s ]
INFO: [ view_filter ] --END-- [ RunTime:0.000860s ]
INFO: [ app_end ] --START--
INFO: Run Behavior\ShowPageTraceBehavior [ RunTime:0.000870s ]
INFO: [ app_end ] --END-- [ RunTime:0.000952s ]

[ 2017-04-04T23:47:37+08:00 ] 127.0.0.1 /index.php/Admin/Index/main.html
INFO: [ app_init ] --START--
INFO: Run Behavior\BuildLiteBehavior [ RunTime:0.000023s ]
INFO: [ app_init ] --END-- [ RunTime:0.000740s ]
INFO: [ app_begin ] --START--
INFO: Run Behavior\ReadHtmlCacheBehavior [ RunTime:0.001162s ]
INFO: [ app_begin ] --END-- [ RunTime:0.001269s ]
INFO: [ view_parse ] --START--
INFO: [ template_filter ] --START--
INFO: Run Behavior\ContentReplaceBehavior [ RunTime:0.000097s ]
INFO: [ template_filter ] --END-- [ RunTime:0.000234s ]
INFO: Run Behavior\ParseTemplateBehavior [ RunTime:0.023385s ]
INFO: [ view_parse ] --END-- [ RunTime:0.023520s ]
INFO: [ view_filter ] --START--
INFO: Run Behavior\WriteHtmlCacheBehavior [ RunTime:0.000755s ]
INFO: [ view_filter ] --END-- [ RunTime:0.000859s ]
INFO: [ app_end ] --START--
INFO: Run Behavior\ShowPageTraceBehavior [ RunTime:0.000923s ]
INFO: [ app_end ] --END-- [ RunTime:0.001020s ]

[ 2017-04-04T23:47:38+08:00 ] 127.0.0.1 /index.php/Admin/Goods/lst.html
INFO: [ app_init ] --START--
INFO: Run Behavior\BuildLiteBehavior [ RunTime:0.000015s ]
INFO: [ app_init ] --END-- [ RunTime:0.000528s ]
INFO: [ app_begin ] --START--
INFO: Run Behavior\ReadHtmlCacheBehavior [ RunTime:0.000640s ]
INFO: [ app_begin ] --END-- [ RunTime:0.000692s ]
SQL: SHOW COLUMNS FROM `s11_privilege` [ RunTime:0.0014s ]
NOTIC: [2048] Declaration of Admin\Model\CategoryModel::_before_delete() should be compatible with that of Think\Model::_before_delete() E:\amp\www\www.0211.com\Application\Admin\Model\CategoryModel.class.php 第 275 行.
SQL: SHOW COLUMNS FROM `s11_category` [ RunTime:0.0015s ]
SQL: SELECT * FROM `s11_category`  [ RunTime:0.0006s ]
SQL: SHOW COLUMNS FROM `s11_goods` [ RunTime:0.0018s ]
SQL: SELECT COUNT(*) AS tp_count FROM s11_goods a LIMIT 1   [ RunTime:0.0004s ]
SQL: SELECT a.*,b.brand_name,c.cat_name,GROUP_CONCAT(e.cat_name SEPARATOR "<br>") ext_cat_name FROM s11_goods a LEFT JOIN s11_brand b ON a.brand_id=b.id
				LEFT JOIN s11_category c ON a.cat_id=c.id
				LEFT JOIN s11_goods_cat d ON a.id=d.goods_id
				LEFT JOIN s11_category e ON d.cat_id=e.id  GROUP BY a.id ORDER BY a.id desc LIMIT 0,15   [ RunTime:0.0617s ]
INFO: [ view_parse ] --START--
INFO: [ template_filter ] --START--
INFO: Run Behavior\ContentReplaceBehavior [ RunTime:0.000163s ]
INFO: [ template_filter ] --END-- [ RunTime:0.000277s ]
SQL: SHOW COLUMNS FROM `s11_brand` [ RunTime:0.0007s ]
SQL: SELECT `id`,`brand_name` FROM `s11_brand`  [ RunTime:0.0004s ]
INFO: Run Behavior\ParseTemplateBehavior [ RunTime:0.039101s ]
INFO: [ view_parse ] --END-- [ RunTime:0.039180s ]
INFO: [ view_filter ] --START--
INFO: Run Behavior\WriteHtmlCacheBehavior [ RunTime:0.000598s ]
INFO: [ view_filter ] --END-- [ RunTime:0.000661s ]
INFO: [ app_end ] --START--
INFO: Run Behavior\ShowPageTraceBehavior [ RunTime:0.001043s ]
INFO: [ app_end ] --END-- [ RunTime:0.001145s ]

[ 2017-04-04T23:47:41+08:00 ] 127.0.0.1 /index.php/Admin/Goods/add.html
INFO: [ app_init ] --START--
INFO: Run Behavior\BuildLiteBehavior [ RunTime:0.000016s ]
INFO: [ app_init ] --END-- [ RunTime:0.000535s ]
INFO: [ app_begin ] --START--
INFO: Run Behavior\ReadHtmlCacheBehavior [ RunTime:0.000651s ]
INFO: [ app_begin ] --END-- [ RunTime:0.000707s ]
SQL: SHOW COLUMNS FROM `s11_privilege` [ RunTime:0.0013s ]
NOTIC: [2048] Declaration of Admin\Model\CategoryModel::_before_delete() should be compatible with that of Think\Model::_before_delete() E:\amp\www\www.0211.com\Application\Admin\Model\CategoryModel.class.php 第 275 行.
SQL: SHOW COLUMNS FROM `s11_category` [ RunTime:0.0012s ]
SQL: SELECT * FROM `s11_category`  [ RunTime:0.0003s ]
SQL: SHOW COLUMNS FROM `s11_member_level` [ RunTime:0.0495s ]
SQL: SELECT * FROM `s11_member_level`  [ RunTime:0.0004s ]
INFO: [ view_parse ] --START--
INFO: [ template_filter ] --START--
INFO: Run Behavior\ContentReplaceBehavior [ RunTime:0.000114s ]
INFO: [ template_filter ] --END-- [ RunTime:0.000182s ]
SQL: SHOW COLUMNS FROM `s11_brand` [ RunTime:0.0013s ]
SQL: SELECT `id`,`brand_name` FROM `s11_brand`  [ RunTime:0.0002s ]
SQL: SHOW COLUMNS FROM `s11_type` [ RunTime:0.0279s ]
SQL: SELECT `id`,`type_name` FROM `s11_type`  [ RunTime:0.0003s ]
INFO: Run Behavior\ParseTemplateBehavior [ RunTime:0.064524s ]
INFO: [ view_parse ] --END-- [ RunTime:0.064591s ]
INFO: [ view_filter ] --START--
INFO: Run Behavior\WriteHtmlCacheBehavior [ RunTime:0.000455s ]
INFO: [ view_filter ] --END-- [ RunTime:0.000506s ]
INFO: [ app_end ] --START--
INFO: Run Behavior\ShowPageTraceBehavior [ RunTime:0.000698s ]
INFO: [ app_end ] --END-- [ RunTime:0.000774s ]

[ 2017-04-04T23:47:51+08:00 ] 127.0.0.1 /index.php/Admin/Goods/add.html
INFO: [ app_init ] --START--
INFO: Run Behavior\BuildLiteBehavior [ RunTime:0.000030s ]
INFO: [ app_init ] --END-- [ RunTime:0.000785s ]
INFO: [ app_begin ] --START--
INFO: Run Behavior\ReadHtmlCacheBehavior [ RunTime:0.000857s ]
INFO: [ app_begin ] --END-- [ RunTime:0.000955s ]
SQL: SHOW COLUMNS FROM `s11_privilege` [ RunTime:0.0018s ]
SQL: SHOW COLUMNS FROM `s11_goods` [ RunTime:0.0016s ]
SQL: INSERT INTO `s11_goods` (`cat_id`,`brand_id`,`goods_name`,`market_price`,`shop_price`,`promote_price`,`promote_start_date`,`promote_end_date`,`is_new`,`is_best`,`is_hot`,`is_floor`,`sort_num`,`goods_desc`,`type_id`,`addtime`) VALUES ('16','0','海尔','0','0','0','2017-04-04 23:47:41','2017-04-04 23:47:41','否','否','否','否','100','','0','2017-04-04 23:47:50') [ RunTime:0.0782s ]
SQL: SHOW COLUMNS FROM `s11_goods_attr` [ RunTime:0.0039s ]
NOTIC: [2] Invalid argument supplied for foreach() E:\amp\www\www.0211.com\Application\Admin\Model\GoodsModel.class.php 第 185 行.
SQL: SHOW COLUMNS FROM `s11_goods_cat` [ RunTime:0.0030s ]
SQL: INSERT INTO `s11_goods_cat` (`cat_id`,`goods_id`) VALUES ('16','6') [ RunTime:0.0441s ]
SQL: SHOW COLUMNS FROM `s11_goods_pic` [ RunTime:0.0330s ]
SQL: SHOW COLUMNS FROM `s11_member_price` [ RunTime:0.0149s ]
INFO: [ view_parse ] --START--
INFO: [ template_filter ] --START--
INFO: Run Behavior\ContentReplaceBehavior [ RunTime:0.000065s ]
INFO: [ template_filter ] --END-- [ RunTime:0.000162s ]
INFO: Run Behavior\ParseTemplateBehavior [ RunTime:0.015520s ]
INFO: [ view_parse ] --END-- [ RunTime:0.015674s ]
INFO: [ view_filter ] --START--
INFO: Run Behavior\WriteHtmlCacheBehavior [ RunTime:0.000663s ]
INFO: [ view_filter ] --END-- [ RunTime:0.000744s ]

[ 2017-04-04T23:47:52+08:00 ] 127.0.0.1 /index.php/Admin/Goods/lst.html
INFO: [ app_init ] --START--
INFO: Run Behavior\BuildLiteBehavior [ RunTime:0.000016s ]
INFO: [ app_init ] --END-- [ RunTime:0.000511s ]
INFO: [ app_begin ] --START--
INFO: Run Behavior\ReadHtmlCacheBehavior [ RunTime:0.001503s ]
INFO: [ app_begin ] --END-- [ RunTime:0.001582s ]
SQL: SHOW COLUMNS FROM `s11_privilege` [ RunTime:0.0697s ]
NOTIC: [2048] Declaration of Admin\Model\CategoryModel::_before_delete() should be compatible with that of Think\Model::_before_delete() E:\amp\www\www.0211.com\Application\Admin\Model\CategoryModel.class.php 第 275 行.
SQL: SHOW COLUMNS FROM `s11_category` [ RunTime:0.0017s ]
SQL: SELECT * FROM `s11_category`  [ RunTime:0.0003s ]
SQL: SHOW COLUMNS FROM `s11_goods` [ RunTime:0.0017s ]
SQL: SELECT COUNT(*) AS tp_count FROM s11_goods a LIMIT 1   [ RunTime:0.0003s ]
SQL: SELECT a.*,b.brand_name,c.cat_name,GROUP_CONCAT(e.cat_name SEPARATOR "<br>") ext_cat_name FROM s11_goods a LEFT JOIN s11_brand b ON a.brand_id=b.id
				LEFT JOIN s11_category c ON a.cat_id=c.id
				LEFT JOIN s11_goods_cat d ON a.id=d.goods_id
				LEFT JOIN s11_category e ON d.cat_id=e.id  GROUP BY a.id ORDER BY a.id desc LIMIT 0,15   [ RunTime:0.0032s ]
INFO: [ view_parse ] --START--
INFO: [ template_filter ] --START--
INFO: Run Behavior\ContentReplaceBehavior [ RunTime:0.000144s ]
INFO: [ template_filter ] --END-- [ RunTime:0.000271s ]
SQL: SHOW COLUMNS FROM `s11_brand` [ RunTime:0.0007s ]
SQL: SELECT `id`,`brand_name` FROM `s11_brand`  [ RunTime:0.0002s ]
INFO: Run Behavior\ParseTemplateBehavior [ RunTime:0.013244s ]
INFO: [ view_parse ] --END-- [ RunTime:0.013316s ]
INFO: [ view_filter ] --START--
INFO: Run Behavior\WriteHtmlCacheBehavior [ RunTime:0.000656s ]
INFO: [ view_filter ] --END-- [ RunTime:0.000726s ]
INFO: [ app_end ] --START--
INFO: Run Behavior\ShowPageTraceBehavior [ RunTime:0.000925s ]
INFO: [ app_end ] --END-- [ RunTime:0.001027s ]

