[ 2017-03-05T22:14:42+08:00 ] 127.0.0.1 /index.php/Admin/Index/Index
INFO: [ app_init ] --START--
INFO: Run Behavior\BuildLiteBehavior [ RunTime:0.000022s ]
INFO: [ app_init ] --END-- [ RunTime:0.001504s ]
INFO: [ app_begin ] --START--
INFO: Run Behavior\ReadHtmlCacheBehavior [ RunTime:0.001069s ]
INFO: [ app_begin ] --END-- [ RunTime:0.001144s ]
INFO: [ view_parse ] --START--
INFO: [ template_filter ] --START--
INFO: Run Behavior\ContentReplaceBehavior [ RunTime:0.000041s ]
INFO: [ template_filter ] --END-- [ RunTime:0.000111s ]
INFO: Run Behavior\ParseTemplateBehavior [ RunTime:0.017075s ]
INFO: [ view_parse ] --END-- [ RunTime:0.017145s ]
INFO: [ view_filter ] --START--
INFO: Run Behavior\WriteHtmlCacheBehavior [ RunTime:0.000859s ]
INFO: [ view_filter ] --END-- [ RunTime:0.000909s ]
INFO: [ app_end ] --START--
INFO: Run Behavior\ShowPageTraceBehavior [ RunTime:0.001159s ]
INFO: [ app_end ] --END-- [ RunTime:0.001227s ]

[ 2017-03-05T22:14:43+08:00 ] 127.0.0.1 /index.php/Admin/Index/top.html
INFO: [ app_init ] --START--
INFO: Run Behavior\BuildLiteBehavior [ RunTime:0.000019s ]
INFO: [ app_init ] --END-- [ RunTime:0.000507s ]
INFO: [ app_begin ] --START--
INFO: Run Behavior\ReadHtmlCacheBehavior [ RunTime:0.000706s ]
INFO: [ app_begin ] --END-- [ RunTime:0.000785s ]
INFO: [ view_parse ] --START--
INFO: [ template_filter ] --START--
INFO: Run Behavior\ContentReplaceBehavior [ RunTime:0.000063s ]
INFO: [ template_filter ] --END-- [ RunTime:0.000136s ]
INFO: Run Behavior\ParseTemplateBehavior [ RunTime:0.047833s ]
INFO: [ view_parse ] --END-- [ RunTime:0.047937s ]
INFO: [ view_filter ] --START--
INFO: Run Behavior\WriteHtmlCacheBehavior [ RunTime:0.000437s ]
INFO: [ view_filter ] --END-- [ RunTime:0.000488s ]
INFO: [ app_end ] --START--
INFO: Run Behavior\ShowPageTraceBehavior [ RunTime:0.000633s ]
INFO: [ app_end ] --END-- [ RunTime:0.000687s ]

[ 2017-03-05T22:14:43+08:00 ] 127.0.0.1 /index.php/Admin/Index/menu.html
INFO: [ app_init ] --START--
INFO: Run Behavior\BuildLiteBehavior [ RunTime:0.000016s ]
INFO: [ app_init ] --END-- [ RunTime:0.000522s ]
INFO: [ app_begin ] --START--
INFO: Run Behavior\ReadHtmlCacheBehavior [ RunTime:0.001215s ]
INFO: [ app_begin ] --END-- [ RunTime:0.001325s ]
INFO: [ view_parse ] --START--
INFO: [ template_filter ] --START--
INFO: Run Behavior\ContentReplaceBehavior [ RunTime:0.000137s ]
INFO: [ template_filter ] --END-- [ RunTime:0.000345s ]
INFO: Run Behavior\ParseTemplateBehavior [ RunTime:0.028039s ]
INFO: [ view_parse ] --END-- [ RunTime:0.028129s ]
INFO: [ view_filter ] --START--
INFO: Run Behavior\WriteHtmlCacheBehavior [ RunTime:0.000585s ]
INFO: [ view_filter ] --END-- [ RunTime:0.000644s ]
INFO: [ app_end ] --START--
INFO: Run Behavior\ShowPageTraceBehavior [ RunTime:0.001035s ]
INFO: [ app_end ] --END-- [ RunTime:0.001145s ]

[ 2017-03-05T22:14:43+08:00 ] 127.0.0.1 /index.php/Admin/Index/main.html
INFO: [ app_init ] --START--
INFO: Run Behavior\BuildLiteBehavior [ RunTime:0.000017s ]
INFO: [ app_init ] --END-- [ RunTime:0.000590s ]
INFO: [ app_begin ] --START--
INFO: Run Behavior\ReadHtmlCacheBehavior [ RunTime:0.000755s ]
INFO: [ app_begin ] --END-- [ RunTime:0.000820s ]
INFO: [ view_parse ] --START--
INFO: [ template_filter ] --START--
INFO: Run Behavior\ContentReplaceBehavior [ RunTime:0.000052s ]
INFO: [ template_filter ] --END-- [ RunTime:0.000122s ]
INFO: Run Behavior\ParseTemplateBehavior [ RunTime:0.101322s ]
INFO: [ view_parse ] --END-- [ RunTime:0.101424s ]
INFO: [ view_filter ] --START--
INFO: Run Behavior\WriteHtmlCacheBehavior [ RunTime:0.000524s ]
INFO: [ view_filter ] --END-- [ RunTime:0.000578s ]
INFO: [ app_end ] --START--
INFO: Run Behavior\ShowPageTraceBehavior [ RunTime:0.000757s ]
INFO: [ app_end ] --END-- [ RunTime:0.000827s ]

[ 2017-03-05T22:14:43+08:00 ] 127.0.0.1 /index.php/Admin/Index/Images/menu_minus.gif
INFO: [ app_init ] --START--
INFO: Run Behavior\BuildLiteBehavior [ RunTime:0.000026s ]
INFO: [ app_init ] --END-- [ RunTime:0.000786s ]

[ 2017-03-05T22:14:43+08:00 ] 127.0.0.1 /index.php/Admin/Index/Images/menu_arrow.gif
INFO: [ app_init ] --START--
INFO: Run Behavior\BuildLiteBehavior [ RunTime:0.000023s ]
INFO: [ app_init ] --END-- [ RunTime:0.000557s ]

[ 2017-03-05T22:14:45+08:00 ] 127.0.0.1 /index.php/Admin/goods/add.html
INFO: [ app_init ] --START--
INFO: Run Behavior\BuildLiteBehavior [ RunTime:0.000016s ]
INFO: [ app_init ] --END-- [ RunTime:0.000553s ]
INFO: [ app_begin ] --START--
INFO: Run Behavior\ReadHtmlCacheBehavior [ RunTime:0.000710s ]
INFO: [ app_begin ] --END-- [ RunTime:0.000783s ]
NOTIC: [2048] Declaration of Admin\Model\CategoryModel::_before_delete() should be compatible with that of Think\Model::_before_delete() E:\amp\www\www.0211.com\Application\Admin\Model\CategoryModel.class.php 第 5 行.
SQL: SHOW COLUMNS FROM `s11_category` [ RunTime:0.0021s ]
SQL: SELECT * FROM `s11_category`  [ RunTime:0.0007s ]
SQL: SHOW COLUMNS FROM `s11_member_level` [ RunTime:0.0017s ]
SQL: SELECT * FROM `s11_member_level`  [ RunTime:0.0006s ]
INFO: [ view_parse ] --START--
INFO: [ template_filter ] --START--
INFO: Run Behavior\ContentReplaceBehavior [ RunTime:0.000316s ]
INFO: [ template_filter ] --END-- [ RunTime:0.000587s ]
SQL: SHOW COLUMNS FROM `s11_brand` [ RunTime:0.0010s ]
SQL: SELECT `id`,`brand_name` FROM `s11_brand`  [ RunTime:0.0003s ]
SQL: SHOW COLUMNS FROM `s11_type` [ RunTime:0.0010s ]
SQL: SELECT `id`,`type_name` FROM `s11_type`  [ RunTime:0.0003s ]
INFO: Run Behavior\ParseTemplateBehavior [ RunTime:0.115663s ]
INFO: [ view_parse ] --END-- [ RunTime:0.115862s ]
INFO: [ view_filter ] --START--
INFO: Run Behavior\WriteHtmlCacheBehavior [ RunTime:0.000837s ]
INFO: [ view_filter ] --END-- [ RunTime:0.000945s ]
INFO: [ app_end ] --START--
INFO: Run Behavior\ShowPageTraceBehavior [ RunTime:0.001758s ]
INFO: [ app_end ] --END-- [ RunTime:0.001951s ]

[ 2017-03-05T22:16:42+08:00 ] 127.0.0.1 /index.php/Admin/Goods/ajaxGetAttr/type_id/3
INFO: [ app_init ] --START--
INFO: Run Behavior\BuildLiteBehavior [ RunTime:0.000015s ]
INFO: [ app_init ] --END-- [ RunTime:0.000477s ]
INFO: [ app_begin ] --START--
INFO: Run Behavior\ReadHtmlCacheBehavior [ RunTime:0.000646s ]
INFO: [ app_begin ] --END-- [ RunTime:0.000714s ]
SQL: SHOW COLUMNS FROM `s11_attribute` [ RunTime:0.0018s ]
SQL: SELECT * FROM `s11_attribute` WHERE `type_id` = '3'  [ RunTime:0.0002s ]
INFO: [ app_end ] --START--
INFO: Run Behavior\ShowPageTraceBehavior [ RunTime:0.000861s ]
INFO: [ app_end ] --END-- [ RunTime:0.000924s ]

[ 2017-03-05T22:17:47+08:00 ] 127.0.0.1 /index.php/Admin/goods/add.html
INFO: [ app_init ] --START--
INFO: Run Behavior\BuildLiteBehavior [ RunTime:0.000020s ]
INFO: [ app_init ] --END-- [ RunTime:0.000982s ]
INFO: [ app_begin ] --START--
INFO: Run Behavior\ReadHtmlCacheBehavior [ RunTime:0.000759s ]
INFO: [ app_begin ] --END-- [ RunTime:0.000827s ]

[ 2017-03-05T22:19:11+08:00 ] 127.0.0.1 /index.php/Admin/goods/add.html
INFO: [ app_init ] --START--
INFO: Run Behavior\BuildLiteBehavior [ RunTime:0.000016s ]
INFO: [ app_init ] --END-- [ RunTime:0.000530s ]
INFO: [ app_begin ] --START--
INFO: Run Behavior\ReadHtmlCacheBehavior [ RunTime:0.000629s ]
INFO: [ app_begin ] --END-- [ RunTime:0.000688s ]

[ 2017-03-05T22:19:20+08:00 ] 127.0.0.1 /index.php/Admin/goods/add.html
INFO: [ app_init ] --START--
INFO: Run Behavior\BuildLiteBehavior [ RunTime:0.000046s ]
INFO: [ app_init ] --END-- [ RunTime:0.000974s ]
INFO: [ app_begin ] --START--
INFO: Run Behavior\ReadHtmlCacheBehavior [ RunTime:0.000955s ]
INFO: [ app_begin ] --END-- [ RunTime:0.001067s ]

[ 2017-03-05T22:19:23+08:00 ] 127.0.0.1 /index.php/Admin/goods/add.html
INFO: [ app_init ] --START--
INFO: Run Behavior\BuildLiteBehavior [ RunTime:0.000016s ]
INFO: [ app_init ] --END-- [ RunTime:0.000537s ]
INFO: [ app_begin ] --START--
INFO: Run Behavior\ReadHtmlCacheBehavior [ RunTime:0.000715s ]
INFO: [ app_begin ] --END-- [ RunTime:0.000823s ]
NOTIC: [2048] Declaration of Admin\Model\CategoryModel::_before_delete() should be compatible with that of Think\Model::_before_delete() E:\amp\www\www.0211.com\Application\Admin\Model\CategoryModel.class.php 第 5 行.
SQL: SHOW COLUMNS FROM `s11_category` [ RunTime:0.0007s ]
SQL: SELECT * FROM `s11_category`  [ RunTime:0.0002s ]
SQL: SHOW COLUMNS FROM `s11_member_level` [ RunTime:0.0006s ]
SQL: SELECT * FROM `s11_member_level`  [ RunTime:0.0002s ]
INFO: [ view_parse ] --START--
INFO: [ template_filter ] --START--
INFO: Run Behavior\ContentReplaceBehavior [ RunTime:0.000099s ]
INFO: [ template_filter ] --END-- [ RunTime:0.000164s ]
SQL: SHOW COLUMNS FROM `s11_brand` [ RunTime:0.0006s ]
SQL: SELECT `id`,`brand_name` FROM `s11_brand`  [ RunTime:0.0002s ]
SQL: SHOW COLUMNS FROM `s11_type` [ RunTime:0.0006s ]
SQL: SELECT `id`,`type_name` FROM `s11_type`  [ RunTime:0.0002s ]
INFO: Run Behavior\ParseTemplateBehavior [ RunTime:0.013936s ]
INFO: [ view_parse ] --END-- [ RunTime:0.014013s ]
INFO: [ view_filter ] --START--
INFO: Run Behavior\WriteHtmlCacheBehavior [ RunTime:0.000798s ]
INFO: [ view_filter ] --END-- [ RunTime:0.000882s ]
INFO: [ app_end ] --START--
INFO: Run Behavior\ShowPageTraceBehavior [ RunTime:0.001294s ]
INFO: [ app_end ] --END-- [ RunTime:0.001414s ]

[ 2017-03-05T22:19:36+08:00 ] 127.0.0.1 /index.php/Admin/Goods/ajaxGetAttr/type_id/4
INFO: [ app_init ] --START--
INFO: Run Behavior\BuildLiteBehavior [ RunTime:0.000014s ]
INFO: [ app_init ] --END-- [ RunTime:0.000518s ]
INFO: [ app_begin ] --START--
INFO: Run Behavior\ReadHtmlCacheBehavior [ RunTime:0.000639s ]
INFO: [ app_begin ] --END-- [ RunTime:0.000723s ]
SQL: SHOW COLUMNS FROM `s11_attribute` [ RunTime:0.0009s ]
SQL: SELECT * FROM `s11_attribute` WHERE `type_id` = '4'  [ RunTime:0.0002s ]
INFO: [ app_end ] --START--
INFO: Run Behavior\ShowPageTraceBehavior [ RunTime:0.000796s ]
INFO: [ app_end ] --END-- [ RunTime:0.000861s ]

[ 2017-03-05T22:19:37+08:00 ] 127.0.0.1 /index.php/Admin/Goods/ajaxGetAttr/type_id/3
INFO: [ app_init ] --START--
INFO: Run Behavior\BuildLiteBehavior [ RunTime:0.000016s ]
INFO: [ app_init ] --END-- [ RunTime:0.000529s ]
INFO: [ app_begin ] --START--
INFO: Run Behavior\ReadHtmlCacheBehavior [ RunTime:0.000608s ]
INFO: [ app_begin ] --END-- [ RunTime:0.000660s ]
SQL: SHOW COLUMNS FROM `s11_attribute` [ RunTime:0.0007s ]
SQL: SELECT * FROM `s11_attribute` WHERE `type_id` = '3'  [ RunTime:0.0006s ]
INFO: [ app_end ] --START--
INFO: Run Behavior\ShowPageTraceBehavior [ RunTime:0.000849s ]
INFO: [ app_end ] --END-- [ RunTime:0.000929s ]

[ 2017-03-05T22:20:05+08:00 ] 127.0.0.1 /index.php/Admin/goods/add.html
INFO: [ app_init ] --START--
INFO: Run Behavior\BuildLiteBehavior [ RunTime:0.000019s ]
INFO: [ app_init ] --END-- [ RunTime:0.000729s ]
INFO: [ app_begin ] --START--
INFO: Run Behavior\ReadHtmlCacheBehavior [ RunTime:0.000824s ]
INFO: [ app_begin ] --END-- [ RunTime:0.000902s ]

[ 2017-03-05T22:32:29+08:00 ] 127.0.0.1 /index.php/Admin/goods/add.html
INFO: [ app_init ] --START--
INFO: Run Behavior\BuildLiteBehavior [ RunTime:0.000017s ]
INFO: [ app_init ] --END-- [ RunTime:0.000624s ]
INFO: [ app_begin ] --START--
INFO: Run Behavior\ReadHtmlCacheBehavior [ RunTime:0.000722s ]
INFO: [ app_begin ] --END-- [ RunTime:0.000786s ]
SQL: SHOW COLUMNS FROM `s11_goods` [ RunTime:0.0015s ]
SQL: INSERT INTO `s11_goods` (`cat_id`,`brand_id`,`goods_name`,`market_price`,`shop_price`,`goods_desc`,`type_id`,`addtime`) VALUES ('2','0','测试商品属性','0','0','','3','2017-03-05 22:32:28') [ RunTime:0.0571s ]
SQL: SHOW COLUMNS FROM `s11_goods_attr` [ RunTime:0.0040s ]
SQL: INSERT INTO `s11_goods_attr` (`goods_id`,`attr_id`,`attr_value`) VALUES ('41','1','银色') [ RunTime:0.1845s ]
SQL: INSERT INTO `s11_goods_attr` (`goods_id`,`attr_id`,`attr_value`) VALUES ('41','1','白色') [ RunTime:0.0962s ]
SQL: INSERT INTO `s11_goods_attr` (`goods_id`,`attr_id`,`attr_value`) VALUES ('41','1','黑色') [ RunTime:0.0601s ]
SQL: INSERT INTO `s11_goods_attr` (`goods_id`,`attr_id`,`attr_value`) VALUES ('41','5','2017-01-01') [ RunTime:0.0652s ]
SQL: SHOW COLUMNS FROM `s11_goods_cat` [ RunTime:0.0278s ]
SQL: SHOW COLUMNS FROM `s11_goods_pic` [ RunTime:0.0018s ]
SQL: SHOW COLUMNS FROM `s11_member_price` [ RunTime:0.0016s ]
INFO: [ view_parse ] --START--
INFO: [ template_filter ] --START--
INFO: Run Behavior\ContentReplaceBehavior [ RunTime:0.000094s ]
INFO: [ template_filter ] --END-- [ RunTime:0.000248s ]
INFO: Run Behavior\ParseTemplateBehavior [ RunTime:0.018875s ]
INFO: [ view_parse ] --END-- [ RunTime:0.018963s ]
INFO: [ view_filter ] --START--
INFO: Run Behavior\WriteHtmlCacheBehavior [ RunTime:0.000525s ]
INFO: [ view_filter ] --END-- [ RunTime:0.000575s ]

[ 2017-03-05T22:32:30+08:00 ] 127.0.0.1 /index.php/Admin/Goods/lst.html
INFO: [ app_init ] --START--
INFO: Run Behavior\BuildLiteBehavior [ RunTime:0.000019s ]
INFO: [ app_init ] --END-- [ RunTime:0.000520s ]
INFO: [ app_begin ] --START--
INFO: Run Behavior\ReadHtmlCacheBehavior [ RunTime:0.000620s ]
INFO: [ app_begin ] --END-- [ RunTime:0.000690s ]
NOTIC: [2048] Declaration of Admin\Model\CategoryModel::_before_delete() should be compatible with that of Think\Model::_before_delete() E:\amp\www\www.0211.com\Application\Admin\Model\CategoryModel.class.php 第 5 行.
SQL: SHOW COLUMNS FROM `s11_category` [ RunTime:0.0007s ]
SQL: SELECT * FROM `s11_category`  [ RunTime:0.0003s ]
SQL: SHOW COLUMNS FROM `s11_goods` [ RunTime:0.0008s ]
SQL: SELECT COUNT(*) AS tp_count FROM s11_goods a LIMIT 1   [ RunTime:0.0004s ]
SQL: SELECT a.*,b.brand_name,c.cat_name,GROUP_CONCAT(e.cat_name SEPARATOR "<br>") ext_cat_name FROM s11_goods a LEFT JOIN s11_brand b ON a.brand_id=b.id
				LEFT JOIN s11_category c ON a.cat_id=c.id
				LEFT JOIN s11_goods_cat d ON a.id=d.goods_id
				LEFT JOIN s11_category e ON d.cat_id=e.id  GROUP BY a.id ORDER BY a.id desc LIMIT 0,15   [ RunTime:0.0014s ]
INFO: [ view_parse ] --START--
INFO: [ template_filter ] --START--
INFO: Run Behavior\ContentReplaceBehavior [ RunTime:0.000080s ]
INFO: [ template_filter ] --END-- [ RunTime:0.000152s ]
SQL: SHOW COLUMNS FROM `s11_brand` [ RunTime:0.0007s ]
SQL: SELECT `id`,`brand_name` FROM `s11_brand`  [ RunTime:0.0002s ]
INFO: Run Behavior\ParseTemplateBehavior [ RunTime:0.013517s ]
INFO: [ view_parse ] --END-- [ RunTime:0.013601s ]
INFO: [ view_filter ] --START--
INFO: Run Behavior\WriteHtmlCacheBehavior [ RunTime:0.000602s ]
INFO: [ view_filter ] --END-- [ RunTime:0.000692s ]
INFO: [ app_end ] --START--
INFO: Run Behavior\ShowPageTraceBehavior [ RunTime:0.000977s ]
INFO: [ app_end ] --END-- [ RunTime:0.001062s ]

[ 2017-03-05T22:38:17+08:00 ] 127.0.0.1 /index.php/Admin/goods/lst.html
INFO: [ app_init ] --START--
INFO: Run Behavior\BuildLiteBehavior [ RunTime:0.000030s ]
INFO: [ app_init ] --END-- [ RunTime:0.000753s ]
INFO: [ app_begin ] --START--
INFO: Run Behavior\ReadHtmlCacheBehavior [ RunTime:0.000830s ]
INFO: [ app_begin ] --END-- [ RunTime:0.000920s ]
NOTIC: [2048] Declaration of Admin\Model\CategoryModel::_before_delete() should be compatible with that of Think\Model::_before_delete() E:\amp\www\www.0211.com\Application\Admin\Model\CategoryModel.class.php 第 5 行.
SQL: SHOW COLUMNS FROM `s11_category` [ RunTime:0.0009s ]
SQL: SELECT * FROM `s11_category`  [ RunTime:0.0003s ]
SQL: SHOW COLUMNS FROM `s11_goods` [ RunTime:0.0009s ]
SQL: SELECT COUNT(*) AS tp_count FROM s11_goods a LIMIT 1   [ RunTime:0.0002s ]
SQL: SELECT a.*,b.brand_name,c.cat_name,GROUP_CONCAT(e.cat_name SEPARATOR "<br>") ext_cat_name FROM s11_goods a LEFT JOIN s11_brand b ON a.brand_id=b.id
				LEFT JOIN s11_category c ON a.cat_id=c.id
				LEFT JOIN s11_goods_cat d ON a.id=d.goods_id
				LEFT JOIN s11_category e ON d.cat_id=e.id  GROUP BY a.id ORDER BY a.id desc LIMIT 0,15   [ RunTime:0.0015s ]
INFO: [ view_parse ] --START--
INFO: [ template_filter ] --START--
INFO: Run Behavior\ContentReplaceBehavior [ RunTime:0.000086s ]
INFO: [ template_filter ] --END-- [ RunTime:0.000164s ]
SQL: SHOW COLUMNS FROM `s11_brand` [ RunTime:0.0007s ]
SQL: SELECT `id`,`brand_name` FROM `s11_brand`  [ RunTime:0.0002s ]
INFO: Run Behavior\ParseTemplateBehavior [ RunTime:0.013460s ]
INFO: [ view_parse ] --END-- [ RunTime:0.013523s ]
INFO: [ view_filter ] --START--
INFO: Run Behavior\WriteHtmlCacheBehavior [ RunTime:0.000597s ]
INFO: [ view_filter ] --END-- [ RunTime:0.000657s ]
INFO: [ app_end ] --START--
INFO: Run Behavior\ShowPageTraceBehavior [ RunTime:0.001246s ]
INFO: [ app_end ] --END-- [ RunTime:0.001396s ]

[ 2017-03-05T22:38:20+08:00 ] 127.0.0.1 /index.php/Admin/Goods/delete/id/41.html
INFO: [ app_init ] --START--
INFO: Run Behavior\BuildLiteBehavior [ RunTime:0.000016s ]
INFO: [ app_init ] --END-- [ RunTime:0.000521s ]
INFO: [ app_begin ] --START--
INFO: Run Behavior\ReadHtmlCacheBehavior [ RunTime:0.000660s ]
INFO: [ app_begin ] --END-- [ RunTime:0.000728s ]
SQL: SHOW COLUMNS FROM `s11_goods` [ RunTime:0.0011s ]
SQL: SHOW COLUMNS FROM `s11_goods_attr` [ RunTime:0.0013s ]
SQL: DELETE FROM `s11_goods_attr` WHERE `goods_id` = 41 [ RunTime:0.1572s ]
SQL: SHOW COLUMNS FROM `s11_goods_cat` [ RunTime:0.0668s ]
SQL: DELETE FROM `s11_goods_cat` WHERE `goods_id` = 41 [ RunTime:0.0004s ]
SQL: SHOW COLUMNS FROM `s11_goods_pic` [ RunTime:0.0017s ]
SQL: SELECT `pic`,`sm_pic`,`big_pic`,`mid_pic` FROM `s11_goods_pic` WHERE `goods_id` = 41  [ RunTime:0.0004s ]
SQL: DELETE FROM `s11_goods_pic` WHERE `goods_id` = 41 [ RunTime:0.0003s ]
SQL: SHOW COLUMNS FROM `s11_member_price` [ RunTime:0.0016s ]
SQL: DELETE FROM `s11_member_price` WHERE `goods_id` = 41 [ RunTime:0.0003s ]
SQL: SELECT `logo`,`sm_logo`,`mid_logo`,`big_logo`,`mbig_logo` FROM `s11_goods` WHERE `id` = 41 LIMIT 1   [ RunTime:0.0008s ]
NOTIC: [2] unlink(./Public/Uploads/) [<a href='function.unlink'>function.unlink</a>]: Permission denied E:\amp\www\www.0211.com\Application\Common\Common\function.php 第 30 行.
NOTIC: [2] unlink(./Public/Uploads/) [<a href='function.unlink'>function.unlink</a>]: Permission denied E:\amp\www\www.0211.com\Application\Common\Common\function.php 第 30 行.
NOTIC: [2] unlink(./Public/Uploads/) [<a href='function.unlink'>function.unlink</a>]: Permission denied E:\amp\www\www.0211.com\Application\Common\Common\function.php 第 30 行.
NOTIC: [2] unlink(./Public/Uploads/) [<a href='function.unlink'>function.unlink</a>]: Permission denied E:\amp\www\www.0211.com\Application\Common\Common\function.php 第 30 行.
NOTIC: [2] unlink(./Public/Uploads/) [<a href='function.unlink'>function.unlink</a>]: Permission denied E:\amp\www\www.0211.com\Application\Common\Common\function.php 第 30 行.
SQL: DELETE FROM `s11_goods` WHERE `id` = 41 [ RunTime:0.0266s ]
INFO: [ view_parse ] --START--
INFO: [ template_filter ] --START--
INFO: Run Behavior\ContentReplaceBehavior [ RunTime:0.000042s ]
INFO: [ template_filter ] --END-- [ RunTime:0.000103s ]
INFO: Run Behavior\ParseTemplateBehavior [ RunTime:0.006376s ]
INFO: [ view_parse ] --END-- [ RunTime:0.006465s ]
INFO: [ view_filter ] --START--
INFO: Run Behavior\WriteHtmlCacheBehavior [ RunTime:0.000414s ]
INFO: [ view_filter ] --END-- [ RunTime:0.000462s ]
INFO: [ app_end ] --START--
INFO: Run Behavior\ShowPageTraceBehavior [ RunTime:0.000626s ]
INFO: [ app_end ] --END-- [ RunTime:0.000681s ]

[ 2017-03-05T22:38:21+08:00 ] 127.0.0.1 /index.php/Admin/Goods/lst.html
INFO: [ app_init ] --START--
INFO: Run Behavior\BuildLiteBehavior [ RunTime:0.000018s ]
INFO: [ app_init ] --END-- [ RunTime:0.000509s ]
INFO: [ app_begin ] --START--
INFO: Run Behavior\ReadHtmlCacheBehavior [ RunTime:0.000672s ]
INFO: [ app_begin ] --END-- [ RunTime:0.000749s ]
NOTIC: [2048] Declaration of Admin\Model\CategoryModel::_before_delete() should be compatible with that of Think\Model::_before_delete() E:\amp\www\www.0211.com\Application\Admin\Model\CategoryModel.class.php 第 5 行.
SQL: SHOW COLUMNS FROM `s11_category` [ RunTime:0.0007s ]
SQL: SELECT * FROM `s11_category`  [ RunTime:0.0003s ]
SQL: SHOW COLUMNS FROM `s11_goods` [ RunTime:0.0016s ]
SQL: SELECT COUNT(*) AS tp_count FROM s11_goods a LIMIT 1   [ RunTime:0.0003s ]
SQL: SELECT a.*,b.brand_name,c.cat_name,GROUP_CONCAT(e.cat_name SEPARATOR "<br>") ext_cat_name FROM s11_goods a LEFT JOIN s11_brand b ON a.brand_id=b.id
				LEFT JOIN s11_category c ON a.cat_id=c.id
				LEFT JOIN s11_goods_cat d ON a.id=d.goods_id
				LEFT JOIN s11_category e ON d.cat_id=e.id  GROUP BY a.id ORDER BY a.id desc LIMIT 0,15   [ RunTime:0.0028s ]
INFO: [ view_parse ] --START--
INFO: [ template_filter ] --START--
INFO: Run Behavior\ContentReplaceBehavior [ RunTime:0.000109s ]
INFO: [ template_filter ] --END-- [ RunTime:0.000191s ]
SQL: SHOW COLUMNS FROM `s11_brand` [ RunTime:0.0007s ]
SQL: SELECT `id`,`brand_name` FROM `s11_brand`  [ RunTime:0.0002s ]
INFO: Run Behavior\ParseTemplateBehavior [ RunTime:0.014539s ]
INFO: [ view_parse ] --END-- [ RunTime:0.014612s ]
INFO: [ view_filter ] --START--
INFO: Run Behavior\WriteHtmlCacheBehavior [ RunTime:0.000541s ]
INFO: [ view_filter ] --END-- [ RunTime:0.000597s ]
INFO: [ app_end ] --START--
INFO: Run Behavior\ShowPageTraceBehavior [ RunTime:0.000761s ]
INFO: [ app_end ] --END-- [ RunTime:0.000859s ]

[ 2017-03-05T22:39:20+08:00 ] 127.0.0.1 /index.php/Admin/goods/add.html
INFO: [ app_init ] --START--
INFO: Run Behavior\BuildLiteBehavior [ RunTime:0.000017s ]
INFO: [ app_init ] --END-- [ RunTime:0.000525s ]
INFO: [ app_begin ] --START--
INFO: Run Behavior\ReadHtmlCacheBehavior [ RunTime:0.000648s ]
INFO: [ app_begin ] --END-- [ RunTime:0.000706s ]
NOTIC: [2048] Declaration of Admin\Model\CategoryModel::_before_delete() should be compatible with that of Think\Model::_before_delete() E:\amp\www\www.0211.com\Application\Admin\Model\CategoryModel.class.php 第 5 行.
SQL: SHOW COLUMNS FROM `s11_category` [ RunTime:0.0007s ]
SQL: SELECT * FROM `s11_category`  [ RunTime:0.0003s ]
SQL: SHOW COLUMNS FROM `s11_member_level` [ RunTime:0.0008s ]
SQL: SELECT * FROM `s11_member_level`  [ RunTime:0.0002s ]
INFO: [ view_parse ] --START--
INFO: [ template_filter ] --START--
INFO: Run Behavior\ContentReplaceBehavior [ RunTime:0.000110s ]
INFO: [ template_filter ] --END-- [ RunTime:0.000185s ]
SQL: SHOW COLUMNS FROM `s11_brand` [ RunTime:0.0009s ]
SQL: SELECT `id`,`brand_name` FROM `s11_brand`  [ RunTime:0.0002s ]
SQL: SHOW COLUMNS FROM `s11_type` [ RunTime:0.0006s ]
SQL: SELECT `id`,`type_name` FROM `s11_type`  [ RunTime:0.0002s ]
INFO: Run Behavior\ParseTemplateBehavior [ RunTime:0.013953s ]
INFO: [ view_parse ] --END-- [ RunTime:0.014025s ]
INFO: [ view_filter ] --START--
INFO: Run Behavior\WriteHtmlCacheBehavior [ RunTime:0.000673s ]
INFO: [ view_filter ] --END-- [ RunTime:0.000751s ]
INFO: [ app_end ] --START--
INFO: Run Behavior\ShowPageTraceBehavior [ RunTime:0.000867s ]
INFO: [ app_end ] --END-- [ RunTime:0.000962s ]

[ 2017-03-05T22:39:44+08:00 ] 127.0.0.1 /index.php/Admin/Goods/ajaxGetAttr/type_id/4
INFO: [ app_init ] --START--
INFO: Run Behavior\BuildLiteBehavior [ RunTime:0.000023s ]
INFO: [ app_init ] --END-- [ RunTime:0.000502s ]
INFO: [ app_begin ] --START--
INFO: Run Behavior\ReadHtmlCacheBehavior [ RunTime:0.000622s ]
INFO: [ app_begin ] --END-- [ RunTime:0.000683s ]
SQL: SHOW COLUMNS FROM `s11_attribute` [ RunTime:0.0006s ]
SQL: SELECT * FROM `s11_attribute` WHERE `type_id` = '4'  [ RunTime:0.0002s ]
INFO: [ app_end ] --START--
INFO: Run Behavior\ShowPageTraceBehavior [ RunTime:0.001079s ]
INFO: [ app_end ] --END-- [ RunTime:0.001159s ]

[ 2017-03-05T22:42:05+08:00 ] 127.0.0.1 /index.php/Admin/attribute/lst.html
INFO: [ app_init ] --START--
INFO: Run Behavior\BuildLiteBehavior [ RunTime:0.000016s ]
INFO: [ app_init ] --END-- [ RunTime:0.000577s ]
INFO: [ app_begin ] --START--
INFO: Run Behavior\ReadHtmlCacheBehavior [ RunTime:0.000756s ]
INFO: [ app_begin ] --END-- [ RunTime:0.000818s ]
SQL: SHOW COLUMNS FROM `s11_attribute` [ RunTime:0.0008s ]
SQL: SELECT COUNT(*) AS tp_count FROM s11_attribute a LIMIT 1   [ RunTime:0.0004s ]
SQL: SELECT * FROM s11_attribute a GROUP BY a.id LIMIT 0,20   [ RunTime:0.0004s ]
INFO: [ view_parse ] --START--
INFO: [ template_filter ] --START--
INFO: Run Behavior\ContentReplaceBehavior [ RunTime:0.000060s ]
INFO: [ template_filter ] --END-- [ RunTime:0.000125s ]
SQL: SHOW COLUMNS FROM `s11_type` [ RunTime:0.0006s ]
SQL: SELECT `id`,`type_name` FROM `s11_type`  [ RunTime:0.0002s ]
INFO: Run Behavior\ParseTemplateBehavior [ RunTime:0.022027s ]
INFO: [ view_parse ] --END-- [ RunTime:0.022102s ]
INFO: [ view_filter ] --START--
INFO: Run Behavior\WriteHtmlCacheBehavior [ RunTime:0.000670s ]
INFO: [ view_filter ] --END-- [ RunTime:0.000728s ]
INFO: [ app_end ] --START--
INFO: Run Behavior\ShowPageTraceBehavior [ RunTime:0.000747s ]
INFO: [ app_end ] --END-- [ RunTime:0.000812s ]

[ 2017-03-05T22:42:08+08:00 ] 127.0.0.1 /index.php/Admin/Attribute/edit/id/3/type_id/4.html
INFO: [ app_init ] --START--
INFO: Run Behavior\BuildLiteBehavior [ RunTime:0.000030s ]
INFO: [ app_init ] --END-- [ RunTime:0.000802s ]
INFO: [ app_begin ] --START--
INFO: Run Behavior\ReadHtmlCacheBehavior [ RunTime:0.000994s ]
INFO: [ app_begin ] --END-- [ RunTime:0.001110s ]
SQL: SHOW COLUMNS FROM `s11_attribute` [ RunTime:0.0021s ]
SQL: SELECT * FROM `s11_attribute` WHERE `id` = 3 LIMIT 1   [ RunTime:0.0005s ]
INFO: [ view_parse ] --START--
INFO: [ template_filter ] --START--
INFO: Run Behavior\ContentReplaceBehavior [ RunTime:0.000105s ]
INFO: [ template_filter ] --END-- [ RunTime:0.000234s ]
SQL: SHOW COLUMNS FROM `s11_type` [ RunTime:0.0009s ]
SQL: SELECT `id`,`type_name` FROM `s11_type`  [ RunTime:0.0003s ]
INFO: Run Behavior\ParseTemplateBehavior [ RunTime:0.070934s ]
INFO: [ view_parse ] --END-- [ RunTime:0.071022s ]
INFO: [ view_filter ] --START--
INFO: Run Behavior\WriteHtmlCacheBehavior [ RunTime:0.000647s ]
INFO: [ view_filter ] --END-- [ RunTime:0.000724s ]
INFO: [ app_end ] --START--
INFO: Run Behavior\ShowPageTraceBehavior [ RunTime:0.000784s ]
INFO: [ app_end ] --END-- [ RunTime:0.000870s ]

[ 2017-03-05T22:42:14+08:00 ] 127.0.0.1 /index.php/Admin/attribute/lst.html
INFO: [ app_init ] --START--
INFO: Run Behavior\BuildLiteBehavior [ RunTime:0.000016s ]
INFO: [ app_init ] --END-- [ RunTime:0.000540s ]
INFO: [ app_begin ] --START--
INFO: Run Behavior\ReadHtmlCacheBehavior [ RunTime:0.000641s ]
INFO: [ app_begin ] --END-- [ RunTime:0.000700s ]
SQL: SHOW COLUMNS FROM `s11_attribute` [ RunTime:0.0006s ]
SQL: SELECT COUNT(*) AS tp_count FROM s11_attribute a LIMIT 1   [ RunTime:0.0002s ]
SQL: SELECT * FROM s11_attribute a GROUP BY a.id LIMIT 0,20   [ RunTime:0.0002s ]
INFO: [ view_parse ] --START--
INFO: [ template_filter ] --START--
INFO: Run Behavior\ContentReplaceBehavior [ RunTime:0.000059s ]
INFO: [ template_filter ] --END-- [ RunTime:0.000125s ]
SQL: SHOW COLUMNS FROM `s11_type` [ RunTime:0.0007s ]
SQL: SELECT `id`,`type_name` FROM `s11_type`  [ RunTime:0.0002s ]
INFO: Run Behavior\ParseTemplateBehavior [ RunTime:0.009819s ]
INFO: [ view_parse ] --END-- [ RunTime:0.009893s ]
INFO: [ view_filter ] --START--
INFO: Run Behavior\WriteHtmlCacheBehavior [ RunTime:0.000887s ]
INFO: [ view_filter ] --END-- [ RunTime:0.000981s ]
INFO: [ app_end ] --START--
INFO: Run Behavior\ShowPageTraceBehavior [ RunTime:0.000833s ]
INFO: [ app_end ] --END-- [ RunTime:0.000913s ]

[ 2017-03-05T22:42:17+08:00 ] 127.0.0.1 /index.php/Admin/Attribute/edit/id/3/type_id/4.html
INFO: [ app_init ] --START--
INFO: Run Behavior\BuildLiteBehavior [ RunTime:0.000020s ]
INFO: [ app_init ] --END-- [ RunTime:0.000657s ]
INFO: [ app_begin ] --START--
INFO: Run Behavior\ReadHtmlCacheBehavior [ RunTime:0.000657s ]
INFO: [ app_begin ] --END-- [ RunTime:0.000724s ]
SQL: SHOW COLUMNS FROM `s11_attribute` [ RunTime:0.0008s ]
SQL: SELECT * FROM `s11_attribute` WHERE `id` = 3 LIMIT 1   [ RunTime:0.0002s ]
INFO: [ view_parse ] --START--
INFO: [ template_filter ] --START--
INFO: Run Behavior\ContentReplaceBehavior [ RunTime:0.000069s ]
INFO: [ template_filter ] --END-- [ RunTime:0.000154s ]
SQL: SHOW COLUMNS FROM `s11_type` [ RunTime:0.0007s ]
SQL: SELECT `id`,`type_name` FROM `s11_type`  [ RunTime:0.0002s ]
INFO: Run Behavior\ParseTemplateBehavior [ RunTime:0.009359s ]
INFO: [ view_parse ] --END-- [ RunTime:0.009456s ]
INFO: [ view_filter ] --START--
INFO: Run Behavior\WriteHtmlCacheBehavior [ RunTime:0.000677s ]
INFO: [ view_filter ] --END-- [ RunTime:0.000844s ]
INFO: [ app_end ] --START--
INFO: Run Behavior\ShowPageTraceBehavior [ RunTime:0.000926s ]
INFO: [ app_end ] --END-- [ RunTime:0.001019s ]

[ 2017-03-05T22:42:21+08:00 ] 127.0.0.1 /index.php/Admin/attribute/lst.html
INFO: [ app_init ] --START--
INFO: Run Behavior\BuildLiteBehavior [ RunTime:0.000016s ]
INFO: [ app_init ] --END-- [ RunTime:0.000471s ]
INFO: [ app_begin ] --START--
INFO: Run Behavior\ReadHtmlCacheBehavior [ RunTime:0.000604s ]
INFO: [ app_begin ] --END-- [ RunTime:0.000669s ]
SQL: SHOW COLUMNS FROM `s11_attribute` [ RunTime:0.0007s ]
SQL: SELECT COUNT(*) AS tp_count FROM s11_attribute a LIMIT 1   [ RunTime:0.0002s ]
SQL: SELECT * FROM s11_attribute a GROUP BY a.id LIMIT 0,20   [ RunTime:0.0002s ]
INFO: [ view_parse ] --START--
INFO: [ template_filter ] --START--
INFO: Run Behavior\ContentReplaceBehavior [ RunTime:0.000063s ]
INFO: [ template_filter ] --END-- [ RunTime:0.000139s ]
SQL: SHOW COLUMNS FROM `s11_type` [ RunTime:0.0008s ]
SQL: SELECT `id`,`type_name` FROM `s11_type`  [ RunTime:0.0002s ]
INFO: Run Behavior\ParseTemplateBehavior [ RunTime:0.010712s ]
INFO: [ view_parse ] --END-- [ RunTime:0.010782s ]
INFO: [ view_filter ] --START--
INFO: Run Behavior\WriteHtmlCacheBehavior [ RunTime:0.000476s ]
INFO: [ view_filter ] --END-- [ RunTime:0.000531s ]
INFO: [ app_end ] --START--
INFO: Run Behavior\ShowPageTraceBehavior [ RunTime:0.000657s ]
INFO: [ app_end ] --END-- [ RunTime:0.000718s ]

[ 2017-03-05T22:42:25+08:00 ] 127.0.0.1 /index.php/Admin/Attribute/edit/id/4/type_id/4.html
INFO: [ app_init ] --START--
INFO: Run Behavior\BuildLiteBehavior [ RunTime:0.000018s ]
INFO: [ app_init ] --END-- [ RunTime:0.000485s ]
INFO: [ app_begin ] --START--
INFO: Run Behavior\ReadHtmlCacheBehavior [ RunTime:0.001216s ]
INFO: [ app_begin ] --END-- [ RunTime:0.001320s ]
SQL: SHOW COLUMNS FROM `s11_attribute` [ RunTime:0.0008s ]
SQL: SELECT * FROM `s11_attribute` WHERE `id` = 4 LIMIT 1   [ RunTime:0.0004s ]
INFO: [ view_parse ] --START--
INFO: [ template_filter ] --START--
INFO: Run Behavior\ContentReplaceBehavior [ RunTime:0.000057s ]
INFO: [ template_filter ] --END-- [ RunTime:0.000121s ]
SQL: SHOW COLUMNS FROM `s11_type` [ RunTime:0.0007s ]
SQL: SELECT `id`,`type_name` FROM `s11_type`  [ RunTime:0.0002s ]
INFO: Run Behavior\ParseTemplateBehavior [ RunTime:0.008656s ]
INFO: [ view_parse ] --END-- [ RunTime:0.008722s ]
INFO: [ view_filter ] --START--
INFO: Run Behavior\WriteHtmlCacheBehavior [ RunTime:0.000595s ]
INFO: [ view_filter ] --END-- [ RunTime:0.000664s ]
INFO: [ app_end ] --START--
INFO: Run Behavior\ShowPageTraceBehavior [ RunTime:0.000753s ]
INFO: [ app_end ] --END-- [ RunTime:0.000822s ]

[ 2017-03-05T22:42:30+08:00 ] 127.0.0.1 /index.php/Admin/Attribute/edit/id/4/type_id/4.html
INFO: [ app_init ] --START--
INFO: Run Behavior\BuildLiteBehavior [ RunTime:0.000019s ]
INFO: [ app_init ] --END-- [ RunTime:0.000565s ]
INFO: [ app_begin ] --START--
INFO: Run Behavior\ReadHtmlCacheBehavior [ RunTime:0.000660s ]
INFO: [ app_begin ] --END-- [ RunTime:0.000723s ]
SQL: SHOW COLUMNS FROM `s11_attribute` [ RunTime:0.0010s ]
SQL: UPDATE `s11_attribute` SET `attr_name`='材质',`attr_type`='唯一',`attr_option_values`='',`type_id`='4' WHERE `id` = 4 [ RunTime:0.1540s ]
INFO: [ view_parse ] --START--
INFO: [ template_filter ] --START--
INFO: Run Behavior\ContentReplaceBehavior [ RunTime:0.000041s ]
INFO: [ template_filter ] --END-- [ RunTime:0.000102s ]
INFO: Run Behavior\ParseTemplateBehavior [ RunTime:0.005933s ]
INFO: [ view_parse ] --END-- [ RunTime:0.006002s ]
INFO: [ view_filter ] --START--
INFO: Run Behavior\WriteHtmlCacheBehavior [ RunTime:0.000446s ]
INFO: [ view_filter ] --END-- [ RunTime:0.000505s ]

[ 2017-03-05T22:42:31+08:00 ] 127.0.0.1 /index.php/Admin/Attribute/lst/p/1.html
INFO: [ app_init ] --START--
INFO: Run Behavior\BuildLiteBehavior [ RunTime:0.000019s ]
INFO: [ app_init ] --END-- [ RunTime:0.000608s ]
INFO: [ app_begin ] --START--
INFO: Run Behavior\ReadHtmlCacheBehavior [ RunTime:0.000620s ]
INFO: [ app_begin ] --END-- [ RunTime:0.000686s ]
SQL: SHOW COLUMNS FROM `s11_attribute` [ RunTime:0.0008s ]
SQL: SELECT COUNT(*) AS tp_count FROM s11_attribute a LIMIT 1   [ RunTime:0.0003s ]
SQL: SELECT * FROM s11_attribute a GROUP BY a.id LIMIT 0,20   [ RunTime:0.0004s ]
INFO: [ view_parse ] --START--
INFO: [ template_filter ] --START--
INFO: Run Behavior\ContentReplaceBehavior [ RunTime:0.000061s ]
INFO: [ template_filter ] --END-- [ RunTime:0.000131s ]
SQL: SHOW COLUMNS FROM `s11_type` [ RunTime:0.0007s ]
SQL: SELECT `id`,`type_name` FROM `s11_type`  [ RunTime:0.0002s ]
INFO: Run Behavior\ParseTemplateBehavior [ RunTime:0.010685s ]
INFO: [ view_parse ] --END-- [ RunTime:0.010761s ]
INFO: [ view_filter ] --START--
INFO: Run Behavior\WriteHtmlCacheBehavior [ RunTime:0.000516s ]
INFO: [ view_filter ] --END-- [ RunTime:0.000585s ]
INFO: [ app_end ] --START--
INFO: Run Behavior\ShowPageTraceBehavior [ RunTime:0.000682s ]
INFO: [ app_end ] --END-- [ RunTime:0.000737s ]

[ 2017-03-05T22:42:33+08:00 ] 127.0.0.1 /index.php/Admin/goods/add.html
INFO: [ app_init ] --START--
INFO: Run Behavior\BuildLiteBehavior [ RunTime:0.000022s ]
INFO: [ app_init ] --END-- [ RunTime:0.000664s ]
INFO: [ app_begin ] --START--
INFO: Run Behavior\ReadHtmlCacheBehavior [ RunTime:0.000634s ]
INFO: [ app_begin ] --END-- [ RunTime:0.000703s ]
NOTIC: [2048] Declaration of Admin\Model\CategoryModel::_before_delete() should be compatible with that of Think\Model::_before_delete() E:\amp\www\www.0211.com\Application\Admin\Model\CategoryModel.class.php 第 5 行.
SQL: SHOW COLUMNS FROM `s11_category` [ RunTime:0.0008s ]
SQL: SELECT * FROM `s11_category`  [ RunTime:0.0002s ]
SQL: SHOW COLUMNS FROM `s11_member_level` [ RunTime:0.0007s ]
SQL: SELECT * FROM `s11_member_level`  [ RunTime:0.0002s ]
INFO: [ view_parse ] --START--
INFO: [ template_filter ] --START--
INFO: Run Behavior\ContentReplaceBehavior [ RunTime:0.000114s ]
INFO: [ template_filter ] --END-- [ RunTime:0.000192s ]
SQL: SHOW COLUMNS FROM `s11_brand` [ RunTime:0.0010s ]
SQL: SELECT `id`,`brand_name` FROM `s11_brand`  [ RunTime:0.0002s ]
SQL: SHOW COLUMNS FROM `s11_type` [ RunTime:0.0009s ]
SQL: SELECT `id`,`type_name` FROM `s11_type`  [ RunTime:0.0002s ]
INFO: Run Behavior\ParseTemplateBehavior [ RunTime:0.015739s ]
INFO: [ view_parse ] --END-- [ RunTime:0.015803s ]
INFO: [ view_filter ] --START--
INFO: Run Behavior\WriteHtmlCacheBehavior [ RunTime:0.000556s ]
INFO: [ view_filter ] --END-- [ RunTime:0.000629s ]
INFO: [ app_end ] --START--
INFO: Run Behavior\ShowPageTraceBehavior [ RunTime:0.001019s ]
INFO: [ app_end ] --END-- [ RunTime:0.001131s ]

[ 2017-03-05T22:42:42+08:00 ] 127.0.0.1 /index.php/Admin/Goods/ajaxGetAttr/type_id/4
INFO: [ app_init ] --START--
INFO: Run Behavior\BuildLiteBehavior [ RunTime:0.000015s ]
INFO: [ app_init ] --END-- [ RunTime:0.000533s ]
INFO: [ app_begin ] --START--
INFO: Run Behavior\ReadHtmlCacheBehavior [ RunTime:0.000571s ]
INFO: [ app_begin ] --END-- [ RunTime:0.000636s ]
SQL: SHOW COLUMNS FROM `s11_attribute` [ RunTime:0.0008s ]
SQL: SELECT * FROM `s11_attribute` WHERE `type_id` = '4'  [ RunTime:0.0005s ]
INFO: [ app_end ] --START--
INFO: Run Behavior\ShowPageTraceBehavior [ RunTime:0.001113s ]
INFO: [ app_end ] --END-- [ RunTime:0.001220s ]

[ 2017-03-05T22:43:05+08:00 ] 127.0.0.1 /index.php/Admin/attribute/lst.html
INFO: [ app_init ] --START--
INFO: Run Behavior\BuildLiteBehavior [ RunTime:0.000019s ]
INFO: [ app_init ] --END-- [ RunTime:0.000526s ]
INFO: [ app_begin ] --START--
INFO: Run Behavior\ReadHtmlCacheBehavior [ RunTime:0.000649s ]
INFO: [ app_begin ] --END-- [ RunTime:0.000721s ]
SQL: SHOW COLUMNS FROM `s11_attribute` [ RunTime:0.0007s ]
SQL: SELECT COUNT(*) AS tp_count FROM s11_attribute a LIMIT 1   [ RunTime:0.0002s ]
SQL: SELECT * FROM s11_attribute a GROUP BY a.id LIMIT 0,20   [ RunTime:0.0002s ]
INFO: [ view_parse ] --START--
INFO: [ template_filter ] --START--
INFO: Run Behavior\ContentReplaceBehavior [ RunTime:0.000068s ]
INFO: [ template_filter ] --END-- [ RunTime:0.000146s ]
SQL: SHOW COLUMNS FROM `s11_type` [ RunTime:0.0007s ]
SQL: SELECT `id`,`type_name` FROM `s11_type`  [ RunTime:0.0002s ]
INFO: Run Behavior\ParseTemplateBehavior [ RunTime:0.013231s ]
INFO: [ view_parse ] --END-- [ RunTime:0.013304s ]
INFO: [ view_filter ] --START--
INFO: Run Behavior\WriteHtmlCacheBehavior [ RunTime:0.000597s ]
INFO: [ view_filter ] --END-- [ RunTime:0.000660s ]
INFO: [ app_end ] --START--
INFO: Run Behavior\ShowPageTraceBehavior [ RunTime:0.000751s ]
INFO: [ app_end ] --END-- [ RunTime:0.000824s ]

[ 2017-03-05T22:43:17+08:00 ] 127.0.0.1 /index.php/Admin/goods/add.html
INFO: [ app_init ] --START--
INFO: Run Behavior\BuildLiteBehavior [ RunTime:0.000016s ]
INFO: [ app_init ] --END-- [ RunTime:0.000614s ]
INFO: [ app_begin ] --START--
INFO: Run Behavior\ReadHtmlCacheBehavior [ RunTime:0.000649s ]
INFO: [ app_begin ] --END-- [ RunTime:0.000726s ]
SQL: SHOW COLUMNS FROM `s11_goods` [ RunTime:0.0008s ]
SQL: INSERT INTO `s11_goods` (`cat_id`,`brand_id`,`goods_name`,`market_price`,`shop_price`,`goods_desc`,`type_id`,`addtime`) VALUES ('5','0','测试商品属性','0','0','','4','2017-03-05 22:43:16') [ RunTime:0.0773s ]
SQL: SHOW COLUMNS FROM `s11_goods_attr` [ RunTime:0.0015s ]
SQL: INSERT INTO `s11_goods_attr` (`goods_id`,`attr_id`,`attr_value`) VALUES ('42','3','夏季') [ RunTime:0.0809s ]
SQL: INSERT INTO `s11_goods_attr` (`goods_id`,`attr_id`,`attr_value`) VALUES ('42','3','冬季') [ RunTime:0.0380s ]
SQL: INSERT INTO `s11_goods_attr` (`goods_id`,`attr_id`,`attr_value`) VALUES ('42','3','春秋季') [ RunTime:0.0662s ]
SQL: INSERT INTO `s11_goods_attr` (`goods_id`,`attr_id`,`attr_value`) VALUES ('42','4','纯棉') [ RunTime:0.0441s ]
SQL: SHOW COLUMNS FROM `s11_goods_cat` [ RunTime:0.0008s ]
SQL: SHOW COLUMNS FROM `s11_goods_pic` [ RunTime:0.0017s ]
SQL: SHOW COLUMNS FROM `s11_member_price` [ RunTime:0.0013s ]
INFO: [ view_parse ] --START--
INFO: [ template_filter ] --START--
INFO: Run Behavior\ContentReplaceBehavior [ RunTime:0.000087s ]
INFO: [ template_filter ] --END-- [ RunTime:0.000219s ]
INFO: Run Behavior\ParseTemplateBehavior [ RunTime:0.007263s ]
INFO: [ view_parse ] --END-- [ RunTime:0.007355s ]
INFO: [ view_filter ] --START--
INFO: Run Behavior\WriteHtmlCacheBehavior [ RunTime:0.000394s ]
INFO: [ view_filter ] --END-- [ RunTime:0.000450s ]

[ 2017-03-05T22:43:18+08:00 ] 127.0.0.1 /index.php/Admin/Goods/lst.html
INFO: [ app_init ] --START--
INFO: Run Behavior\BuildLiteBehavior [ RunTime:0.000020s ]
INFO: [ app_init ] --END-- [ RunTime:0.000758s ]
INFO: [ app_begin ] --START--
INFO: Run Behavior\ReadHtmlCacheBehavior [ RunTime:0.000657s ]
INFO: [ app_begin ] --END-- [ RunTime:0.000722s ]
NOTIC: [2048] Declaration of Admin\Model\CategoryModel::_before_delete() should be compatible with that of Think\Model::_before_delete() E:\amp\www\www.0211.com\Application\Admin\Model\CategoryModel.class.php 第 5 行.
SQL: SHOW COLUMNS FROM `s11_category` [ RunTime:0.0009s ]
SQL: SELECT * FROM `s11_category`  [ RunTime:0.0003s ]
SQL: SHOW COLUMNS FROM `s11_goods` [ RunTime:0.0019s ]
SQL: SELECT COUNT(*) AS tp_count FROM s11_goods a LIMIT 1   [ RunTime:0.0004s ]
SQL: SELECT a.*,b.brand_name,c.cat_name,GROUP_CONCAT(e.cat_name SEPARATOR "<br>") ext_cat_name FROM s11_goods a LEFT JOIN s11_brand b ON a.brand_id=b.id
				LEFT JOIN s11_category c ON a.cat_id=c.id
				LEFT JOIN s11_goods_cat d ON a.id=d.goods_id
				LEFT JOIN s11_category e ON d.cat_id=e.id  GROUP BY a.id ORDER BY a.id desc LIMIT 0,15   [ RunTime:0.0014s ]
INFO: [ view_parse ] --START--
INFO: [ template_filter ] --START--
INFO: Run Behavior\ContentReplaceBehavior [ RunTime:0.000077s ]
INFO: [ template_filter ] --END-- [ RunTime:0.000137s ]
SQL: SHOW COLUMNS FROM `s11_brand` [ RunTime:0.0007s ]
SQL: SELECT `id`,`brand_name` FROM `s11_brand`  [ RunTime:0.0003s ]
INFO: Run Behavior\ParseTemplateBehavior [ RunTime:0.012212s ]
INFO: [ view_parse ] --END-- [ RunTime:0.012278s ]
INFO: [ view_filter ] --START--
INFO: Run Behavior\WriteHtmlCacheBehavior [ RunTime:0.000553s ]
INFO: [ view_filter ] --END-- [ RunTime:0.000607s ]
INFO: [ app_end ] --START--
INFO: Run Behavior\ShowPageTraceBehavior [ RunTime:0.000857s ]
INFO: [ app_end ] --END-- [ RunTime:0.000952s ]

[ 2017-03-05T22:45:55+08:00 ] 127.0.0.1 /index.php/Admin/Goods/edit/id/42.html
INFO: [ app_init ] --START--
INFO: Run Behavior\BuildLiteBehavior [ RunTime:0.000016s ]
INFO: [ app_init ] --END-- [ RunTime:0.000566s ]
INFO: [ app_begin ] --START--
INFO: Run Behavior\ReadHtmlCacheBehavior [ RunTime:0.000723s ]
INFO: [ app_begin ] --END-- [ RunTime:0.000782s ]
SQL: SHOW COLUMNS FROM `s11_goods` [ RunTime:0.0008s ]
SQL: SHOW COLUMNS FROM `s11_goods_cat` [ RunTime:0.0005s ]
NOTIC: [8] Use of undefined constant goods_id - assumed 'goods_id' E:\amp\www\www.0211.com\Application\Admin\Controller\GoodsController.class.php 第 110 行.
SQL: SELECT `cat_id` FROM `s11_goods_cat` WHERE `goods_id` = '42'  [ RunTime:0.0004s ]
NOTIC: [2048] Declaration of Admin\Model\CategoryModel::_before_delete() should be compatible with that of Think\Model::_before_delete() E:\amp\www\www.0211.com\Application\Admin\Model\CategoryModel.class.php 第 82 行.
SQL: SHOW COLUMNS FROM `s11_category` [ RunTime:0.0007s ]
SQL: SELECT * FROM `s11_category`  [ RunTime:0.0003s ]
SQL: SELECT * FROM `s11_goods` WHERE `id` = 42 LIMIT 1   [ RunTime:0.0004s ]
SQL: SHOW COLUMNS FROM `s11_member_level` [ RunTime:0.0007s ]
SQL: SELECT * FROM `s11_member_level`  [ RunTime:0.0002s ]
SQL: SHOW COLUMNS FROM `s11_member_price` [ RunTime:0.0022s ]
SQL: SELECT * FROM `s11_member_price` WHERE `goods_id` = '42'  [ RunTime:0.0004s ]
SQL: SHOW COLUMNS FROM `s11_goods_pic` [ RunTime:0.0016s ]
SQL: SELECT `id`,`mid_pic` FROM `s11_goods_pic` WHERE `goods_id` = '42'  [ RunTime:0.0004s ]
INFO: [ view_parse ] --START--
INFO: [ template_filter ] --START--
INFO: Run Behavior\ContentReplaceBehavior [ RunTime:0.000126s ]
INFO: [ template_filter ] --END-- [ RunTime:0.000201s ]
SQL: SHOW COLUMNS FROM `s11_brand` [ RunTime:0.0007s ]
SQL: SELECT `id`,`brand_name` FROM `s11_brand`  [ RunTime:0.0002s ]
NOTIC: [8] Undefined index: 1 E:\amp\www\www.0211.com\Application\Runtime\Cache\Admin\608b0c961c661bd6d45820311b4b75a7.php 第 127 行.
NOTIC: [8] Undefined index: 2 E:\amp\www\www.0211.com\Application\Runtime\Cache\Admin\608b0c961c661bd6d45820311b4b75a7.php 第 127 行.
NOTIC: [8] Undefined index: 3 E:\amp\www\www.0211.com\Application\Runtime\Cache\Admin\608b0c961c661bd6d45820311b4b75a7.php 第 127 行.
NOTIC: [8] Undefined index: 4 E:\amp\www\www.0211.com\Application\Runtime\Cache\Admin\608b0c961c661bd6d45820311b4b75a7.php 第 127 行.
INFO: Run Behavior\ParseTemplateBehavior [ RunTime:0.011936s ]
INFO: [ view_parse ] --END-- [ RunTime:0.012005s ]
INFO: [ view_filter ] --START--
INFO: Run Behavior\WriteHtmlCacheBehavior [ RunTime:0.000849s ]
INFO: [ view_filter ] --END-- [ RunTime:0.000951s ]
INFO: [ app_end ] --START--
INFO: Run Behavior\ShowPageTraceBehavior [ RunTime:0.000833s ]
INFO: [ app_end ] --END-- [ RunTime:0.000912s ]

[ 2017-03-05T22:46:46+08:00 ] 127.0.0.1 /index.php/Admin/goods/lst.html
INFO: [ app_init ] --START--
INFO: Run Behavior\BuildLiteBehavior [ RunTime:0.000015s ]
INFO: [ app_init ] --END-- [ RunTime:0.000525s ]
INFO: [ app_begin ] --START--
INFO: Run Behavior\ReadHtmlCacheBehavior [ RunTime:0.000625s ]
INFO: [ app_begin ] --END-- [ RunTime:0.000682s ]
NOTIC: [2048] Declaration of Admin\Model\CategoryModel::_before_delete() should be compatible with that of Think\Model::_before_delete() E:\amp\www\www.0211.com\Application\Admin\Model\CategoryModel.class.php 第 5 行.
SQL: SHOW COLUMNS FROM `s11_category` [ RunTime:0.0008s ]
SQL: SELECT * FROM `s11_category`  [ RunTime:0.0003s ]
SQL: SHOW COLUMNS FROM `s11_goods` [ RunTime:0.0008s ]
SQL: SELECT COUNT(*) AS tp_count FROM s11_goods a LIMIT 1   [ RunTime:0.0002s ]
SQL: SELECT a.*,b.brand_name,c.cat_name,GROUP_CONCAT(e.cat_name SEPARATOR "<br>") ext_cat_name FROM s11_goods a LEFT JOIN s11_brand b ON a.brand_id=b.id
				LEFT JOIN s11_category c ON a.cat_id=c.id
				LEFT JOIN s11_goods_cat d ON a.id=d.goods_id
				LEFT JOIN s11_category e ON d.cat_id=e.id  GROUP BY a.id ORDER BY a.id desc LIMIT 0,15   [ RunTime:0.0014s ]
INFO: [ view_parse ] --START--
INFO: [ template_filter ] --START--
INFO: Run Behavior\ContentReplaceBehavior [ RunTime:0.000098s ]
INFO: [ template_filter ] --END-- [ RunTime:0.000182s ]
SQL: SHOW COLUMNS FROM `s11_brand` [ RunTime:0.0008s ]
SQL: SELECT `id`,`brand_name` FROM `s11_brand`  [ RunTime:0.0002s ]
INFO: Run Behavior\ParseTemplateBehavior [ RunTime:0.012755s ]
INFO: [ view_parse ] --END-- [ RunTime:0.012815s ]
INFO: [ view_filter ] --START--
INFO: Run Behavior\WriteHtmlCacheBehavior [ RunTime:0.000444s ]
INFO: [ view_filter ] --END-- [ RunTime:0.000500s ]
INFO: [ app_end ] --START--
INFO: Run Behavior\ShowPageTraceBehavior [ RunTime:0.000964s ]
INFO: [ app_end ] --END-- [ RunTime:0.001066s ]

[ 2017-03-05T22:46:48+08:00 ] 127.0.0.1 /index.php/Admin/Goods/edit/id/42.html
INFO: [ app_init ] --START--
INFO: Run Behavior\BuildLiteBehavior [ RunTime:0.000017s ]
INFO: [ app_init ] --END-- [ RunTime:0.000461s ]
INFO: [ app_begin ] --START--
INFO: Run Behavior\ReadHtmlCacheBehavior [ RunTime:0.000721s ]
INFO: [ app_begin ] --END-- [ RunTime:0.000804s ]
SQL: SHOW COLUMNS FROM `s11_goods` [ RunTime:0.0016s ]
SQL: SHOW COLUMNS FROM `s11_goods_cat` [ RunTime:0.0016s ]
NOTIC: [8] Use of undefined constant goods_id - assumed 'goods_id' E:\amp\www\www.0211.com\Application\Admin\Controller\GoodsController.class.php 第 110 行.
SQL: SELECT `cat_id` FROM `s11_goods_cat` WHERE `goods_id` = '42'  [ RunTime:0.0002s ]
NOTIC: [2048] Declaration of Admin\Model\CategoryModel::_before_delete() should be compatible with that of Think\Model::_before_delete() E:\amp\www\www.0211.com\Application\Admin\Model\CategoryModel.class.php 第 82 行.
SQL: SHOW COLUMNS FROM `s11_category` [ RunTime:0.0006s ]
SQL: SELECT * FROM `s11_category`  [ RunTime:0.0003s ]
SQL: SELECT * FROM `s11_goods` WHERE `id` = 42 LIMIT 1   [ RunTime:0.0003s ]
SQL: SHOW COLUMNS FROM `s11_member_level` [ RunTime:0.0008s ]
SQL: SELECT * FROM `s11_member_level`  [ RunTime:0.0002s ]
SQL: SHOW COLUMNS FROM `s11_member_price` [ RunTime:0.0012s ]
SQL: SELECT * FROM `s11_member_price` WHERE `goods_id` = '42'  [ RunTime:0.0002s ]
SQL: SHOW COLUMNS FROM `s11_goods_pic` [ RunTime:0.0012s ]
SQL: SELECT `id`,`mid_pic` FROM `s11_goods_pic` WHERE `goods_id` = '42'  [ RunTime:0.0001s ]
INFO: [ view_parse ] --START--
INFO: [ template_filter ] --START--
INFO: Run Behavior\ContentReplaceBehavior [ RunTime:0.000111s ]
INFO: [ template_filter ] --END-- [ RunTime:0.000194s ]
SQL: SHOW COLUMNS FROM `s11_brand` [ RunTime:0.0006s ]
SQL: SELECT `id`,`brand_name` FROM `s11_brand`  [ RunTime:0.0002s ]
NOTIC: [8] Undefined index: 1 E:\amp\www\www.0211.com\Application\Runtime\Cache\Admin\608b0c961c661bd6d45820311b4b75a7.php 第 127 行.
NOTIC: [8] Undefined index: 2 E:\amp\www\www.0211.com\Application\Runtime\Cache\Admin\608b0c961c661bd6d45820311b4b75a7.php 第 127 行.
NOTIC: [8] Undefined index: 3 E:\amp\www\www.0211.com\Application\Runtime\Cache\Admin\608b0c961c661bd6d45820311b4b75a7.php 第 127 行.
NOTIC: [8] Undefined index: 4 E:\amp\www\www.0211.com\Application\Runtime\Cache\Admin\608b0c961c661bd6d45820311b4b75a7.php 第 127 行.
SQL: SHOW COLUMNS FROM `s11_type` [ RunTime:0.0006s ]
SQL: SELECT `id`,`type_name` FROM `s11_type`  [ RunTime:0.0002s ]
INFO: Run Behavior\ParseTemplateBehavior [ RunTime:0.014597s ]
INFO: [ view_parse ] --END-- [ RunTime:0.014670s ]
INFO: [ view_filter ] --START--
INFO: Run Behavior\WriteHtmlCacheBehavior [ RunTime:0.000650s ]
INFO: [ view_filter ] --END-- [ RunTime:0.000723s ]
INFO: [ app_end ] --START--
INFO: Run Behavior\ShowPageTraceBehavior [ RunTime:0.000802s ]
INFO: [ app_end ] --END-- [ RunTime:0.000889s ]

[ 2017-03-05T22:46:52+08:00 ] 127.0.0.1 /index.php/Admin/Goods/ajaxGetAttr/type_id/3
INFO: [ app_init ] --START--
INFO: Run Behavior\BuildLiteBehavior [ RunTime:0.000015s ]
INFO: [ app_init ] --END-- [ RunTime:0.000522s ]
INFO: [ app_begin ] --START--
INFO: Run Behavior\ReadHtmlCacheBehavior [ RunTime:0.000645s ]
INFO: [ app_begin ] --END-- [ RunTime:0.000701s ]
SQL: SHOW COLUMNS FROM `s11_attribute` [ RunTime:0.0006s ]
SQL: SELECT * FROM `s11_attribute` WHERE `type_id` = '3'  [ RunTime:0.0004s ]
INFO: [ app_end ] --START--
INFO: Run Behavior\ShowPageTraceBehavior [ RunTime:0.000982s ]
INFO: [ app_end ] --END-- [ RunTime:0.001060s ]

[ 2017-03-05T22:46:54+08:00 ] 127.0.0.1 /index.php/Admin/Goods/ajaxGetAttr/type_id/4
INFO: [ app_init ] --START--
INFO: Run Behavior\BuildLiteBehavior [ RunTime:0.000017s ]
INFO: [ app_init ] --END-- [ RunTime:0.000475s ]
INFO: [ app_begin ] --START--
INFO: Run Behavior\ReadHtmlCacheBehavior [ RunTime:0.000593s ]
INFO: [ app_begin ] --END-- [ RunTime:0.000657s ]
SQL: SHOW COLUMNS FROM `s11_attribute` [ RunTime:0.0006s ]
SQL: SELECT * FROM `s11_attribute` WHERE `type_id` = '4'  [ RunTime:0.0002s ]
INFO: [ app_end ] --START--
INFO: Run Behavior\ShowPageTraceBehavior [ RunTime:0.000944s ]
INFO: [ app_end ] --END-- [ RunTime:0.001030s ]

[ 2017-03-05T22:48:02+08:00 ] 127.0.0.1 /index.php/Admin/goods/lst.html
INFO: [ app_init ] --START--
INFO: Run Behavior\BuildLiteBehavior [ RunTime:0.000020s ]
INFO: [ app_init ] --END-- [ RunTime:0.000767s ]
INFO: [ app_begin ] --START--
INFO: Run Behavior\ReadHtmlCacheBehavior [ RunTime:0.000771s ]
INFO: [ app_begin ] --END-- [ RunTime:0.000843s ]
NOTIC: [2048] Declaration of Admin\Model\CategoryModel::_before_delete() should be compatible with that of Think\Model::_before_delete() E:\amp\www\www.0211.com\Application\Admin\Model\CategoryModel.class.php 第 5 行.
SQL: SHOW COLUMNS FROM `s11_category` [ RunTime:0.0007s ]
SQL: SELECT * FROM `s11_category`  [ RunTime:0.0003s ]
SQL: SHOW COLUMNS FROM `s11_goods` [ RunTime:0.0016s ]
SQL: SELECT COUNT(*) AS tp_count FROM s11_goods a LIMIT 1   [ RunTime:0.0002s ]
SQL: SELECT a.*,b.brand_name,c.cat_name,GROUP_CONCAT(e.cat_name SEPARATOR "<br>") ext_cat_name FROM s11_goods a LEFT JOIN s11_brand b ON a.brand_id=b.id
				LEFT JOIN s11_category c ON a.cat_id=c.id
				LEFT JOIN s11_goods_cat d ON a.id=d.goods_id
				LEFT JOIN s11_category e ON d.cat_id=e.id  GROUP BY a.id ORDER BY a.id desc LIMIT 0,15   [ RunTime:0.0026s ]
INFO: [ view_parse ] --START--
INFO: [ template_filter ] --START--
INFO: Run Behavior\ContentReplaceBehavior [ RunTime:0.000121s ]
INFO: [ template_filter ] --END-- [ RunTime:0.000228s ]
SQL: SHOW COLUMNS FROM `s11_brand` [ RunTime:0.0007s ]
SQL: SELECT `id`,`brand_name` FROM `s11_brand`  [ RunTime:0.0002s ]
INFO: Run Behavior\ParseTemplateBehavior [ RunTime:0.014837s ]
INFO: [ view_parse ] --END-- [ RunTime:0.014904s ]
INFO: [ view_filter ] --START--
INFO: Run Behavior\WriteHtmlCacheBehavior [ RunTime:0.000534s ]
INFO: [ view_filter ] --END-- [ RunTime:0.000587s ]
INFO: [ app_end ] --START--
INFO: Run Behavior\ShowPageTraceBehavior [ RunTime:0.001313s ]
INFO: [ app_end ] --END-- [ RunTime:0.001414s ]

[ 2017-03-05T22:48:04+08:00 ] 127.0.0.1 /index.php/Admin/Goods/edit/id/42.html
INFO: [ app_init ] --START--
INFO: Run Behavior\BuildLiteBehavior [ RunTime:0.000017s ]
INFO: [ app_init ] --END-- [ RunTime:0.000563s ]
INFO: [ app_begin ] --START--
INFO: Run Behavior\ReadHtmlCacheBehavior [ RunTime:0.000631s ]
INFO: [ app_begin ] --END-- [ RunTime:0.000694s ]
SQL: SHOW COLUMNS FROM `s11_goods` [ RunTime:0.0014s ]
SQL: SHOW COLUMNS FROM `s11_goods_cat` [ RunTime:0.0016s ]
NOTIC: [8] Use of undefined constant goods_id - assumed 'goods_id' E:\amp\www\www.0211.com\Application\Admin\Controller\GoodsController.class.php 第 110 行.
SQL: SELECT `cat_id` FROM `s11_goods_cat` WHERE `goods_id` = '42'  [ RunTime:0.0002s ]
NOTIC: [2048] Declaration of Admin\Model\CategoryModel::_before_delete() should be compatible with that of Think\Model::_before_delete() E:\amp\www\www.0211.com\Application\Admin\Model\CategoryModel.class.php 第 82 行.
SQL: SHOW COLUMNS FROM `s11_category` [ RunTime:0.0007s ]
SQL: SELECT * FROM `s11_category`  [ RunTime:0.0003s ]
SQL: SELECT * FROM `s11_goods` WHERE `id` = 42 LIMIT 1   [ RunTime:0.0002s ]
SQL: SHOW COLUMNS FROM `s11_member_level` [ RunTime:0.0006s ]
SQL: SELECT * FROM `s11_member_level`  [ RunTime:0.0002s ]
SQL: SHOW COLUMNS FROM `s11_member_price` [ RunTime:0.0021s ]
SQL: SELECT * FROM `s11_member_price` WHERE `goods_id` = '42'  [ RunTime:0.0002s ]
SQL: SHOW COLUMNS FROM `s11_goods_pic` [ RunTime:0.0014s ]
SQL: SELECT `id`,`mid_pic` FROM `s11_goods_pic` WHERE `goods_id` = '42'  [ RunTime:0.0002s ]
INFO: [ view_parse ] --START--
INFO: [ template_filter ] --START--
INFO: Run Behavior\ContentReplaceBehavior [ RunTime:0.000122s ]
INFO: [ template_filter ] --END-- [ RunTime:0.000228s ]
SQL: SHOW COLUMNS FROM `s11_brand` [ RunTime:0.0007s ]
SQL: SELECT `id`,`brand_name` FROM `s11_brand`  [ RunTime:0.0002s ]
NOTIC: [8] Undefined index: 1 E:\amp\www\www.0211.com\Application\Runtime\Cache\Admin\608b0c961c661bd6d45820311b4b75a7.php 第 127 行.
NOTIC: [8] Undefined index: 2 E:\amp\www\www.0211.com\Application\Runtime\Cache\Admin\608b0c961c661bd6d45820311b4b75a7.php 第 127 行.
NOTIC: [8] Undefined index: 3 E:\amp\www\www.0211.com\Application\Runtime\Cache\Admin\608b0c961c661bd6d45820311b4b75a7.php 第 127 行.
NOTIC: [8] Undefined index: 4 E:\amp\www\www.0211.com\Application\Runtime\Cache\Admin\608b0c961c661bd6d45820311b4b75a7.php 第 127 行.
SQL: SHOW COLUMNS FROM `s11_type` [ RunTime:0.0007s ]
SQL: SELECT `id`,`type_name` FROM `s11_type`  [ RunTime:0.0002s ]
INFO: Run Behavior\ParseTemplateBehavior [ RunTime:0.014881s ]
INFO: [ view_parse ] --END-- [ RunTime:0.014963s ]
INFO: [ view_filter ] --START--
INFO: Run Behavior\WriteHtmlCacheBehavior [ RunTime:0.000781s ]
INFO: [ view_filter ] --END-- [ RunTime:0.000862s ]
INFO: [ app_end ] --START--
INFO: Run Behavior\ShowPageTraceBehavior [ RunTime:0.001042s ]
INFO: [ app_end ] --END-- [ RunTime:0.001154s ]

[ 2017-03-05T22:48:33+08:00 ] 127.0.0.1 /index.php/Admin/Goods/ajaxGetAttr/type_id/3
INFO: [ app_init ] --START--
INFO: Run Behavior\BuildLiteBehavior [ RunTime:0.000017s ]
INFO: [ app_init ] --END-- [ RunTime:0.000480s ]
INFO: [ app_begin ] --START--
INFO: Run Behavior\ReadHtmlCacheBehavior [ RunTime:0.000619s ]
INFO: [ app_begin ] --END-- [ RunTime:0.000684s ]
SQL: SHOW COLUMNS FROM `s11_attribute` [ RunTime:0.0007s ]
SQL: SELECT * FROM `s11_attribute` WHERE `type_id` = '3'  [ RunTime:0.0002s ]
INFO: [ app_end ] --START--
INFO: Run Behavior\ShowPageTraceBehavior [ RunTime:0.000817s ]
INFO: [ app_end ] --END-- [ RunTime:0.000890s ]

[ 2017-03-05T22:48:36+08:00 ] 127.0.0.1 /index.php/Admin/Goods/ajaxGetAttr/type_id/4
INFO: [ app_init ] --START--
INFO: Run Behavior\BuildLiteBehavior [ RunTime:0.000026s ]
INFO: [ app_init ] --END-- [ RunTime:0.000731s ]
INFO: [ app_begin ] --START--
INFO: Run Behavior\ReadHtmlCacheBehavior [ RunTime:0.000723s ]
INFO: [ app_begin ] --END-- [ RunTime:0.000794s ]
SQL: SHOW COLUMNS FROM `s11_attribute` [ RunTime:0.0006s ]
SQL: SELECT * FROM `s11_attribute` WHERE `type_id` = '4'  [ RunTime:0.0002s ]
INFO: [ app_end ] --START--
INFO: Run Behavior\ShowPageTraceBehavior [ RunTime:0.000908s ]
INFO: [ app_end ] --END-- [ RunTime:0.000982s ]

[ 2017-03-05T23:00:01+08:00 ] 127.0.0.1 /index.php/Admin/goods/lst.html
INFO: [ app_init ] --START--
INFO: Run Behavior\BuildLiteBehavior [ RunTime:0.000018s ]
INFO: [ app_init ] --END-- [ RunTime:0.000944s ]
INFO: [ app_begin ] --START--
INFO: Run Behavior\ReadHtmlCacheBehavior [ RunTime:0.000798s ]
INFO: [ app_begin ] --END-- [ RunTime:0.000869s ]
NOTIC: [2048] Declaration of Admin\Model\CategoryModel::_before_delete() should be compatible with that of Think\Model::_before_delete() E:\amp\www\www.0211.com\Application\Admin\Model\CategoryModel.class.php 第 5 行.
SQL: SHOW COLUMNS FROM `s11_category` [ RunTime:0.0007s ]
SQL: SELECT * FROM `s11_category`  [ RunTime:0.0003s ]
SQL: SHOW COLUMNS FROM `s11_goods` [ RunTime:0.0008s ]
SQL: SELECT COUNT(*) AS tp_count FROM s11_goods a LIMIT 1   [ RunTime:0.0002s ]
SQL: SELECT a.*,b.brand_name,c.cat_name,GROUP_CONCAT(e.cat_name SEPARATOR "<br>") ext_cat_name FROM s11_goods a LEFT JOIN s11_brand b ON a.brand_id=b.id
				LEFT JOIN s11_category c ON a.cat_id=c.id
				LEFT JOIN s11_goods_cat d ON a.id=d.goods_id
				LEFT JOIN s11_category e ON d.cat_id=e.id  GROUP BY a.id ORDER BY a.id desc LIMIT 0,15   [ RunTime:0.0015s ]
INFO: [ view_parse ] --START--
INFO: [ template_filter ] --START--
INFO: Run Behavior\ContentReplaceBehavior [ RunTime:0.000077s ]
INFO: [ template_filter ] --END-- [ RunTime:0.000145s ]
SQL: SHOW COLUMNS FROM `s11_brand` [ RunTime:0.0008s ]
SQL: SELECT `id`,`brand_name` FROM `s11_brand`  [ RunTime:0.0002s ]
INFO: Run Behavior\ParseTemplateBehavior [ RunTime:0.012779s ]
INFO: [ view_parse ] --END-- [ RunTime:0.012839s ]
INFO: [ view_filter ] --START--
INFO: Run Behavior\WriteHtmlCacheBehavior [ RunTime:0.000630s ]
INFO: [ view_filter ] --END-- [ RunTime:0.000682s ]
INFO: [ app_end ] --START--
INFO: Run Behavior\ShowPageTraceBehavior [ RunTime:0.000908s ]
INFO: [ app_end ] --END-- [ RunTime:0.000984s ]

[ 2017-03-05T23:00:03+08:00 ] 127.0.0.1 /index.php/Admin/Goods/edit/id/42.html
INFO: [ app_init ] --START--
INFO: Run Behavior\BuildLiteBehavior [ RunTime:0.000016s ]
INFO: [ app_init ] --END-- [ RunTime:0.000611s ]
INFO: [ app_begin ] --START--
INFO: Run Behavior\ReadHtmlCacheBehavior [ RunTime:0.000633s ]
INFO: [ app_begin ] --END-- [ RunTime:0.000691s ]
SQL: SHOW COLUMNS FROM `s11_goods` [ RunTime:0.0013s ]
SQL: SHOW COLUMNS FROM `s11_goods_attr` [ RunTime:0.0015s ]
SQL: SELECT a.*,b.attr_name,b.attr_type FROM s11_goods_attr a LEFT JOIN s11_attribute b ON a.attr_id=b.id  WHERE a.goods_id = '42'  [ RunTime:0.0006s ]

[ 2017-03-05T23:02:38+08:00 ] 127.0.0.1 /index.php/Admin/goods/lst.html
INFO: [ app_init ] --START--
INFO: Run Behavior\BuildLiteBehavior [ RunTime:0.000018s ]
INFO: [ app_init ] --END-- [ RunTime:0.000525s ]
INFO: [ app_begin ] --START--
INFO: Run Behavior\ReadHtmlCacheBehavior [ RunTime:0.000717s ]
INFO: [ app_begin ] --END-- [ RunTime:0.000783s ]
NOTIC: [2048] Declaration of Admin\Model\CategoryModel::_before_delete() should be compatible with that of Think\Model::_before_delete() E:\amp\www\www.0211.com\Application\Admin\Model\CategoryModel.class.php 第 5 行.
SQL: SHOW COLUMNS FROM `s11_category` [ RunTime:0.0008s ]
SQL: SELECT * FROM `s11_category`  [ RunTime:0.0003s ]
SQL: SHOW COLUMNS FROM `s11_goods` [ RunTime:0.0009s ]
SQL: SELECT COUNT(*) AS tp_count FROM s11_goods a LIMIT 1   [ RunTime:0.0003s ]
SQL: SELECT a.*,b.brand_name,c.cat_name,GROUP_CONCAT(e.cat_name SEPARATOR "<br>") ext_cat_name FROM s11_goods a LEFT JOIN s11_brand b ON a.brand_id=b.id
				LEFT JOIN s11_category c ON a.cat_id=c.id
				LEFT JOIN s11_goods_cat d ON a.id=d.goods_id
				LEFT JOIN s11_category e ON d.cat_id=e.id  GROUP BY a.id ORDER BY a.id desc LIMIT 0,15   [ RunTime:0.0015s ]
INFO: [ view_parse ] --START--
INFO: [ template_filter ] --START--
INFO: Run Behavior\ContentReplaceBehavior [ RunTime:0.000094s ]
INFO: [ template_filter ] --END-- [ RunTime:0.000176s ]
SQL: SHOW COLUMNS FROM `s11_brand` [ RunTime:0.0007s ]
SQL: SELECT `id`,`brand_name` FROM `s11_brand`  [ RunTime:0.0002s ]
INFO: Run Behavior\ParseTemplateBehavior [ RunTime:0.015046s ]
INFO: [ view_parse ] --END-- [ RunTime:0.015142s ]
INFO: [ view_filter ] --START--
INFO: Run Behavior\WriteHtmlCacheBehavior [ RunTime:0.000959s ]
INFO: [ view_filter ] --END-- [ RunTime:0.001049s ]
INFO: [ app_end ] --START--
INFO: Run Behavior\ShowPageTraceBehavior [ RunTime:0.001274s ]
INFO: [ app_end ] --END-- [ RunTime:0.001394s ]

[ 2017-03-05T23:02:39+08:00 ] 127.0.0.1 /index.php/Admin/Goods/edit/id/42.html
INFO: [ app_init ] --START--
INFO: Run Behavior\BuildLiteBehavior [ RunTime:0.000018s ]
INFO: [ app_init ] --END-- [ RunTime:0.000486s ]
INFO: [ app_begin ] --START--
INFO: Run Behavior\ReadHtmlCacheBehavior [ RunTime:0.000782s ]
INFO: [ app_begin ] --END-- [ RunTime:0.000895s ]
SQL: SHOW COLUMNS FROM `s11_goods` [ RunTime:0.0008s ]
SQL: SHOW COLUMNS FROM `s11_goods_attr` [ RunTime:0.0005s ]
SQL: SELECT a.*,b.attr_name,b.attr_type FROM s11_goods_attr a LEFT JOIN s11_attribute b ON a.attr_id=b.id  WHERE a.goods_id = '42'  [ RunTime:0.0002s ]
SQL: SHOW COLUMNS FROM `s11_goods_cat` [ RunTime:0.0005s ]
NOTIC: [8] Use of undefined constant goods_id - assumed 'goods_id' E:\amp\www\www.0211.com\Application\Admin\Controller\GoodsController.class.php 第 119 行.
SQL: SELECT `cat_id` FROM `s11_goods_cat` WHERE `goods_id` = '42'  [ RunTime:0.0001s ]
NOTIC: [2048] Declaration of Admin\Model\CategoryModel::_before_delete() should be compatible with that of Think\Model::_before_delete() E:\amp\www\www.0211.com\Application\Admin\Model\CategoryModel.class.php 第 82 行.
SQL: SHOW COLUMNS FROM `s11_category` [ RunTime:0.0006s ]
SQL: SELECT * FROM `s11_category`  [ RunTime:0.0002s ]
SQL: SELECT * FROM `s11_goods` WHERE `id` = 42 LIMIT 1   [ RunTime:0.0002s ]
SQL: SHOW COLUMNS FROM `s11_member_level` [ RunTime:0.0006s ]
SQL: SELECT * FROM `s11_member_level`  [ RunTime:0.0002s ]
SQL: SHOW COLUMNS FROM `s11_member_price` [ RunTime:0.0005s ]
SQL: SELECT * FROM `s11_member_price` WHERE `goods_id` = '42'  [ RunTime:0.0001s ]
SQL: SHOW COLUMNS FROM `s11_goods_pic` [ RunTime:0.0005s ]
SQL: SELECT `id`,`mid_pic` FROM `s11_goods_pic` WHERE `goods_id` = '42'  [ RunTime:0.0001s ]
INFO: [ view_parse ] --START--
INFO: [ template_filter ] --START--
INFO: Run Behavior\ContentReplaceBehavior [ RunTime:0.000113s ]
INFO: [ template_filter ] --END-- [ RunTime:0.000186s ]
SQL: SHOW COLUMNS FROM `s11_brand` [ RunTime:0.0006s ]
SQL: SELECT `id`,`brand_name` FROM `s11_brand`  [ RunTime:0.0002s ]
NOTIC: [8] Undefined index: 1 E:\amp\www\www.0211.com\Application\Runtime\Cache\Admin\608b0c961c661bd6d45820311b4b75a7.php 第 127 行.
NOTIC: [8] Undefined index: 2 E:\amp\www\www.0211.com\Application\Runtime\Cache\Admin\608b0c961c661bd6d45820311b4b75a7.php 第 127 行.
NOTIC: [8] Undefined index: 3 E:\amp\www\www.0211.com\Application\Runtime\Cache\Admin\608b0c961c661bd6d45820311b4b75a7.php 第 127 行.
NOTIC: [8] Undefined index: 4 E:\amp\www\www.0211.com\Application\Runtime\Cache\Admin\608b0c961c661bd6d45820311b4b75a7.php 第 127 行.
SQL: SHOW COLUMNS FROM `s11_type` [ RunTime:0.0007s ]
SQL: SELECT `id`,`type_name` FROM `s11_type`  [ RunTime:0.0002s ]
INFO: Run Behavior\ParseTemplateBehavior [ RunTime:0.014548s ]
INFO: [ view_parse ] --END-- [ RunTime:0.014624s ]
INFO: [ view_filter ] --START--
INFO: Run Behavior\WriteHtmlCacheBehavior [ RunTime:0.000617s ]
INFO: [ view_filter ] --END-- [ RunTime:0.000687s ]
INFO: [ app_end ] --START--
INFO: Run Behavior\ShowPageTraceBehavior [ RunTime:0.001088s ]
INFO: [ app_end ] --END-- [ RunTime:0.001182s ]

[ 2017-03-05T23:31:28+08:00 ] 127.0.0.1 /index.php/Admin/goods/lst.html
INFO: [ app_init ] --START--
INFO: Run Behavior\BuildLiteBehavior [ RunTime:0.000015s ]
INFO: [ app_init ] --END-- [ RunTime:0.000611s ]
INFO: [ app_begin ] --START--
INFO: Run Behavior\ReadHtmlCacheBehavior [ RunTime:0.000994s ]
INFO: [ app_begin ] --END-- [ RunTime:0.001077s ]
NOTIC: [2048] Declaration of Admin\Model\CategoryModel::_before_delete() should be compatible with that of Think\Model::_before_delete() E:\amp\www\www.0211.com\Application\Admin\Model\CategoryModel.class.php 第 5 行.
SQL: SHOW COLUMNS FROM `s11_category` [ RunTime:0.0009s ]
SQL: SELECT * FROM `s11_category`  [ RunTime:0.0002s ]
SQL: SHOW COLUMNS FROM `s11_goods` [ RunTime:0.0010s ]
SQL: SELECT COUNT(*) AS tp_count FROM s11_goods a LIMIT 1   [ RunTime:0.0002s ]
SQL: SELECT a.*,b.brand_name,c.cat_name,GROUP_CONCAT(e.cat_name SEPARATOR "<br>") ext_cat_name FROM s11_goods a LEFT JOIN s11_brand b ON a.brand_id=b.id
				LEFT JOIN s11_category c ON a.cat_id=c.id
				LEFT JOIN s11_goods_cat d ON a.id=d.goods_id
				LEFT JOIN s11_category e ON d.cat_id=e.id  GROUP BY a.id ORDER BY a.id desc LIMIT 0,15   [ RunTime:0.0016s ]
INFO: [ view_parse ] --START--
INFO: [ template_filter ] --START--
INFO: Run Behavior\ContentReplaceBehavior [ RunTime:0.000085s ]
INFO: [ template_filter ] --END-- [ RunTime:0.000161s ]
SQL: SHOW COLUMNS FROM `s11_brand` [ RunTime:0.0010s ]
SQL: SELECT `id`,`brand_name` FROM `s11_brand`  [ RunTime:0.0003s ]
INFO: Run Behavior\ParseTemplateBehavior [ RunTime:0.014358s ]
INFO: [ view_parse ] --END-- [ RunTime:0.014434s ]
INFO: [ view_filter ] --START--
INFO: Run Behavior\WriteHtmlCacheBehavior [ RunTime:0.000572s ]
INFO: [ view_filter ] --END-- [ RunTime:0.000626s ]
INFO: [ app_end ] --START--
INFO: Run Behavior\ShowPageTraceBehavior [ RunTime:0.001244s ]
INFO: [ app_end ] --END-- [ RunTime:0.001360s ]

[ 2017-03-05T23:31:30+08:00 ] 127.0.0.1 /index.php/Admin/Goods/edit/id/42.html
INFO: [ app_init ] --START--
INFO: Run Behavior\BuildLiteBehavior [ RunTime:0.000015s ]
INFO: [ app_init ] --END-- [ RunTime:0.000536s ]
INFO: [ app_begin ] --START--
INFO: Run Behavior\ReadHtmlCacheBehavior [ RunTime:0.000625s ]
INFO: [ app_begin ] --END-- [ RunTime:0.000687s ]
SQL: SHOW COLUMNS FROM `s11_goods` [ RunTime:0.0008s ]
SQL: SHOW COLUMNS FROM `s11_goods_attr` [ RunTime:0.0005s ]
SQL: SELECT a.*,b.attr_name,b.attr_type FROM s11_goods_attr a LEFT JOIN s11_attribute b ON a.attr_id=b.id  WHERE a.goods_id = '42'  [ RunTime:0.0002s ]
SQL: SHOW COLUMNS FROM `s11_goods_cat` [ RunTime:0.0005s ]
NOTIC: [8] Use of undefined constant goods_id - assumed 'goods_id' E:\amp\www\www.0211.com\Application\Admin\Controller\GoodsController.class.php 第 119 行.
SQL: SELECT `cat_id` FROM `s11_goods_cat` WHERE `goods_id` = '42'  [ RunTime:0.0001s ]
NOTIC: [2048] Declaration of Admin\Model\CategoryModel::_before_delete() should be compatible with that of Think\Model::_before_delete() E:\amp\www\www.0211.com\Application\Admin\Model\CategoryModel.class.php 第 82 行.
SQL: SHOW COLUMNS FROM `s11_category` [ RunTime:0.0006s ]
SQL: SELECT * FROM `s11_category`  [ RunTime:0.0003s ]
SQL: SELECT * FROM `s11_goods` WHERE `id` = 42 LIMIT 1   [ RunTime:0.0002s ]
SQL: SHOW COLUMNS FROM `s11_member_level` [ RunTime:0.0006s ]
SQL: SELECT * FROM `s11_member_level`  [ RunTime:0.0003s ]
SQL: SHOW COLUMNS FROM `s11_member_price` [ RunTime:0.0007s ]
SQL: SELECT * FROM `s11_member_price` WHERE `goods_id` = '42'  [ RunTime:0.0002s ]
SQL: SHOW COLUMNS FROM `s11_goods_pic` [ RunTime:0.0007s ]
SQL: SELECT `id`,`mid_pic` FROM `s11_goods_pic` WHERE `goods_id` = '42'  [ RunTime:0.0002s ]
INFO: [ view_parse ] --START--
INFO: [ template_filter ] --START--
INFO: Run Behavior\ContentReplaceBehavior [ RunTime:0.000155s ]
INFO: [ template_filter ] --END-- [ RunTime:0.000255s ]
SQL: SHOW COLUMNS FROM `s11_brand` [ RunTime:0.0006s ]
SQL: SELECT `id`,`brand_name` FROM `s11_brand`  [ RunTime:0.0002s ]
NOTIC: [8] Undefined index: 1 E:\amp\www\www.0211.com\Application\Runtime\Cache\Admin\608b0c961c661bd6d45820311b4b75a7.php 第 127 行.
NOTIC: [8] Undefined index: 2 E:\amp\www\www.0211.com\Application\Runtime\Cache\Admin\608b0c961c661bd6d45820311b4b75a7.php 第 127 行.
NOTIC: [8] Undefined index: 3 E:\amp\www\www.0211.com\Application\Runtime\Cache\Admin\608b0c961c661bd6d45820311b4b75a7.php 第 127 行.
NOTIC: [8] Undefined index: 4 E:\amp\www\www.0211.com\Application\Runtime\Cache\Admin\608b0c961c661bd6d45820311b4b75a7.php 第 127 行.
SQL: SHOW COLUMNS FROM `s11_type` [ RunTime:0.0007s ]
SQL: SELECT `id`,`type_name` FROM `s11_type`  [ RunTime:0.0002s ]
NOTIC: [8] Undefined index: attr_option_values E:\amp\www\www.0211.com\Application\Runtime\Cache\Admin\608b0c961c661bd6d45820311b4b75a7.php 第 147 行.
NOTIC: [8] Undefined index: attr_option_values E:\amp\www\www.0211.com\Application\Runtime\Cache\Admin\608b0c961c661bd6d45820311b4b75a7.php 第 147 行.
NOTIC: [8] Undefined index: attr_option_values E:\amp\www\www.0211.com\Application\Runtime\Cache\Admin\608b0c961c661bd6d45820311b4b75a7.php 第 147 行.
NOTIC: [8] Undefined index: attr_option_values E:\amp\www\www.0211.com\Application\Runtime\Cache\Admin\608b0c961c661bd6d45820311b4b75a7.php 第 147 行.
INFO: Run Behavior\ParseTemplateBehavior [ RunTime:0.015988s ]
INFO: [ view_parse ] --END-- [ RunTime:0.016070s ]
INFO: [ view_filter ] --START--
INFO: Run Behavior\WriteHtmlCacheBehavior [ RunTime:0.000659s ]
INFO: [ view_filter ] --END-- [ RunTime:0.000744s ]
INFO: [ app_end ] --START--
INFO: Run Behavior\ShowPageTraceBehavior [ RunTime:0.000932s ]
INFO: [ app_end ] --END-- [ RunTime:0.001011s ]

[ 2017-03-05T23:34:28+08:00 ] 127.0.0.1 /index.php/Admin/goods/lst.html
INFO: [ app_init ] --START--
INFO: Run Behavior\BuildLiteBehavior [ RunTime:0.000017s ]
INFO: [ app_init ] --END-- [ RunTime:0.000573s ]
INFO: [ app_begin ] --START--
INFO: Run Behavior\ReadHtmlCacheBehavior [ RunTime:0.000745s ]
INFO: [ app_begin ] --END-- [ RunTime:0.000804s ]
NOTIC: [2048] Declaration of Admin\Model\CategoryModel::_before_delete() should be compatible with that of Think\Model::_before_delete() E:\amp\www\www.0211.com\Application\Admin\Model\CategoryModel.class.php 第 5 行.
SQL: SHOW COLUMNS FROM `s11_category` [ RunTime:0.0011s ]
SQL: SELECT * FROM `s11_category`  [ RunTime:0.0003s ]
SQL: SHOW COLUMNS FROM `s11_goods` [ RunTime:0.0007s ]
SQL: SELECT COUNT(*) AS tp_count FROM s11_goods a LIMIT 1   [ RunTime:0.0002s ]
SQL: SELECT a.*,b.brand_name,c.cat_name,GROUP_CONCAT(e.cat_name SEPARATOR "<br>") ext_cat_name FROM s11_goods a LEFT JOIN s11_brand b ON a.brand_id=b.id
				LEFT JOIN s11_category c ON a.cat_id=c.id
				LEFT JOIN s11_goods_cat d ON a.id=d.goods_id
				LEFT JOIN s11_category e ON d.cat_id=e.id  GROUP BY a.id ORDER BY a.id desc LIMIT 0,15   [ RunTime:0.0015s ]
INFO: [ view_parse ] --START--
INFO: [ template_filter ] --START--
INFO: Run Behavior\ContentReplaceBehavior [ RunTime:0.000144s ]
INFO: [ template_filter ] --END-- [ RunTime:0.000303s ]
SQL: SHOW COLUMNS FROM `s11_brand` [ RunTime:0.0007s ]
SQL: SELECT `id`,`brand_name` FROM `s11_brand`  [ RunTime:0.0002s ]
INFO: Run Behavior\ParseTemplateBehavior [ RunTime:0.014054s ]
INFO: [ view_parse ] --END-- [ RunTime:0.014121s ]
INFO: [ view_filter ] --START--
INFO: Run Behavior\WriteHtmlCacheBehavior [ RunTime:0.000567s ]
INFO: [ view_filter ] --END-- [ RunTime:0.000622s ]
INFO: [ app_end ] --START--
INFO: Run Behavior\ShowPageTraceBehavior [ RunTime:0.000860s ]
INFO: [ app_end ] --END-- [ RunTime:0.000956s ]

[ 2017-03-05T23:34:31+08:00 ] 127.0.0.1 /index.php/Admin/Goods/edit/id/42.html
INFO: [ app_init ] --START--
INFO: Run Behavior\BuildLiteBehavior [ RunTime:0.000016s ]
INFO: [ app_init ] --END-- [ RunTime:0.000493s ]
INFO: [ app_begin ] --START--
INFO: Run Behavior\ReadHtmlCacheBehavior [ RunTime:0.000559s ]
INFO: [ app_begin ] --END-- [ RunTime:0.000614s ]
SQL: SHOW COLUMNS FROM `s11_goods` [ RunTime:0.0007s ]
SQL: SHOW COLUMNS FROM `s11_goods_attr` [ RunTime:0.0012s ]
SQL: SELECT a.*,b.attr_name,b.attr_type,b.attr_option_values FROM s11_goods_attr a LEFT JOIN s11_attribute b ON a.attr_id=b.id  WHERE a.goods_id = '42'  [ RunTime:0.0004s ]
SQL: SHOW COLUMNS FROM `s11_goods_cat` [ RunTime:0.0005s ]
NOTIC: [8] Use of undefined constant goods_id - assumed 'goods_id' E:\amp\www\www.0211.com\Application\Admin\Controller\GoodsController.class.php 第 119 行.
SQL: SELECT `cat_id` FROM `s11_goods_cat` WHERE `goods_id` = '42'  [ RunTime:0.0001s ]
NOTIC: [2048] Declaration of Admin\Model\CategoryModel::_before_delete() should be compatible with that of Think\Model::_before_delete() E:\amp\www\www.0211.com\Application\Admin\Model\CategoryModel.class.php 第 82 行.
SQL: SHOW COLUMNS FROM `s11_category` [ RunTime:0.0006s ]
SQL: SELECT * FROM `s11_category`  [ RunTime:0.0003s ]
SQL: SELECT * FROM `s11_goods` WHERE `id` = 42 LIMIT 1   [ RunTime:0.0003s ]
SQL: SHOW COLUMNS FROM `s11_member_level` [ RunTime:0.0006s ]
SQL: SELECT * FROM `s11_member_level`  [ RunTime:0.0002s ]
SQL: SHOW COLUMNS FROM `s11_member_price` [ RunTime:0.0008s ]
SQL: SELECT * FROM `s11_member_price` WHERE `goods_id` = '42'  [ RunTime:0.0002s ]
SQL: SHOW COLUMNS FROM `s11_goods_pic` [ RunTime:0.0006s ]
SQL: SELECT `id`,`mid_pic` FROM `s11_goods_pic` WHERE `goods_id` = '42'  [ RunTime:0.0002s ]
INFO: [ view_parse ] --START--
INFO: [ template_filter ] --START--
INFO: Run Behavior\ContentReplaceBehavior [ RunTime:0.000138s ]
INFO: [ template_filter ] --END-- [ RunTime:0.000220s ]
SQL: SHOW COLUMNS FROM `s11_brand` [ RunTime:0.0008s ]
SQL: SELECT `id`,`brand_name` FROM `s11_brand`  [ RunTime:0.0002s ]
NOTIC: [8] Undefined index: 1 E:\amp\www\www.0211.com\Application\Runtime\Cache\Admin\608b0c961c661bd6d45820311b4b75a7.php 第 127 行.
NOTIC: [8] Undefined index: 2 E:\amp\www\www.0211.com\Application\Runtime\Cache\Admin\608b0c961c661bd6d45820311b4b75a7.php 第 127 行.
NOTIC: [8] Undefined index: 3 E:\amp\www\www.0211.com\Application\Runtime\Cache\Admin\608b0c961c661bd6d45820311b4b75a7.php 第 127 行.
NOTIC: [8] Undefined index: 4 E:\amp\www\www.0211.com\Application\Runtime\Cache\Admin\608b0c961c661bd6d45820311b4b75a7.php 第 127 行.
SQL: SHOW COLUMNS FROM `s11_type` [ RunTime:0.0006s ]
SQL: SELECT `id`,`type_name` FROM `s11_type`  [ RunTime:0.0002s ]
INFO: Run Behavior\ParseTemplateBehavior [ RunTime:0.015476s ]
INFO: [ view_parse ] --END-- [ RunTime:0.015539s ]
INFO: [ view_filter ] --START--
INFO: Run Behavior\WriteHtmlCacheBehavior [ RunTime:0.000433s ]
INFO: [ view_filter ] --END-- [ RunTime:0.000485s ]
INFO: [ app_end ] --START--
INFO: Run Behavior\ShowPageTraceBehavior [ RunTime:0.001132s ]
INFO: [ app_end ] --END-- [ RunTime:0.001232s ]

[ 2017-03-05T23:39:23+08:00 ] 127.0.0.1 /index.php/Admin/Index/Index
INFO: [ app_init ] --START--
INFO: Run Behavior\BuildLiteBehavior [ RunTime:0.000079s ]
INFO: [ app_init ] --END-- [ RunTime:0.000711s ]
INFO: [ app_begin ] --START--
INFO: Run Behavior\ReadHtmlCacheBehavior [ RunTime:0.001019s ]
INFO: [ app_begin ] --END-- [ RunTime:0.001136s ]
INFO: [ view_parse ] --START--
INFO: [ template_filter ] --START--
INFO: Run Behavior\ContentReplaceBehavior [ RunTime:0.000040s ]
INFO: [ template_filter ] --END-- [ RunTime:0.000104s ]
INFO: Run Behavior\ParseTemplateBehavior [ RunTime:0.005860s ]
INFO: [ view_parse ] --END-- [ RunTime:0.005933s ]
INFO: [ view_filter ] --START--
INFO: Run Behavior\WriteHtmlCacheBehavior [ RunTime:0.000513s ]
INFO: [ view_filter ] --END-- [ RunTime:0.000564s ]
INFO: [ app_end ] --START--
INFO: Run Behavior\ShowPageTraceBehavior [ RunTime:0.000727s ]
INFO: [ app_end ] --END-- [ RunTime:0.000785s ]

[ 2017-03-05T23:39:24+08:00 ] 127.0.0.1 /index.php/Admin/Index/top.html
INFO: [ app_init ] --START--
INFO: Run Behavior\BuildLiteBehavior [ RunTime:0.000028s ]
INFO: [ app_init ] --END-- [ RunTime:0.000882s ]
INFO: [ app_begin ] --START--
INFO: Run Behavior\ReadHtmlCacheBehavior [ RunTime:0.000932s ]
INFO: [ app_begin ] --END-- [ RunTime:0.001047s ]
INFO: [ view_parse ] --START--
INFO: [ template_filter ] --START--
INFO: Run Behavior\ContentReplaceBehavior [ RunTime:0.000094s ]
INFO: [ template_filter ] --END-- [ RunTime:0.000214s ]
INFO: Run Behavior\ParseTemplateBehavior [ RunTime:0.009848s ]
INFO: [ view_parse ] --END-- [ RunTime:0.010203s ]
INFO: [ view_filter ] --START--
INFO: Run Behavior\WriteHtmlCacheBehavior [ RunTime:0.000527s ]
INFO: [ view_filter ] --END-- [ RunTime:0.000621s ]
INFO: [ app_end ] --START--
INFO: Run Behavior\ShowPageTraceBehavior [ RunTime:0.001380s ]
INFO: [ app_end ] --END-- [ RunTime:0.001490s ]

[ 2017-03-05T23:39:24+08:00 ] 127.0.0.1 /index.php/Admin/Index/main.html
INFO: [ app_init ] --START--
INFO: Run Behavior\BuildLiteBehavior [ RunTime:0.000027s ]
INFO: [ app_init ] --END-- [ RunTime:0.001144s ]
INFO: [ app_begin ] --START--
INFO: Run Behavior\ReadHtmlCacheBehavior [ RunTime:0.001382s ]
INFO: [ app_begin ] --END-- [ RunTime:0.001509s ]
INFO: [ view_parse ] --START--
INFO: [ template_filter ] --START--
INFO: Run Behavior\ContentReplaceBehavior [ RunTime:0.000161s ]
INFO: [ template_filter ] --END-- [ RunTime:0.000329s ]
INFO: Run Behavior\ParseTemplateBehavior [ RunTime:0.014767s ]
INFO: [ view_parse ] --END-- [ RunTime:0.014952s ]
INFO: [ view_filter ] --START--
INFO: Run Behavior\WriteHtmlCacheBehavior [ RunTime:0.001322s ]
INFO: [ view_filter ] --END-- [ RunTime:0.001561s ]
INFO: [ app_end ] --START--
INFO: Run Behavior\ShowPageTraceBehavior [ RunTime:0.001140s ]
INFO: [ app_end ] --END-- [ RunTime:0.001254s ]

[ 2017-03-05T23:39:24+08:00 ] 127.0.0.1 /index.php/Admin/Index/menu.html
INFO: [ app_init ] --START--
INFO: Run Behavior\BuildLiteBehavior [ RunTime:0.000026s ]
INFO: [ app_init ] --END-- [ RunTime:0.000836s ]
INFO: [ app_begin ] --START--
INFO: Run Behavior\ReadHtmlCacheBehavior [ RunTime:0.001162s ]
INFO: [ app_begin ] --END-- [ RunTime:0.001324s ]
INFO: [ view_parse ] --START--
INFO: [ template_filter ] --START--
INFO: Run Behavior\ContentReplaceBehavior [ RunTime:0.000089s ]
INFO: [ template_filter ] --END-- [ RunTime:0.000176s ]
INFO: Run Behavior\ParseTemplateBehavior [ RunTime:0.012029s ]
INFO: [ view_parse ] --END-- [ RunTime:0.012156s ]
INFO: [ view_filter ] --START--
INFO: Run Behavior\WriteHtmlCacheBehavior [ RunTime:0.000755s ]
INFO: [ view_filter ] --END-- [ RunTime:0.000847s ]
INFO: [ app_end ] --START--
INFO: Run Behavior\ShowPageTraceBehavior [ RunTime:0.001222s ]
INFO: [ app_end ] --END-- [ RunTime:0.001330s ]

[ 2017-03-05T23:39:24+08:00 ] 127.0.0.1 /index.php/Admin/Index/Images/menu_arrow.gif
INFO: [ app_init ] --START--
INFO: Run Behavior\BuildLiteBehavior [ RunTime:0.000027s ]
INFO: [ app_init ] --END-- [ RunTime:0.000723s ]

[ 2017-03-05T23:39:24+08:00 ] 127.0.0.1 /index.php/Admin/Index/Images/menu_minus.gif
INFO: [ app_init ] --START--
INFO: Run Behavior\BuildLiteBehavior [ RunTime:0.000024s ]
INFO: [ app_init ] --END-- [ RunTime:0.000681s ]

[ 2017-03-05T23:39:25+08:00 ] 127.0.0.1 /index.php/Admin/Index/Images/menu_plus.gif
INFO: [ app_init ] --START--
INFO: Run Behavior\BuildLiteBehavior [ RunTime:0.000026s ]
INFO: [ app_init ] --END-- [ RunTime:0.000762s ]

[ 2017-03-05T23:39:27+08:00 ] 127.0.0.1 /index.php/Admin/goods/lst.html
INFO: [ app_init ] --START--
INFO: Run Behavior\BuildLiteBehavior [ RunTime:0.000020s ]
INFO: [ app_init ] --END-- [ RunTime:0.000587s ]
INFO: [ app_begin ] --START--
INFO: Run Behavior\ReadHtmlCacheBehavior [ RunTime:0.000696s ]
INFO: [ app_begin ] --END-- [ RunTime:0.000773s ]
NOTIC: [2048] Declaration of Admin\Model\CategoryModel::_before_delete() should be compatible with that of Think\Model::_before_delete() E:\amp\www\www.0211.com\Application\Admin\Model\CategoryModel.class.php 第 5 行.
SQL: SHOW COLUMNS FROM `s11_category` [ RunTime:0.0008s ]
SQL: SELECT * FROM `s11_category`  [ RunTime:0.0003s ]
SQL: SHOW COLUMNS FROM `s11_goods` [ RunTime:0.0008s ]
SQL: SELECT COUNT(*) AS tp_count FROM s11_goods a LIMIT 1   [ RunTime:0.0002s ]
SQL: SELECT a.*,b.brand_name,c.cat_name,GROUP_CONCAT(e.cat_name SEPARATOR "<br>") ext_cat_name FROM s11_goods a LEFT JOIN s11_brand b ON a.brand_id=b.id
				LEFT JOIN s11_category c ON a.cat_id=c.id
				LEFT JOIN s11_goods_cat d ON a.id=d.goods_id
				LEFT JOIN s11_category e ON d.cat_id=e.id  GROUP BY a.id ORDER BY a.id desc LIMIT 0,15   [ RunTime:0.0017s ]
INFO: [ view_parse ] --START--
INFO: [ template_filter ] --START--
INFO: Run Behavior\ContentReplaceBehavior [ RunTime:0.000079s ]
INFO: [ template_filter ] --END-- [ RunTime:0.000146s ]
SQL: SHOW COLUMNS FROM `s11_brand` [ RunTime:0.0007s ]
SQL: SELECT `id`,`brand_name` FROM `s11_brand`  [ RunTime:0.0002s ]
INFO: Run Behavior\ParseTemplateBehavior [ RunTime:0.012245s ]
INFO: [ view_parse ] --END-- [ RunTime:0.012330s ]
INFO: [ view_filter ] --START--
INFO: Run Behavior\WriteHtmlCacheBehavior [ RunTime:0.000542s ]
INFO: [ view_filter ] --END-- [ RunTime:0.000607s ]
INFO: [ app_end ] --START--
INFO: Run Behavior\ShowPageTraceBehavior [ RunTime:0.001350s ]
INFO: [ app_end ] --END-- [ RunTime:0.001458s ]

[ 2017-03-05T23:39:29+08:00 ] 127.0.0.1 /index.php/Admin/Goods/edit/id/42.html
INFO: [ app_init ] --START--
INFO: Run Behavior\BuildLiteBehavior [ RunTime:0.000015s ]
INFO: [ app_init ] --END-- [ RunTime:0.000524s ]
INFO: [ app_begin ] --START--
INFO: Run Behavior\ReadHtmlCacheBehavior [ RunTime:0.000804s ]
INFO: [ app_begin ] --END-- [ RunTime:0.000923s ]
SQL: SHOW COLUMNS FROM `s11_goods` [ RunTime:0.0007s ]
SQL: SHOW COLUMNS FROM `s11_goods_attr` [ RunTime:0.0015s ]
SQL: SELECT a.*,b.attr_name,b.attr_type,b.attr_option_values FROM s11_goods_attr a LEFT JOIN s11_attribute b ON a.attr_id=b.id  WHERE a.goods_id = '42'  [ RunTime:0.0002s ]
SQL: SHOW COLUMNS FROM `s11_goods_cat` [ RunTime:0.0005s ]
NOTIC: [8] Use of undefined constant goods_id - assumed 'goods_id' E:\amp\www\www.0211.com\Application\Admin\Controller\GoodsController.class.php 第 119 行.
SQL: SELECT `cat_id` FROM `s11_goods_cat` WHERE `goods_id` = '42'  [ RunTime:0.0002s ]
NOTIC: [2048] Declaration of Admin\Model\CategoryModel::_before_delete() should be compatible with that of Think\Model::_before_delete() E:\amp\www\www.0211.com\Application\Admin\Model\CategoryModel.class.php 第 82 行.
SQL: SHOW COLUMNS FROM `s11_category` [ RunTime:0.0007s ]
SQL: SELECT * FROM `s11_category`  [ RunTime:0.0002s ]
SQL: SELECT * FROM `s11_goods` WHERE `id` = 42 LIMIT 1   [ RunTime:0.0002s ]
SQL: SHOW COLUMNS FROM `s11_member_level` [ RunTime:0.0006s ]
SQL: SELECT * FROM `s11_member_level`  [ RunTime:0.0002s ]
SQL: SHOW COLUMNS FROM `s11_member_price` [ RunTime:0.0007s ]
SQL: SELECT * FROM `s11_member_price` WHERE `goods_id` = '42'  [ RunTime:0.0002s ]
SQL: SHOW COLUMNS FROM `s11_goods_pic` [ RunTime:0.0007s ]
SQL: SELECT `id`,`mid_pic` FROM `s11_goods_pic` WHERE `goods_id` = '42'  [ RunTime:0.0002s ]
INFO: [ view_parse ] --START--
INFO: [ template_filter ] --START--
INFO: Run Behavior\ContentReplaceBehavior [ RunTime:0.000117s ]
INFO: [ template_filter ] --END-- [ RunTime:0.000189s ]
SQL: SHOW COLUMNS FROM `s11_brand` [ RunTime:0.0007s ]
SQL: SELECT `id`,`brand_name` FROM `s11_brand`  [ RunTime:0.0002s ]
NOTIC: [8] Undefined index: 1 E:\amp\www\www.0211.com\Application\Runtime\Cache\Admin\608b0c961c661bd6d45820311b4b75a7.php 第 127 行.
NOTIC: [8] Undefined index: 2 E:\amp\www\www.0211.com\Application\Runtime\Cache\Admin\608b0c961c661bd6d45820311b4b75a7.php 第 127 行.
NOTIC: [8] Undefined index: 3 E:\amp\www\www.0211.com\Application\Runtime\Cache\Admin\608b0c961c661bd6d45820311b4b75a7.php 第 127 行.
NOTIC: [8] Undefined index: 4 E:\amp\www\www.0211.com\Application\Runtime\Cache\Admin\608b0c961c661bd6d45820311b4b75a7.php 第 127 行.
SQL: SHOW COLUMNS FROM `s11_type` [ RunTime:0.0006s ]
SQL: SELECT `id`,`type_name` FROM `s11_type`  [ RunTime:0.0002s ]
INFO: Run Behavior\ParseTemplateBehavior [ RunTime:0.015301s ]
INFO: [ view_parse ] --END-- [ RunTime:0.015371s ]
INFO: [ view_filter ] --START--
INFO: Run Behavior\WriteHtmlCacheBehavior [ RunTime:0.000561s ]
INFO: [ view_filter ] --END-- [ RunTime:0.000620s ]
INFO: [ app_end ] --START--
INFO: Run Behavior\ShowPageTraceBehavior [ RunTime:0.000875s ]
INFO: [ app_end ] --END-- [ RunTime:0.000952s ]

[ 2017-03-05T23:40:40+08:00 ] 127.0.0.1 /index.php/Admin/attribute/lst.html
INFO: [ app_init ] --START--
INFO: Run Behavior\BuildLiteBehavior [ RunTime:0.000020s ]
INFO: [ app_init ] --END-- [ RunTime:0.000560s ]
INFO: [ app_begin ] --START--
INFO: Run Behavior\ReadHtmlCacheBehavior [ RunTime:0.001028s ]
INFO: [ app_begin ] --END-- [ RunTime:0.001161s ]
SQL: SHOW COLUMNS FROM `s11_attribute` [ RunTime:0.0009s ]
SQL: SELECT COUNT(*) AS tp_count FROM s11_attribute a LIMIT 1   [ RunTime:0.0002s ]
SQL: SELECT * FROM s11_attribute a GROUP BY a.id LIMIT 0,20   [ RunTime:0.0002s ]
INFO: [ view_parse ] --START--
INFO: [ template_filter ] --START--
INFO: Run Behavior\ContentReplaceBehavior [ RunTime:0.000060s ]
INFO: [ template_filter ] --END-- [ RunTime:0.000122s ]
SQL: SHOW COLUMNS FROM `s11_type` [ RunTime:0.0008s ]
SQL: SELECT `id`,`type_name` FROM `s11_type`  [ RunTime:0.0004s ]
INFO: Run Behavior\ParseTemplateBehavior [ RunTime:0.010456s ]
INFO: [ view_parse ] --END-- [ RunTime:0.010535s ]
INFO: [ view_filter ] --START--
INFO: Run Behavior\WriteHtmlCacheBehavior [ RunTime:0.000527s ]
INFO: [ view_filter ] --END-- [ RunTime:0.000600s ]
INFO: [ app_end ] --START--
INFO: Run Behavior\ShowPageTraceBehavior [ RunTime:0.000871s ]
INFO: [ app_end ] --END-- [ RunTime:0.000941s ]

