[ 2017-03-15T17:56:08+08:00 ] 127.0.0.1 /index.php/Admin/Index/Index
INFO: [ app_init ] --START--
INFO: Run Behavior\BuildLiteBehavior [ RunTime:0.000047s ]
INFO: [ app_init ] --END-- [ RunTime:0.000893s ]
INFO: [ app_begin ] --START--
INFO: Run Behavior\ReadHtmlCacheBehavior [ RunTime:0.001213s ]
INFO: [ app_begin ] --END-- [ RunTime:0.001404s ]
INFO: [ view_parse ] --START--
INFO: [ template_filter ] --START--
INFO: Run Behavior\ContentReplaceBehavior [ RunTime:0.000045s ]
INFO: [ template_filter ] --END-- [ RunTime:0.000107s ]
INFO: Run Behavior\ParseTemplateBehavior [ RunTime:0.008451s ]
INFO: [ view_parse ] --END-- [ RunTime:0.008565s ]
INFO: [ view_filter ] --START--
INFO: Run Behavior\WriteHtmlCacheBehavior [ RunTime:0.000583s ]
INFO: [ view_filter ] --END-- [ RunTime:0.000632s ]

[ 2017-03-15T17:56:12+08:00 ] 127.0.0.1 /index.php/Admin/Login/login.html
INFO: [ app_init ] --START--
INFO: Run Behavior\BuildLiteBehavior [ RunTime:0.000028s ]
INFO: [ app_init ] --END-- [ RunTime:0.001196s ]
INFO: [ app_begin ] --START--
INFO: Run Behavior\ReadHtmlCacheBehavior [ RunTime:0.000787s ]
INFO: [ app_begin ] --END-- [ RunTime:0.000864s ]
INFO: [ view_parse ] --START--
INFO: [ template_filter ] --START--
INFO: Run Behavior\ContentReplaceBehavior [ RunTime:0.000057s ]
INFO: [ template_filter ] --END-- [ RunTime:0.000138s ]
INFO: Run Behavior\ParseTemplateBehavior [ RunTime:0.006908s ]
INFO: [ view_parse ] --END-- [ RunTime:0.006995s ]
INFO: [ view_filter ] --START--
INFO: Run Behavior\WriteHtmlCacheBehavior [ RunTime:0.000479s ]
INFO: [ view_filter ] --END-- [ RunTime:0.000544s ]
INFO: [ app_end ] --START--
INFO: Run Behavior\ShowPageTraceBehavior [ RunTime:0.002449s ]
INFO: [ app_end ] --END-- [ RunTime:0.002701s ]

[ 2017-03-15T17:56:12+08:00 ] 127.0.0.1 /index.php/Admin/Login/chkcode.html
INFO: [ app_init ] --START--
INFO: Run Behavior\BuildLiteBehavior [ RunTime:0.000072s ]
INFO: [ app_init ] --END-- [ RunTime:0.000835s ]
INFO: [ app_begin ] --START--
INFO: Run Behavior\ReadHtmlCacheBehavior [ RunTime:0.000977s ]
INFO: [ app_begin ] --END-- [ RunTime:0.001088s ]
INFO: [ app_end ] --START--
INFO: Run Behavior\ShowPageTraceBehavior [ RunTime:0.000850s ]
INFO: [ app_end ] --END-- [ RunTime:0.000954s ]

[ 2017-03-15T23:20:08+08:00 ] 127.0.0.1 /index.php/Admin/Login/chkcode.html
INFO: [ app_init ] --START--
INFO: Run Behavior\BuildLiteBehavior [ RunTime:0.000020s ]
INFO: [ app_init ] --END-- [ RunTime:0.000544s ]
INFO: [ app_begin ] --START--
INFO: Run Behavior\ReadHtmlCacheBehavior [ RunTime:0.000793s ]
INFO: [ app_begin ] --END-- [ RunTime:0.000970s ]
INFO: [ app_end ] --START--
INFO: Run Behavior\ShowPageTraceBehavior [ RunTime:0.001299s ]
INFO: [ app_end ] --END-- [ RunTime:0.001438s ]

