[ 2017-03-29T23:13:01+08:00 ] 127.0.0.1 /index.php/Admin/Index/Index
INFO: [ app_init ] --START--
INFO: Run Behavior\BuildLiteBehavior [ RunTime:0.000027s ]
INFO: [ app_init ] --END-- [ RunTime:0.000983s ]
INFO: [ app_begin ] --START--
INFO: Run Behavior\ReadHtmlCacheBehavior [ RunTime:0.000895s ]
INFO: [ app_begin ] --END-- [ RunTime:0.000998s ]
INFO: [ view_parse ] --START--
INFO: [ template_filter ] --START--
INFO: Run Behavior\ContentReplaceBehavior [ RunTime:0.000284s ]
INFO: [ template_filter ] --END-- [ RunTime:0.000677s ]
INFO: Run Behavior\ParseTemplateBehavior [ RunTime:0.021288s ]
INFO: [ view_parse ] --END-- [ RunTime:0.021387s ]
INFO: [ view_filter ] --START--
INFO: Run Behavior\WriteHtmlCacheBehavior [ RunTime:0.000736s ]
INFO: [ view_filter ] --END-- [ RunTime:0.000835s ]

[ 2017-03-29T23:13:04+08:00 ] 127.0.0.1 /index.php/Admin/Login/login.html
INFO: [ app_init ] --START--
INFO: Run Behavior\BuildLiteBehavior [ RunTime:0.000018s ]
INFO: [ app_init ] --END-- [ RunTime:0.000542s ]
INFO: [ app_begin ] --START--
INFO: Run Behavior\ReadHtmlCacheBehavior [ RunTime:0.000703s ]
INFO: [ app_begin ] --END-- [ RunTime:0.000773s ]
INFO: [ view_parse ] --START--
INFO: [ template_filter ] --START--
INFO: Run Behavior\ContentReplaceBehavior [ RunTime:0.000049s ]
INFO: [ template_filter ] --END-- [ RunTime:0.000117s ]
INFO: Run Behavior\ParseTemplateBehavior [ RunTime:0.109311s ]
INFO: [ view_parse ] --END-- [ RunTime:0.109450s ]
INFO: [ view_filter ] --START--
INFO: Run Behavior\WriteHtmlCacheBehavior [ RunTime:0.001081s ]
INFO: [ view_filter ] --END-- [ RunTime:0.001228s ]
INFO: [ app_end ] --START--
INFO: Run Behavior\ShowPageTraceBehavior [ RunTime:0.001806s ]
INFO: [ app_end ] --END-- [ RunTime:0.001961s ]

[ 2017-03-29T23:13:04+08:00 ] 127.0.0.1 /index.php/Admin/Login/chkcode.html
INFO: [ app_init ] --START--
INFO: Run Behavior\BuildLiteBehavior [ RunTime:0.000016s ]
INFO: [ app_init ] --END-- [ RunTime:0.000599s ]
INFO: [ app_begin ] --START--
INFO: Run Behavior\ReadHtmlCacheBehavior [ RunTime:0.000715s ]
INFO: [ app_begin ] --END-- [ RunTime:0.000789s ]
INFO: [ app_end ] --START--
INFO: Run Behavior\ShowPageTraceBehavior [ RunTime:0.000763s ]
INFO: [ app_end ] --END-- [ RunTime:0.000855s ]

[ 2017-03-29T23:13:14+08:00 ] 127.0.0.1 /index.php/Admin/Login/chkcode.html
INFO: [ app_init ] --START--
INFO: Run Behavior\BuildLiteBehavior [ RunTime:0.000015s ]
INFO: [ app_init ] --END-- [ RunTime:0.000465s ]
INFO: [ app_begin ] --START--
INFO: Run Behavior\ReadHtmlCacheBehavior [ RunTime:0.000623s ]
INFO: [ app_begin ] --END-- [ RunTime:0.000683s ]
INFO: [ app_end ] --START--
INFO: Run Behavior\ShowPageTraceBehavior [ RunTime:0.000838s ]
INFO: [ app_end ] --END-- [ RunTime:0.000945s ]

[ 2017-03-29T23:13:23+08:00 ] 127.0.0.1 /index.php/Admin/Login/login.html
INFO: [ app_init ] --START--
INFO: Run Behavior\BuildLiteBehavior [ RunTime:0.000017s ]
INFO: [ app_init ] --END-- [ RunTime:0.000496s ]
INFO: [ app_begin ] --START--
INFO: Run Behavior\ReadHtmlCacheBehavior [ RunTime:0.001159s ]
INFO: [ app_begin ] --END-- [ RunTime:0.001451s ]
SQL: SHOW COLUMNS FROM `s11_admin` [ RunTime:0.0013s ]
SQL: SELECT * FROM `s11_admin` WHERE `username` = 'root' LIMIT 1   [ RunTime:0.0002s ]
INFO: [ view_parse ] --START--
INFO: [ template_filter ] --START--
INFO: Run Behavior\ContentReplaceBehavior [ RunTime:0.000044s ]
INFO: [ template_filter ] --END-- [ RunTime:0.000108s ]
INFO: Run Behavior\ParseTemplateBehavior [ RunTime:0.006798s ]
INFO: [ view_parse ] --END-- [ RunTime:0.006880s ]
INFO: [ view_filter ] --START--
INFO: Run Behavior\WriteHtmlCacheBehavior [ RunTime:0.000572s ]
INFO: [ view_filter ] --END-- [ RunTime:0.000652s ]

[ 2017-03-29T23:13:25+08:00 ] 127.0.0.1 /index.php/Admin/Index/index.html
INFO: [ app_init ] --START--
INFO: Run Behavior\BuildLiteBehavior [ RunTime:0.000017s ]
INFO: [ app_init ] --END-- [ RunTime:0.000511s ]
INFO: [ app_begin ] --START--
INFO: Run Behavior\ReadHtmlCacheBehavior [ RunTime:0.000676s ]
INFO: [ app_begin ] --END-- [ RunTime:0.000746s ]
INFO: [ view_parse ] --START--
INFO: [ template_filter ] --START--
INFO: Run Behavior\ContentReplaceBehavior [ RunTime:0.000063s ]
INFO: [ template_filter ] --END-- [ RunTime:0.000169s ]
INFO: Run Behavior\ParseTemplateBehavior [ RunTime:0.052019s ]
INFO: [ view_parse ] --END-- [ RunTime:0.052139s ]
INFO: [ view_filter ] --START--
INFO: Run Behavior\WriteHtmlCacheBehavior [ RunTime:0.000383s ]
INFO: [ view_filter ] --END-- [ RunTime:0.000435s ]
INFO: [ app_end ] --START--
INFO: Run Behavior\ShowPageTraceBehavior [ RunTime:0.000615s ]
INFO: [ app_end ] --END-- [ RunTime:0.000672s ]

[ 2017-03-29T23:13:25+08:00 ] 127.0.0.1 /index.php/Admin/Index/top.html
INFO: [ app_init ] --START--
INFO: Run Behavior\BuildLiteBehavior [ RunTime:0.000026s ]
INFO: [ app_init ] --END-- [ RunTime:0.000680s ]
INFO: [ app_begin ] --START--
INFO: Run Behavior\ReadHtmlCacheBehavior [ RunTime:0.001271s ]
INFO: [ app_begin ] --END-- [ RunTime:0.001378s ]
INFO: [ view_parse ] --START--
INFO: [ template_filter ] --START--
INFO: Run Behavior\ContentReplaceBehavior [ RunTime:0.000061s ]
INFO: [ template_filter ] --END-- [ RunTime:0.000140s ]
INFO: Run Behavior\ParseTemplateBehavior [ RunTime:0.035513s ]
INFO: [ view_parse ] --END-- [ RunTime:0.035659s ]
INFO: [ view_filter ] --START--
INFO: Run Behavior\WriteHtmlCacheBehavior [ RunTime:0.001064s ]
INFO: [ view_filter ] --END-- [ RunTime:0.001168s ]
INFO: [ app_end ] --START--
INFO: Run Behavior\ShowPageTraceBehavior [ RunTime:0.000954s ]
INFO: [ app_end ] --END-- [ RunTime:0.001035s ]

[ 2017-03-29T23:13:25+08:00 ] 127.0.0.1 /index.php/Admin/Index/menu.html
INFO: [ app_init ] --START--
INFO: Run Behavior\BuildLiteBehavior [ RunTime:0.000025s ]
INFO: [ app_init ] --END-- [ RunTime:0.000762s ]
INFO: [ app_begin ] --START--
INFO: Run Behavior\ReadHtmlCacheBehavior [ RunTime:0.001634s ]
INFO: [ app_begin ] --END-- [ RunTime:0.001750s ]
SQL: SHOW COLUMNS FROM `s11_privilege` [ RunTime:0.0009s ]
SQL: SELECT * FROM `s11_privilege`  [ RunTime:0.0003s ]
INFO: [ view_parse ] --START--
INFO: [ template_filter ] --START--
INFO: Run Behavior\ContentReplaceBehavior [ RunTime:0.000084s ]
INFO: [ template_filter ] --END-- [ RunTime:0.000156s ]
INFO: Run Behavior\ParseTemplateBehavior [ RunTime:0.036131s ]
INFO: [ view_parse ] --END-- [ RunTime:0.036207s ]
INFO: [ view_filter ] --START--
INFO: Run Behavior\WriteHtmlCacheBehavior [ RunTime:0.000379s ]
INFO: [ view_filter ] --END-- [ RunTime:0.000431s ]
INFO: [ app_end ] --START--
INFO: Run Behavior\ShowPageTraceBehavior [ RunTime:0.001626s ]
INFO: [ app_end ] --END-- [ RunTime:0.001729s ]

[ 2017-03-29T23:13:25+08:00 ] 127.0.0.1 /index.php/Admin/Index/main.html
INFO: [ app_init ] --START--
INFO: Run Behavior\BuildLiteBehavior [ RunTime:0.000026s ]
INFO: [ app_init ] --END-- [ RunTime:0.001834s ]
INFO: [ app_begin ] --START--
INFO: Run Behavior\ReadHtmlCacheBehavior [ RunTime:0.001020s ]
INFO: [ app_begin ] --END-- [ RunTime:0.001238s ]
INFO: [ view_parse ] --START--
INFO: [ template_filter ] --START--
INFO: Run Behavior\ContentReplaceBehavior [ RunTime:0.000085s ]
INFO: [ template_filter ] --END-- [ RunTime:0.000207s ]
INFO: Run Behavior\ParseTemplateBehavior [ RunTime:0.025188s ]
INFO: [ view_parse ] --END-- [ RunTime:0.025370s ]
INFO: [ view_filter ] --START--
INFO: Run Behavior\WriteHtmlCacheBehavior [ RunTime:0.000757s ]
INFO: [ view_filter ] --END-- [ RunTime:0.000877s ]
INFO: [ app_end ] --START--
INFO: Run Behavior\ShowPageTraceBehavior [ RunTime:0.001214s ]
INFO: [ app_end ] --END-- [ RunTime:0.001321s ]

[ 2017-03-29T23:13:27+08:00 ] 127.0.0.1 /index.php/Admin/Goods/lst.html
INFO: [ app_init ] --START--
INFO: Run Behavior\BuildLiteBehavior [ RunTime:0.000017s ]
INFO: [ app_init ] --END-- [ RunTime:0.000648s ]
INFO: [ app_begin ] --START--
INFO: Run Behavior\ReadHtmlCacheBehavior [ RunTime:0.000677s ]
INFO: [ app_begin ] --END-- [ RunTime:0.000734s ]
SQL: SHOW COLUMNS FROM `s11_privilege` [ RunTime:0.0006s ]
NOTIC: [2048] Declaration of Admin\Model\CategoryModel::_before_delete() should be compatible with that of Think\Model::_before_delete() E:\amp\www\www.0211.com\Application\Admin\Model\CategoryModel.class.php 第 275 行.
SQL: SHOW COLUMNS FROM `s11_category` [ RunTime:0.0006s ]
SQL: SELECT * FROM `s11_category`  [ RunTime:0.0003s ]
SQL: SHOW COLUMNS FROM `s11_goods` [ RunTime:0.0012s ]
SQL: SELECT COUNT(*) AS tp_count FROM s11_goods a LIMIT 1   [ RunTime:0.0002s ]
SQL: SELECT a.*,b.brand_name,c.cat_name,GROUP_CONCAT(e.cat_name SEPARATOR "<br>") ext_cat_name FROM s11_goods a LEFT JOIN s11_brand b ON a.brand_id=b.id
				LEFT JOIN s11_category c ON a.cat_id=c.id
				LEFT JOIN s11_goods_cat d ON a.id=d.goods_id
				LEFT JOIN s11_category e ON d.cat_id=e.id  GROUP BY a.id ORDER BY a.id desc LIMIT 0,15   [ RunTime:0.0005s ]
INFO: [ view_parse ] --START--
INFO: [ template_filter ] --START--
INFO: Run Behavior\ContentReplaceBehavior [ RunTime:0.000080s ]
INFO: [ template_filter ] --END-- [ RunTime:0.000148s ]
SQL: SHOW COLUMNS FROM `s11_brand` [ RunTime:0.0008s ]
SQL: SELECT `id`,`brand_name` FROM `s11_brand`  [ RunTime:0.0007s ]
INFO: Run Behavior\ParseTemplateBehavior [ RunTime:0.044708s ]
INFO: [ view_parse ] --END-- [ RunTime:0.044813s ]
INFO: [ view_filter ] --START--
INFO: Run Behavior\WriteHtmlCacheBehavior [ RunTime:0.000641s ]
INFO: [ view_filter ] --END-- [ RunTime:0.000726s ]
INFO: [ app_end ] --START--
INFO: Run Behavior\ShowPageTraceBehavior [ RunTime:0.001377s ]
INFO: [ app_end ] --END-- [ RunTime:0.001492s ]

[ 2017-03-29T23:29:50+08:00 ] 127.0.0.1 /index.php/Admin/Goods/edit/id/4.html
INFO: [ app_init ] --START--
INFO: Run Behavior\BuildLiteBehavior [ RunTime:0.000016s ]
INFO: [ app_init ] --END-- [ RunTime:0.000507s ]
INFO: [ app_begin ] --START--
INFO: Run Behavior\ReadHtmlCacheBehavior [ RunTime:0.000773s ]
INFO: [ app_begin ] --END-- [ RunTime:0.000837s ]
SQL: SHOW COLUMNS FROM `s11_privilege` [ RunTime:0.0011s ]
SQL: SHOW COLUMNS FROM `s11_goods` [ RunTime:0.0008s ]
SQL: SHOW COLUMNS FROM `s11_goods_cat` [ RunTime:0.0006s ]
NOTIC: [8] Use of undefined constant goods_id - assumed 'goods_id' E:\amp\www\www.0211.com\Application\Admin\Controller\GoodsController.class.php 第 200 行.
SQL: SELECT `cat_id` FROM `s11_goods_cat` WHERE `goods_id` = '4'  [ RunTime:0.0004s ]
NOTIC: [2048] Declaration of Admin\Model\CategoryModel::_before_delete() should be compatible with that of Think\Model::_before_delete() E:\amp\www\www.0211.com\Application\Admin\Model\CategoryModel.class.php 第 275 行.
SQL: SHOW COLUMNS FROM `s11_category` [ RunTime:0.0007s ]
SQL: SELECT * FROM `s11_category`  [ RunTime:0.0005s ]
SQL: SELECT * FROM `s11_goods` WHERE `id` = 4 LIMIT 1   [ RunTime:0.0004s ]
SQL: SHOW COLUMNS FROM `s11_member_level` [ RunTime:0.0007s ]
SQL: SELECT * FROM `s11_member_level`  [ RunTime:0.0002s ]
SQL: SHOW COLUMNS FROM `s11_member_price` [ RunTime:0.0007s ]
SQL: SELECT * FROM `s11_member_price` WHERE `goods_id` = '4'  [ RunTime:0.0005s ]
SQL: SHOW COLUMNS FROM `s11_goods_pic` [ RunTime:0.0007s ]
SQL: SELECT `id`,`mid_pic` FROM `s11_goods_pic` WHERE `goods_id` = '4'  [ RunTime:0.0004s ]
SQL: SHOW COLUMNS FROM `s11_attribute` [ RunTime:0.0008s ]
SQL: SELECT a.*,b.attr_value,b.id goods_attr_id FROM s11_attribute a LEFT JOIN s11_goods_attr b ON (a.id=b.attr_id AND b.goods_id=4)  WHERE a.type_id = '0'  [ RunTime:0.0006s ]
INFO: [ view_parse ] --START--
INFO: [ template_filter ] --START--
INFO: Run Behavior\ContentReplaceBehavior [ RunTime:0.000167s ]
INFO: [ template_filter ] --END-- [ RunTime:0.000242s ]
SQL: SHOW COLUMNS FROM `s11_brand` [ RunTime:0.0006s ]
SQL: SELECT `id`,`brand_name` FROM `s11_brand`  [ RunTime:0.0002s ]
NOTIC: [8] Undefined index: 1 E:\amp\www\www.0211.com\Application\Runtime\Cache\Admin\608b0c961c661bd6d45820311b4b75a7.php 第 177 行.
NOTIC: [8] Undefined index: 2 E:\amp\www\www.0211.com\Application\Runtime\Cache\Admin\608b0c961c661bd6d45820311b4b75a7.php 第 177 行.
NOTIC: [8] Undefined index: 3 E:\amp\www\www.0211.com\Application\Runtime\Cache\Admin\608b0c961c661bd6d45820311b4b75a7.php 第 177 行.
NOTIC: [8] Undefined index: 4 E:\amp\www\www.0211.com\Application\Runtime\Cache\Admin\608b0c961c661bd6d45820311b4b75a7.php 第 177 行.
SQL: SHOW COLUMNS FROM `s11_type` [ RunTime:0.0008s ]
SQL: SELECT `id`,`type_name` FROM `s11_type`  [ RunTime:0.0002s ]
INFO: Run Behavior\ParseTemplateBehavior [ RunTime:0.033616s ]
INFO: [ view_parse ] --END-- [ RunTime:0.033698s ]
INFO: [ view_filter ] --START--
INFO: Run Behavior\WriteHtmlCacheBehavior [ RunTime:0.000950s ]
INFO: [ view_filter ] --END-- [ RunTime:0.001059s ]
INFO: [ app_end ] --START--
INFO: Run Behavior\ShowPageTraceBehavior [ RunTime:0.000842s ]
INFO: [ app_end ] --END-- [ RunTime:0.000921s ]

[ 2017-03-29T23:29:54+08:00 ] 127.0.0.1 /index.php/Admin/Goods/edit/id/4.html
INFO: [ app_init ] --START--
INFO: Run Behavior\BuildLiteBehavior [ RunTime:0.000019s ]
INFO: [ app_init ] --END-- [ RunTime:0.000744s ]
INFO: [ app_begin ] --START--
INFO: Run Behavior\ReadHtmlCacheBehavior [ RunTime:0.000743s ]
INFO: [ app_begin ] --END-- [ RunTime:0.000830s ]
SQL: SHOW COLUMNS FROM `s11_privilege` [ RunTime:0.0007s ]
SQL: SHOW COLUMNS FROM `s11_goods` [ RunTime:0.0008s ]
SQL: SHOW COLUMNS FROM `s11_goods_attr` [ RunTime:0.0008s ]
NOTIC: [2] Invalid argument supplied for foreach() E:\amp\www\www.0211.com\Application\Admin\Model\GoodsModel.class.php 第 59 行.
SQL: SHOW COLUMNS FROM `s11_goods_cat` [ RunTime:0.0006s ]
SQL: DELETE FROM `s11_goods_cat` WHERE `goods_id` = 4 [ RunTime:0.0707s ]
SQL: INSERT INTO `s11_goods_cat` (`cat_id`,`goods_id`) VALUES ('21','4') [ RunTime:0.0343s ]
SQL: UPDATE `s11_goods` SET `cat_id`='2',`brand_id`='3',`goods_name`='没蓝E',`market_price`='1100.00',`shop_price`='1000.00',`is_on_sale`='是',`promote_price`='0.00',`promote_start_date`='2017-03-28 17:12:27',`promote_end_date`='2017-03-28 17:12:27',`is_new`='是',`is_best`='否',`is_hot`='否',`is_floor`='是',`sort_num`='100',`goods_desc`='',`type_id`='0',`edittime`='2017-03-29 23:29:54' WHERE `id` = 4 [ RunTime:0.0401s ]
SQL: SHOW COLUMNS FROM `s11_member_price` [ RunTime:0.0008s ]
SQL: DELETE FROM `s11_member_price` WHERE `goods_id` = 4 [ RunTime:0.0003s ]
SQL: SHOW COLUMNS FROM `s11_goods_pic` [ RunTime:0.0008s ]
INFO: [ view_parse ] --START--
INFO: [ template_filter ] --START--
INFO: Run Behavior\ContentReplaceBehavior [ RunTime:0.000040s ]
INFO: [ template_filter ] --END-- [ RunTime:0.000096s ]
INFO: Run Behavior\ParseTemplateBehavior [ RunTime:0.006158s ]
INFO: [ view_parse ] --END-- [ RunTime:0.006231s ]
INFO: [ view_filter ] --START--
INFO: Run Behavior\WriteHtmlCacheBehavior [ RunTime:0.000436s ]
INFO: [ view_filter ] --END-- [ RunTime:0.000486s ]

[ 2017-03-29T23:29:55+08:00 ] 127.0.0.1 /index.php/Admin/Goods/lst.html
INFO: [ app_init ] --START--
INFO: Run Behavior\BuildLiteBehavior [ RunTime:0.000024s ]
INFO: [ app_init ] --END-- [ RunTime:0.000612s ]
INFO: [ app_begin ] --START--
INFO: Run Behavior\ReadHtmlCacheBehavior [ RunTime:0.000684s ]
INFO: [ app_begin ] --END-- [ RunTime:0.000758s ]
SQL: SHOW COLUMNS FROM `s11_privilege` [ RunTime:0.0011s ]
NOTIC: [2048] Declaration of Admin\Model\CategoryModel::_before_delete() should be compatible with that of Think\Model::_before_delete() E:\amp\www\www.0211.com\Application\Admin\Model\CategoryModel.class.php 第 275 行.
SQL: SHOW COLUMNS FROM `s11_category` [ RunTime:0.0007s ]
SQL: SELECT * FROM `s11_category`  [ RunTime:0.0003s ]
SQL: SHOW COLUMNS FROM `s11_goods` [ RunTime:0.0009s ]
SQL: SELECT COUNT(*) AS tp_count FROM s11_goods a LIMIT 1   [ RunTime:0.0003s ]
SQL: SELECT a.*,b.brand_name,c.cat_name,GROUP_CONCAT(e.cat_name SEPARATOR "<br>") ext_cat_name FROM s11_goods a LEFT JOIN s11_brand b ON a.brand_id=b.id
				LEFT JOIN s11_category c ON a.cat_id=c.id
				LEFT JOIN s11_goods_cat d ON a.id=d.goods_id
				LEFT JOIN s11_category e ON d.cat_id=e.id  GROUP BY a.id ORDER BY a.id desc LIMIT 0,15   [ RunTime:0.0014s ]
INFO: [ view_parse ] --START--
INFO: [ template_filter ] --START--
INFO: Run Behavior\ContentReplaceBehavior [ RunTime:0.000117s ]
INFO: [ template_filter ] --END-- [ RunTime:0.000236s ]
SQL: SHOW COLUMNS FROM `s11_brand` [ RunTime:0.0007s ]
SQL: SELECT `id`,`brand_name` FROM `s11_brand`  [ RunTime:0.0002s ]
INFO: Run Behavior\ParseTemplateBehavior [ RunTime:0.014742s ]
INFO: [ view_parse ] --END-- [ RunTime:0.014810s ]
INFO: [ view_filter ] --START--
INFO: Run Behavior\WriteHtmlCacheBehavior [ RunTime:0.000481s ]
INFO: [ view_filter ] --END-- [ RunTime:0.000535s ]
INFO: [ app_end ] --START--
INFO: Run Behavior\ShowPageTraceBehavior [ RunTime:0.000792s ]
INFO: [ app_end ] --END-- [ RunTime:0.000882s ]

[ 2017-03-29T23:30:15+08:00 ] 127.0.0.1 /index.php/Admin/Goods/edit/id/4.html
INFO: [ app_init ] --START--
INFO: Run Behavior\BuildLiteBehavior [ RunTime:0.000014s ]
INFO: [ app_init ] --END-- [ RunTime:0.000560s ]
INFO: [ app_begin ] --START--
INFO: Run Behavior\ReadHtmlCacheBehavior [ RunTime:0.000686s ]
INFO: [ app_begin ] --END-- [ RunTime:0.000754s ]
SQL: SHOW COLUMNS FROM `s11_privilege` [ RunTime:0.0008s ]
SQL: SHOW COLUMNS FROM `s11_goods` [ RunTime:0.0011s ]
SQL: SHOW COLUMNS FROM `s11_goods_cat` [ RunTime:0.0007s ]
NOTIC: [8] Use of undefined constant goods_id - assumed 'goods_id' E:\amp\www\www.0211.com\Application\Admin\Controller\GoodsController.class.php 第 200 行.
SQL: SELECT `cat_id` FROM `s11_goods_cat` WHERE `goods_id` = '4'  [ RunTime:0.0005s ]
NOTIC: [2048] Declaration of Admin\Model\CategoryModel::_before_delete() should be compatible with that of Think\Model::_before_delete() E:\amp\www\www.0211.com\Application\Admin\Model\CategoryModel.class.php 第 275 行.
SQL: SHOW COLUMNS FROM `s11_category` [ RunTime:0.0010s ]
SQL: SELECT * FROM `s11_category`  [ RunTime:0.0003s ]
SQL: SELECT * FROM `s11_goods` WHERE `id` = 4 LIMIT 1   [ RunTime:0.0005s ]
SQL: SHOW COLUMNS FROM `s11_member_level` [ RunTime:0.0012s ]
SQL: SELECT * FROM `s11_member_level`  [ RunTime:0.0002s ]
SQL: SHOW COLUMNS FROM `s11_member_price` [ RunTime:0.0005s ]
SQL: SELECT * FROM `s11_member_price` WHERE `goods_id` = '4'  [ RunTime:0.0002s ]
SQL: SHOW COLUMNS FROM `s11_goods_pic` [ RunTime:0.0007s ]
SQL: SELECT `id`,`mid_pic` FROM `s11_goods_pic` WHERE `goods_id` = '4'  [ RunTime:0.0003s ]
SQL: SHOW COLUMNS FROM `s11_attribute` [ RunTime:0.0006s ]
SQL: SELECT a.*,b.attr_value,b.id goods_attr_id FROM s11_attribute a LEFT JOIN s11_goods_attr b ON (a.id=b.attr_id AND b.goods_id=4)  WHERE a.type_id = '0'  [ RunTime:0.0003s ]
INFO: [ view_parse ] --START--
INFO: [ template_filter ] --START--
INFO: Run Behavior\ContentReplaceBehavior [ RunTime:0.000202s ]
INFO: [ template_filter ] --END-- [ RunTime:0.000299s ]
SQL: SHOW COLUMNS FROM `s11_brand` [ RunTime:0.0008s ]
SQL: SELECT `id`,`brand_name` FROM `s11_brand`  [ RunTime:0.0002s ]
NOTIC: [8] Undefined index: 1 E:\amp\www\www.0211.com\Application\Runtime\Cache\Admin\608b0c961c661bd6d45820311b4b75a7.php 第 177 行.
NOTIC: [8] Undefined index: 2 E:\amp\www\www.0211.com\Application\Runtime\Cache\Admin\608b0c961c661bd6d45820311b4b75a7.php 第 177 行.
NOTIC: [8] Undefined index: 3 E:\amp\www\www.0211.com\Application\Runtime\Cache\Admin\608b0c961c661bd6d45820311b4b75a7.php 第 177 行.
NOTIC: [8] Undefined index: 4 E:\amp\www\www.0211.com\Application\Runtime\Cache\Admin\608b0c961c661bd6d45820311b4b75a7.php 第 177 行.
SQL: SHOW COLUMNS FROM `s11_type` [ RunTime:0.0024s ]
SQL: SELECT `id`,`type_name` FROM `s11_type`  [ RunTime:0.0002s ]
INFO: Run Behavior\ParseTemplateBehavior [ RunTime:0.020316s ]
INFO: [ view_parse ] --END-- [ RunTime:0.020411s ]
INFO: [ view_filter ] --START--
INFO: Run Behavior\WriteHtmlCacheBehavior [ RunTime:0.000818s ]
INFO: [ view_filter ] --END-- [ RunTime:0.000894s ]
INFO: [ app_end ] --START--
INFO: Run Behavior\ShowPageTraceBehavior [ RunTime:0.000950s ]
INFO: [ app_end ] --END-- [ RunTime:0.001031s ]

[ 2017-03-29T23:30:20+08:00 ] 127.0.0.1 /index.php/Admin/Goods/edit/id/4.html
INFO: [ app_init ] --START--
INFO: Run Behavior\BuildLiteBehavior [ RunTime:0.000019s ]
INFO: [ app_init ] --END-- [ RunTime:0.000541s ]
INFO: [ app_begin ] --START--
INFO: Run Behavior\ReadHtmlCacheBehavior [ RunTime:0.000977s ]
INFO: [ app_begin ] --END-- [ RunTime:0.001073s ]
SQL: SHOW COLUMNS FROM `s11_privilege` [ RunTime:0.0014s ]
SQL: SHOW COLUMNS FROM `s11_goods` [ RunTime:0.0010s ]
SQL: SHOW COLUMNS FROM `s11_goods_attr` [ RunTime:0.0008s ]
NOTIC: [2] Invalid argument supplied for foreach() E:\amp\www\www.0211.com\Application\Admin\Model\GoodsModel.class.php 第 59 行.
SQL: SHOW COLUMNS FROM `s11_goods_cat` [ RunTime:0.0006s ]
SQL: DELETE FROM `s11_goods_cat` WHERE `goods_id` = 4 [ RunTime:0.0459s ]
SQL: INSERT INTO `s11_goods_cat` (`cat_id`,`goods_id`) VALUES ('21','4') [ RunTime:0.1016s ]
SQL: UPDATE `s11_goods` SET `cat_id`='2',`brand_id`='1',`goods_name`='没蓝E',`market_price`='1100.00',`shop_price`='1000.00',`is_on_sale`='是',`promote_price`='0.00',`promote_start_date`='2017-03-28 17:12:27',`promote_end_date`='2017-03-28 17:12:27',`is_new`='是',`is_best`='否',`is_hot`='否',`is_floor`='是',`sort_num`='100',`goods_desc`='',`type_id`='0',`edittime`='2017-03-29 23:30:20' WHERE `id` = 4 [ RunTime:0.0329s ]
SQL: SHOW COLUMNS FROM `s11_member_price` [ RunTime:0.0665s ]
SQL: DELETE FROM `s11_member_price` WHERE `goods_id` = 4 [ RunTime:0.0004s ]
SQL: SHOW COLUMNS FROM `s11_goods_pic` [ RunTime:0.0021s ]
INFO: [ view_parse ] --START--
INFO: [ template_filter ] --START--
INFO: Run Behavior\ContentReplaceBehavior [ RunTime:0.000072s ]
INFO: [ template_filter ] --END-- [ RunTime:0.000178s ]
INFO: Run Behavior\ParseTemplateBehavior [ RunTime:0.009846s ]
INFO: [ view_parse ] --END-- [ RunTime:0.009972s ]
INFO: [ view_filter ] --START--
INFO: Run Behavior\WriteHtmlCacheBehavior [ RunTime:0.000568s ]
INFO: [ view_filter ] --END-- [ RunTime:0.000674s ]

[ 2017-03-29T23:30:21+08:00 ] 127.0.0.1 /index.php/Admin/Goods/lst.html
INFO: [ app_init ] --START--
INFO: Run Behavior\BuildLiteBehavior [ RunTime:0.000023s ]
INFO: [ app_init ] --END-- [ RunTime:0.000689s ]
INFO: [ app_begin ] --START--
INFO: Run Behavior\ReadHtmlCacheBehavior [ RunTime:0.000998s ]
INFO: [ app_begin ] --END-- [ RunTime:0.001114s ]
SQL: SHOW COLUMNS FROM `s11_privilege` [ RunTime:0.0023s ]
NOTIC: [2048] Declaration of Admin\Model\CategoryModel::_before_delete() should be compatible with that of Think\Model::_before_delete() E:\amp\www\www.0211.com\Application\Admin\Model\CategoryModel.class.php 第 275 行.
SQL: SHOW COLUMNS FROM `s11_category` [ RunTime:0.0010s ]
SQL: SELECT * FROM `s11_category`  [ RunTime:0.0003s ]
SQL: SHOW COLUMNS FROM `s11_goods` [ RunTime:0.0009s ]
SQL: SELECT COUNT(*) AS tp_count FROM s11_goods a LIMIT 1   [ RunTime:0.0003s ]
SQL: SELECT a.*,b.brand_name,c.cat_name,GROUP_CONCAT(e.cat_name SEPARATOR "<br>") ext_cat_name FROM s11_goods a LEFT JOIN s11_brand b ON a.brand_id=b.id
				LEFT JOIN s11_category c ON a.cat_id=c.id
				LEFT JOIN s11_goods_cat d ON a.id=d.goods_id
				LEFT JOIN s11_category e ON d.cat_id=e.id  GROUP BY a.id ORDER BY a.id desc LIMIT 0,15   [ RunTime:0.0023s ]
INFO: [ view_parse ] --START--
INFO: [ template_filter ] --START--
INFO: Run Behavior\ContentReplaceBehavior [ RunTime:0.000135s ]
INFO: [ template_filter ] --END-- [ RunTime:0.000255s ]
SQL: SHOW COLUMNS FROM `s11_brand` [ RunTime:0.0009s ]
SQL: SELECT `id`,`brand_name` FROM `s11_brand`  [ RunTime:0.0002s ]
INFO: Run Behavior\ParseTemplateBehavior [ RunTime:0.014807s ]
INFO: [ view_parse ] --END-- [ RunTime:0.014956s ]
INFO: [ view_filter ] --START--
INFO: Run Behavior\WriteHtmlCacheBehavior [ RunTime:0.000672s ]
INFO: [ view_filter ] --END-- [ RunTime:0.000779s ]
INFO: [ app_end ] --START--
INFO: Run Behavior\ShowPageTraceBehavior [ RunTime:0.001656s ]
INFO: [ app_end ] --END-- [ RunTime:0.001794s ]

